#
# A fatal error has been detected by the Java Runtime Environment:
#
#  SIGSEGV (0xb) at pc=0x00007fff6fbbee40, pid=1328, tid=0x000000000000650f
#
# JRE version: Java(TM) SE Runtime Environment (8.0_141-b15) (build 1.8.0_141-b15)
# Java VM: Java HotSpot(TM) 64-Bit Server VM (25.141-b15 mixed mode bsd-amd64 compressed oops)
# Problematic frame:
# C  [libsystem_platform.dylib+0x1e40]  _platform_memmove$VARIANT$Haswell+0x140
#
# Failed to write core dump. Core dumps have been disabled. To enable core dumping, try "ulimit -c unlimited" before starting Java again
#
# If you would like to submit a bug report, please visit:
#   http://bugreport.java.com/bugreport/crash.jsp
# The crash happened outside the Java Virtual Machine in native code.
# See problematic frame for where to report the bug.
#

---------------  T H R E A D  ---------------

Current thread (0x00007fed8ebdb000):  JavaThread "http-nio-8080-exec-68" daemon [_thread_in_native, id=25871, stack(0x000070000e0a9000,0x000070000e1a9000)]

siginfo: si_signo: 11 (SIGSEGV), si_code: 1 (SEGV_MAPERR), si_addr: 0x00000001101cc000

Registers:
RAX=0x00007fed8efb9a02, RBX=0x00000001101caa40, RCX=0x000000000000001e, RDX=0x0000000000002762
RSP=0x000070000e1a6360, RBP=0x000070000e1a6360, RSI=0x00000001101cbfd4, RDI=0x00007fed8efbaf60
R8 =0x0000000000008021, R9 =0x0000000000000000, R10=0x0000000000003dec, R11=0x00007fec7edeef8c
R12=0x000000001402014b, R13=0x000000000005f300, R14=0x0000000000000a03, R15=0x0000000000003d00
RIP=0x00007fff6fbbee40, EFLAGS=0x0000000000010206, ERR=0x0000000000000004
  TRAPNO=0x000000000000000e

Top of Stack: (sp=0x000070000e1a6360)
0x000070000e1a6360:   000070000e1a63d0 000000011009105f
0x000070000e1a6370:   00000000d92044d4 000000000000003d
0x000070000e1a6380:   0000000000007878 00007fed8df24f70
0x000070000e1a6390:   0000000000000008 00007fed923264f0
0x000070000e1a63a0:   00007fed92044cf0 00007fed923264f0
0x000070000e1a63b0:   00007fed923266a0 00000000000000a0
0x000070000e1a63c0:   00000000b3c8703b 00007fed923267a0
0x000070000e1a63d0:   000070000e1a6430 000000011009152d
0x000070000e1a63e0:   000070000e1a6474 000070000e1a6473
0x000070000e1a63f0:   0000002400000000 0000002501bdb000
0x000070000e1a6400:   000070000e1a644e 000070000e1a6898
0x000070000e1a6410:   0000000000000025 000070000e1a644e
0x000070000e1a6420:   00007fed923264f0 00007fed8ebdb1f8
0x000070000e1a6430:   000070000e1a6880 0000000110090238
0x000070000e1a6440:   000070000e1a6820 65727fed00000001
0x000070000e1a6450:   79726f7469736f70 42492f65726f632f
0x000070000e1a6460:   736f7065526b6f6f 6c632e79726f7469
0x000070000e1a6470:   00007f0000737361 00000000000000d8
0x000070000e1a6480:   000070000e1a8af0 00007fed8ebdb000
0x000070000e1a6490:   00007fed8dd11ea0 000000012609e3d8
0x000070000e1a64a0:   00000007a237cd50 000070000e1a69b0
0x000070000e1a64b0:   00000001172b6d4c 0000000000000000
0x000070000e1a64c0:   000070000e1a6820 0000000000000001
0x000070000e1a64d0:   000000010fff6400 000000012609e3d8
0x000070000e1a64e0:   00007fed8ebdb000 00007fed92000000
0x000070000e1a64f0:   000070000e1a6560 00007fff6fb817a7
0x000070000e1a6500:   0000000000000000 000000012609e3d8
0x000070000e1a6510:   00007fed8ebdb000 00007fed92000000
0x000070000e1a6520:   000000000e1a6560 000000012609e3d8
0x000070000e1a6530:   00007fed8ebdb000 000000012609e3d8
0x000070000e1a6540:   00007fed8dd11ea8 000000012609e3d8
0x000070000e1a6550:   000070000e1a69b8 000000012609e3d8 

Instructions: (pc=0x00007fff6fbbee40)
0x00007fff6fbbee20:   80 00 00 00 76 5a 48 f7 c6 1f 00 00 00 74 31 c5
0x00007fff6fbbee30:   fc 29 0f c5 fc 29 57 20 48 83 c7 40 c5 fc 10 0e
0x00007fff6fbbee40:   c5 fc 10 56 20 48 83 c6 40 48 83 ea 40 77 e0 eb
0x00007fff6fbbee50:   2f 66 2e 0f 1f 84 00 00 00 00 00 0f 1f 44 00 00 

Register to memory mapping:

RAX=0x00007fed8efb9a02 is an unknown value
RBX=0x00000001101caa40 is an unknown value
RCX=0x000000000000001e is an unknown value
RDX=0x0000000000002762 is an unknown value
RSP=0x000070000e1a6360 is pointing into the stack for thread: 0x00007fed8ebdb000
RBP=0x000070000e1a6360 is pointing into the stack for thread: 0x00007fed8ebdb000
RSI=0x00000001101cbfd4 is an unknown value
RDI=0x00007fed8efbaf60 is an unknown value
R8 =0x0000000000008021 is an unknown value
R9 =0x0000000000000000 is an unknown value
R10=0x0000000000003dec is an unknown value
R11=0x00007fec7edeef8c is an unknown value
R12=0x000000001402014b is an unknown value
R13=0x000000000005f300 is an unknown value
R14=0x0000000000000a03 is an unknown value
R15=0x0000000000003d00 is an unknown value


Stack: [0x000070000e0a9000,0x000070000e1a9000],  sp=0x000070000e1a6360,  free space=1012k
Native frames: (J=compiled Java code, j=interpreted, Vv=VM code, C=native code)
C  [libsystem_platform.dylib+0x1e40]  _platform_memmove$VARIANT$Haswell+0x140
C  [libzip.dylib+0x305f]  newEntry+0x321
C  [libzip.dylib+0x352d]  ZIP_GetEntry2+0xd4
C  [libzip.dylib+0x2238]  Java_java_util_zip_ZipFile_getEntry+0xcf
J 451  java.util.zip.ZipFile.getEntry(J[BZ)J (0 bytes) @ 0x000000011728614e [0x0000000117286080+0xce]
J 956 C2 java.util.jar.JarFile.getEntry(Ljava/lang/String;)Ljava/util/zip/ZipEntry; (22 bytes) @ 0x00000001173f23cc [0x00000001173f2060+0x36c]
J 3261 C2 org.apache.catalina.webresources.AbstractArchiveResourceSet.getResource(Ljava/lang/String;)Lorg/apache/catalina/WebResource; (356 bytes) @ 0x0000000117411b14 [0x0000000117410ee0+0xc34]
J 5030 C2 org.apache.catalina.webresources.StandardRoot.getResourceInternal(Ljava/lang/String;Z)Lorg/apache/catalina/WebResource; (172 bytes) @ 0x0000000117f4fffc [0x0000000117f4f980+0x67c]
J 3754 C1 org.apache.catalina.webresources.Cache.getResource(Ljava/lang/String;Z)Lorg/apache/catalina/WebResource; (263 bytes) @ 0x0000000117be32a4 [0x0000000117be1620+0x1c84]
J 5894 C1 org.apache.catalina.webresources.StandardRoot.getResource(Ljava/lang/String;ZZ)Lorg/apache/catalina/WebResource; (34 bytes) @ 0x0000000117282b6c [0x0000000117282a20+0x14c]
J 5215 C2 org.apache.catalina.webresources.StandardRoot.getClassLoaderResource(Ljava/lang/String;)Lorg/apache/catalina/WebResource; (26 bytes) @ 0x00000001177ab548 [0x00000001177ab3c0+0x188]
J 4860 C2 org.apache.catalina.loader.WebappClassLoaderBase.getResourceAsStream(Ljava/lang/String;)Ljava/io/InputStream; (385 bytes) @ 0x0000000117b21410 [0x0000000117b21320+0xf0]
J 2292 C2 org.apache.catalina.startup.ContextConfig.populateJavaClassCache(Ljava/lang/String;Ljava/util/Map;)V (284 bytes) @ 0x0000000117a31b9c [0x0000000117a311c0+0x9dc]
J 2928 C2 org.apache.catalina.startup.ContextConfig.checkHandlesTypes(Lorg/apache/tomcat/util/bcel/classfile/JavaClass;Ljava/util/Map;)V (470 bytes) @ 0x0000000117a57320 [0x0000000117a56e20+0x500]
J 2929 C2 org.apache.catalina.startup.ContextConfig.processAnnotationsStream(Ljava/io/InputStream;Lorg/apache/tomcat/util/descriptor/web/WebXml;ZLjava/util/Map;)V (38 bytes) @ 0x0000000117543794 [0x00000001175433c0+0x3d4]
J 5584 C1 org.apache.catalina.startup.ContextConfig.processAnnotationsJar(Ljava/net/URL;Lorg/apache/tomcat/util/descriptor/web/WebXml;ZLjava/util/Map;)V (407 bytes) @ 0x00000001175c944c [0x00000001175c8920+0xb2c]
j  org.apache.catalina.startup.ContextConfig.processAnnotationsUrl(Ljava/net/URL;Lorg/apache/tomcat/util/descriptor/web/WebXml;ZLjava/util/Map;)V+37
j  org.apache.catalina.startup.ContextConfig.processAnnotations(Ljava/util/Set;ZLjava/util/Map;)V+87
j  org.apache.catalina.startup.ContextConfig.processClasses(Lorg/apache/tomcat/util/descriptor/web/WebXml;Ljava/util/Set;)V+111
j  org.apache.catalina.startup.ContextConfig.webConfig()V+174
j  org.apache.catalina.startup.ContextConfig.configureStart()V+101
J 4553 C1 org.apache.catalina.startup.ContextConfig.lifecycleEvent(Lorg/apache/catalina/LifecycleEvent;)V (172 bytes) @ 0x000000011742f414 [0x000000011742de80+0x1594]
J 4623 C2 org.apache.catalina.util.LifecycleBase.fireLifecycleEvent(Ljava/lang/String;Ljava/lang/Object;)V (56 bytes) @ 0x00000001174baf84 [0x00000001174bae00+0x184]
j  org.apache.catalina.core.StandardContext.startInternal()V+568
J 2489 C1 org.apache.catalina.util.LifecycleBase.start()V (287 bytes) @ 0x000000011797d53c [0x000000011797ba00+0x1b3c]
j  org.apache.catalina.core.StandardContext.reload()V+120
j  org.apache.catalina.manager.ManagerServlet.reload(Ljava/io/PrintWriter;Lorg/apache/catalina/util/ContextName;Lorg/apache/tomcat/util/res/StringManager;)V+131
j  org.apache.catalina.manager.ManagerServlet.doGet(Ljavax/servlet/http/HttpServletRequest;Ljavax/servlet/http/HttpServletResponse;)V+366
j  javax.servlet.http.HttpServlet.service(Ljavax/servlet/http/HttpServletRequest;Ljavax/servlet/http/HttpServletResponse;)V+35
J 5717 C1 javax.servlet.http.HttpServlet.service(Ljavax/servlet/ServletRequest;Ljavax/servlet/ServletResponse;)V (40 bytes) @ 0x0000000117ed64c4 [0x0000000117ed61c0+0x304]
J 5165 C1 org.apache.catalina.core.ApplicationFilterChain.internalDoFilter(Ljavax/servlet/ServletRequest;Ljavax/servlet/ServletResponse;)V (388 bytes) @ 0x0000000117aa33a4 [0x0000000117aa28c0+0xae4]
J 5164 C1 org.apache.catalina.core.ApplicationFilterChain.doFilter(Ljavax/servlet/ServletRequest;Ljavax/servlet/ServletResponse;)V (105 bytes) @ 0x0000000117aa59cc [0x0000000117aa5940+0x8c]
j  org.apache.tomcat.websocket.server.WsFilter.doFilter(Ljavax/servlet/ServletRequest;Ljavax/servlet/ServletResponse;Ljavax/servlet/FilterChain;)V+21
J 5165 C1 org.apache.catalina.core.ApplicationFilterChain.internalDoFilter(Ljavax/servlet/ServletRequest;Ljavax/servlet/ServletResponse;)V (388 bytes) @ 0x0000000117aa2e54 [0x0000000117aa28c0+0x594]
J 5164 C1 org.apache.catalina.core.ApplicationFilterChain.doFilter(Ljavax/servlet/ServletRequest;Ljavax/servlet/ServletResponse;)V (105 bytes) @ 0x0000000117aa59cc [0x0000000117aa5940+0x8c]
j  org.apache.catalina.core.StandardWrapperValve.invoke(Lorg/apache/catalina/connector/Request;Lorg/apache/catalina/connector/Response;)V+694
j  org.apache.catalina.core.StandardContextValve.invoke(Lorg/apache/catalina/connector/Request;Lorg/apache/catalina/connector/Response;)V+166
j  org.apache.catalina.authenticator.AuthenticatorBase.invoke(Lorg/apache/catalina/connector/Request;Lorg/apache/catalina/connector/Response;)V+802
j  org.apache.catalina.valves.RequestFilterValve.process(Ljava/lang/String;Lorg/apache/catalina/connector/Request;Lorg/apache/catalina/connector/Response;)V+14
j  org.apache.catalina.valves.RemoteAddrValve.invoke(Lorg/apache/catalina/connector/Request;Lorg/apache/catalina/connector/Response;)V+62
j  org.apache.catalina.core.StandardHostValve.invoke(Lorg/apache/catalina/connector/Request;Lorg/apache/catalina/connector/Response;)V+114
j  org.apache.catalina.valves.ErrorReportValve.invoke(Lorg/apache/catalina/connector/Request;Lorg/apache/catalina/connector/Response;)V+6
j  org.apache.catalina.valves.AbstractAccessLogValve.invoke(Lorg/apache/catalina/connector/Request;Lorg/apache/catalina/connector/Response;)V+20
j  org.apache.catalina.core.StandardEngineValve.invoke(Lorg/apache/catalina/connector/Request;Lorg/apache/catalina/connector/Response;)V+45
j  org.apache.catalina.connector.CoyoteAdapter.service(Lorg/apache/coyote/Request;Lorg/apache/coyote/Response;)V+199
j  org.apache.coyote.http11.Http11Processor.service(Lorg/apache/tomcat/util/net/SocketWrapperBase;)Lorg/apache/tomcat/util/net/AbstractEndpoint$Handler$SocketState;+784
j  org.apache.coyote.AbstractProcessorLight.process(Lorg/apache/tomcat/util/net/SocketWrapperBase;Lorg/apache/tomcat/util/net/SocketEvent;)Lorg/apache/tomcat/util/net/AbstractEndpoint$Handler$SocketState;+113
J 5508 C1 org.apache.coyote.AbstractProtocol$ConnectionHandler.process(Lorg/apache/tomcat/util/net/SocketWrapperBase;Lorg/apache/tomcat/util/net/SocketEvent;)Lorg/apache/tomcat/util/net/AbstractEndpoint$Handler$SocketState; (1298 bytes) @ 0x0000000118073fac [0x0000000118070940+0x366c]
J 5507 C1 org.apache.tomcat.util.net.NioEndpoint$SocketProcessor.doRun()V (640 bytes) @ 0x0000000118067cc4 [0x0000000118066720+0x15a4]
J 5506 C1 org.apache.tomcat.util.net.SocketProcessorBase.run()V (35 bytes) @ 0x00000001180640a4 [0x0000000118063ca0+0x404]
j  java.util.concurrent.ThreadPoolExecutor.runWorker(Ljava/util/concurrent/ThreadPoolExecutor$Worker;)V+95
j  java.util.concurrent.ThreadPoolExecutor$Worker.run()V+5
j  org.apache.tomcat.util.threads.TaskThread$WrappingRunnable.run()V+4
j  java.lang.Thread.run()V+11
v  ~StubRoutines::call_stub
V  [libjvm.dylib+0x2ee70a]  JavaCalls::call_helper(JavaValue*, methodHandle*, JavaCallArguments*, Thread*)+0x6ae
V  [libjvm.dylib+0x2eeeae]  JavaCalls::call_virtual(JavaValue*, KlassHandle, Symbol*, Symbol*, JavaCallArguments*, Thread*)+0x164
V  [libjvm.dylib+0x2ef05a]  JavaCalls::call_virtual(JavaValue*, Handle, KlassHandle, Symbol*, Symbol*, Thread*)+0x4a
V  [libjvm.dylib+0x3497b1]  thread_entry(JavaThread*, Thread*)+0x7c
V  [libjvm.dylib+0x56c0b3]  JavaThread::thread_main_inner()+0x9b
V  [libjvm.dylib+0x56d7a0]  JavaThread::run()+0x1c2
V  [libjvm.dylib+0x48baee]  java_start(Thread*)+0xf6
C  [libsystem_pthread.dylib+0x5d36]  _pthread_start+0x7d
C  [libsystem_pthread.dylib+0x258f]  thread_start+0xf
C  0x0000000000000000

Java frames: (J=compiled Java code, j=interpreted, Vv=VM code)
J 451  java.util.zip.ZipFile.getEntry(J[BZ)J (0 bytes) @ 0x00000001172860d8 [0x0000000117286080+0x58]
J 956 C2 java.util.jar.JarFile.getEntry(Ljava/lang/String;)Ljava/util/zip/ZipEntry; (22 bytes) @ 0x00000001173f23cc [0x00000001173f2060+0x36c]
J 3261 C2 org.apache.catalina.webresources.AbstractArchiveResourceSet.getResource(Ljava/lang/String;)Lorg/apache/catalina/WebResource; (356 bytes) @ 0x0000000117411b14 [0x0000000117410ee0+0xc34]
J 5030 C2 org.apache.catalina.webresources.StandardRoot.getResourceInternal(Ljava/lang/String;Z)Lorg/apache/catalina/WebResource; (172 bytes) @ 0x0000000117f4fffc [0x0000000117f4f980+0x67c]
J 3754 C1 org.apache.catalina.webresources.Cache.getResource(Ljava/lang/String;Z)Lorg/apache/catalina/WebResource; (263 bytes) @ 0x0000000117be32a4 [0x0000000117be1620+0x1c84]
J 5894 C1 org.apache.catalina.webresources.StandardRoot.getResource(Ljava/lang/String;ZZ)Lorg/apache/catalina/WebResource; (34 bytes) @ 0x0000000117282b6c [0x0000000117282a20+0x14c]
J 5215 C2 org.apache.catalina.webresources.StandardRoot.getClassLoaderResource(Ljava/lang/String;)Lorg/apache/catalina/WebResource; (26 bytes) @ 0x00000001177ab548 [0x00000001177ab3c0+0x188]
J 4860 C2 org.apache.catalina.loader.WebappClassLoaderBase.getResourceAsStream(Ljava/lang/String;)Ljava/io/InputStream; (385 bytes) @ 0x0000000117b21410 [0x0000000117b21320+0xf0]
J 2292 C2 org.apache.catalina.startup.ContextConfig.populateJavaClassCache(Ljava/lang/String;Ljava/util/Map;)V (284 bytes) @ 0x0000000117a31b9c [0x0000000117a311c0+0x9dc]
J 2928 C2 org.apache.catalina.startup.ContextConfig.checkHandlesTypes(Lorg/apache/tomcat/util/bcel/classfile/JavaClass;Ljava/util/Map;)V (470 bytes) @ 0x0000000117a57320 [0x0000000117a56e20+0x500]
J 2929 C2 org.apache.catalina.startup.ContextConfig.processAnnotationsStream(Ljava/io/InputStream;Lorg/apache/tomcat/util/descriptor/web/WebXml;ZLjava/util/Map;)V (38 bytes) @ 0x0000000117543794 [0x00000001175433c0+0x3d4]
J 5584 C1 org.apache.catalina.startup.ContextConfig.processAnnotationsJar(Ljava/net/URL;Lorg/apache/tomcat/util/descriptor/web/WebXml;ZLjava/util/Map;)V (407 bytes) @ 0x00000001175c944c [0x00000001175c8920+0xb2c]
j  org.apache.catalina.startup.ContextConfig.processAnnotationsUrl(Ljava/net/URL;Lorg/apache/tomcat/util/descriptor/web/WebXml;ZLjava/util/Map;)V+37
j  org.apache.catalina.startup.ContextConfig.processAnnotations(Ljava/util/Set;ZLjava/util/Map;)V+87
j  org.apache.catalina.startup.ContextConfig.processClasses(Lorg/apache/tomcat/util/descriptor/web/WebXml;Ljava/util/Set;)V+111
j  org.apache.catalina.startup.ContextConfig.webConfig()V+174
j  org.apache.catalina.startup.ContextConfig.configureStart()V+101
J 4553 C1 org.apache.catalina.startup.ContextConfig.lifecycleEvent(Lorg/apache/catalina/LifecycleEvent;)V (172 bytes) @ 0x000000011742f414 [0x000000011742de80+0x1594]
J 4623 C2 org.apache.catalina.util.LifecycleBase.fireLifecycleEvent(Ljava/lang/String;Ljava/lang/Object;)V (56 bytes) @ 0x00000001174baf84 [0x00000001174bae00+0x184]
j  org.apache.catalina.core.StandardContext.startInternal()V+568
J 2489 C1 org.apache.catalina.util.LifecycleBase.start()V (287 bytes) @ 0x000000011797d53c [0x000000011797ba00+0x1b3c]
j  org.apache.catalina.core.StandardContext.reload()V+120
j  org.apache.catalina.manager.ManagerServlet.reload(Ljava/io/PrintWriter;Lorg/apache/catalina/util/ContextName;Lorg/apache/tomcat/util/res/StringManager;)V+131
j  org.apache.catalina.manager.ManagerServlet.doGet(Ljavax/servlet/http/HttpServletRequest;Ljavax/servlet/http/HttpServletResponse;)V+366
j  javax.servlet.http.HttpServlet.service(Ljavax/servlet/http/HttpServletRequest;Ljavax/servlet/http/HttpServletResponse;)V+35
J 5717 C1 javax.servlet.http.HttpServlet.service(Ljavax/servlet/ServletRequest;Ljavax/servlet/ServletResponse;)V (40 bytes) @ 0x0000000117ed64c4 [0x0000000117ed61c0+0x304]
J 5165 C1 org.apache.catalina.core.ApplicationFilterChain.internalDoFilter(Ljavax/servlet/ServletRequest;Ljavax/servlet/ServletResponse;)V (388 bytes) @ 0x0000000117aa33a4 [0x0000000117aa28c0+0xae4]
J 5164 C1 org.apache.catalina.core.ApplicationFilterChain.doFilter(Ljavax/servlet/ServletRequest;Ljavax/servlet/ServletResponse;)V (105 bytes) @ 0x0000000117aa59cc [0x0000000117aa5940+0x8c]
j  org.apache.tomcat.websocket.server.WsFilter.doFilter(Ljavax/servlet/ServletRequest;Ljavax/servlet/ServletResponse;Ljavax/servlet/FilterChain;)V+21
J 5165 C1 org.apache.catalina.core.ApplicationFilterChain.internalDoFilter(Ljavax/servlet/ServletRequest;Ljavax/servlet/ServletResponse;)V (388 bytes) @ 0x0000000117aa2e54 [0x0000000117aa28c0+0x594]
J 5164 C1 org.apache.catalina.core.ApplicationFilterChain.doFilter(Ljavax/servlet/ServletRequest;Ljavax/servlet/ServletResponse;)V (105 bytes) @ 0x0000000117aa59cc [0x0000000117aa5940+0x8c]
j  org.apache.catalina.core.StandardWrapperValve.invoke(Lorg/apache/catalina/connector/Request;Lorg/apache/catalina/connector/Response;)V+694
j  org.apache.catalina.core.StandardContextValve.invoke(Lorg/apache/catalina/connector/Request;Lorg/apache/catalina/connector/Response;)V+166
j  org.apache.catalina.authenticator.AuthenticatorBase.invoke(Lorg/apache/catalina/connector/Request;Lorg/apache/catalina/connector/Response;)V+802
j  org.apache.catalina.valves.RequestFilterValve.process(Ljava/lang/String;Lorg/apache/catalina/connector/Request;Lorg/apache/catalina/connector/Response;)V+14
j  org.apache.catalina.valves.RemoteAddrValve.invoke(Lorg/apache/catalina/connector/Request;Lorg/apache/catalina/connector/Response;)V+62
j  org.apache.catalina.core.StandardHostValve.invoke(Lorg/apache/catalina/connector/Request;Lorg/apache/catalina/connector/Response;)V+114
j  org.apache.catalina.valves.ErrorReportValve.invoke(Lorg/apache/catalina/connector/Request;Lorg/apache/catalina/connector/Response;)V+6
j  org.apache.catalina.valves.AbstractAccessLogValve.invoke(Lorg/apache/catalina/connector/Request;Lorg/apache/catalina/connector/Response;)V+20
j  org.apache.catalina.core.StandardEngineValve.invoke(Lorg/apache/catalina/connector/Request;Lorg/apache/catalina/connector/Response;)V+45
j  org.apache.catalina.connector.CoyoteAdapter.service(Lorg/apache/coyote/Request;Lorg/apache/coyote/Response;)V+199
j  org.apache.coyote.http11.Http11Processor.service(Lorg/apache/tomcat/util/net/SocketWrapperBase;)Lorg/apache/tomcat/util/net/AbstractEndpoint$Handler$SocketState;+784
j  org.apache.coyote.AbstractProcessorLight.process(Lorg/apache/tomcat/util/net/SocketWrapperBase;Lorg/apache/tomcat/util/net/SocketEvent;)Lorg/apache/tomcat/util/net/AbstractEndpoint$Handler$SocketState;+113
J 5508 C1 org.apache.coyote.AbstractProtocol$ConnectionHandler.process(Lorg/apache/tomcat/util/net/SocketWrapperBase;Lorg/apache/tomcat/util/net/SocketEvent;)Lorg/apache/tomcat/util/net/AbstractEndpoint$Handler$SocketState; (1298 bytes) @ 0x0000000118073fac [0x0000000118070940+0x366c]
J 5507 C1 org.apache.tomcat.util.net.NioEndpoint$SocketProcessor.doRun()V (640 bytes) @ 0x0000000118067cc4 [0x0000000118066720+0x15a4]
J 5506 C1 org.apache.tomcat.util.net.SocketProcessorBase.run()V (35 bytes) @ 0x00000001180640a4 [0x0000000118063ca0+0x404]
j  java.util.concurrent.ThreadPoolExecutor.runWorker(Ljava/util/concurrent/ThreadPoolExecutor$Worker;)V+95
j  java.util.concurrent.ThreadPoolExecutor$Worker.run()V+5
j  org.apache.tomcat.util.threads.TaskThread$WrappingRunnable.run()V+4
j  java.lang.Thread.run()V+11
v  ~StubRoutines::call_stub

---------------  P R O C E S S  ---------------

Java Threads: ( => current thread )
  0x00007fed918b1000 JavaThread "http-nio-8080-exec-77" daemon [_thread_blocked, id=22299, stack(0x000070000d78e000,0x000070000d88e000)]
  0x00007fed91897000 JavaThread "ajp-nio-8009-exec-45" daemon [_thread_blocked, id=23835, stack(0x000070000cb6a000,0x000070000cc6a000)]
  0x00007fed91112800 JavaThread "ajp-nio-8009-exec-44" daemon [_thread_blocked, id=27407, stack(0x000070000db9a000,0x000070000dc9a000)]
  0x00007fed905bf800 JavaThread "ajp-nio-8009-exec-43" daemon [_thread_blocked, id=26387, stack(0x000070000d891000,0x000070000d991000)]
  0x00007fed911f4000 JavaThread "ajp-nio-8009-exec-42" daemon [_thread_blocked, id=28175, stack(0x000070000e1ac000,0x000070000e2ac000)]
  0x00007fed91cb0800 JavaThread "ajp-nio-8009-exec-41" daemon [_thread_blocked, id=24343, stack(0x000070000d079000,0x000070000d179000)]
  0x00007fed905be800 JavaThread "ajp-nio-8009-exec-40" daemon [_thread_blocked, id=36887, stack(0x000070000d588000,0x000070000d688000)]
  0x00007fed90178000 JavaThread "ajp-nio-8009-exec-39" daemon [_thread_blocked, id=26639, stack(0x000070000d994000,0x000070000da94000)]
  0x00007fed905a6000 JavaThread "ajp-nio-8009-exec-38" daemon [_thread_blocked, id=26899, stack(0x000070000da97000,0x000070000db97000)]
  0x00007fed90176000 JavaThread "ajp-nio-8009-exec-37" daemon [_thread_blocked, id=12307, stack(0x000070000ce73000,0x000070000cf73000)]
  0x00007fed900b8800 JavaThread "ajp-nio-8009-exec-36" daemon [_thread_blocked, id=41495, stack(0x000070000cf76000,0x000070000d076000)]
  0x00007fed90177000 JavaThread "http-nio-8080-exec-76" daemon [_thread_blocked, id=39699, stack(0x000070000c964000,0x000070000ca64000)]
  0x00007fed8ee63800 JavaThread "http-nio-8080-exec-75" daemon [_thread_blocked, id=23323, stack(0x000070000cd70000,0x000070000ce70000)]
  0x00007fed900b2800 JavaThread "http-nio-8080-exec-74" daemon [_thread_blocked, id=25107, stack(0x000070000d485000,0x000070000d585000)]
  0x00007fed9025f000 JavaThread "http-nio-8080-exec-72" daemon [_thread_blocked, id=37399, stack(0x000070000dda0000,0x000070000dea0000)]
  0x00007fed91f73000 JavaThread "http-nio-8080-exec-71" daemon [_thread_blocked, id=43031, stack(0x000070000d17c000,0x000070000d27c000)]
  0x00007fed9110c800 JavaThread "http-nio-8080-exec-70" daemon [_thread_blocked, id=42271, stack(0x000070000dc9d000,0x000070000dd9d000)]
  0x00007fed910ae800 JavaThread "http-nio-8080-exec-69" daemon [_thread_blocked, id=25627, stack(0x000070000ca67000,0x000070000cb67000)]
=>0x00007fed8ebdb000 JavaThread "http-nio-8080-exec-68" daemon [_thread_in_native, id=25871, stack(0x000070000e0a9000,0x000070000e1a9000)]
  0x00007fed91935800 JavaThread "mysql-cj-abandoned-connection-cleanup" daemon [_thread_blocked, id=41755, stack(0x000070000cc6d000,0x000070000cd6d000)]
  0x00007fed91853800 JavaThread "http-nio-8080-exec-67" daemon [_thread_blocked, id=26127, stack(0x000070000d68b000,0x000070000d78b000)]
  0x00007fed9189e800 JavaThread "ajp-nio-8009-Acceptor" daemon [_thread_in_native, id=28675, stack(0x000070000dfa6000,0x000070000e0a6000)]
  0x00007fed9189d800 JavaThread "ajp-nio-8009-ClientPoller" daemon [_thread_in_native, id=37891, stack(0x000070000dea3000,0x000070000dfa3000)]
  0x00007fed910b1000 JavaThread "http-nio-8080-Acceptor" daemon [_thread_in_native, id=40195, stack(0x000070000d382000,0x000070000d482000)]
  0x00007fed90c86800 JavaThread "http-nio-8080-ClientPoller" daemon [_thread_in_native, id=40707, stack(0x000070000d27f000,0x000070000d37f000)]
  0x00007fed8f352000 JavaThread "Catalina-utility-2" [_thread_blocked, id=22019, stack(0x000070000c75e000,0x000070000c85e000)]
  0x00007fed8fb44800 JavaThread "Catalina-utility-1" [_thread_blocked, id=12555, stack(0x000070000c65b000,0x000070000c75b000)]
  0x00007fed8f232000 JavaThread "ajp-nio-8009-BlockPoller" daemon [_thread_in_native, id=16643, stack(0x000070000c558000,0x000070000c658000)]
  0x00007fed8fccb000 JavaThread "http-nio-8080-BlockPoller" daemon [_thread_in_native, id=16131, stack(0x000070000c455000,0x000070000c555000)]
  0x00007fed8e992800 JavaThread "GC Daemon" daemon [_thread_blocked, id=17411, stack(0x000070000c352000,0x000070000c452000)]
  0x00007fed8e0d2800 JavaThread "FileHandlerLogFilesCleaner-1" daemon [_thread_blocked, id=17667, stack(0x000070000c24f000,0x000070000c34f000)]
  0x00007fed8e0a0000 JavaThread "AsyncFileHandlerWriter-1229416514" daemon [_thread_blocked, id=15619, stack(0x000070000c14c000,0x000070000c24c000)]
  0x00007fed8e054000 JavaThread "Service Thread" daemon [_thread_blocked, id=15107, stack(0x000070000bf46000,0x000070000c046000)]
  0x00007fed8f013000 JavaThread "C1 CompilerThread2" daemon [_thread_blocked, id=18691, stack(0x000070000be43000,0x000070000bf43000)]
  0x00007fed8e053000 JavaThread "C2 CompilerThread1" daemon [_thread_blocked, id=14339, stack(0x000070000bd40000,0x000070000be40000)]
  0x00007fed8f82c800 JavaThread "C2 CompilerThread0" daemon [_thread_blocked, id=13827, stack(0x000070000bc3d000,0x000070000bd3d000)]
  0x00007fed8f829000 JavaThread "Signal Dispatcher" daemon [_thread_blocked, id=13571, stack(0x000070000bb3a000,0x000070000bc3a000)]
  0x00007fed8f822800 JavaThread "Finalizer" daemon [_thread_blocked, id=11779, stack(0x000070000b931000,0x000070000ba31000)]
  0x00007fed8f821800 JavaThread "Reference Handler" daemon [_thread_blocked, id=21251, stack(0x000070000b82e000,0x000070000b92e000)]
  0x00007fed8f800800 JavaThread "main" [_thread_in_native, id=3587, stack(0x000070000b21c000,0x000070000b31c000)]

Other Threads:
  0x00007fed8e80c800 VMThread [stack: 0x000070000b72b000,0x000070000b82b000] [id=11267]
  0x00007fed8e052800 WatcherThread [stack: 0x000070000c049000,0x000070000c149000] [id=18435]

VM state:not at safepoint (normal execution)

VM Mutex/Monitor currently owned by a thread: None

Heap:
 PSYoungGen      total 417280K, used 211205K [0x0000000795580000, 0x00000007bae00000, 0x00000007c0000000)
  eden space 376832K, 56% used [0x0000000795580000,0x00000007a23c1628,0x00000007ac580000)
  from space 40448K, 0% used [0x00000007b8680000,0x00000007b8680000,0x00000007bae00000)
  to   space 47616K, 0% used [0x00000007b5100000,0x00000007b5100000,0x00000007b7f80000)
 ParOldGen       total 109568K, used 56304K [0x0000000740000000, 0x0000000746b00000, 0x0000000795580000)
  object space 109568K, 51% used [0x0000000740000000,0x00000007436fc2c8,0x0000000746b00000)
 Metaspace       used 35563K, capacity 36464K, committed 36952K, reserved 1083392K
  class space    used 3554K, capacity 3852K, committed 3968K, reserved 1048576K

Card table byte_map: [0x0000000111d67000,0x0000000112168000] byte_map_base: 0x000000010e367000

Marking Bits: (ParMarkBitMap*) 0x00000001112f35d0
 Begin Bits: [0x0000000112413000, 0x0000000114413000)
 End Bits:   [0x0000000114413000, 0x0000000116413000)

Polling page: 0x0000000110044000

CodeCache: size=245760Kb used=17856Kb max_used=17856Kb free=227903Kb
 bounds [0x000000011709a000, 0x000000011822a000, 0x000000012609a000]
 total_blobs=5431 nmethods=4927 adapters=415
 compilation: enabled

Compilation events (10 events):
Event: 3685.865 Thread 0x00007fed8f013000 6168       1       org.apache.catalina.connector.Request::getURIConverter (5 bytes)
Event: 3685.865 Thread 0x00007fed8f013000 nmethod 6168 0x0000000118226310 code [0x0000000118226460, 0x0000000118226570]
Event: 3685.865 Thread 0x00007fed8f013000 6169       1       org.apache.catalina.connector.Connector::getUseIPVHosts (5 bytes)
Event: 3685.865 Thread 0x00007fed8f013000 nmethod 6169 0x00000001182265d0 code [0x0000000118226720, 0x0000000118226830]
Event: 3685.865 Thread 0x00007fed8f013000 6170       1       org.apache.catalina.connector.Connector::getMaxCookieCount (5 bytes)
Event: 3685.866 Thread 0x00007fed8f013000 nmethod 6170 0x0000000118226890 code [0x00000001182269e0, 0x0000000118226af0]
Event: 3685.872 Thread 0x00007fed8f013000 6171       3       org.apache.tomcat.util.buf.B2CConverter::recycle (18 bytes)
Event: 3685.874 Thread 0x00007fed8f013000 nmethod 6171 0x0000000118226b50 code [0x0000000118226ce0, 0x00000001182270c8]
Event: 3685.874 Thread 0x00007fed8f013000 6172       3       org.apache.catalina.connector.OutputBuffer::write (98 bytes)
Event: 3685.877 Thread 0x00007fed8f013000 nmethod 6172 0x0000000118227210 code [0x0000000118227420, 0x0000000118227df8]

GC Heap History (10 events):
Event: 49.050 GC heap before
{Heap before GC invocations=10 (full 1):
 PSYoungGen      total 273408K, used 18403K [0x0000000795580000, 0x00000007b1000000, 0x00000007c0000000)
  eden space 254976K, 0% used [0x0000000795580000,0x0000000795580000,0x00000007a4e80000)
  from space 18432K, 99% used [0x00000007a4e80000,0x00000007a6078f68,0x00000007a6080000)
  to   space 22528K, 0% used [0x00000007afa00000,0x00000007afa00000,0x00000007b1000000)
 ParOldGen       total 87552K, used 39394K [0x0000000740000000, 0x0000000745580000, 0x0000000795580000)
  object space 87552K, 44% used [0x0000000740000000,0x0000000742678b48,0x0000000745580000)
 Metaspace       used 20325K, capacity 21164K, committed 21248K, reserved 1069056K
  class space    used 2210K, capacity 2535K, committed 2560K, reserved 1048576K
Event: 49.243 GC heap after
Heap after GC invocations=10 (full 1):
 PSYoungGen      total 273408K, used 0K [0x0000000795580000, 0x00000007b1000000, 0x00000007c0000000)
  eden space 254976K, 0% used [0x0000000795580000,0x0000000795580000,0x00000007a4e80000)
  from space 18432K, 0% used [0x00000007a4e80000,0x00000007a4e80000,0x00000007a6080000)
  to   space 22528K, 0% used [0x00000007afa00000,0x00000007afa00000,0x00000007b1000000)
 ParOldGen       total 76800K, used 30369K [0x0000000740000000, 0x0000000744b00000, 0x0000000795580000)
  object space 76800K, 39% used [0x0000000740000000,0x0000000741da8610,0x0000000744b00000)
 Metaspace       used 20187K, capacity 20804K, committed 21248K, reserved 1069056K
  class space    used 2182K, capacity 2415K, committed 2560K, reserved 1048576K
}
Event: 491.689 GC heap before
{Heap before GC invocations=11 (full 1):
 PSYoungGen      total 273408K, used 254976K [0x0000000795580000, 0x00000007b1000000, 0x00000007c0000000)
  eden space 254976K, 100% used [0x0000000795580000,0x00000007a4e80000,0x00000007a4e80000)
  from space 18432K, 0% used [0x00000007a4e80000,0x00000007a4e80000,0x00000007a6080000)
  to   space 22528K, 0% used [0x00000007afa00000,0x00000007afa00000,0x00000007b1000000)
 ParOldGen       total 76800K, used 30369K [0x0000000740000000, 0x0000000744b00000, 0x0000000795580000)
  object space 76800K, 39% used [0x0000000740000000,0x0000000741da8610,0x0000000744b00000)
 Metaspace       used 32889K, capacity 33700K, committed 33920K, reserved 1079296K
  class space    used 3323K, capacity 3602K, committed 3712K, reserved 1048576K
Event: 491.747 GC heap after
Heap after GC invocations=11 (full 1):
 PSYoungGen      total 395776K, used 22510K [0x0000000795580000, 0x00000007b1000000, 0x00000007c0000000)
  eden space 373248K, 0% used [0x0000000795580000,0x0000000795580000,0x00000007ac200000)
  from space 22528K, 99% used [0x00000007afa00000,0x00000007b0ffb818,0x00000007b1000000)
  to   space 29184K, 0% used [0x00000007ad700000,0x00000007ad700000,0x00000007af380000)
 ParOldGen       total 76800K, used 40909K [0x0000000740000000, 0x0000000744b00000, 0x0000000795580000)
  object space 76800K, 53% used [0x0000000740000000,0x00000007427f3558,0x0000000744b00000)
 Metaspace       used 32889K, capacity 33700K, committed 33920K, reserved 1079296K
  class space    used 3323K, capacity 3602K, committed 3712K, reserved 1048576K
}
Event: 2172.759 GC heap before
{Heap before GC invocations=12 (full 1):
 PSYoungGen      total 395776K, used 395758K [0x0000000795580000, 0x00000007b1000000, 0x00000007c0000000)
  eden space 373248K, 100% used [0x0000000795580000,0x00000007ac200000,0x00000007ac200000)
  from space 22528K, 99% used [0x00000007afa00000,0x00000007b0ffb818,0x00000007b1000000)
  to   space 29184K, 0% used [0x00000007ad700000,0x00000007ad700000,0x00000007af380000)
 ParOldGen       total 76800K, used 40909K [0x0000000740000000, 0x0000000744b00000, 0x0000000795580000)
  object space 76800K, 53% used [0x0000000740000000,0x00000007427f3558,0x0000000744b00000)
 Metaspace       used 33572K, capacity 34730K, committed 34816K, reserved 1081344K
  class space    used 3388K, capacity 3779K, committed 3840K, reserved 1048576K
Event: 2172.959 GC heap after
Heap after GC invocations=12 (full 1):
 PSYoungGen      total 423936K, used 29162K [0x0000000795580000, 0x00000007bae00000, 0x00000007c0000000)
  eden space 394752K, 0% used [0x0000000795580000,0x0000000795580000,0x00000007ad700000)
  from space 29184K, 99% used [0x00000007ad700000,0x00000007af37aa00,0x00000007af380000)
  to   space 40448K, 0% used [0x00000007b8680000,0x00000007b8680000,0x00000007bae00000)
 ParOldGen       total 76800K, used 60489K [0x0000000740000000, 0x0000000744b00000, 0x0000000795580000)
  object space 76800K, 78% used [0x0000000740000000,0x0000000743b125c8,0x0000000744b00000)
 Metaspace       used 33572K, capacity 34730K, committed 34816K, reserved 1081344K
  class space    used 3388K, capacity 3779K, committed 3840K, reserved 1048576K
}
Event: 2492.889 GC heap before
{Heap before GC invocations=13 (full 1):
 PSYoungGen      total 423936K, used 358496K [0x0000000795580000, 0x00000007bae00000, 0x00000007c0000000)
  eden space 394752K, 83% used [0x0000000795580000,0x00000007a971d728,0x00000007ad700000)
  from space 29184K, 99% used [0x00000007ad700000,0x00000007af37aa00,0x00000007af380000)
  to   space 40448K, 0% used [0x00000007b8680000,0x00000007b8680000,0x00000007bae00000)
 ParOldGen       total 76800K, used 60489K [0x0000000740000000, 0x0000000744b00000, 0x0000000795580000)
  object space 76800K, 78% used [0x0000000740000000,0x0000000743b125c8,0x0000000744b00000)
 Metaspace       used 33967K, capacity 35326K, committed 35416K, reserved 1081344K
  class space    used 3430K, capacity 3907K, committed 3968K, reserved 1048576K
Event: 2493.012 GC heap after
Heap after GC invocations=13 (full 1):
 PSYoungGen      total 417280K, used 40447K [0x0000000795580000, 0x00000007bae00000, 0x00000007c0000000)
  eden space 376832K, 0% used [0x0000000795580000,0x0000000795580000,0x00000007ac580000)
  from space 40448K, 99% used [0x00000007b8680000,0x00000007badffc70,0x00000007bae00000)
  to   space 47616K, 0% used [0x00000007b5100000,0x00000007b5100000,0x00000007b7f80000)
 ParOldGen       total 76800K, used 63640K [0x0000000740000000, 0x0000000744b00000, 0x0000000795580000)
  object space 76800K, 82% used [0x0000000740000000,0x0000000743e26288,0x0000000744b00000)
 Metaspace       used 33967K, capacity 35326K, committed 35416K, reserved 1081344K
  class space    used 3430K, capacity 3907K, committed 3968K, reserved 1048576K
}
Event: 2493.012 GC heap before
{Heap before GC invocations=14 (full 2):
 PSYoungGen      total 417280K, used 40447K [0x0000000795580000, 0x00000007bae00000, 0x00000007c0000000)
  eden space 376832K, 0% used [0x0000000795580000,0x0000000795580000,0x00000007ac580000)
  from space 40448K, 99% used [0x00000007b8680000,0x00000007badffc70,0x00000007bae00000)
  to   space 47616K, 0% used [0x00000007b5100000,0x00000007b5100000,0x00000007b7f80000)
 ParOldGen       total 76800K, used 63640K [0x0000000740000000, 0x0000000744b00000, 0x0000000795580000)
  object space 76800K, 82% used [0x0000000740000000,0x0000000743e26288,0x0000000744b00000)
 Metaspace       used 33967K, capacity 35326K, committed 35416K, reserved 1081344K
  class space    used 3430K, capacity 3907K, committed 3968K, reserved 1048576K
Event: 2493.216 GC heap after
Heap after GC invocations=14 (full 2):
 PSYoungGen      total 417280K, used 0K [0x0000000795580000, 0x00000007bae00000, 0x00000007c0000000)
  eden space 376832K, 0% used [0x0000000795580000,0x0000000795580000,0x00000007ac580000)
  from space 40448K, 0% used [0x00000007b8680000,0x00000007b8680000,0x00000007bae00000)
  to   space 47616K, 0% used [0x00000007b5100000,0x00000007b5100000,0x00000007b7f80000)
 ParOldGen       total 109568K, used 56304K [0x0000000740000000, 0x0000000746b00000, 0x0000000795580000)
  object space 109568K, 51% used [0x0000000740000000,0x00000007436fc2c8,0x0000000746b00000)
 Metaspace       used 33125K, capacity 33796K, committed 35416K, reserved 1081344K
  class space    used 3296K, capacity 3519K, committed 3968K, reserved 1048576K
}

Deoptimization events (10 events):
Event: 492.074 Thread 0x00007fed9194d800 Uncommon trap: reason=null_check action=make_not_entrant pc=0x0000000117bd32f8 method=org.apache.tomcat.util.digester.RulesBase.lookup(Ljava/lang/String;Ljava/lang/String;)Ljava/util/List; @ 76
Event: 1508.004 Thread 0x00007fed8fb44800 Uncommon trap: reason=unstable_if action=reinterpret pc=0x00000001171ccccc method=java.util.concurrent.ScheduledThreadPoolExecutor$ScheduledFutureTask.compareTo(Ljava/util/concurrent/Delayed;)I @ 40
Event: 2493.229 Thread 0x00007fed8f822800 Uncommon trap: reason=unstable_if action=reinterpret pc=0x0000000117441c50 method=java.util.concurrent.ThreadPoolExecutor.runStateAtLeast(II)Z @ 2
Event: 2497.841 Thread 0x00007fed910ae800 Uncommon trap: reason=unstable_if action=reinterpret pc=0x0000000117aff714 method=java.lang.ref.SoftReference.get()Ljava/lang/Object; @ 6
Event: 2497.842 Thread 0x00007fed91935800 Uncommon trap: reason=unstable_if action=reinterpret pc=0x0000000117b9bd7c method=org.apache.catalina.webresources.Cache.getResource(Ljava/lang/String;Z)Lorg/apache/catalina/WebResource; @ 49
Event: 2498.013 Thread 0x00007fed910ae800 Uncommon trap: reason=unstable_if action=reinterpret pc=0x000000011812e038 method=java.lang.ref.SoftReference.get()Ljava/lang/Object; @ 6
Event: 2498.014 Thread 0x00007fed910ae800 Uncommon trap: reason=unstable_if action=reinterpret pc=0x0000000118128ed4 method=java.lang.ref.SoftReference.get()Ljava/lang/Object; @ 6
Event: 2498.014 Thread 0x00007fed910ae800 Uncommon trap: reason=unstable_if action=reinterpret pc=0x00000001179d9c08 method=java.lang.ref.SoftReference.get()Ljava/lang/Object; @ 6
Event: 2498.015 Thread 0x00007fed910ae800 Uncommon trap: reason=unstable_if action=reinterpret pc=0x0000000117c4ef0c method=sun.security.util.Cache$EqualByteArray.hashCode()I @ 6
Event: 2498.140 Thread 0x00007fed910ae800 Uncommon trap: reason=range_check action=make_not_entrant pc=0x00000001171ee648 method=sun.reflect.generics.parser.SignatureParser.current()C @ 34

Internal exceptions (10 events):
Event: 2551.437 Thread 0x00007fed8ebdb000 Exception <a 'java/io/IOException'> (0x000000079c171658) thrown at [/Users/java_re/workspace/8-2-build-macosx-x86_64/jdk8u141/9370/hotspot/src/share/vm/prims/jni.cpp, line 709]
Event: 2551.437 Thread 0x00007fed8ebdb000 Exception <a 'java/io/IOException'> (0x000000079c171ad8) thrown at [/Users/java_re/workspace/8-2-build-macosx-x86_64/jdk8u141/9370/hotspot/src/share/vm/prims/jni.cpp, line 709]
Event: 2551.437 Thread 0x00007fed8ebdb000 Exception <a 'java/io/IOException'> (0x000000079c171f28) thrown at [/Users/java_re/workspace/8-2-build-macosx-x86_64/jdk8u141/9370/hotspot/src/share/vm/prims/jni.cpp, line 709]
Event: 3684.622 Thread 0x00007fed8ebdb000 Exception <a 'java/io/IOException'> (0x000000079c1866e8) thrown at [/Users/java_re/workspace/8-2-build-macosx-x86_64/jdk8u141/9370/hotspot/src/share/vm/prims/jni.cpp, line 709]
Event: 3684.622 Thread 0x00007fed8ebdb000 Exception <a 'java/io/IOException'> (0x000000079c186b38) thrown at [/Users/java_re/workspace/8-2-build-macosx-x86_64/jdk8u141/9370/hotspot/src/share/vm/prims/jni.cpp, line 709]
Event: 3684.635 Thread 0x00007fed8ebdb000 Exception <a 'java/io/IOException'> (0x000000079c1a0d78) thrown at [/Users/java_re/workspace/8-2-build-macosx-x86_64/jdk8u141/9370/hotspot/src/share/vm/prims/jni.cpp, line 709]
Event: 3684.635 Thread 0x00007fed8ebdb000 Exception <a 'java/io/IOException'> (0x000000079c1a11c8) thrown at [/Users/java_re/workspace/8-2-build-macosx-x86_64/jdk8u141/9370/hotspot/src/share/vm/prims/jni.cpp, line 709]
Event: 3684.636 Thread 0x00007fed8ebdb000 Exception <a 'java/io/IOException'> (0x000000079c1a8458) thrown at [/Users/java_re/workspace/8-2-build-macosx-x86_64/jdk8u141/9370/hotspot/src/share/vm/prims/jni.cpp, line 709]
Event: 3684.636 Thread 0x00007fed8ebdb000 Exception <a 'java/io/IOException'> (0x000000079c1a88a8) thrown at [/Users/java_re/workspace/8-2-build-macosx-x86_64/jdk8u141/9370/hotspot/src/share/vm/prims/jni.cpp, line 709]
Event: 3684.695 Thread 0x00007fed8ebdb000 Exception <a 'java/io/FileNotFoundException'> (0x000000079e09a748) thrown at [/Users/java_re/workspace/8-2-build-macosx-x86_64/jdk8u141/9370/hotspot/src/share/vm/prims/jni.cpp, line 709]

Events (10 events):
Event: 3684.649 Executing VM operation: RevokeBias
Event: 3684.650 Executing VM operation: RevokeBias done
Event: 3684.650 Executing VM operation: RevokeBias
Event: 3684.650 Executing VM operation: RevokeBias done
Event: 3684.651 Executing VM operation: RevokeBias
Event: 3684.651 Executing VM operation: RevokeBias done
Event: 3684.651 Executing VM operation: RevokeBias
Event: 3684.652 Executing VM operation: RevokeBias done
Event: 3685.806 Thread 0x00007fed918b1000 Thread added: 0x00007fed918b1000
Event: 3685.807 Thread 0x00007fed91844800 Thread exited: 0x00007fed91844800


Dynamic libraries:
0x000000000c9cc000 	/System/Library/Frameworks/Cocoa.framework/Versions/A/Cocoa
0x000000000c9cc000 	/System/Library/Frameworks/Security.framework/Versions/A/Security
0x000000000c9cc000 	/System/Library/Frameworks/ApplicationServices.framework/Versions/A/ApplicationServices
0x000000000c9cc000 	/usr/lib/libz.1.dylib
0x000000000c9cc000 	/usr/lib/libSystem.B.dylib
0x000000000c9cc000 	/usr/lib/libobjc.A.dylib
0x000000000c9cc000 	/System/Library/Frameworks/CoreFoundation.framework/Versions/A/CoreFoundation
0x000000000c9cc000 	/System/Library/Frameworks/Foundation.framework/Versions/C/Foundation
0x000000000c9cc000 	/System/Library/Frameworks/AppKit.framework/Versions/C/AppKit
0x000000000c9cc000 	/System/Library/Frameworks/CoreData.framework/Versions/A/CoreData
0x000000000c9cc000 	/System/Library/PrivateFrameworks/UIFoundation.framework/Versions/A/UIFoundation
0x000000000c9cc000 	/System/Library/PrivateFrameworks/RemoteViewServices.framework/Versions/A/RemoteViewServices
0x000000000c9cc000 	/System/Library/PrivateFrameworks/XCTTargetBootstrap.framework/Versions/A/XCTTargetBootstrap
0x000000000c9cc000 	/System/Library/Frameworks/CoreDisplay.framework/Versions/A/CoreDisplay
0x000000000c9cc000 	/System/Library/Frameworks/Metal.framework/Versions/A/Metal
0x000000000c9cc000 	/System/Library/PrivateFrameworks/DesktopServicesPriv.framework/Versions/A/DesktopServicesPriv
0x000000000c9cc000 	/usr/lib/liblangid.dylib
0x000000000c9cc000 	/System/Library/PrivateFrameworks/CoreSVG.framework/Versions/A/CoreSVG
0x000000000c9cc000 	/System/Library/PrivateFrameworks/SkyLight.framework/Versions/A/SkyLight
0x000000000c9cc000 	/System/Library/Frameworks/CoreGraphics.framework/Versions/A/CoreGraphics
0x000000000c9cc000 	/System/Library/Frameworks/Accelerate.framework/Versions/A/Accelerate
0x000000000c9cc000 	/usr/lib/libxml2.2.dylib
0x000000000c9cc000 	/System/Library/PrivateFrameworks/IconServices.framework/Versions/A/IconServices
0x000000000c9cc000 	/System/Library/Frameworks/IOSurface.framework/Versions/A/IOSurface
0x000000000c9cc000 	/usr/lib/libDiagnosticMessagesClient.dylib
0x000000000c9cc000 	/System/Library/PrivateFrameworks/DFRFoundation.framework/Versions/A/DFRFoundation
0x000000000c9cc000 	/usr/lib/libicucore.A.dylib
0x000000000c9cc000 	/System/Library/Frameworks/AudioToolbox.framework/Versions/A/AudioToolbox
0x000000000c9cc000 	/System/Library/Frameworks/AudioUnit.framework/Versions/A/AudioUnit
0x000000000c9cc000 	/usr/lib/libauto.dylib
0x000000000c9cc000 	/System/Library/PrivateFrameworks/DataDetectorsCore.framework/Versions/A/DataDetectorsCore
0x000000000c9cc000 	/System/Library/Frameworks/Carbon.framework/Versions/A/Frameworks/HIToolbox.framework/Versions/A/HIToolbox
0x000000000c9cc000 	/System/Library/Frameworks/QuartzCore.framework/Versions/A/QuartzCore
0x000000000c9cc000 	/System/Library/Frameworks/Carbon.framework/Versions/A/Frameworks/SpeechRecognition.framework/Versions/A/SpeechRecognition
0x000000000c9cc000 	/System/Library/PrivateFrameworks/CoreUI.framework/Versions/A/CoreUI
0x000000000c9cc000 	/System/Library/Frameworks/CoreAudio.framework/Versions/A/CoreAudio
0x000000000c9cc000 	/System/Library/Frameworks/DiskArbitration.framework/Versions/A/DiskArbitration
0x000000000c9cc000 	/System/Library/PrivateFrameworks/MultitouchSupport.framework/Versions/A/MultitouchSupport
0x000000000c9cc000 	/usr/lib/libenergytrace.dylib
0x000000000c9cc000 	/System/Library/Frameworks/IOKit.framework/Versions/A/IOKit
0x000000000c9cc000 	/System/Library/Frameworks/CoreServices.framework/Versions/A/CoreServices
0x000000000c9cc000 	/System/Library/PrivateFrameworks/PerformanceAnalysis.framework/Versions/A/PerformanceAnalysis
0x000000000c9cc000 	/System/Library/Frameworks/OpenGL.framework/Versions/A/OpenGL
0x000000000c9cc000 	/System/Library/Frameworks/ColorSync.framework/Versions/A/ColorSync
0x000000000c9cc000 	/System/Library/Frameworks/CoreImage.framework/Versions/A/CoreImage
0x000000000c9cc000 	/System/Library/Frameworks/CoreText.framework/Versions/A/CoreText
0x000000000c9cc000 	/System/Library/Frameworks/ImageIO.framework/Versions/A/ImageIO
0x000000000c9cc000 	/usr/lib/libc++.1.dylib
0x000000000c9cc000 	/usr/lib/libcompression.dylib
0x000000000c9cc000 	/usr/lib/libMobileGestalt.dylib
0x000000000c9cc000 	/System/Library/PrivateFrameworks/TextureIO.framework/Versions/A/TextureIO
0x000000000c9cc000 	/usr/lib/libate.dylib
0x000000000c9cc000 	/System/Library/PrivateFrameworks/InternationalSupport.framework/Versions/A/InternationalSupport
0x000000000c9cc000 	/usr/lib/system/libcache.dylib
0x000000000c9cc000 	/usr/lib/system/libcommonCrypto.dylib
0x000000000c9cc000 	/usr/lib/system/libcompiler_rt.dylib
0x000000000c9cc000 	/usr/lib/system/libcopyfile.dylib
0x000000000c9cc000 	/usr/lib/system/libcorecrypto.dylib
0x000000000c9cc000 	/usr/lib/system/libdispatch.dylib
0x000000000c9cc000 	/usr/lib/system/libdyld.dylib
0x000000000c9cc000 	/usr/lib/system/libkeymgr.dylib
0x000000000c9cc000 	/usr/lib/system/liblaunch.dylib
0x000000000c9cc000 	/usr/lib/system/libmacho.dylib
0x000000000c9cc000 	/usr/lib/system/libquarantine.dylib
0x000000000c9cc000 	/usr/lib/system/libremovefile.dylib
0x000000000c9cc000 	/usr/lib/system/libsystem_asl.dylib
0x000000000c9cc000 	/usr/lib/system/libsystem_blocks.dylib
0x000000000c9cc000 	/usr/lib/system/libsystem_c.dylib
0x000000000c9cc000 	/usr/lib/system/libsystem_configuration.dylib
0x000000000c9cc000 	/usr/lib/system/libsystem_coreservices.dylib
0x000000000c9cc000 	/usr/lib/system/libsystem_darwin.dylib
0x000000000c9cc000 	/usr/lib/system/libsystem_dnssd.dylib
0x000000000c9cc000 	/usr/lib/system/libsystem_featureflags.dylib
0x000000000c9cc000 	/usr/lib/system/libsystem_info.dylib
0x000000000c9cc000 	/usr/lib/system/libsystem_m.dylib
0x000000000c9cc000 	/usr/lib/system/libsystem_malloc.dylib
0x000000000c9cc000 	/usr/lib/system/libsystem_networkextension.dylib
0x000000000c9cc000 	/usr/lib/system/libsystem_notify.dylib
0x000000000c9cc000 	/usr/lib/system/libsystem_sandbox.dylib
0x000000000c9cc000 	/usr/lib/system/libsystem_secinit.dylib
0x000000000c9cc000 	/usr/lib/system/libsystem_kernel.dylib
0x000000000c9cc000 	/usr/lib/system/libsystem_platform.dylib
0x000000000c9cc000 	/usr/lib/system/libsystem_pthread.dylib
0x000000000c9cc000 	/usr/lib/system/libsystem_symptoms.dylib
0x000000000c9cc000 	/usr/lib/system/libsystem_trace.dylib
0x000000000c9cc000 	/usr/lib/system/libunwind.dylib
0x000000000c9cc000 	/usr/lib/system/libxpc.dylib
0x000000000c9cc000 	/usr/lib/libc++abi.dylib
0x000000000c9cc000 	/usr/lib/liblzma.5.dylib
0x000000000c9cc000 	/usr/lib/libfakelink.dylib
0x000000000c9cc000 	/usr/lib/libarchive.2.dylib
0x000000000c9cc000 	/System/Library/Frameworks/SystemConfiguration.framework/Versions/A/SystemConfiguration
0x000000000c9cc000 	/usr/lib/libCRFSuite.dylib
0x000000000c9cc000 	/System/Library/Frameworks/CFNetwork.framework/Versions/A/CFNetwork
0x000000000c9cc000 	/usr/lib/libbsm.0.dylib
0x000000000c9cc000 	/usr/lib/system/libkxld.dylib
0x000000000c9cc000 	/System/Library/PrivateFrameworks/AppleFSCompression.framework/Versions/A/AppleFSCompression
0x000000000c9cc000 	/usr/lib/libcoretls.dylib
0x000000000c9cc000 	/usr/lib/libcoretls_cfhelpers.dylib
0x000000000c9cc000 	/usr/lib/libpam.2.dylib
0x000000000c9cc000 	/usr/lib/libsqlite3.dylib
0x000000000c9cc000 	/usr/lib/libxar.1.dylib
0x000000000c9cc000 	/usr/lib/libbz2.1.0.dylib
0x000000000c9cc000 	/usr/lib/libiconv.2.dylib
0x000000000c9cc000 	/usr/lib/libcharset.1.dylib
0x000000000c9cc000 	/usr/lib/libnetwork.dylib
0x000000000c9cc000 	/usr/lib/libpcap.A.dylib
0x000000000c9cc000 	/usr/lib/libapple_nghttp2.dylib
0x000000000c9cc000 	/System/Library/Frameworks/CoreServices.framework/Versions/A/Frameworks/FSEvents.framework/Versions/A/FSEvents
0x000000000c9cc000 	/System/Library/Frameworks/CoreServices.framework/Versions/A/Frameworks/CarbonCore.framework/Versions/A/CarbonCore
0x000000000c9cc000 	/System/Library/Frameworks/CoreServices.framework/Versions/A/Frameworks/Metadata.framework/Versions/A/Metadata
0x000000000c9cc000 	/System/Library/Frameworks/CoreServices.framework/Versions/A/Frameworks/OSServices.framework/Versions/A/OSServices
0x000000000c9cc000 	/System/Library/Frameworks/CoreServices.framework/Versions/A/Frameworks/SearchKit.framework/Versions/A/SearchKit
0x000000000c9cc000 	/System/Library/Frameworks/CoreServices.framework/Versions/A/Frameworks/AE.framework/Versions/A/AE
0x000000000c9cc000 	/System/Library/Frameworks/CoreServices.framework/Versions/A/Frameworks/LaunchServices.framework/Versions/A/LaunchServices
0x000000000c9cc000 	/System/Library/Frameworks/CoreServices.framework/Versions/A/Frameworks/DictionaryServices.framework/Versions/A/DictionaryServices
0x000000000c9cc000 	/System/Library/Frameworks/CoreServices.framework/Versions/A/Frameworks/SharedFileList.framework/Versions/A/SharedFileList
0x000000000c9cc000 	/System/Library/Frameworks/NetFS.framework/Versions/A/NetFS
0x000000000c9cc000 	/System/Library/PrivateFrameworks/NetAuth.framework/Versions/A/NetAuth
0x000000000c9cc000 	/System/Library/PrivateFrameworks/login.framework/Versions/A/Frameworks/loginsupport.framework/Versions/A/loginsupport
0x000000000c9cc000 	/System/Library/PrivateFrameworks/TCC.framework/Versions/A/TCC
0x000000000c9cc000 	/System/Library/PrivateFrameworks/CoreNLP.framework/Versions/A/CoreNLP
0x000000000c9cc000 	/System/Library/PrivateFrameworks/MetadataUtilities.framework/Versions/A/MetadataUtilities
0x000000000c9cc000 	/usr/lib/libmecabra.dylib
0x000000000c9cc000 	/usr/lib/libmecab.dylib
0x000000000c9cc000 	/usr/lib/libgermantok.dylib
0x000000000c9cc000 	/usr/lib/libThaiTokenizer.dylib
0x000000000c9cc000 	/usr/lib/libChineseTokenizer.dylib
0x000000000c9cc000 	/System/Library/Frameworks/Accelerate.framework/Versions/A/Frameworks/vImage.framework/Versions/A/vImage
0x000000000c9cc000 	/System/Library/Frameworks/Accelerate.framework/Versions/A/Frameworks/vecLib.framework/Versions/A/vecLib
0x000000000c9cc000 	/System/Library/Frameworks/Accelerate.framework/Versions/A/Frameworks/vecLib.framework/Versions/A/libvMisc.dylib
0x000000000c9cc000 	/System/Library/Frameworks/Accelerate.framework/Versions/A/Frameworks/vecLib.framework/Versions/A/libvDSP.dylib
0x000000000c9cc000 	/System/Library/Frameworks/Accelerate.framework/Versions/A/Frameworks/vecLib.framework/Versions/A/libBLAS.dylib
0x000000000c9cc000 	/System/Library/Frameworks/Accelerate.framework/Versions/A/Frameworks/vecLib.framework/Versions/A/libLAPACK.dylib
0x000000000c9cc000 	/System/Library/Frameworks/Accelerate.framework/Versions/A/Frameworks/vecLib.framework/Versions/A/libLinearAlgebra.dylib
0x000000000c9cc000 	/System/Library/Frameworks/Accelerate.framework/Versions/A/Frameworks/vecLib.framework/Versions/A/libSparseBLAS.dylib
0x000000000c9cc000 	/System/Library/Frameworks/Accelerate.framework/Versions/A/Frameworks/vecLib.framework/Versions/A/libQuadrature.dylib
0x000000000c9cc000 	/System/Library/Frameworks/Accelerate.framework/Versions/A/Frameworks/vecLib.framework/Versions/A/libBNNS.dylib
0x000000000c9cc000 	/System/Library/Frameworks/Accelerate.framework/Versions/A/Frameworks/vecLib.framework/Versions/A/libSparse.dylib
0x000000000c9cc000 	/System/Library/PrivateFrameworks/LanguageModeling.framework/Versions/A/LanguageModeling
0x000000000c9cc000 	/System/Library/PrivateFrameworks/CoreEmoji.framework/Versions/A/CoreEmoji
0x000000000c9cc000 	/System/Library/PrivateFrameworks/LinguisticData.framework/Versions/A/LinguisticData
0x000000000c9cc000 	/System/Library/PrivateFrameworks/Lexicon.framework/Versions/A/Lexicon
0x000000000c9cc000 	/usr/lib/libcmph.dylib
0x000000000c9cc000 	/System/Library/Frameworks/OpenDirectory.framework/Versions/A/Frameworks/CFOpenDirectory.framework/Versions/A/CFOpenDirectory
0x000000000c9cc000 	/System/Library/Frameworks/OpenDirectory.framework/Versions/A/OpenDirectory
0x000000000c9cc000 	/System/Library/PrivateFrameworks/APFS.framework/Versions/A/APFS
0x000000000c9cc000 	/System/Library/Frameworks/SecurityFoundation.framework/Versions/A/SecurityFoundation
0x000000000c9cc000 	/usr/lib/libutil.dylib
0x000000000c9cc000 	/System/Library/PrivateFrameworks/CoreServicesStore.framework/Versions/A/CoreServicesStore
0x000000000c9cc000 	/System/Library/Frameworks/ServiceManagement.framework/Versions/A/ServiceManagement
0x000000000c9cc000 	/System/Library/PrivateFrameworks/BackgroundTaskManagement.framework/Versions/A/BackgroundTaskManagement
0x000000000c9cc000 	/usr/lib/libxslt.1.dylib
0x000000000c9cc000 	/System/Library/PrivateFrameworks/AppleSystemInfo.framework/Versions/A/AppleSystemInfo
0x000000000c9cc000 	/System/Library/Frameworks/ImageIO.framework/Versions/A/Resources/libJPEG.dylib
0x000000000c9cc000 	/System/Library/Frameworks/ImageIO.framework/Versions/A/Resources/libTIFF.dylib
0x000000000c9cc000 	/System/Library/Frameworks/ImageIO.framework/Versions/A/Resources/libPng.dylib
0x000000000c9cc000 	/System/Library/Frameworks/ImageIO.framework/Versions/A/Resources/libGIF.dylib
0x000000000c9cc000 	/System/Library/Frameworks/ImageIO.framework/Versions/A/Resources/libJP2.dylib
0x000000000c9cc000 	/System/Library/Frameworks/ImageIO.framework/Versions/A/Resources/libRadiance.dylib
0x000000000c9cc000 	/usr/lib/libexpat.1.dylib
0x000000000c9cc000 	/System/Library/PrivateFrameworks/AppleJPEG.framework/Versions/A/AppleJPEG
0x000000000c9cc000 	/System/Library/PrivateFrameworks/FontServices.framework/libFontParser.dylib
0x000000000c9cc000 	/System/Library/PrivateFrameworks/WatchdogClient.framework/Versions/A/WatchdogClient
0x000000000c9cc000 	/System/Library/PrivateFrameworks/IOAccelerator.framework/Versions/A/IOAccelerator
0x000000000c9cc000 	/System/Library/Frameworks/MetalPerformanceShaders.framework/Versions/A/MetalPerformanceShaders
0x000000000c9cc000 	/System/Library/PrivateFrameworks/GPUWrangler.framework/Versions/A/GPUWrangler
0x000000000c9cc000 	/System/Library/PrivateFrameworks/IOPresentment.framework/Versions/A/IOPresentment
0x000000000c9cc000 	/System/Library/PrivateFrameworks/DSExternalDisplay.framework/Versions/A/DSExternalDisplay
0x000000000c9cc000 	/System/Library/Frameworks/OpenGL.framework/Versions/A/Libraries/libCoreFSCache.dylib
0x000000000c9cc000 	/System/Library/Frameworks/MetalPerformanceShaders.framework/Frameworks/MPSCore.framework/Versions/A/MPSCore
0x000000000c9cc000 	/System/Library/Frameworks/MetalPerformanceShaders.framework/Frameworks/MPSImage.framework/Versions/A/MPSImage
0x000000000c9cc000 	/System/Library/Frameworks/MetalPerformanceShaders.framework/Frameworks/MPSNeuralNetwork.framework/Versions/A/MPSNeuralNetwork
0x000000000c9cc000 	/System/Library/Frameworks/MetalPerformanceShaders.framework/Frameworks/MPSMatrix.framework/Versions/A/MPSMatrix
0x000000000c9cc000 	/System/Library/Frameworks/MetalPerformanceShaders.framework/Frameworks/MPSRayIntersector.framework/Versions/A/MPSRayIntersector
0x000000000c9cc000 	/System/Library/Frameworks/MetalPerformanceShaders.framework/Frameworks/MPSNDArray.framework/Versions/A/MPSNDArray
0x000000000c9cc000 	/System/Library/PrivateFrameworks/MetalTools.framework/Versions/A/MetalTools
0x000000000c9cc000 	/System/Library/PrivateFrameworks/AggregateDictionary.framework/Versions/A/AggregateDictionary
0x000000000c9cc000 	/System/Library/PrivateFrameworks/CoreAnalytics.framework/Versions/A/CoreAnalytics
0x000000000c9cc000 	/System/Library/PrivateFrameworks/AppleSauce.framework/Versions/A/AppleSauce
0x000000000c9cc000 	/usr/lib/libIOReport.dylib
0x000000000c9cc000 	/System/Library/Frameworks/CoreVideo.framework/Versions/A/CoreVideo
0x000000000c9cc000 	/System/Library/PrivateFrameworks/GraphVisualizer.framework/Versions/A/GraphVisualizer
0x000000000c9cc000 	/System/Library/PrivateFrameworks/FaceCore.framework/Versions/A/FaceCore
0x000000000c9cc000 	/System/Library/Frameworks/OpenCL.framework/Versions/A/OpenCL
0x000000000c9cc000 	/usr/lib/libFosl_dynamic.dylib
0x000000000c9cc000 	/System/Library/PrivateFrameworks/OTSVG.framework/Versions/A/OTSVG
0x000000000c9cc000 	/System/Library/Frameworks/ApplicationServices.framework/Versions/A/Frameworks/ATS.framework/Versions/A/Resources/libFontRegistry.dylib
0x000000000c9cc000 	/System/Library/PrivateFrameworks/FontServices.framework/libhvf.dylib
0x000000000c9cc000 	/System/Library/Frameworks/OpenGL.framework/Versions/A/Libraries/libGFXShared.dylib
0x000000000c9cc000 	/System/Library/Frameworks/OpenGL.framework/Versions/A/Libraries/libGLU.dylib
0x000000000c9cc000 	/System/Library/Frameworks/OpenGL.framework/Versions/A/Libraries/libGL.dylib
0x000000000c9cc000 	/System/Library/Frameworks/OpenGL.framework/Versions/A/Libraries/libGLImage.dylib
0x000000000c9cc000 	/System/Library/Frameworks/OpenGL.framework/Versions/A/Libraries/libCVMSPluginSupport.dylib
0x000000000c9cc000 	/System/Library/Frameworks/OpenGL.framework/Versions/A/Libraries/libCoreVMClient.dylib
0x000000000c9cc000 	/usr/lib/libncurses.5.4.dylib
0x000000000c9cc000 	/System/Library/Frameworks/ApplicationServices.framework/Versions/A/Frameworks/ATS.framework/Versions/A/ATS
0x000000000c9cc000 	/System/Library/Frameworks/ApplicationServices.framework/Versions/A/Frameworks/ColorSyncLegacy.framework/Versions/A/ColorSyncLegacy
0x000000000c9cc000 	/System/Library/Frameworks/ApplicationServices.framework/Versions/A/Frameworks/HIServices.framework/Versions/A/HIServices
0x000000000c9cc000 	/System/Library/Frameworks/ApplicationServices.framework/Versions/A/Frameworks/LangAnalysis.framework/Versions/A/LangAnalysis
0x000000000c9cc000 	/System/Library/Frameworks/ApplicationServices.framework/Versions/A/Frameworks/PrintCore.framework/Versions/A/PrintCore
0x000000000c9cc000 	/System/Library/Frameworks/ApplicationServices.framework/Versions/A/Frameworks/QD.framework/Versions/A/QD
0x000000000c9cc000 	/System/Library/Frameworks/ApplicationServices.framework/Versions/A/Frameworks/SpeechSynthesis.framework/Versions/A/SpeechSynthesis
0x000000000c9cc000 	/System/Library/Frameworks/ApplicationServices.framework/Versions/A/Frameworks/ATSUI.framework/Versions/A/ATSUI
0x000000000c9cc000 	/usr/lib/libcups.2.dylib
0x000000000c9cc000 	/System/Library/Frameworks/Kerberos.framework/Versions/A/Kerberos
0x000000000c9cc000 	/System/Library/Frameworks/GSS.framework/Versions/A/GSS
0x000000000c9cc000 	/usr/lib/libresolv.9.dylib
0x000000000c9cc000 	/System/Library/PrivateFrameworks/Heimdal.framework/Versions/A/Heimdal
0x000000000c9cc000 	/System/Library/Frameworks/Kerberos.framework/Versions/A/Libraries/libHeimdalProxy.dylib
0x000000000c9cc000 	/usr/lib/libheimdal-asn1.dylib
0x000000000c9cc000 	/System/Library/PrivateFrameworks/CommonAuth.framework/Versions/A/CommonAuth
0x000000000c9cc000 	/System/Library/PrivateFrameworks/AssertionServices.framework/Versions/A/AssertionServices
0x000000000c9cc000 	/System/Library/PrivateFrameworks/AudioToolboxCore.framework/Versions/A/AudioToolboxCore
0x000000000c9cc000 	/System/Library/PrivateFrameworks/caulk.framework/Versions/A/caulk
0x000000000c9cc000 	/System/Library/PrivateFrameworks/BaseBoard.framework/Versions/A/BaseBoard
0x000000000c9cc000 	/System/Library/PrivateFrameworks/RunningBoardServices.framework/Versions/A/RunningBoardServices
0x000000000c9cc000 	/System/Library/PrivateFrameworks/PersistentConnection.framework/Versions/A/PersistentConnection
0x000000000c9cc000 	/System/Library/PrivateFrameworks/ProtocolBuffer.framework/Versions/A/ProtocolBuffer
0x000000000c9cc000 	/System/Library/PrivateFrameworks/CommonUtilities.framework/Versions/A/CommonUtilities
0x000000000c9cc000 	/System/Library/PrivateFrameworks/Bom.framework/Versions/A/Bom
0x000000000c9cc000 	/usr/lib/libAudioToolboxUtility.dylib
0x000000000c9cc000 	/System/Library/PrivateFrameworks/Backup.framework/Versions/A/Backup
0x000000000c9cc000 	/System/Library/PrivateFrameworks/CrashReporterSupport.framework/Versions/A/CrashReporterSupport
0x000000000c9cc000 	/System/Library/PrivateFrameworks/Sharing.framework/Versions/A/Sharing
0x000000000c9cc000 	/System/Library/PrivateFrameworks/Apple80211.framework/Versions/A/Apple80211
0x000000000c9cc000 	/System/Library/PrivateFrameworks/AuthKit.framework/Versions/A/AuthKit
0x000000000c9cc000 	/System/Library/PrivateFrameworks/CoreUtils.framework/Versions/A/CoreUtils
0x000000000c9cc000 	/System/Library/Frameworks/CoreWLAN.framework/Versions/A/CoreWLAN
0x000000000c9cc000 	/System/Library/Frameworks/IOBluetooth.framework/Versions/A/IOBluetooth
0x000000000c9cc000 	/System/Library/PrivateFrameworks/MobileKeyBag.framework/Versions/A/MobileKeyBag
0x000000000c9cc000 	/System/Library/PrivateFrameworks/CorePhoneNumbers.framework/Versions/A/CorePhoneNumbers
0x000000000c9cc000 	/System/Library/PrivateFrameworks/AppleIDAuthSupport.framework/Versions/A/AppleIDAuthSupport
0x000000000c9cc000 	/System/Library/Frameworks/Network.framework/Versions/A/Network
0x000000000c9cc000 	/System/Library/PrivateFrameworks/KeychainCircle.framework/Versions/A/KeychainCircle
0x000000000c9cc000 	/System/Library/Frameworks/CoreBluetooth.framework/Versions/A/CoreBluetooth
0x000000000c9cc000 	/System/Library/PrivateFrameworks/SpeechRecognitionCore.framework/Versions/A/SpeechRecognitionCore
0x0000000110a00000 	/Library/Java/JavaVirtualMachines/jdk1.8.0_141.jdk/Contents/Home/jre/lib/server/libjvm.dylib
0x000000000c9cc000 	/usr/lib/libstdc++.6.dylib
0x0000000110001000 	/Library/Java/JavaVirtualMachines/jdk1.8.0_141.jdk/Contents/Home/jre/lib/libverify.dylib
0x000000011000f000 	/Library/Java/JavaVirtualMachines/jdk1.8.0_141.jdk/Contents/Home/jre/lib/libjava.dylib
0x000000011008e000 	/Library/Java/JavaVirtualMachines/jdk1.8.0_141.jdk/Contents/Home/jre/lib/libzip.dylib
0x000000000c9cc000 	/System/Library/Frameworks/JavaVM.framework/Versions/A/Frameworks/JavaRuntimeSupport.framework/Versions/A/JavaRuntimeSupport
0x000000000c9cc000 	/System/Library/Frameworks/JavaVM.framework/Versions/A/Frameworks/JavaNativeFoundation.framework/Versions/A/JavaNativeFoundation
0x000000000c9cc000 	/System/Library/Frameworks/JavaVM.framework/Versions/A/JavaVM
0x000000000c9cc000 	/System/Library/Frameworks/Carbon.framework/Versions/A/Carbon
0x000000000c9cc000 	/System/Library/PrivateFrameworks/CoreSymbolication.framework/Versions/A/CoreSymbolication
0x000000000c9cc000 	/System/Library/PrivateFrameworks/JavaLaunching.framework/Versions/A/JavaLaunching
0x000000000c9cc000 	/System/Library/Frameworks/Carbon.framework/Versions/A/Frameworks/CommonPanels.framework/Versions/A/CommonPanels
0x000000000c9cc000 	/System/Library/Frameworks/Carbon.framework/Versions/A/Frameworks/Help.framework/Versions/A/Help
0x000000000c9cc000 	/System/Library/Frameworks/Carbon.framework/Versions/A/Frameworks/ImageCapture.framework/Versions/A/ImageCapture
0x000000000c9cc000 	/System/Library/Frameworks/Carbon.framework/Versions/A/Frameworks/OpenScripting.framework/Versions/A/OpenScripting
0x000000000c9cc000 	/System/Library/Frameworks/Carbon.framework/Versions/A/Frameworks/Ink.framework/Versions/A/Ink
0x000000000c9cc000 	/System/Library/Frameworks/Carbon.framework/Versions/A/Frameworks/Print.framework/Versions/A/Print
0x000000000c9cc000 	/System/Library/Frameworks/Carbon.framework/Versions/A/Frameworks/SecurityHI.framework/Versions/A/SecurityHI
0x000000000c9cc000 	/System/Library/PrivateFrameworks/DebugSymbols.framework/Versions/A/DebugSymbols
0x0000000128e43000 	/Library/Java/JavaVirtualMachines/jdk1.8.0_141.jdk/Contents/Home/jre/lib/libnio.dylib
0x0000000128e53000 	/Library/Java/JavaVirtualMachines/jdk1.8.0_141.jdk/Contents/Home/jre/lib/libnet.dylib
0x0000000128f34000 	/Library/Java/JavaVirtualMachines/jdk1.8.0_141.jdk/Contents/Home/jre/lib/libmanagement.dylib
0x00000001290b0000 	/Library/Java/JavaVirtualMachines/jdk1.8.0_141.jdk/Contents/Home/jre/lib/libsunec.dylib

VM Arguments:
jvm_args: -Djava.util.logging.config.file=/Users/Airi/Documents/SOEN387-Projects-and-Labs/Assignment 2/apache-tomcat-9.0.26/conf/logging.properties -Djava.util.logging.manager=org.apache.juli.ClassLoaderLogManager -Dhttp.nonProxyHosts=localhost|127.0.0.1|Airis-MBP -Djdk.tls.ephemeralDHKeySize=2048 -Djava.protocol.handler.pkgs=org.apache.catalina.webresources -Dorg.apache.catalina.security.SecurityListener.UMASK=0027 -Dignore.endorsed.dirs= -Dcatalina.base=/Users/Airi/Documents/SOEN387-Projects-and-Labs/Assignment 2/apache-tomcat-9.0.26 -Dcatalina.home=/Users/Airi/Documents/SOEN387-Projects-and-Labs/Assignment 2/apache-tomcat-9.0.26 -Djava.io.tmpdir=/Users/Airi/Documents/SOEN387-Projects-and-Labs/Assignment 2/apache-tomcat-9.0.26/temp 
java_command: org.apache.catalina.startup.Bootstrap start
java_class_path (initial): /Users/Airi/Documents/SOEN387-Projects-and-Labs/Assignment 2/apache-tomcat-9.0.26/bin/bootstrap.jar:/Users/Airi/Documents/SOEN387-Projects-and-Labs/Assignment 2/apache-tomcat-9.0.26/bin/tomcat-juli.jar
Launcher Type: SUN_STANDARD

Environment Variables:
JAVA_HOME=/Library/Java/JavaVirtualMachines/jdk1.8.0_141.jdk/Contents/Home
JRE_HOME=/Library/Java/JavaVirtualMachines/jdk1.8.0_141.jdk/Contents/Home
PATH=/usr/bin:/bin:/usr/sbin:/sbin
SHELL=/usr/local/bin/bash

Signal Handlers:
SIGSEGV: [libjvm.dylib+0x5b26e5], sa_mask[0]=11111111011111110111111111111111, sa_flags=SA_ONSTACK|SA_RESTART|SA_SIGINFO
SIGBUS: [libjvm.dylib+0x5b26e5], sa_mask[0]=11111111011111110111111111111111, sa_flags=SA_RESTART|SA_SIGINFO
SIGFPE: [libjvm.dylib+0x489100], sa_mask[0]=11111111011111110111111111111111, sa_flags=SA_RESTART|SA_SIGINFO
SIGPIPE: [libjvm.dylib+0x489100], sa_mask[0]=11111111011111110111111111111111, sa_flags=SA_RESTART|SA_SIGINFO
SIGXFSZ: [libjvm.dylib+0x489100], sa_mask[0]=11111111011111110111111111111111, sa_flags=SA_RESTART|SA_SIGINFO
SIGILL: [libjvm.dylib+0x489100], sa_mask[0]=11111111011111110111111111111111, sa_flags=SA_RESTART|SA_SIGINFO
SIGUSR1: SIG_DFL, sa_mask[0]=00000000000000000000000000000000, sa_flags=none
SIGUSR2: [libjvm.dylib+0x488c1e], sa_mask[0]=00100000000000000000000000000000, sa_flags=SA_RESTART|SA_SIGINFO
SIGHUP: [libjvm.dylib+0x4871f5], sa_mask[0]=11111111011111110111111111111111, sa_flags=SA_RESTART|SA_SIGINFO
SIGINT: SIG_IGN, sa_mask[0]=00000000000000000000000000000000, sa_flags=none
SIGTERM: [libjvm.dylib+0x4871f5], sa_mask[0]=11111111011111110111111111111111, sa_flags=SA_RESTART|SA_SIGINFO
SIGQUIT: [libjvm.dylib+0x4871f5], sa_mask[0]=11111111011111110111111111111111, sa_flags=SA_RESTART|SA_SIGINFO


---------------  S Y S T E M  ---------------

OS:Bsduname:Darwin 19.0.0 Darwin Kernel Version 19.0.0: Thu Oct 17 16:17:15 PDT 2019; root:xnu-6153.41.3~29/RELEASE_X86_64 x86_64
rlimit: STACK 8192k, CORE 0k, NPROC 1392, NOFILE 10240, AS infinity
load average:1.98 2.27 2.25

CPU:total 4 (initial active 4) (2 cores per cpu, 2 threads per core) family 6 model 61 stepping 4, cmov, cx8, fxsr, mmx, sse, sse2, sse3, ssse3, sse4.1, sse4.2, popcnt, avx, avx2, aes, clmul, erms, 3dnowpref, lzcnt, ht, tsc, tscinvbit, bmi1, bmi2, adx

Memory: 4k page, physical 8388608k(1182196k free)

/proc/meminfo:


vm_info: Java HotSpot(TM) 64-Bit Server VM (25.141-b15) for bsd-amd64 JRE (1.8.0_141-b15), built on Jul 12 2017 04:35:23 by "java_re" with gcc 4.2.1 (Based on Apple Inc. build 5658) (LLVM build 2336.11.00)

time: Sun Nov 24 15:01:59 2019
elapsed time: 3686 seconds (0d 1h 1m 26s)

