20-Sep-2019 19:29:06.887 INFOS [main] org.apache.catalina.startup.VersionLoggerListener.log Version du serveur:        Apache Tomcat/9.0.26
20-Sep-2019 19:29:06.889 INFOS [main] org.apache.catalina.startup.VersionLoggerListener.log Serveur compilé:       Sep 16 2019 15:51:39 UTC
20-Sep-2019 19:29:06.889 INFOS [main] org.apache.catalina.startup.VersionLoggerListener.log Version du serveur:      9.0.26.0
20-Sep-2019 19:29:06.889 INFOS [main] org.apache.catalina.startup.VersionLoggerListener.log Nom de l'OS:           Mac OS X
20-Sep-2019 19:29:06.889 INFOS [main] org.apache.catalina.startup.VersionLoggerListener.log Version de l'OS:        10.11.6
20-Sep-2019 19:29:06.889 INFOS [main] org.apache.catalina.startup.VersionLoggerListener.log Architecture:          x86_64
20-Sep-2019 19:29:06.889 INFOS [main] org.apache.catalina.startup.VersionLoggerListener.log Répertoire de Java:     /Library/Java/JavaVirtualMachines/jdk1.8.0_141.jdk/Contents/Home/jre
20-Sep-2019 19:29:06.889 INFOS [main] org.apache.catalina.startup.VersionLoggerListener.log Version de la JVM:           1.8.0_141-b15
20-Sep-2019 19:29:06.890 INFOS [main] org.apache.catalina.startup.VersionLoggerListener.log Fournisseur de la JVM:            Oracle Corporation
20-Sep-2019 19:29:06.890 INFOS [main] org.apache.catalina.startup.VersionLoggerListener.log CATALINA_BASE:         /Users/Airi/Documents/SOEN387-Projects-and-Labs/Labs/apache-tomcat-9.0.26
20-Sep-2019 19:29:06.890 INFOS [main] org.apache.catalina.startup.VersionLoggerListener.log CATALINA_HOME:         /Users/Airi/Documents/SOEN387-Projects-and-Labs/Labs/apache-tomcat-9.0.26
20-Sep-2019 19:29:06.894 INFOS [main] org.apache.catalina.startup.VersionLoggerListener.log Argument de la ligne de commande: -Djava.util.logging.config.file=/Users/Airi/Documents/SOEN387-Projects-and-Labs/Labs/apache-tomcat-9.0.26/conf/logging.properties
20-Sep-2019 19:29:06.894 INFOS [main] org.apache.catalina.startup.VersionLoggerListener.log Argument de la ligne de commande: -Djava.util.logging.manager=org.apache.juli.ClassLoaderLogManager
20-Sep-2019 19:29:06.894 INFOS [main] org.apache.catalina.startup.VersionLoggerListener.log Argument de la ligne de commande: -Djdk.tls.ephemeralDHKeySize=2048
20-Sep-2019 19:29:06.894 INFOS [main] org.apache.catalina.startup.VersionLoggerListener.log Argument de la ligne de commande: -Djava.protocol.handler.pkgs=org.apache.catalina.webresources
20-Sep-2019 19:29:06.894 INFOS [main] org.apache.catalina.startup.VersionLoggerListener.log Argument de la ligne de commande: -Dorg.apache.catalina.security.SecurityListener.UMASK=0027
20-Sep-2019 19:29:06.894 INFOS [main] org.apache.catalina.startup.VersionLoggerListener.log Argument de la ligne de commande: -Dignore.endorsed.dirs=
20-Sep-2019 19:29:06.895 INFOS [main] org.apache.catalina.startup.VersionLoggerListener.log Argument de la ligne de commande: -Dcatalina.base=/Users/Airi/Documents/SOEN387-Projects-and-Labs/Labs/apache-tomcat-9.0.26
20-Sep-2019 19:29:06.895 INFOS [main] org.apache.catalina.startup.VersionLoggerListener.log Argument de la ligne de commande: -Dcatalina.home=/Users/Airi/Documents/SOEN387-Projects-and-Labs/Labs/apache-tomcat-9.0.26
20-Sep-2019 19:29:06.895 INFOS [main] org.apache.catalina.startup.VersionLoggerListener.log Argument de la ligne de commande: -Djava.io.tmpdir=/Users/Airi/Documents/SOEN387-Projects-and-Labs/Labs/apache-tomcat-9.0.26/temp
20-Sep-2019 19:29:06.895 INFOS [main] org.apache.catalina.core.AprLifecycleListener.lifecycleEvent La librairie Apache Tomcat Native basée sur APR qui permet des performances optimales dans les environnements de production n'a pas été trouvée sur le java.library.path: [/Users/Airi/Library/Java/Extensions:/Library/Java/Extensions:/Network/Library/Java/Extensions:/System/Library/Java/Extensions:/usr/lib/java:.]
20-Sep-2019 19:29:07.356 INFOS [main] org.apache.coyote.AbstractProtocol.init Initialisation du gestionnaire de protocole ["http-nio-8080"]
20-Sep-2019 19:29:07.403 INFOS [main] org.apache.coyote.AbstractProtocol.init Initialisation du gestionnaire de protocole ["ajp-nio-8009"]
20-Sep-2019 19:29:07.407 INFOS [main] org.apache.catalina.startup.Catalina.load L'initialisation du serveur a pris [773] millisecondes
20-Sep-2019 19:29:07.441 INFOS [main] org.apache.catalina.core.StandardService.startInternal Démarrage du service [Catalina]
20-Sep-2019 19:29:07.441 INFOS [main] org.apache.catalina.core.StandardEngine.startInternal Démarrage du moteur de Servlets: [Apache Tomcat/9.0.26]
20-Sep-2019 19:29:07.451 INFOS [main] org.apache.catalina.startup.HostConfig.deployDirectory Déploiement du répertoire d'application web [/Users/Airi/Documents/SOEN387-Projects-and-Labs/Labs/apache-tomcat-9.0.26/webapps/docs]
20-Sep-2019 19:29:07.777 INFOS [main] org.apache.catalina.startup.HostConfig.deployDirectory Le déploiement du répertoire [/Users/Airi/Documents/SOEN387-Projects-and-Labs/Labs/apache-tomcat-9.0.26/webapps/docs] de l'application web s'est terminé en [326] ms
20-Sep-2019 19:29:07.777 INFOS [main] org.apache.catalina.startup.HostConfig.deployDirectory Déploiement du répertoire d'application web [/Users/Airi/Documents/SOEN387-Projects-and-Labs/Labs/apache-tomcat-9.0.26/webapps/examples]
20-Sep-2019 19:29:08.141 INFOS [main] org.apache.catalina.startup.HostConfig.deployDirectory Le déploiement du répertoire [/Users/Airi/Documents/SOEN387-Projects-and-Labs/Labs/apache-tomcat-9.0.26/webapps/examples] de l'application web s'est terminé en [363] ms
20-Sep-2019 19:29:08.141 INFOS [main] org.apache.catalina.startup.HostConfig.deployDirectory Déploiement du répertoire d'application web [/Users/Airi/Documents/SOEN387-Projects-and-Labs/Labs/apache-tomcat-9.0.26/webapps/host-manager]
20-Sep-2019 19:29:08.180 INFOS [main] org.apache.catalina.startup.HostConfig.deployDirectory Le déploiement du répertoire [/Users/Airi/Documents/SOEN387-Projects-and-Labs/Labs/apache-tomcat-9.0.26/webapps/host-manager] de l'application web s'est terminé en [39] ms
20-Sep-2019 19:29:08.181 INFOS [main] org.apache.catalina.startup.HostConfig.deployDirectory Déploiement du répertoire d'application web [/Users/Airi/Documents/SOEN387-Projects-and-Labs/Labs/apache-tomcat-9.0.26/webapps/manager]
20-Sep-2019 19:29:08.206 INFOS [main] org.apache.catalina.startup.HostConfig.deployDirectory Le déploiement du répertoire [/Users/Airi/Documents/SOEN387-Projects-and-Labs/Labs/apache-tomcat-9.0.26/webapps/manager] de l'application web s'est terminé en [25] ms
20-Sep-2019 19:29:08.206 INFOS [main] org.apache.catalina.startup.HostConfig.deployDirectory Déploiement du répertoire d'application web [/Users/Airi/Documents/SOEN387-Projects-and-Labs/Labs/apache-tomcat-9.0.26/webapps/ROOT]
20-Sep-2019 19:29:08.231 INFOS [main] org.apache.catalina.startup.HostConfig.deployDirectory Le déploiement du répertoire [/Users/Airi/Documents/SOEN387-Projects-and-Labs/Labs/apache-tomcat-9.0.26/webapps/ROOT] de l'application web s'est terminé en [24] ms
20-Sep-2019 19:29:08.236 INFOS [main] org.apache.coyote.AbstractProtocol.start Démarrage du gestionnaire de protocole ["http-nio-8080"]
20-Sep-2019 19:29:08.271 INFOS [main] org.apache.coyote.AbstractProtocol.start Démarrage du gestionnaire de protocole ["ajp-nio-8009"]
20-Sep-2019 19:29:08.273 INFOS [main] org.apache.catalina.startup.Catalina.start Le démarrage du serveur a pris [865] millisecondes
20-Sep-2019 19:29:24.350 INFOS [http-nio-8080-exec-10] org.apache.catalina.startup.HostConfig.deployDescriptor Déploiement du descripteur de configuration [/Users/Airi/Documents/SOEN387-Projects-and-Labs/Labs/apache-tomcat-9.0.26/conf/Catalina/localhost/WebApplicationDemo.xml]
20-Sep-2019 19:29:24.351 AVERTISSEMENT [http-nio-8080-exec-10] org.apache.catalina.startup.HostConfig.deployDescriptor L'attribut path avec la valeur [/WebApplicationDemo] dans le descripteur de déploiement [/Users/Airi/Documents/SOEN387-Projects-and-Labs/Labs/apache-tomcat-9.0.26/conf/Catalina/localhost/WebApplicationDemo.xml] a été ignoré
20-Sep-2019 19:29:24.411 INFOS [http-nio-8080-exec-10] org.apache.catalina.startup.HostConfig.deployDescriptor Le traitement du descripteur de déploiement [/Users/Airi/Documents/SOEN387-Projects-and-Labs/Labs/apache-tomcat-9.0.26/conf/Catalina/localhost/WebApplicationDemo.xml] a pris [60] ms
20-Sep-2019 19:29:24.436 INFOS [http-nio-8080-exec-1] org.apache.catalina.util.LifecycleBase.start La méthode start() a été appelée sur le composant [StandardEngine[Catalina].StandardHost[localhost].StandardContext[/WebApplicationDemo]] après que start() ait déjà été appelé, le deuxième appel sera ignoré
20-Sep-2019 19:29:58.272 INFOS [Catalina-utility-2] org.apache.catalina.startup.HostConfig.reload Rechargement du contexte [/WebApplicationDemo]
20-Sep-2019 19:29:58.273 INFOS [Catalina-utility-2] org.apache.catalina.core.StandardContext.reload Le rechargement du contexte [/WebApplicationDemo] a démarré
20-Sep-2019 19:29:58.314 INFOS [Catalina-utility-2] org.apache.catalina.core.StandardContext.reload Le rechargement de ce contexte est terminé
20-Sep-2019 19:30:40.833 INFOS [main] org.apache.catalina.startup.VersionLoggerListener.log Version du serveur:        Apache Tomcat/9.0.26
20-Sep-2019 19:30:40.840 INFOS [main] org.apache.catalina.startup.VersionLoggerListener.log Serveur compilé:       Sep 16 2019 15:51:39 UTC
20-Sep-2019 19:30:40.840 INFOS [main] org.apache.catalina.startup.VersionLoggerListener.log Version du serveur:      9.0.26.0
20-Sep-2019 19:30:40.840 INFOS [main] org.apache.catalina.startup.VersionLoggerListener.log Nom de l'OS:           Mac OS X
20-Sep-2019 19:30:40.840 INFOS [main] org.apache.catalina.startup.VersionLoggerListener.log Version de l'OS:        10.11.6
20-Sep-2019 19:30:40.840 INFOS [main] org.apache.catalina.startup.VersionLoggerListener.log Architecture:          x86_64
20-Sep-2019 19:30:40.841 INFOS [main] org.apache.catalina.startup.VersionLoggerListener.log Répertoire de Java:     /Library/Java/JavaVirtualMachines/jdk1.8.0_141.jdk/Contents/Home/jre
20-Sep-2019 19:30:40.841 INFOS [main] org.apache.catalina.startup.VersionLoggerListener.log Version de la JVM:           1.8.0_141-b15
20-Sep-2019 19:30:40.841 INFOS [main] org.apache.catalina.startup.VersionLoggerListener.log Fournisseur de la JVM:            Oracle Corporation
20-Sep-2019 19:30:40.842 INFOS [main] org.apache.catalina.startup.VersionLoggerListener.log CATALINA_BASE:         /Users/Airi/Documents/SOEN387-Projects-and-Labs/Labs/apache-tomcat-9.0.26
20-Sep-2019 19:30:40.842 INFOS [main] org.apache.catalina.startup.VersionLoggerListener.log CATALINA_HOME:         /Users/Airi/Documents/SOEN387-Projects-and-Labs/Labs/apache-tomcat-9.0.26
20-Sep-2019 19:30:40.844 INFOS [main] org.apache.catalina.startup.VersionLoggerListener.log Argument de la ligne de commande: -Djava.util.logging.config.file=/Users/Airi/Documents/SOEN387-Projects-and-Labs/Labs/apache-tomcat-9.0.26/conf/logging.properties
20-Sep-2019 19:30:40.845 INFOS [main] org.apache.catalina.startup.VersionLoggerListener.log Argument de la ligne de commande: -Djava.util.logging.manager=org.apache.juli.ClassLoaderLogManager
20-Sep-2019 19:30:40.845 INFOS [main] org.apache.catalina.startup.VersionLoggerListener.log Argument de la ligne de commande: -Djdk.tls.ephemeralDHKeySize=2048
20-Sep-2019 19:30:40.845 INFOS [main] org.apache.catalina.startup.VersionLoggerListener.log Argument de la ligne de commande: -Djava.protocol.handler.pkgs=org.apache.catalina.webresources
20-Sep-2019 19:30:40.845 INFOS [main] org.apache.catalina.startup.VersionLoggerListener.log Argument de la ligne de commande: -Dorg.apache.catalina.security.SecurityListener.UMASK=0027
20-Sep-2019 19:30:40.846 INFOS [main] org.apache.catalina.startup.VersionLoggerListener.log Argument de la ligne de commande: -Dignore.endorsed.dirs=
20-Sep-2019 19:30:40.846 INFOS [main] org.apache.catalina.startup.VersionLoggerListener.log Argument de la ligne de commande: -Dcatalina.base=/Users/Airi/Documents/SOEN387-Projects-and-Labs/Labs/apache-tomcat-9.0.26
20-Sep-2019 19:30:40.846 INFOS [main] org.apache.catalina.startup.VersionLoggerListener.log Argument de la ligne de commande: -Dcatalina.home=/Users/Airi/Documents/SOEN387-Projects-and-Labs/Labs/apache-tomcat-9.0.26
20-Sep-2019 19:30:40.846 INFOS [main] org.apache.catalina.startup.VersionLoggerListener.log Argument de la ligne de commande: -Djava.io.tmpdir=/Users/Airi/Documents/SOEN387-Projects-and-Labs/Labs/apache-tomcat-9.0.26/temp
20-Sep-2019 19:30:40.848 INFOS [main] org.apache.catalina.core.AprLifecycleListener.lifecycleEvent La librairie Apache Tomcat Native basée sur APR qui permet des performances optimales dans les environnements de production n'a pas été trouvée sur le java.library.path: [/Users/Airi/Library/Java/Extensions:/Library/Java/Extensions:/Network/Library/Java/Extensions:/System/Library/Java/Extensions:/usr/lib/java:.]
20-Sep-2019 19:30:41.206 INFOS [main] org.apache.coyote.AbstractProtocol.init Initialisation du gestionnaire de protocole ["http-nio-8080"]
20-Sep-2019 19:30:41.230 GRAVE [main] org.apache.catalina.util.LifecycleBase.handleSubClassException Echec d'initialisation du composant [Connector[HTTP/1.1-8080]]
	org.apache.catalina.LifecycleException: L'initialisation du gestionnaire de protocole a échoué
		at org.apache.catalina.connector.Connector.initInternal(Connector.java:983)
		at org.apache.catalina.util.LifecycleBase.init(LifecycleBase.java:136)
		at org.apache.catalina.core.StandardService.initInternal(StandardService.java:533)
		at org.apache.catalina.util.LifecycleBase.init(LifecycleBase.java:136)
		at org.apache.catalina.core.StandardServer.initInternal(StandardServer.java:1059)
		at org.apache.catalina.util.LifecycleBase.init(LifecycleBase.java:136)
		at org.apache.catalina.startup.Catalina.load(Catalina.java:584)
		at org.apache.catalina.startup.Catalina.load(Catalina.java:607)
		at sun.reflect.NativeMethodAccessorImpl.invoke0(Native Method)
		at sun.reflect.NativeMethodAccessorImpl.invoke(NativeMethodAccessorImpl.java:62)
		at sun.reflect.DelegatingMethodAccessorImpl.invoke(DelegatingMethodAccessorImpl.java:43)
		at java.lang.reflect.Method.invoke(Method.java:498)
		at org.apache.catalina.startup.Bootstrap.load(Bootstrap.java:304)
		at org.apache.catalina.startup.Bootstrap.main(Bootstrap.java:474)
	Caused by: java.net.BindException: Address already in use
		at sun.nio.ch.Net.bind0(Native Method)
		at sun.nio.ch.Net.bind(Net.java:433)
		at sun.nio.ch.Net.bind(Net.java:425)
		at sun.nio.ch.ServerSocketChannelImpl.bind(ServerSocketChannelImpl.java:223)
		at sun.nio.ch.ServerSocketAdaptor.bind(ServerSocketAdaptor.java:74)
		at org.apache.tomcat.util.net.NioEndpoint.initServerSocket(NioEndpoint.java:230)
		at org.apache.tomcat.util.net.NioEndpoint.bind(NioEndpoint.java:213)
		at org.apache.tomcat.util.net.AbstractEndpoint.bindWithCleanup(AbstractEndpoint.java:1124)
		at org.apache.tomcat.util.net.AbstractEndpoint.init(AbstractEndpoint.java:1137)
		at org.apache.coyote.AbstractProtocol.init(AbstractProtocol.java:574)
		at org.apache.coyote.http11.AbstractHttp11Protocol.init(AbstractHttp11Protocol.java:74)
		at org.apache.catalina.connector.Connector.initInternal(Connector.java:980)
		... 13 more
20-Sep-2019 19:30:41.231 INFOS [main] org.apache.coyote.AbstractProtocol.init Initialisation du gestionnaire de protocole ["ajp-nio-8009"]
20-Sep-2019 19:30:41.232 GRAVE [main] org.apache.catalina.util.LifecycleBase.handleSubClassException Echec d'initialisation du composant [Connector[AJP/1.3-8009]]
	org.apache.catalina.LifecycleException: L'initialisation du gestionnaire de protocole a échoué
		at org.apache.catalina.connector.Connector.initInternal(Connector.java:983)
		at org.apache.catalina.util.LifecycleBase.init(LifecycleBase.java:136)
		at org.apache.catalina.core.StandardService.initInternal(StandardService.java:533)
		at org.apache.catalina.util.LifecycleBase.init(LifecycleBase.java:136)
		at org.apache.catalina.core.StandardServer.initInternal(StandardServer.java:1059)
		at org.apache.catalina.util.LifecycleBase.init(LifecycleBase.java:136)
		at org.apache.catalina.startup.Catalina.load(Catalina.java:584)
		at org.apache.catalina.startup.Catalina.load(Catalina.java:607)
		at sun.reflect.NativeMethodAccessorImpl.invoke0(Native Method)
		at sun.reflect.NativeMethodAccessorImpl.invoke(NativeMethodAccessorImpl.java:62)
		at sun.reflect.DelegatingMethodAccessorImpl.invoke(DelegatingMethodAccessorImpl.java:43)
		at java.lang.reflect.Method.invoke(Method.java:498)
		at org.apache.catalina.startup.Bootstrap.load(Bootstrap.java:304)
		at org.apache.catalina.startup.Bootstrap.main(Bootstrap.java:474)
	Caused by: java.net.BindException: Address already in use
		at sun.nio.ch.Net.bind0(Native Method)
		at sun.nio.ch.Net.bind(Net.java:433)
		at sun.nio.ch.Net.bind(Net.java:425)
		at sun.nio.ch.ServerSocketChannelImpl.bind(ServerSocketChannelImpl.java:223)
		at sun.nio.ch.ServerSocketAdaptor.bind(ServerSocketAdaptor.java:74)
		at org.apache.tomcat.util.net.NioEndpoint.initServerSocket(NioEndpoint.java:230)
		at org.apache.tomcat.util.net.NioEndpoint.bind(NioEndpoint.java:213)
		at org.apache.tomcat.util.net.AbstractEndpoint.bindWithCleanup(AbstractEndpoint.java:1124)
		at org.apache.tomcat.util.net.AbstractEndpoint.init(AbstractEndpoint.java:1137)
		at org.apache.coyote.AbstractProtocol.init(AbstractProtocol.java:574)
		at org.apache.catalina.connector.Connector.initInternal(Connector.java:980)
		... 13 more
20-Sep-2019 19:30:41.235 INFOS [main] org.apache.catalina.startup.Catalina.load L'initialisation du serveur a pris [639] millisecondes
20-Sep-2019 19:30:41.292 INFOS [main] org.apache.catalina.core.StandardService.startInternal Démarrage du service [Catalina]
20-Sep-2019 19:30:41.292 INFOS [main] org.apache.catalina.core.StandardEngine.startInternal Démarrage du moteur de Servlets: [Apache Tomcat/9.0.26]
20-Sep-2019 19:30:41.314 INFOS [main] org.apache.catalina.startup.HostConfig.deployDescriptor Déploiement du descripteur de configuration [/Users/Airi/Documents/SOEN387-Projects-and-Labs/Labs/apache-tomcat-9.0.26/conf/Catalina/localhost/WebApplicationDemo.xml]
20-Sep-2019 19:30:41.346 AVERTISSEMENT [main] org.apache.catalina.startup.HostConfig.deployDescriptor L'attribut path avec la valeur [/WebApplicationDemo] dans le descripteur de déploiement [/Users/Airi/Documents/SOEN387-Projects-and-Labs/Labs/apache-tomcat-9.0.26/conf/Catalina/localhost/WebApplicationDemo.xml] a été ignoré
20-Sep-2019 19:30:41.730 INFOS [main] org.apache.catalina.startup.HostConfig.deployDescriptor Le traitement du descripteur de déploiement [/Users/Airi/Documents/SOEN387-Projects-and-Labs/Labs/apache-tomcat-9.0.26/conf/Catalina/localhost/WebApplicationDemo.xml] a pris [416] ms
20-Sep-2019 19:30:41.731 INFOS [main] org.apache.catalina.startup.HostConfig.deployDirectory Déploiement du répertoire d'application web [/Users/Airi/Documents/SOEN387-Projects-and-Labs/Labs/apache-tomcat-9.0.26/webapps/docs]
20-Sep-2019 19:30:41.754 INFOS [main] org.apache.catalina.startup.HostConfig.deployDirectory Le déploiement du répertoire [/Users/Airi/Documents/SOEN387-Projects-and-Labs/Labs/apache-tomcat-9.0.26/webapps/docs] de l'application web s'est terminé en [23] ms
20-Sep-2019 19:30:41.755 INFOS [main] org.apache.catalina.startup.HostConfig.deployDirectory Déploiement du répertoire d'application web [/Users/Airi/Documents/SOEN387-Projects-and-Labs/Labs/apache-tomcat-9.0.26/webapps/examples]
20-Sep-2019 19:30:42.074 INFOS [main] org.apache.catalina.startup.HostConfig.deployDirectory Le déploiement du répertoire [/Users/Airi/Documents/SOEN387-Projects-and-Labs/Labs/apache-tomcat-9.0.26/webapps/examples] de l'application web s'est terminé en [319] ms
20-Sep-2019 19:30:42.074 INFOS [main] org.apache.catalina.startup.HostConfig.deployDirectory Déploiement du répertoire d'application web [/Users/Airi/Documents/SOEN387-Projects-and-Labs/Labs/apache-tomcat-9.0.26/webapps/host-manager]
20-Sep-2019 19:30:42.202 INFOS [main] org.apache.catalina.startup.HostConfig.deployDirectory Le déploiement du répertoire [/Users/Airi/Documents/SOEN387-Projects-and-Labs/Labs/apache-tomcat-9.0.26/webapps/host-manager] de l'application web s'est terminé en [128] ms
20-Sep-2019 19:30:42.203 INFOS [main] org.apache.catalina.startup.HostConfig.deployDirectory Déploiement du répertoire d'application web [/Users/Airi/Documents/SOEN387-Projects-and-Labs/Labs/apache-tomcat-9.0.26/webapps/manager]
20-Sep-2019 19:30:42.235 INFOS [main] org.apache.catalina.startup.HostConfig.deployDirectory Le déploiement du répertoire [/Users/Airi/Documents/SOEN387-Projects-and-Labs/Labs/apache-tomcat-9.0.26/webapps/manager] de l'application web s'est terminé en [32] ms
20-Sep-2019 19:30:42.236 INFOS [main] org.apache.catalina.startup.HostConfig.deployDirectory Déploiement du répertoire d'application web [/Users/Airi/Documents/SOEN387-Projects-and-Labs/Labs/apache-tomcat-9.0.26/webapps/ROOT]
20-Sep-2019 19:30:42.274 INFOS [main] org.apache.catalina.startup.HostConfig.deployDirectory Le déploiement du répertoire [/Users/Airi/Documents/SOEN387-Projects-and-Labs/Labs/apache-tomcat-9.0.26/webapps/ROOT] de l'application web s'est terminé en [39] ms
20-Sep-2019 19:30:42.283 INFOS [main] org.apache.catalina.startup.Catalina.start Le démarrage du serveur a pris [1 046] millisecondes
20-Sep-2019 19:30:42.289 GRAVE [main] org.apache.catalina.core.StandardServer.await Impossible de créer le sokcet d'arrêt du serveur à l'adresse [localhost] et au port [8005] (port de base [8005] et offset [0])
	java.net.BindException: Address already in use (Bind failed)
		at java.net.PlainSocketImpl.socketBind(Native Method)
		at java.net.AbstractPlainSocketImpl.bind(AbstractPlainSocketImpl.java:387)
		at java.net.ServerSocket.bind(ServerSocket.java:375)
		at java.net.ServerSocket.<init>(ServerSocket.java:237)
		at org.apache.catalina.core.StandardServer.await(StandardServer.java:584)
		at org.apache.catalina.startup.Catalina.await(Catalina.java:721)
		at org.apache.catalina.startup.Catalina.start(Catalina.java:667)
		at sun.reflect.NativeMethodAccessorImpl.invoke0(Native Method)
		at sun.reflect.NativeMethodAccessorImpl.invoke(NativeMethodAccessorImpl.java:62)
		at sun.reflect.DelegatingMethodAccessorImpl.invoke(DelegatingMethodAccessorImpl.java:43)
		at java.lang.reflect.Method.invoke(Method.java:498)
		at org.apache.catalina.startup.Bootstrap.start(Bootstrap.java:344)
		at org.apache.catalina.startup.Bootstrap.main(Bootstrap.java:475)
20-Sep-2019 19:30:42.290 INFOS [main] org.apache.coyote.AbstractProtocol.pause Le gestionnaire de protocole ["http-nio-8080"] est mis en pause
20-Sep-2019 19:30:42.290 INFOS [main] org.apache.coyote.AbstractProtocol.pause Le gestionnaire de protocole ["ajp-nio-8009"] est mis en pause
20-Sep-2019 19:30:42.290 INFOS [main] org.apache.catalina.core.StandardService.stopInternal Arrêt du service [Catalina]
20-Sep-2019 19:30:42.320 INFOS [main] org.apache.coyote.AbstractProtocol.stop Arrêt du gestionnaire de protocole ["http-nio-8080"]
20-Sep-2019 19:30:42.320 INFOS [main] org.apache.coyote.AbstractProtocol.destroy Destruction du gestionnaire de protocole ["http-nio-8080"]
20-Sep-2019 19:30:42.321 INFOS [main] org.apache.coyote.AbstractProtocol.stop Arrêt du gestionnaire de protocole ["ajp-nio-8009"]
20-Sep-2019 19:30:42.321 INFOS [main] org.apache.coyote.AbstractProtocol.destroy Destruction du gestionnaire de protocole ["ajp-nio-8009"]
20-Sep-2019 19:30:48.285 INFOS [http-nio-8080-exec-14] org.apache.catalina.startup.HostConfig.undeploy Retrait de l'application web ayant pour chemin de contexte [/WebApplicationDemo]
20-Sep-2019 19:31:01.525 INFOS [http-nio-8080-exec-1] org.apache.catalina.startup.HostConfig.deployDescriptor Déploiement du descripteur de configuration [/Users/Airi/Documents/SOEN387-Projects-and-Labs/Labs/apache-tomcat-9.0.26/conf/Catalina/localhost/WebApplicationDemo.xml]
20-Sep-2019 19:31:01.528 AVERTISSEMENT [http-nio-8080-exec-1] org.apache.catalina.startup.HostConfig.deployDescriptor L'attribut path avec la valeur [/WebApplicationDemo] dans le descripteur de déploiement [/Users/Airi/Documents/SOEN387-Projects-and-Labs/Labs/apache-tomcat-9.0.26/conf/Catalina/localhost/WebApplicationDemo.xml] a été ignoré
20-Sep-2019 19:31:01.570 INFOS [http-nio-8080-exec-1] org.apache.catalina.startup.HostConfig.deployDescriptor Le traitement du descripteur de déploiement [/Users/Airi/Documents/SOEN387-Projects-and-Labs/Labs/apache-tomcat-9.0.26/conf/Catalina/localhost/WebApplicationDemo.xml] a pris [45] ms
20-Sep-2019 19:31:01.589 INFOS [http-nio-8080-exec-12] org.apache.catalina.util.LifecycleBase.start La méthode start() a été appelée sur le composant [StandardEngine[Catalina].StandardHost[localhost].StandardContext[/WebApplicationDemo]] après que start() ait déjà été appelé, le deuxième appel sera ignoré
20-Sep-2019 19:31:38.374 INFOS [Catalina-utility-1] org.apache.catalina.startup.HostConfig.reload Rechargement du contexte [/WebApplicationDemo]
20-Sep-2019 19:31:38.374 INFOS [Catalina-utility-1] org.apache.catalina.core.StandardContext.reload Le rechargement du contexte [/WebApplicationDemo] a démarré
20-Sep-2019 19:31:38.396 INFOS [Catalina-utility-1] org.apache.catalina.core.StandardContext.reload Le rechargement de ce contexte est terminé
20-Sep-2019 19:31:39.884 INFOS [http-nio-8080-exec-18] org.apache.catalina.startup.HostConfig.undeploy Retrait de l'application web ayant pour chemin de contexte [/WebApplicationDemo]
20-Sep-2019 19:31:44.391 INFOS [http-nio-8080-exec-12] org.apache.catalina.startup.HostConfig.deployDescriptor Déploiement du descripteur de configuration [/Users/Airi/Documents/SOEN387-Projects-and-Labs/Labs/apache-tomcat-9.0.26/conf/Catalina/localhost/WebApplicationDemo.xml]
20-Sep-2019 19:31:44.392 AVERTISSEMENT [http-nio-8080-exec-12] org.apache.catalina.startup.HostConfig.deployDescriptor L'attribut path avec la valeur [/WebApplicationDemo] dans le descripteur de déploiement [/Users/Airi/Documents/SOEN387-Projects-and-Labs/Labs/apache-tomcat-9.0.26/conf/Catalina/localhost/WebApplicationDemo.xml] a été ignoré
20-Sep-2019 19:31:44.441 INFOS [http-nio-8080-exec-12] org.apache.catalina.startup.HostConfig.deployDescriptor Le traitement du descripteur de déploiement [/Users/Airi/Documents/SOEN387-Projects-and-Labs/Labs/apache-tomcat-9.0.26/conf/Catalina/localhost/WebApplicationDemo.xml] a pris [50] ms
20-Sep-2019 19:31:44.468 INFOS [http-nio-8080-exec-21] org.apache.catalina.util.LifecycleBase.start La méthode start() a été appelée sur le composant [StandardEngine[Catalina].StandardHost[localhost].StandardContext[/WebApplicationDemo]] après que start() ait déjà été appelé, le deuxième appel sera ignoré
