04-Oct-2019 17:12:22.906 INFOS [main] org.apache.catalina.startup.VersionLoggerListener.log Version du serveur:        Apache Tomcat/9.0.26
04-Oct-2019 17:12:22.941 INFOS [main] org.apache.catalina.startup.VersionLoggerListener.log Serveur compilé:       Sep 16 2019 15:51:39 UTC
04-Oct-2019 17:12:22.941 INFOS [main] org.apache.catalina.startup.VersionLoggerListener.log Version du serveur:      9.0.26.0
04-Oct-2019 17:12:22.942 INFOS [main] org.apache.catalina.startup.VersionLoggerListener.log Nom de l'OS:           Mac OS X
04-Oct-2019 17:12:22.942 INFOS [main] org.apache.catalina.startup.VersionLoggerListener.log Version de l'OS:        10.14.6
04-Oct-2019 17:12:22.943 INFOS [main] org.apache.catalina.startup.VersionLoggerListener.log Architecture:          x86_64
04-Oct-2019 17:12:22.952 INFOS [main] org.apache.catalina.startup.VersionLoggerListener.log Répertoire de Java:     /Library/Java/JavaVirtualMachines/jdk1.8.0_101.jdk/Contents/Home/jre
04-Oct-2019 17:12:22.953 INFOS [main] org.apache.catalina.startup.VersionLoggerListener.log Version de la JVM:           1.8.0_101-b13
04-Oct-2019 17:12:22.953 INFOS [main] org.apache.catalina.startup.VersionLoggerListener.log Fournisseur de la JVM:            Oracle Corporation
04-Oct-2019 17:12:22.953 INFOS [main] org.apache.catalina.startup.VersionLoggerListener.log CATALINA_BASE:         /Users/jasminelatendresse/SOEN387-Projects-and-Labs/Assignment 1/apache-tomcat-9.0.26
04-Oct-2019 17:12:22.953 INFOS [main] org.apache.catalina.startup.VersionLoggerListener.log CATALINA_HOME:         /Users/jasminelatendresse/SOEN387-Projects-and-Labs/Assignment 1/apache-tomcat-9.0.26
04-Oct-2019 17:12:22.971 INFOS [main] org.apache.catalina.startup.VersionLoggerListener.log Argument de la ligne de commande: -Djava.util.logging.config.file=/Users/jasminelatendresse/SOEN387-Projects-and-Labs/Assignment 1/apache-tomcat-9.0.26/conf/logging.properties
04-Oct-2019 17:12:22.971 INFOS [main] org.apache.catalina.startup.VersionLoggerListener.log Argument de la ligne de commande: -Djava.util.logging.manager=org.apache.juli.ClassLoaderLogManager
04-Oct-2019 17:12:22.972 INFOS [main] org.apache.catalina.startup.VersionLoggerListener.log Argument de la ligne de commande: -Dhttp.nonProxyHosts=localhost|127.0.0.1|Jasmines-MacBook-Air.local
04-Oct-2019 17:12:22.972 INFOS [main] org.apache.catalina.startup.VersionLoggerListener.log Argument de la ligne de commande: -Djdk.tls.ephemeralDHKeySize=2048
04-Oct-2019 17:12:22.972 INFOS [main] org.apache.catalina.startup.VersionLoggerListener.log Argument de la ligne de commande: -Djava.protocol.handler.pkgs=org.apache.catalina.webresources
04-Oct-2019 17:12:22.972 INFOS [main] org.apache.catalina.startup.VersionLoggerListener.log Argument de la ligne de commande: -Dorg.apache.catalina.security.SecurityListener.UMASK=0027
04-Oct-2019 17:12:22.973 INFOS [main] org.apache.catalina.startup.VersionLoggerListener.log Argument de la ligne de commande: -Dignore.endorsed.dirs=
04-Oct-2019 17:12:22.973 INFOS [main] org.apache.catalina.startup.VersionLoggerListener.log Argument de la ligne de commande: -Dcatalina.base=/Users/jasminelatendresse/SOEN387-Projects-and-Labs/Assignment 1/apache-tomcat-9.0.26
04-Oct-2019 17:12:22.973 INFOS [main] org.apache.catalina.startup.VersionLoggerListener.log Argument de la ligne de commande: -Dcatalina.home=/Users/jasminelatendresse/SOEN387-Projects-and-Labs/Assignment 1/apache-tomcat-9.0.26
04-Oct-2019 17:12:22.973 INFOS [main] org.apache.catalina.startup.VersionLoggerListener.log Argument de la ligne de commande: -Djava.io.tmpdir=/Users/jasminelatendresse/SOEN387-Projects-and-Labs/Assignment 1/apache-tomcat-9.0.26/temp
04-Oct-2019 17:12:22.973 INFOS [main] org.apache.catalina.core.AprLifecycleListener.lifecycleEvent La librairie Apache Tomcat Native basée sur APR qui permet des performances optimales dans les environnements de production n'a pas été trouvée sur le java.library.path: [/Users/jasminelatendresse/Library/Java/Extensions:/Library/Java/Extensions:/Network/Library/Java/Extensions:/System/Library/Java/Extensions:/usr/lib/java:.]
04-Oct-2019 17:12:26.206 INFOS [main] org.apache.coyote.AbstractProtocol.init Initialisation du gestionnaire de protocole ["http-nio-8080"]
04-Oct-2019 17:12:26.608 INFOS [main] org.apache.coyote.AbstractProtocol.init Initialisation du gestionnaire de protocole ["ajp-nio-8009"]
04-Oct-2019 17:12:26.623 INFOS [main] org.apache.catalina.startup.Catalina.load L'initialisation du serveur a pris [5 973] millisecondes
04-Oct-2019 17:12:26.944 INFOS [main] org.apache.catalina.core.StandardService.startInternal Démarrage du service [Catalina]
04-Oct-2019 17:12:26.945 INFOS [main] org.apache.catalina.core.StandardEngine.startInternal Démarrage du moteur de Servlets: [Apache Tomcat/9.0.26]
04-Oct-2019 17:12:27.073 INFOS [main] org.apache.catalina.startup.HostConfig.deployDescriptor Déploiement du descripteur de configuration [/Users/jasminelatendresse/SOEN387-Projects-and-Labs/Assignment 1/apache-tomcat-9.0.26/conf/Catalina/localhost/Assignment 1.xml]
04-Oct-2019 17:12:27.260 AVERTISSEMENT [main] org.apache.catalina.startup.HostConfig.deployDescriptor L'attribut path avec la valeur [/Assignment 1] dans le descripteur de déploiement [/Users/jasminelatendresse/SOEN387-Projects-and-Labs/Assignment 1/apache-tomcat-9.0.26/conf/Catalina/localhost/Assignment 1.xml] a été ignoré
04-Oct-2019 17:12:29.875 INFOS [main] org.apache.jasper.servlet.TldScanner.scanJars Au moins un fichier JAR a été analysé pour trouver des TLDs mais il n'en contenait pas, le mode "debug" du journal peut être activé pour obtenir une liste complète de JAR scannés sans succès; éviter d'analyser des JARs inutilement peut améliorer sensiblement le temps de démarrage et le temps de compilation des JSPs
04-Oct-2019 17:12:30.142 INFOS [main] org.apache.catalina.startup.HostConfig.deployDescriptor Le traitement du descripteur de déploiement [/Users/jasminelatendresse/SOEN387-Projects-and-Labs/Assignment 1/apache-tomcat-9.0.26/conf/Catalina/localhost/Assignment 1.xml] a pris [3 068] ms
04-Oct-2019 17:12:30.144 INFOS [main] org.apache.catalina.startup.HostConfig.deployDescriptor Déploiement du descripteur de configuration [/Users/jasminelatendresse/SOEN387-Projects-and-Labs/Assignment 1/apache-tomcat-9.0.26/conf/Catalina/localhost/WebApplicationDemo.xml]
04-Oct-2019 17:12:30.207 AVERTISSEMENT [main] org.apache.catalina.startup.HostConfig.deployDescriptor L'attribut path avec la valeur [/WebApplicationDemo] dans le descripteur de déploiement [/Users/jasminelatendresse/SOEN387-Projects-and-Labs/Assignment 1/apache-tomcat-9.0.26/conf/Catalina/localhost/WebApplicationDemo.xml] a été ignoré
04-Oct-2019 17:12:30.232 GRAVE [main] org.apache.catalina.startup.HostConfig.deployDescriptor Erreur lors du déploiement du descripteur de configuration [/Users/jasminelatendresse/SOEN387-Projects-and-Labs/Assignment 1/apache-tomcat-9.0.26/conf/Catalina/localhost/WebApplicationDemo.xml]
	java.lang.IllegalStateException: Erreur lors du démarrage du conteneur fils
		at org.apache.catalina.core.ContainerBase.addChildInternal(ContainerBase.java:720)
		at org.apache.catalina.core.ContainerBase.addChild(ContainerBase.java:690)
		at org.apache.catalina.core.StandardHost.addChild(StandardHost.java:705)
		at org.apache.catalina.startup.HostConfig.deployDescriptor(HostConfig.java:631)
		at org.apache.catalina.startup.HostConfig$DeployDescriptor.run(HostConfig.java:1831)
		at java.util.concurrent.Executors$RunnableAdapter.call(Executors.java:511)
		at java.util.concurrent.FutureTask.run(FutureTask.java:266)
		at org.apache.tomcat.util.threads.InlineExecutorService.execute(InlineExecutorService.java:75)
		at java.util.concurrent.AbstractExecutorService.submit(AbstractExecutorService.java:112)
		at org.apache.catalina.startup.HostConfig.deployDescriptors(HostConfig.java:526)
		at org.apache.catalina.startup.HostConfig.deployApps(HostConfig.java:425)
		at org.apache.catalina.startup.HostConfig.start(HostConfig.java:1576)
		at org.apache.catalina.startup.HostConfig.lifecycleEvent(HostConfig.java:309)
		at org.apache.catalina.util.LifecycleBase.fireLifecycleEvent(LifecycleBase.java:123)
		at org.apache.catalina.util.LifecycleBase.setStateInternal(LifecycleBase.java:423)
		at org.apache.catalina.util.LifecycleBase.setState(LifecycleBase.java:366)
		at org.apache.catalina.core.ContainerBase.startInternal(ContainerBase.java:936)
		at org.apache.catalina.core.StandardHost.startInternal(StandardHost.java:841)
		at org.apache.catalina.util.LifecycleBase.start(LifecycleBase.java:183)
		at org.apache.catalina.core.ContainerBase$StartChild.call(ContainerBase.java:1384)
		at org.apache.catalina.core.ContainerBase$StartChild.call(ContainerBase.java:1374)
		at java.util.concurrent.FutureTask.run(FutureTask.java:266)
		at org.apache.tomcat.util.threads.InlineExecutorService.execute(InlineExecutorService.java:75)
		at java.util.concurrent.AbstractExecutorService.submit(AbstractExecutorService.java:134)
		at org.apache.catalina.core.ContainerBase.startInternal(ContainerBase.java:909)
		at org.apache.catalina.core.StandardEngine.startInternal(StandardEngine.java:262)
		at org.apache.catalina.util.LifecycleBase.start(LifecycleBase.java:183)
		at org.apache.catalina.core.StandardService.startInternal(StandardService.java:421)
		at org.apache.catalina.util.LifecycleBase.start(LifecycleBase.java:183)
		at org.apache.catalina.core.StandardServer.startInternal(StandardServer.java:932)
		at org.apache.catalina.util.LifecycleBase.start(LifecycleBase.java:183)
		at org.apache.catalina.startup.Catalina.start(Catalina.java:633)
		at sun.reflect.NativeMethodAccessorImpl.invoke0(Native Method)
		at sun.reflect.NativeMethodAccessorImpl.invoke(NativeMethodAccessorImpl.java:62)
		at sun.reflect.DelegatingMethodAccessorImpl.invoke(DelegatingMethodAccessorImpl.java:43)
		at java.lang.reflect.Method.invoke(Method.java:498)
		at org.apache.catalina.startup.Bootstrap.start(Bootstrap.java:344)
		at org.apache.catalina.startup.Bootstrap.main(Bootstrap.java:475)
	Caused by: org.apache.catalina.LifecycleException: Echec de démarrage du composant [org.apache.catalina.webresources.StandardRoot@3e694b3f]
		at org.apache.catalina.util.LifecycleBase.handleSubClassException(LifecycleBase.java:440)
		at org.apache.catalina.util.LifecycleBase.start(LifecycleBase.java:198)
		at org.apache.catalina.core.StandardContext.resourcesStart(StandardContext.java:4800)
		at org.apache.catalina.core.StandardContext.startInternal(StandardContext.java:4935)
		at org.apache.catalina.util.LifecycleBase.start(LifecycleBase.java:183)
		at org.apache.catalina.core.ContainerBase.addChildInternal(ContainerBase.java:717)
		... 37 more
	Caused by: java.lang.IllegalArgumentException: L'ensemble de ressources principal [/Users/Airi/Documents/SOEN387-Projects-and-Labs/Labs/WebApplicationDemo/build/web] est invalide
		at org.apache.catalina.webresources.StandardRoot.createMainResourceSet(StandardRoot.java:752)
		at org.apache.catalina.webresources.StandardRoot.startInternal(StandardRoot.java:709)
		at org.apache.catalina.util.LifecycleBase.start(LifecycleBase.java:183)
		... 41 more
04-Oct-2019 17:12:30.244 INFOS [main] org.apache.catalina.startup.HostConfig.deployDescriptor Le traitement du descripteur de déploiement [/Users/jasminelatendresse/SOEN387-Projects-and-Labs/Assignment 1/apache-tomcat-9.0.26/conf/Catalina/localhost/WebApplicationDemo.xml] a pris [100] ms
04-Oct-2019 17:12:30.260 INFOS [main] org.apache.catalina.startup.HostConfig.deployDirectory Déploiement du répertoire d'application web [/Users/jasminelatendresse/SOEN387-Projects-and-Labs/Assignment 1/apache-tomcat-9.0.26/webapps/docs]
04-Oct-2019 17:12:30.919 INFOS [main] org.apache.jasper.servlet.TldScanner.scanJars Au moins un fichier JAR a été analysé pour trouver des TLDs mais il n'en contenait pas, le mode "debug" du journal peut être activé pour obtenir une liste complète de JAR scannés sans succès; éviter d'analyser des JARs inutilement peut améliorer sensiblement le temps de démarrage et le temps de compilation des JSPs
04-Oct-2019 17:12:31.067 INFOS [main] org.apache.catalina.startup.HostConfig.deployDirectory Le déploiement du répertoire [/Users/jasminelatendresse/SOEN387-Projects-and-Labs/Assignment 1/apache-tomcat-9.0.26/webapps/docs] de l'application web s'est terminé en [809] ms
04-Oct-2019 17:12:31.068 INFOS [main] org.apache.catalina.startup.HostConfig.deployDirectory Déploiement du répertoire d'application web [/Users/jasminelatendresse/SOEN387-Projects-and-Labs/Assignment 1/apache-tomcat-9.0.26/webapps/manager]
04-Oct-2019 17:12:31.632 INFOS [main] org.apache.jasper.servlet.TldScanner.scanJars Au moins un fichier JAR a été analysé pour trouver des TLDs mais il n'en contenait pas, le mode "debug" du journal peut être activé pour obtenir une liste complète de JAR scannés sans succès; éviter d'analyser des JARs inutilement peut améliorer sensiblement le temps de démarrage et le temps de compilation des JSPs
04-Oct-2019 17:12:31.657 INFOS [main] org.apache.catalina.startup.HostConfig.deployDirectory Le déploiement du répertoire [/Users/jasminelatendresse/SOEN387-Projects-and-Labs/Assignment 1/apache-tomcat-9.0.26/webapps/manager] de l'application web s'est terminé en [588] ms
04-Oct-2019 17:12:31.657 INFOS [main] org.apache.catalina.startup.HostConfig.deployDirectory Déploiement du répertoire d'application web [/Users/jasminelatendresse/SOEN387-Projects-and-Labs/Assignment 1/apache-tomcat-9.0.26/webapps/examples]
04-Oct-2019 17:12:33.752 INFOS [main] org.apache.jasper.servlet.TldScanner.scanJars Au moins un fichier JAR a été analysé pour trouver des TLDs mais il n'en contenait pas, le mode "debug" du journal peut être activé pour obtenir une liste complète de JAR scannés sans succès; éviter d'analyser des JARs inutilement peut améliorer sensiblement le temps de démarrage et le temps de compilation des JSPs
04-Oct-2019 17:12:34.006 INFOS [main] org.apache.catalina.startup.HostConfig.deployDirectory Le déploiement du répertoire [/Users/jasminelatendresse/SOEN387-Projects-and-Labs/Assignment 1/apache-tomcat-9.0.26/webapps/examples] de l'application web s'est terminé en [2 348] ms
04-Oct-2019 17:12:34.006 INFOS [main] org.apache.catalina.startup.HostConfig.deployDirectory Déploiement du répertoire d'application web [/Users/jasminelatendresse/SOEN387-Projects-and-Labs/Assignment 1/apache-tomcat-9.0.26/webapps/ROOT]
04-Oct-2019 17:12:34.483 INFOS [main] org.apache.jasper.servlet.TldScanner.scanJars Au moins un fichier JAR a été analysé pour trouver des TLDs mais il n'en contenait pas, le mode "debug" du journal peut être activé pour obtenir une liste complète de JAR scannés sans succès; éviter d'analyser des JARs inutilement peut améliorer sensiblement le temps de démarrage et le temps de compilation des JSPs
04-Oct-2019 17:12:34.505 INFOS [main] org.apache.catalina.startup.HostConfig.deployDirectory Le déploiement du répertoire [/Users/jasminelatendresse/SOEN387-Projects-and-Labs/Assignment 1/apache-tomcat-9.0.26/webapps/ROOT] de l'application web s'est terminé en [499] ms
04-Oct-2019 17:12:34.506 INFOS [main] org.apache.catalina.startup.HostConfig.deployDirectory Déploiement du répertoire d'application web [/Users/jasminelatendresse/SOEN387-Projects-and-Labs/Assignment 1/apache-tomcat-9.0.26/webapps/host-manager]
04-Oct-2019 17:12:34.941 INFOS [main] org.apache.jasper.servlet.TldScanner.scanJars Au moins un fichier JAR a été analysé pour trouver des TLDs mais il n'en contenait pas, le mode "debug" du journal peut être activé pour obtenir une liste complète de JAR scannés sans succès; éviter d'analyser des JARs inutilement peut améliorer sensiblement le temps de démarrage et le temps de compilation des JSPs
04-Oct-2019 17:12:34.947 INFOS [main] org.apache.catalina.startup.HostConfig.deployDirectory Le déploiement du répertoire [/Users/jasminelatendresse/SOEN387-Projects-and-Labs/Assignment 1/apache-tomcat-9.0.26/webapps/host-manager] de l'application web s'est terminé en [440] ms
04-Oct-2019 17:12:34.971 INFOS [main] org.apache.coyote.AbstractProtocol.start Démarrage du gestionnaire de protocole ["http-nio-8080"]
04-Oct-2019 17:12:35.025 INFOS [main] org.apache.coyote.AbstractProtocol.start Démarrage du gestionnaire de protocole ["ajp-nio-8009"]
04-Oct-2019 17:12:35.045 INFOS [main] org.apache.catalina.startup.Catalina.start Le démarrage du serveur a pris [8 420] millisecondes
04-Oct-2019 17:12:38.818 INFOS [http-nio-8080-exec-8] org.apache.catalina.core.StandardContext.reload Le rechargement du contexte [/Assignment 1] a démarré
04-Oct-2019 17:12:39.428 INFOS [http-nio-8080-exec-8] org.apache.jasper.servlet.TldScanner.scanJars Au moins un fichier JAR a été analysé pour trouver des TLDs mais il n'en contenait pas, le mode "debug" du journal peut être activé pour obtenir une liste complète de JAR scannés sans succès; éviter d'analyser des JARs inutilement peut améliorer sensiblement le temps de démarrage et le temps de compilation des JSPs
04-Oct-2019 17:12:39.440 INFOS [http-nio-8080-exec-8] org.apache.catalina.core.StandardContext.reload Le rechargement de ce contexte est terminé
04-Oct-2019 17:19:46.694 INFOS [http-nio-8080-exec-12] org.apache.catalina.core.StandardContext.reload Le rechargement du contexte [/Assignment 1] a démarré
04-Oct-2019 17:19:47.628 INFOS [http-nio-8080-exec-12] org.apache.jasper.servlet.TldScanner.scanJars Au moins un fichier JAR a été analysé pour trouver des TLDs mais il n'en contenait pas, le mode "debug" du journal peut être activé pour obtenir une liste complète de JAR scannés sans succès; éviter d'analyser des JARs inutilement peut améliorer sensiblement le temps de démarrage et le temps de compilation des JSPs
04-Oct-2019 17:19:47.637 INFOS [http-nio-8080-exec-12] org.apache.catalina.core.StandardContext.reload Le rechargement de ce contexte est terminé
04-Oct-2019 17:21:27.373 INFOS [http-nio-8080-exec-16] org.apache.catalina.core.StandardContext.reload Le rechargement du contexte [/Assignment 1] a démarré
04-Oct-2019 17:21:28.128 INFOS [http-nio-8080-exec-16] org.apache.jasper.servlet.TldScanner.scanJars Au moins un fichier JAR a été analysé pour trouver des TLDs mais il n'en contenait pas, le mode "debug" du journal peut être activé pour obtenir une liste complète de JAR scannés sans succès; éviter d'analyser des JARs inutilement peut améliorer sensiblement le temps de démarrage et le temps de compilation des JSPs
04-Oct-2019 17:21:28.138 INFOS [http-nio-8080-exec-16] org.apache.catalina.core.StandardContext.reload Le rechargement de ce contexte est terminé
04-Oct-2019 17:22:43.274 INFOS [http-nio-8080-exec-24] org.apache.catalina.core.StandardContext.reload Le rechargement du contexte [/Assignment 1] a démarré
04-Oct-2019 17:22:43.968 INFOS [http-nio-8080-exec-24] org.apache.jasper.servlet.TldScanner.scanJars Au moins un fichier JAR a été analysé pour trouver des TLDs mais il n'en contenait pas, le mode "debug" du journal peut être activé pour obtenir une liste complète de JAR scannés sans succès; éviter d'analyser des JARs inutilement peut améliorer sensiblement le temps de démarrage et le temps de compilation des JSPs
04-Oct-2019 17:22:44.005 INFOS [http-nio-8080-exec-24] org.apache.catalina.core.StandardContext.reload Le rechargement de ce contexte est terminé
04-Oct-2019 17:23:39.824 INFOS [http-nio-8080-exec-26] org.apache.catalina.core.StandardContext.reload Le rechargement du contexte [/Assignment 1] a démarré
04-Oct-2019 17:23:40.424 INFOS [http-nio-8080-exec-26] org.apache.jasper.servlet.TldScanner.scanJars Au moins un fichier JAR a été analysé pour trouver des TLDs mais il n'en contenait pas, le mode "debug" du journal peut être activé pour obtenir une liste complète de JAR scannés sans succès; éviter d'analyser des JARs inutilement peut améliorer sensiblement le temps de démarrage et le temps de compilation des JSPs
04-Oct-2019 17:23:40.439 INFOS [http-nio-8080-exec-26] org.apache.catalina.core.StandardContext.reload Le rechargement de ce contexte est terminé
04-Oct-2019 19:47:22.635 GRAVE [ajp-nio-8009-exec-20] org.apache.coyote.ajp.AjpMessage.processHeader Message invalide reçu avec la signature [18245]
04-Oct-2019 20:02:01.989 INFOS [http-nio-8080-exec-38] org.apache.catalina.core.StandardContext.reload Le rechargement du contexte [/Assignment 1] a démarré
04-Oct-2019 20:02:03.249 INFOS [http-nio-8080-exec-38] org.apache.jasper.servlet.TldScanner.scanJars Au moins un fichier JAR a été analysé pour trouver des TLDs mais il n'en contenait pas, le mode "debug" du journal peut être activé pour obtenir une liste complète de JAR scannés sans succès; éviter d'analyser des JARs inutilement peut améliorer sensiblement le temps de démarrage et le temps de compilation des JSPs
04-Oct-2019 20:02:03.270 INFOS [http-nio-8080-exec-38] org.apache.catalina.core.StandardContext.reload Le rechargement de ce contexte est terminé
04-Oct-2019 20:20:33.699 INFOS [http-nio-8080-exec-39] org.apache.catalina.core.StandardContext.reload Le rechargement du contexte [/Assignment 1] a démarré
04-Oct-2019 20:20:35.301 INFOS [http-nio-8080-exec-39] org.apache.jasper.servlet.TldScanner.scanJars Au moins un fichier JAR a été analysé pour trouver des TLDs mais il n'en contenait pas, le mode "debug" du journal peut être activé pour obtenir une liste complète de JAR scannés sans succès; éviter d'analyser des JARs inutilement peut améliorer sensiblement le temps de démarrage et le temps de compilation des JSPs
04-Oct-2019 20:20:35.337 INFOS [http-nio-8080-exec-39] org.apache.catalina.core.StandardContext.reload Le rechargement de ce contexte est terminé
04-Oct-2019 20:21:57.824 INFOS [main] org.apache.catalina.core.StandardServer.await Une commande d'arrêt valide a été reçue sur le port d'arrêt, arrêt de l'instance du serveur
04-Oct-2019 20:21:57.853 INFOS [main] org.apache.coyote.AbstractProtocol.pause Le gestionnaire de protocole ["http-nio-8080"] est mis en pause
04-Oct-2019 20:21:57.878 INFOS [main] org.apache.coyote.AbstractProtocol.pause Le gestionnaire de protocole ["ajp-nio-8009"] est mis en pause
04-Oct-2019 20:21:57.891 INFOS [main] org.apache.catalina.core.StandardService.stopInternal Arrêt du service [Catalina]
04-Oct-2019 20:21:58.239 INFOS [main] org.apache.coyote.AbstractProtocol.stop Arrêt du gestionnaire de protocole ["http-nio-8080"]
04-Oct-2019 20:21:58.253 INFOS [main] org.apache.coyote.AbstractProtocol.stop Arrêt du gestionnaire de protocole ["ajp-nio-8009"]
04-Oct-2019 20:21:58.261 INFOS [main] org.apache.coyote.AbstractProtocol.destroy Destruction du gestionnaire de protocole ["http-nio-8080"]
04-Oct-2019 20:21:58.422 INFOS [main] org.apache.coyote.AbstractProtocol.destroy Destruction du gestionnaire de protocole ["ajp-nio-8009"]
04-Oct-2019 20:24:17.134 INFOS [main] org.apache.catalina.startup.VersionLoggerListener.log Version du serveur:        Apache Tomcat/9.0.26
04-Oct-2019 20:24:17.159 INFOS [main] org.apache.catalina.startup.VersionLoggerListener.log Serveur compilé:       Sep 16 2019 15:51:39 UTC
04-Oct-2019 20:24:17.167 INFOS [main] org.apache.catalina.startup.VersionLoggerListener.log Version du serveur:      9.0.26.0
04-Oct-2019 20:24:17.168 INFOS [main] org.apache.catalina.startup.VersionLoggerListener.log Nom de l'OS:           Mac OS X
04-Oct-2019 20:24:17.168 INFOS [main] org.apache.catalina.startup.VersionLoggerListener.log Version de l'OS:        10.14.6
04-Oct-2019 20:24:17.168 INFOS [main] org.apache.catalina.startup.VersionLoggerListener.log Architecture:          x86_64
04-Oct-2019 20:24:17.168 INFOS [main] org.apache.catalina.startup.VersionLoggerListener.log Répertoire de Java:     /Library/Java/JavaVirtualMachines/jdk1.8.0_101.jdk/Contents/Home/jre
04-Oct-2019 20:24:17.170 INFOS [main] org.apache.catalina.startup.VersionLoggerListener.log Version de la JVM:           1.8.0_101-b13
04-Oct-2019 20:24:17.171 INFOS [main] org.apache.catalina.startup.VersionLoggerListener.log Fournisseur de la JVM:            Oracle Corporation
04-Oct-2019 20:24:17.192 INFOS [main] org.apache.catalina.startup.VersionLoggerListener.log CATALINA_BASE:         /Users/jasminelatendresse/SOEN387-Projects-and-Labs/Assignment 1/apache-tomcat-9.0.26
04-Oct-2019 20:24:17.193 INFOS [main] org.apache.catalina.startup.VersionLoggerListener.log CATALINA_HOME:         /Users/jasminelatendresse/SOEN387-Projects-and-Labs/Assignment 1/apache-tomcat-9.0.26
04-Oct-2019 20:24:17.209 INFOS [main] org.apache.catalina.startup.VersionLoggerListener.log Argument de la ligne de commande: -Djava.util.logging.config.file=/Users/jasminelatendresse/SOEN387-Projects-and-Labs/Assignment 1/apache-tomcat-9.0.26/conf/logging.properties
04-Oct-2019 20:24:17.217 INFOS [main] org.apache.catalina.startup.VersionLoggerListener.log Argument de la ligne de commande: -Djava.util.logging.manager=org.apache.juli.ClassLoaderLogManager
04-Oct-2019 20:24:17.219 INFOS [main] org.apache.catalina.startup.VersionLoggerListener.log Argument de la ligne de commande: -Dhttp.nonProxyHosts=localhost|127.0.0.1|Jasmines-MacBook-Air.local
04-Oct-2019 20:24:17.220 INFOS [main] org.apache.catalina.startup.VersionLoggerListener.log Argument de la ligne de commande: -Djdk.tls.ephemeralDHKeySize=2048
04-Oct-2019 20:24:17.220 INFOS [main] org.apache.catalina.startup.VersionLoggerListener.log Argument de la ligne de commande: -Djava.protocol.handler.pkgs=org.apache.catalina.webresources
04-Oct-2019 20:24:17.220 INFOS [main] org.apache.catalina.startup.VersionLoggerListener.log Argument de la ligne de commande: -Dorg.apache.catalina.security.SecurityListener.UMASK=0027
04-Oct-2019 20:24:17.220 INFOS [main] org.apache.catalina.startup.VersionLoggerListener.log Argument de la ligne de commande: -Dignore.endorsed.dirs=
04-Oct-2019 20:24:17.220 INFOS [main] org.apache.catalina.startup.VersionLoggerListener.log Argument de la ligne de commande: -Dcatalina.base=/Users/jasminelatendresse/SOEN387-Projects-and-Labs/Assignment 1/apache-tomcat-9.0.26
04-Oct-2019 20:24:17.221 INFOS [main] org.apache.catalina.startup.VersionLoggerListener.log Argument de la ligne de commande: -Dcatalina.home=/Users/jasminelatendresse/SOEN387-Projects-and-Labs/Assignment 1/apache-tomcat-9.0.26
04-Oct-2019 20:24:17.221 INFOS [main] org.apache.catalina.startup.VersionLoggerListener.log Argument de la ligne de commande: -Djava.io.tmpdir=/Users/jasminelatendresse/SOEN387-Projects-and-Labs/Assignment 1/apache-tomcat-9.0.26/temp
04-Oct-2019 20:24:17.221 INFOS [main] org.apache.catalina.core.AprLifecycleListener.lifecycleEvent La librairie Apache Tomcat Native basée sur APR qui permet des performances optimales dans les environnements de production n'a pas été trouvée sur le java.library.path: [/Users/jasminelatendresse/Library/Java/Extensions:/Library/Java/Extensions:/Network/Library/Java/Extensions:/System/Library/Java/Extensions:/usr/lib/java:.]
04-Oct-2019 20:24:20.925 INFOS [main] org.apache.coyote.AbstractProtocol.init Initialisation du gestionnaire de protocole ["http-nio-8080"]
04-Oct-2019 20:24:21.556 INFOS [main] org.apache.coyote.AbstractProtocol.init Initialisation du gestionnaire de protocole ["ajp-nio-8009"]
04-Oct-2019 20:24:21.572 INFOS [main] org.apache.catalina.startup.Catalina.load L'initialisation du serveur a pris [6 317] millisecondes
04-Oct-2019 20:24:21.917 INFOS [main] org.apache.catalina.core.StandardService.startInternal Démarrage du service [Catalina]
04-Oct-2019 20:24:21.917 INFOS [main] org.apache.catalina.core.StandardEngine.startInternal Démarrage du moteur de Servlets: [Apache Tomcat/9.0.26]
04-Oct-2019 20:24:21.975 INFOS [main] org.apache.catalina.startup.HostConfig.deployDescriptor Déploiement du descripteur de configuration [/Users/jasminelatendresse/SOEN387-Projects-and-Labs/Assignment 1/apache-tomcat-9.0.26/conf/Catalina/localhost/Assignment 1.xml]
04-Oct-2019 20:24:22.290 AVERTISSEMENT [main] org.apache.catalina.startup.HostConfig.deployDescriptor L'attribut path avec la valeur [/Assignment 1] dans le descripteur de déploiement [/Users/jasminelatendresse/SOEN387-Projects-and-Labs/Assignment 1/apache-tomcat-9.0.26/conf/Catalina/localhost/Assignment 1.xml] a été ignoré
04-Oct-2019 20:24:25.698 INFOS [main] org.apache.jasper.servlet.TldScanner.scanJars Au moins un fichier JAR a été analysé pour trouver des TLDs mais il n'en contenait pas, le mode "debug" du journal peut être activé pour obtenir une liste complète de JAR scannés sans succès; éviter d'analyser des JARs inutilement peut améliorer sensiblement le temps de démarrage et le temps de compilation des JSPs
04-Oct-2019 20:24:25.891 AVERTISSEMENT [main] org.apache.catalina.util.SessionIdGeneratorBase.createSecureRandom La création de l'instance de SecureRandom pour le générateur d'id de session en utilisant [SHA1PRNG] a pris [180] millisecondes
04-Oct-2019 20:24:26.043 INFOS [main] org.apache.catalina.startup.HostConfig.deployDescriptor Le traitement du descripteur de déploiement [/Users/jasminelatendresse/SOEN387-Projects-and-Labs/Assignment 1/apache-tomcat-9.0.26/conf/Catalina/localhost/Assignment 1.xml] a pris [4 066] ms
04-Oct-2019 20:24:26.043 INFOS [main] org.apache.catalina.startup.HostConfig.deployDescriptor Déploiement du descripteur de configuration [/Users/jasminelatendresse/SOEN387-Projects-and-Labs/Assignment 1/apache-tomcat-9.0.26/conf/Catalina/localhost/WebApplicationDemo.xml]
04-Oct-2019 20:24:26.057 AVERTISSEMENT [main] org.apache.catalina.startup.HostConfig.deployDescriptor L'attribut path avec la valeur [/WebApplicationDemo] dans le descripteur de déploiement [/Users/jasminelatendresse/SOEN387-Projects-and-Labs/Assignment 1/apache-tomcat-9.0.26/conf/Catalina/localhost/WebApplicationDemo.xml] a été ignoré
04-Oct-2019 20:24:26.075 GRAVE [main] org.apache.catalina.startup.HostConfig.deployDescriptor Erreur lors du déploiement du descripteur de configuration [/Users/jasminelatendresse/SOEN387-Projects-and-Labs/Assignment 1/apache-tomcat-9.0.26/conf/Catalina/localhost/WebApplicationDemo.xml]
	java.lang.IllegalStateException: Erreur lors du démarrage du conteneur fils
		at org.apache.catalina.core.ContainerBase.addChildInternal(ContainerBase.java:720)
		at org.apache.catalina.core.ContainerBase.addChild(ContainerBase.java:690)
		at org.apache.catalina.core.StandardHost.addChild(StandardHost.java:705)
		at org.apache.catalina.startup.HostConfig.deployDescriptor(HostConfig.java:631)
		at org.apache.catalina.startup.HostConfig$DeployDescriptor.run(HostConfig.java:1831)
		at java.util.concurrent.Executors$RunnableAdapter.call(Executors.java:511)
		at java.util.concurrent.FutureTask.run(FutureTask.java:266)
		at org.apache.tomcat.util.threads.InlineExecutorService.execute(InlineExecutorService.java:75)
		at java.util.concurrent.AbstractExecutorService.submit(AbstractExecutorService.java:112)
		at org.apache.catalina.startup.HostConfig.deployDescriptors(HostConfig.java:526)
		at org.apache.catalina.startup.HostConfig.deployApps(HostConfig.java:425)
		at org.apache.catalina.startup.HostConfig.start(HostConfig.java:1576)
		at org.apache.catalina.startup.HostConfig.lifecycleEvent(HostConfig.java:309)
		at org.apache.catalina.util.LifecycleBase.fireLifecycleEvent(LifecycleBase.java:123)
		at org.apache.catalina.util.LifecycleBase.setStateInternal(LifecycleBase.java:423)
		at org.apache.catalina.util.LifecycleBase.setState(LifecycleBase.java:366)
		at org.apache.catalina.core.ContainerBase.startInternal(ContainerBase.java:936)
		at org.apache.catalina.core.StandardHost.startInternal(StandardHost.java:841)
		at org.apache.catalina.util.LifecycleBase.start(LifecycleBase.java:183)
		at org.apache.catalina.core.ContainerBase$StartChild.call(ContainerBase.java:1384)
		at org.apache.catalina.core.ContainerBase$StartChild.call(ContainerBase.java:1374)
		at java.util.concurrent.FutureTask.run(FutureTask.java:266)
		at org.apache.tomcat.util.threads.InlineExecutorService.execute(InlineExecutorService.java:75)
		at java.util.concurrent.AbstractExecutorService.submit(AbstractExecutorService.java:134)
		at org.apache.catalina.core.ContainerBase.startInternal(ContainerBase.java:909)
		at org.apache.catalina.core.StandardEngine.startInternal(StandardEngine.java:262)
		at org.apache.catalina.util.LifecycleBase.start(LifecycleBase.java:183)
		at org.apache.catalina.core.StandardService.startInternal(StandardService.java:421)
		at org.apache.catalina.util.LifecycleBase.start(LifecycleBase.java:183)
		at org.apache.catalina.core.StandardServer.startInternal(StandardServer.java:932)
		at org.apache.catalina.util.LifecycleBase.start(LifecycleBase.java:183)
		at org.apache.catalina.startup.Catalina.start(Catalina.java:633)
		at sun.reflect.NativeMethodAccessorImpl.invoke0(Native Method)
		at sun.reflect.NativeMethodAccessorImpl.invoke(NativeMethodAccessorImpl.java:62)
		at sun.reflect.DelegatingMethodAccessorImpl.invoke(DelegatingMethodAccessorImpl.java:43)
		at java.lang.reflect.Method.invoke(Method.java:498)
		at org.apache.catalina.startup.Bootstrap.start(Bootstrap.java:344)
		at org.apache.catalina.startup.Bootstrap.main(Bootstrap.java:475)
	Caused by: org.apache.catalina.LifecycleException: Echec de démarrage du composant [org.apache.catalina.webresources.StandardRoot@3e694b3f]
		at org.apache.catalina.util.LifecycleBase.handleSubClassException(LifecycleBase.java:440)
		at org.apache.catalina.util.LifecycleBase.start(LifecycleBase.java:198)
		at org.apache.catalina.core.StandardContext.resourcesStart(StandardContext.java:4800)
		at org.apache.catalina.core.StandardContext.startInternal(StandardContext.java:4935)
		at org.apache.catalina.util.LifecycleBase.start(LifecycleBase.java:183)
		at org.apache.catalina.core.ContainerBase.addChildInternal(ContainerBase.java:717)
		... 37 more
	Caused by: java.lang.IllegalArgumentException: L'ensemble de ressources principal [/Users/Airi/Documents/SOEN387-Projects-and-Labs/Labs/WebApplicationDemo/build/web] est invalide
		at org.apache.catalina.webresources.StandardRoot.createMainResourceSet(StandardRoot.java:752)
		at org.apache.catalina.webresources.StandardRoot.startInternal(StandardRoot.java:709)
		at org.apache.catalina.util.LifecycleBase.start(LifecycleBase.java:183)
		... 41 more
04-Oct-2019 20:24:26.086 INFOS [main] org.apache.catalina.startup.HostConfig.deployDescriptor Le traitement du descripteur de déploiement [/Users/jasminelatendresse/SOEN387-Projects-and-Labs/Assignment 1/apache-tomcat-9.0.26/conf/Catalina/localhost/WebApplicationDemo.xml] a pris [42] ms
04-Oct-2019 20:24:26.089 INFOS [main] org.apache.catalina.startup.HostConfig.deployDirectory Déploiement du répertoire d'application web [/Users/jasminelatendresse/SOEN387-Projects-and-Labs/Assignment 1/apache-tomcat-9.0.26/webapps/docs]
04-Oct-2019 20:24:26.820 INFOS [main] org.apache.jasper.servlet.TldScanner.scanJars Au moins un fichier JAR a été analysé pour trouver des TLDs mais il n'en contenait pas, le mode "debug" du journal peut être activé pour obtenir une liste complète de JAR scannés sans succès; éviter d'analyser des JARs inutilement peut améliorer sensiblement le temps de démarrage et le temps de compilation des JSPs
04-Oct-2019 20:24:26.836 INFOS [main] org.apache.catalina.startup.HostConfig.deployDirectory Le déploiement du répertoire [/Users/jasminelatendresse/SOEN387-Projects-and-Labs/Assignment 1/apache-tomcat-9.0.26/webapps/docs] de l'application web s'est terminé en [747] ms
04-Oct-2019 20:24:26.836 INFOS [main] org.apache.catalina.startup.HostConfig.deployDirectory Déploiement du répertoire d'application web [/Users/jasminelatendresse/SOEN387-Projects-and-Labs/Assignment 1/apache-tomcat-9.0.26/webapps/manager]
04-Oct-2019 20:24:28.031 INFOS [main] org.apache.jasper.servlet.TldScanner.scanJars Au moins un fichier JAR a été analysé pour trouver des TLDs mais il n'en contenait pas, le mode "debug" du journal peut être activé pour obtenir une liste complète de JAR scannés sans succès; éviter d'analyser des JARs inutilement peut améliorer sensiblement le temps de démarrage et le temps de compilation des JSPs
04-Oct-2019 20:24:28.059 INFOS [main] org.apache.catalina.startup.HostConfig.deployDirectory Le déploiement du répertoire [/Users/jasminelatendresse/SOEN387-Projects-and-Labs/Assignment 1/apache-tomcat-9.0.26/webapps/manager] de l'application web s'est terminé en [1 223] ms
04-Oct-2019 20:24:28.060 INFOS [main] org.apache.catalina.startup.HostConfig.deployDirectory Déploiement du répertoire d'application web [/Users/jasminelatendresse/SOEN387-Projects-and-Labs/Assignment 1/apache-tomcat-9.0.26/webapps/examples]
04-Oct-2019 20:24:30.679 INFOS [main] org.apache.jasper.servlet.TldScanner.scanJars Au moins un fichier JAR a été analysé pour trouver des TLDs mais il n'en contenait pas, le mode "debug" du journal peut être activé pour obtenir une liste complète de JAR scannés sans succès; éviter d'analyser des JARs inutilement peut améliorer sensiblement le temps de démarrage et le temps de compilation des JSPs
04-Oct-2019 20:24:30.937 INFOS [main] org.apache.catalina.startup.HostConfig.deployDirectory Le déploiement du répertoire [/Users/jasminelatendresse/SOEN387-Projects-and-Labs/Assignment 1/apache-tomcat-9.0.26/webapps/examples] de l'application web s'est terminé en [2 876] ms
04-Oct-2019 20:24:30.937 INFOS [main] org.apache.catalina.startup.HostConfig.deployDirectory Déploiement du répertoire d'application web [/Users/jasminelatendresse/SOEN387-Projects-and-Labs/Assignment 1/apache-tomcat-9.0.26/webapps/ROOT]
04-Oct-2019 20:24:31.506 INFOS [main] org.apache.jasper.servlet.TldScanner.scanJars Au moins un fichier JAR a été analysé pour trouver des TLDs mais il n'en contenait pas, le mode "debug" du journal peut être activé pour obtenir une liste complète de JAR scannés sans succès; éviter d'analyser des JARs inutilement peut améliorer sensiblement le temps de démarrage et le temps de compilation des JSPs
04-Oct-2019 20:24:31.538 INFOS [main] org.apache.catalina.startup.HostConfig.deployDirectory Le déploiement du répertoire [/Users/jasminelatendresse/SOEN387-Projects-and-Labs/Assignment 1/apache-tomcat-9.0.26/webapps/ROOT] de l'application web s'est terminé en [601] ms
04-Oct-2019 20:24:31.539 INFOS [main] org.apache.catalina.startup.HostConfig.deployDirectory Déploiement du répertoire d'application web [/Users/jasminelatendresse/SOEN387-Projects-and-Labs/Assignment 1/apache-tomcat-9.0.26/webapps/host-manager]
04-Oct-2019 20:24:32.010 INFOS [main] org.apache.jasper.servlet.TldScanner.scanJars Au moins un fichier JAR a été analysé pour trouver des TLDs mais il n'en contenait pas, le mode "debug" du journal peut être activé pour obtenir une liste complète de JAR scannés sans succès; éviter d'analyser des JARs inutilement peut améliorer sensiblement le temps de démarrage et le temps de compilation des JSPs
04-Oct-2019 20:24:32.019 INFOS [main] org.apache.catalina.startup.HostConfig.deployDirectory Le déploiement du répertoire [/Users/jasminelatendresse/SOEN387-Projects-and-Labs/Assignment 1/apache-tomcat-9.0.26/webapps/host-manager] de l'application web s'est terminé en [479] ms
04-Oct-2019 20:24:32.041 INFOS [main] org.apache.coyote.AbstractProtocol.start Démarrage du gestionnaire de protocole ["http-nio-8080"]
04-Oct-2019 20:24:32.186 INFOS [main] org.apache.coyote.AbstractProtocol.start Démarrage du gestionnaire de protocole ["ajp-nio-8009"]
04-Oct-2019 20:24:32.251 INFOS [main] org.apache.catalina.startup.Catalina.start Le démarrage du serveur a pris [10 677] millisecondes
04-Oct-2019 20:24:35.217 INFOS [http-nio-8080-exec-4] org.apache.catalina.core.StandardContext.reload Le rechargement du contexte [/Assignment 1] a démarré
04-Oct-2019 20:24:35.874 INFOS [http-nio-8080-exec-4] org.apache.jasper.servlet.TldScanner.scanJars Au moins un fichier JAR a été analysé pour trouver des TLDs mais il n'en contenait pas, le mode "debug" du journal peut être activé pour obtenir une liste complète de JAR scannés sans succès; éviter d'analyser des JARs inutilement peut améliorer sensiblement le temps de démarrage et le temps de compilation des JSPs
04-Oct-2019 20:24:35.915 INFOS [http-nio-8080-exec-4] org.apache.catalina.core.StandardContext.reload Le rechargement de ce contexte est terminé
04-Oct-2019 20:38:22.744 INFOS [http-nio-8080-exec-17] org.apache.catalina.startup.HostConfig.undeploy Retrait de l'application web ayant pour chemin de contexte [/Assignment 1]
04-Oct-2019 20:38:22.905 INFOS [http-nio-8080-exec-13] org.apache.catalina.startup.HostConfig.deployDescriptor Déploiement du descripteur de configuration [/Users/jasminelatendresse/SOEN387-Projects-and-Labs/Assignment 1/apache-tomcat-9.0.26/conf/Catalina/localhost/Assignment 1.xml]
04-Oct-2019 20:38:22.912 AVERTISSEMENT [http-nio-8080-exec-13] org.apache.catalina.startup.HostConfig.deployDescriptor L'attribut path avec la valeur [/Assignment 1] dans le descripteur de déploiement [/Users/jasminelatendresse/SOEN387-Projects-and-Labs/Assignment 1/apache-tomcat-9.0.26/conf/Catalina/localhost/Assignment 1.xml] a été ignoré
04-Oct-2019 20:38:24.241 INFOS [http-nio-8080-exec-13] org.apache.jasper.servlet.TldScanner.scanJars Au moins un fichier JAR a été analysé pour trouver des TLDs mais il n'en contenait pas, le mode "debug" du journal peut être activé pour obtenir une liste complète de JAR scannés sans succès; éviter d'analyser des JARs inutilement peut améliorer sensiblement le temps de démarrage et le temps de compilation des JSPs
04-Oct-2019 20:38:24.254 INFOS [http-nio-8080-exec-13] org.apache.catalina.startup.HostConfig.deployDescriptor Le traitement du descripteur de déploiement [/Users/jasminelatendresse/SOEN387-Projects-and-Labs/Assignment 1/apache-tomcat-9.0.26/conf/Catalina/localhost/Assignment 1.xml] a pris [1 350] ms
04-Oct-2019 20:38:24.287 INFOS [http-nio-8080-exec-16] org.apache.catalina.util.LifecycleBase.start La méthode start() a été appelée sur le composant [StandardEngine[Catalina].StandardHost[localhost].StandardContext[/Assignment 1]] après que start() ait déjà été appelé, le deuxième appel sera ignoré
