28-Sep-2019 11:35:23.358 INFOS [main] org.apache.catalina.startup.VersionLoggerListener.log Version du serveur:        Apache Tomcat/9.0.26
28-Sep-2019 11:35:23.504 INFOS [main] org.apache.catalina.startup.VersionLoggerListener.log Serveur compilé:       Sep 16 2019 15:51:39 UTC
28-Sep-2019 11:35:23.507 INFOS [main] org.apache.catalina.startup.VersionLoggerListener.log Version du serveur:      9.0.26.0
28-Sep-2019 11:35:23.507 INFOS [main] org.apache.catalina.startup.VersionLoggerListener.log Nom de l'OS:           Mac OS X
28-Sep-2019 11:35:23.507 INFOS [main] org.apache.catalina.startup.VersionLoggerListener.log Version de l'OS:        10.14.6
28-Sep-2019 11:35:23.507 INFOS [main] org.apache.catalina.startup.VersionLoggerListener.log Architecture:          x86_64
28-Sep-2019 11:35:23.507 INFOS [main] org.apache.catalina.startup.VersionLoggerListener.log Répertoire de Java:     /Library/Java/JavaVirtualMachines/jdk1.8.0_101.jdk/Contents/Home/jre
28-Sep-2019 11:35:23.515 INFOS [main] org.apache.catalina.startup.VersionLoggerListener.log Version de la JVM:           1.8.0_101-b13
28-Sep-2019 11:35:23.515 INFOS [main] org.apache.catalina.startup.VersionLoggerListener.log Fournisseur de la JVM:            Oracle Corporation
28-Sep-2019 11:35:23.516 INFOS [main] org.apache.catalina.startup.VersionLoggerListener.log CATALINA_BASE:         /Users/jasminelatendresse/SOEN387-Projects-and-Labs/Assignment 1/apache-tomcat-9.0.26
28-Sep-2019 11:35:23.516 INFOS [main] org.apache.catalina.startup.VersionLoggerListener.log CATALINA_HOME:         /Users/jasminelatendresse/SOEN387-Projects-and-Labs/Assignment 1/apache-tomcat-9.0.26
28-Sep-2019 11:35:23.539 INFOS [main] org.apache.catalina.startup.VersionLoggerListener.log Argument de la ligne de commande: -Djava.util.logging.config.file=/Users/jasminelatendresse/SOEN387-Projects-and-Labs/Assignment 1/apache-tomcat-9.0.26/conf/logging.properties
28-Sep-2019 11:35:23.547 INFOS [main] org.apache.catalina.startup.VersionLoggerListener.log Argument de la ligne de commande: -Djava.util.logging.manager=org.apache.juli.ClassLoaderLogManager
28-Sep-2019 11:35:23.548 INFOS [main] org.apache.catalina.startup.VersionLoggerListener.log Argument de la ligne de commande: -Dhttp.nonProxyHosts=localhost|127.0.0.1|Jasmines-Air
28-Sep-2019 11:35:23.549 INFOS [main] org.apache.catalina.startup.VersionLoggerListener.log Argument de la ligne de commande: -Djdk.tls.ephemeralDHKeySize=2048
28-Sep-2019 11:35:23.549 INFOS [main] org.apache.catalina.startup.VersionLoggerListener.log Argument de la ligne de commande: -Djava.protocol.handler.pkgs=org.apache.catalina.webresources
28-Sep-2019 11:35:23.549 INFOS [main] org.apache.catalina.startup.VersionLoggerListener.log Argument de la ligne de commande: -Dorg.apache.catalina.security.SecurityListener.UMASK=0027
28-Sep-2019 11:35:23.551 INFOS [main] org.apache.catalina.startup.VersionLoggerListener.log Argument de la ligne de commande: -Dignore.endorsed.dirs=
28-Sep-2019 11:35:23.551 INFOS [main] org.apache.catalina.startup.VersionLoggerListener.log Argument de la ligne de commande: -Dcatalina.base=/Users/jasminelatendresse/SOEN387-Projects-and-Labs/Assignment 1/apache-tomcat-9.0.26
28-Sep-2019 11:35:23.570 INFOS [main] org.apache.catalina.startup.VersionLoggerListener.log Argument de la ligne de commande: -Dcatalina.home=/Users/jasminelatendresse/SOEN387-Projects-and-Labs/Assignment 1/apache-tomcat-9.0.26
28-Sep-2019 11:35:23.571 INFOS [main] org.apache.catalina.startup.VersionLoggerListener.log Argument de la ligne de commande: -Djava.io.tmpdir=/Users/jasminelatendresse/SOEN387-Projects-and-Labs/Assignment 1/apache-tomcat-9.0.26/temp
28-Sep-2019 11:35:23.571 INFOS [main] org.apache.catalina.core.AprLifecycleListener.lifecycleEvent La librairie Apache Tomcat Native basée sur APR qui permet des performances optimales dans les environnements de production n'a pas été trouvée sur le java.library.path: [/Users/jasminelatendresse/Library/Java/Extensions:/Library/Java/Extensions:/Network/Library/Java/Extensions:/System/Library/Java/Extensions:/usr/lib/java:.]
28-Sep-2019 11:35:27.343 INFOS [main] org.apache.coyote.AbstractProtocol.init Initialisation du gestionnaire de protocole ["http-nio-8080"]
28-Sep-2019 11:35:28.068 INFOS [main] org.apache.coyote.AbstractProtocol.init Initialisation du gestionnaire de protocole ["ajp-nio-8009"]
28-Sep-2019 11:35:28.176 INFOS [main] org.apache.catalina.startup.Catalina.load L'initialisation du serveur a pris [7 867] millisecondes
28-Sep-2019 11:35:28.589 INFOS [main] org.apache.catalina.core.StandardService.startInternal Démarrage du service [Catalina]
28-Sep-2019 11:35:28.591 INFOS [main] org.apache.catalina.core.StandardEngine.startInternal Démarrage du moteur de Servlets: [Apache Tomcat/9.0.26]
28-Sep-2019 11:35:28.819 INFOS [main] org.apache.catalina.startup.HostConfig.deployDescriptor Déploiement du descripteur de configuration [/Users/jasminelatendresse/SOEN387-Projects-and-Labs/Assignment 1/apache-tomcat-9.0.26/conf/Catalina/localhost/Assignment 1.xml]
28-Sep-2019 11:35:29.012 AVERTISSEMENT [main] org.apache.catalina.startup.HostConfig.deployDescriptor L'attribut path avec la valeur [/Assignment 1] dans le descripteur de déploiement [/Users/jasminelatendresse/SOEN387-Projects-and-Labs/Assignment 1/apache-tomcat-9.0.26/conf/Catalina/localhost/Assignment 1.xml] a été ignoré
28-Sep-2019 11:35:31.529 AVERTISSEMENT [main] org.apache.catalina.util.SessionIdGeneratorBase.createSecureRandom La création de l'instance de SecureRandom pour le générateur d'id de session en utilisant [SHA1PRNG] a pris [184] millisecondes
28-Sep-2019 11:35:31.691 INFOS [main] org.apache.catalina.startup.HostConfig.deployDescriptor Le traitement du descripteur de déploiement [/Users/jasminelatendresse/SOEN387-Projects-and-Labs/Assignment 1/apache-tomcat-9.0.26/conf/Catalina/localhost/Assignment 1.xml] a pris [2 872] ms
28-Sep-2019 11:35:31.691 INFOS [main] org.apache.catalina.startup.HostConfig.deployDescriptor Déploiement du descripteur de configuration [/Users/jasminelatendresse/SOEN387-Projects-and-Labs/Assignment 1/apache-tomcat-9.0.26/conf/Catalina/localhost/WebApplicationDemo.xml]
28-Sep-2019 11:35:31.701 AVERTISSEMENT [main] org.apache.catalina.startup.HostConfig.deployDescriptor L'attribut path avec la valeur [/WebApplicationDemo] dans le descripteur de déploiement [/Users/jasminelatendresse/SOEN387-Projects-and-Labs/Assignment 1/apache-tomcat-9.0.26/conf/Catalina/localhost/WebApplicationDemo.xml] a été ignoré
28-Sep-2019 11:35:31.768 GRAVE [main] org.apache.catalina.startup.HostConfig.deployDescriptor Erreur lors du déploiement du descripteur de configuration [/Users/jasminelatendresse/SOEN387-Projects-and-Labs/Assignment 1/apache-tomcat-9.0.26/conf/Catalina/localhost/WebApplicationDemo.xml]
	java.lang.IllegalStateException: Erreur lors du démarrage du conteneur fils
		at org.apache.catalina.core.ContainerBase.addChildInternal(ContainerBase.java:720)
		at org.apache.catalina.core.ContainerBase.addChild(ContainerBase.java:690)
		at org.apache.catalina.core.StandardHost.addChild(StandardHost.java:705)
		at org.apache.catalina.startup.HostConfig.deployDescriptor(HostConfig.java:631)
		at org.apache.catalina.startup.HostConfig$DeployDescriptor.run(HostConfig.java:1831)
		at java.util.concurrent.Executors$RunnableAdapter.call(Executors.java:511)
		at java.util.concurrent.FutureTask.run(FutureTask.java:266)
		at org.apache.tomcat.util.threads.InlineExecutorService.execute(InlineExecutorService.java:75)
		at java.util.concurrent.AbstractExecutorService.submit(AbstractExecutorService.java:112)
		at org.apache.catalina.startup.HostConfig.deployDescriptors(HostConfig.java:526)
		at org.apache.catalina.startup.HostConfig.deployApps(HostConfig.java:425)
		at org.apache.catalina.startup.HostConfig.start(HostConfig.java:1576)
		at org.apache.catalina.startup.HostConfig.lifecycleEvent(HostConfig.java:309)
		at org.apache.catalina.util.LifecycleBase.fireLifecycleEvent(LifecycleBase.java:123)
		at org.apache.catalina.util.LifecycleBase.setStateInternal(LifecycleBase.java:423)
		at org.apache.catalina.util.LifecycleBase.setState(LifecycleBase.java:366)
		at org.apache.catalina.core.ContainerBase.startInternal(ContainerBase.java:936)
		at org.apache.catalina.core.StandardHost.startInternal(StandardHost.java:841)
		at org.apache.catalina.util.LifecycleBase.start(LifecycleBase.java:183)
		at org.apache.catalina.core.ContainerBase$StartChild.call(ContainerBase.java:1384)
		at org.apache.catalina.core.ContainerBase$StartChild.call(ContainerBase.java:1374)
		at java.util.concurrent.FutureTask.run(FutureTask.java:266)
		at org.apache.tomcat.util.threads.InlineExecutorService.execute(InlineExecutorService.java:75)
		at java.util.concurrent.AbstractExecutorService.submit(AbstractExecutorService.java:134)
		at org.apache.catalina.core.ContainerBase.startInternal(ContainerBase.java:909)
		at org.apache.catalina.core.StandardEngine.startInternal(StandardEngine.java:262)
		at org.apache.catalina.util.LifecycleBase.start(LifecycleBase.java:183)
		at org.apache.catalina.core.StandardService.startInternal(StandardService.java:421)
		at org.apache.catalina.util.LifecycleBase.start(LifecycleBase.java:183)
		at org.apache.catalina.core.StandardServer.startInternal(StandardServer.java:932)
		at org.apache.catalina.util.LifecycleBase.start(LifecycleBase.java:183)
		at org.apache.catalina.startup.Catalina.start(Catalina.java:633)
		at sun.reflect.NativeMethodAccessorImpl.invoke0(Native Method)
		at sun.reflect.NativeMethodAccessorImpl.invoke(NativeMethodAccessorImpl.java:62)
		at sun.reflect.DelegatingMethodAccessorImpl.invoke(DelegatingMethodAccessorImpl.java:43)
		at java.lang.reflect.Method.invoke(Method.java:498)
		at org.apache.catalina.startup.Bootstrap.start(Bootstrap.java:344)
		at org.apache.catalina.startup.Bootstrap.main(Bootstrap.java:475)
	Caused by: org.apache.catalina.LifecycleException: Echec de démarrage du composant [org.apache.catalina.webresources.StandardRoot@15b204a1]
		at org.apache.catalina.util.LifecycleBase.handleSubClassException(LifecycleBase.java:440)
		at org.apache.catalina.util.LifecycleBase.start(LifecycleBase.java:198)
		at org.apache.catalina.core.StandardContext.resourcesStart(StandardContext.java:4800)
		at org.apache.catalina.core.StandardContext.startInternal(StandardContext.java:4935)
		at org.apache.catalina.util.LifecycleBase.start(LifecycleBase.java:183)
		at org.apache.catalina.core.ContainerBase.addChildInternal(ContainerBase.java:717)
		... 37 more
	Caused by: java.lang.IllegalArgumentException: L'ensemble de ressources principal [/Users/Airi/Documents/SOEN387-Projects-and-Labs/Labs/WebApplicationDemo/build/web] est invalide
		at org.apache.catalina.webresources.StandardRoot.createMainResourceSet(StandardRoot.java:752)
		at org.apache.catalina.webresources.StandardRoot.startInternal(StandardRoot.java:709)
		at org.apache.catalina.util.LifecycleBase.start(LifecycleBase.java:183)
		... 41 more
28-Sep-2019 11:35:31.871 INFOS [main] org.apache.catalina.startup.HostConfig.deployDescriptor Le traitement du descripteur de déploiement [/Users/jasminelatendresse/SOEN387-Projects-and-Labs/Assignment 1/apache-tomcat-9.0.26/conf/Catalina/localhost/WebApplicationDemo.xml] a pris [107] ms
28-Sep-2019 11:35:31.872 INFOS [main] org.apache.catalina.startup.HostConfig.deployDirectory Déploiement du répertoire d'application web [/Users/jasminelatendresse/SOEN387-Projects-and-Labs/Assignment 1/apache-tomcat-9.0.26/webapps/docs]
28-Sep-2019 11:35:32.176 INFOS [main] org.apache.catalina.startup.HostConfig.deployDirectory Le déploiement du répertoire [/Users/jasminelatendresse/SOEN387-Projects-and-Labs/Assignment 1/apache-tomcat-9.0.26/webapps/docs] de l'application web s'est terminé en [303] ms
28-Sep-2019 11:35:32.202 INFOS [main] org.apache.catalina.startup.HostConfig.deployDirectory Déploiement du répertoire d'application web [/Users/jasminelatendresse/SOEN387-Projects-and-Labs/Assignment 1/apache-tomcat-9.0.26/webapps/manager]
28-Sep-2019 11:35:32.639 INFOS [main] org.apache.catalina.startup.HostConfig.deployDirectory Le déploiement du répertoire [/Users/jasminelatendresse/SOEN387-Projects-and-Labs/Assignment 1/apache-tomcat-9.0.26/webapps/manager] de l'application web s'est terminé en [437] ms
28-Sep-2019 11:35:32.640 INFOS [main] org.apache.catalina.startup.HostConfig.deployDirectory Déploiement du répertoire d'application web [/Users/jasminelatendresse/SOEN387-Projects-and-Labs/Assignment 1/apache-tomcat-9.0.26/webapps/examples]
28-Sep-2019 11:35:36.226 INFOS [main] org.apache.catalina.startup.HostConfig.deployDirectory Le déploiement du répertoire [/Users/jasminelatendresse/SOEN387-Projects-and-Labs/Assignment 1/apache-tomcat-9.0.26/webapps/examples] de l'application web s'est terminé en [3 586] ms
28-Sep-2019 11:35:36.227 INFOS [main] org.apache.catalina.startup.HostConfig.deployDirectory Déploiement du répertoire d'application web [/Users/jasminelatendresse/SOEN387-Projects-and-Labs/Assignment 1/apache-tomcat-9.0.26/webapps/ROOT]
28-Sep-2019 11:35:36.653 INFOS [main] org.apache.catalina.startup.HostConfig.deployDirectory Le déploiement du répertoire [/Users/jasminelatendresse/SOEN387-Projects-and-Labs/Assignment 1/apache-tomcat-9.0.26/webapps/ROOT] de l'application web s'est terminé en [425] ms
28-Sep-2019 11:35:36.654 INFOS [main] org.apache.catalina.startup.HostConfig.deployDirectory Déploiement du répertoire d'application web [/Users/jasminelatendresse/SOEN387-Projects-and-Labs/Assignment 1/apache-tomcat-9.0.26/webapps/host-manager]
28-Sep-2019 11:35:37.039 INFOS [main] org.apache.catalina.startup.HostConfig.deployDirectory Le déploiement du répertoire [/Users/jasminelatendresse/SOEN387-Projects-and-Labs/Assignment 1/apache-tomcat-9.0.26/webapps/host-manager] de l'application web s'est terminé en [384] ms
28-Sep-2019 11:35:37.097 INFOS [main] org.apache.coyote.AbstractProtocol.start Démarrage du gestionnaire de protocole ["http-nio-8080"]
28-Sep-2019 11:35:37.254 INFOS [main] org.apache.coyote.AbstractProtocol.start Démarrage du gestionnaire de protocole ["ajp-nio-8009"]
28-Sep-2019 11:35:37.290 INFOS [main] org.apache.catalina.startup.Catalina.start Le démarrage du serveur a pris [9 113] millisecondes
28-Sep-2019 11:36:09.663 INFOS [http-nio-8080-exec-3] org.apache.catalina.core.StandardContext.reload Le rechargement du contexte [/Assignment 1] a démarré
28-Sep-2019 11:36:10.599 INFOS [http-nio-8080-exec-3] org.apache.catalina.core.StandardContext.reload Le rechargement de ce contexte est terminé
28-Sep-2019 11:38:52.474 INFOS [http-nio-8080-exec-12] org.apache.catalina.core.StandardContext.reload Le rechargement du contexte [/Assignment 1] a démarré
28-Sep-2019 11:38:52.804 INFOS [http-nio-8080-exec-12] org.apache.catalina.core.StandardContext.reload Le rechargement de ce contexte est terminé
28-Sep-2019 11:39:24.901 INFOS [http-nio-8080-exec-7] org.apache.catalina.core.StandardContext.reload Le rechargement du contexte [/Assignment 1] a démarré
28-Sep-2019 11:39:25.240 INFOS [http-nio-8080-exec-7] org.apache.catalina.core.StandardContext.reload Le rechargement de ce contexte est terminé
28-Sep-2019 11:39:42.485 INFOS [http-nio-8080-exec-15] org.apache.catalina.core.StandardContext.reload Le rechargement du contexte [/Assignment 1] a démarré
28-Sep-2019 11:39:42.818 INFOS [http-nio-8080-exec-15] org.apache.catalina.core.StandardContext.reload Le rechargement de ce contexte est terminé
28-Sep-2019 11:40:40.157 INFOS [http-nio-8080-exec-14] org.apache.catalina.core.StandardContext.reload Le rechargement du contexte [/Assignment 1] a démarré
28-Sep-2019 11:40:40.617 INFOS [http-nio-8080-exec-14] org.apache.catalina.core.StandardContext.reload Le rechargement de ce contexte est terminé
28-Sep-2019 11:42:05.231 INFOS [http-nio-8080-exec-24] org.apache.catalina.core.StandardContext.reload Le rechargement du contexte [/Assignment 1] a démarré
28-Sep-2019 11:42:05.589 INFOS [http-nio-8080-exec-24] org.apache.catalina.core.StandardContext.reload Le rechargement de ce contexte est terminé
28-Sep-2019 11:42:26.666 INFOS [http-nio-8080-exec-18] org.apache.catalina.core.StandardContext.reload Le rechargement du contexte [/Assignment 1] a démarré
28-Sep-2019 11:42:26.781 INFOS [http-nio-8080-exec-18] org.apache.catalina.core.StandardContext.reload Le rechargement de ce contexte est terminé
28-Sep-2019 11:42:30.054 INFOS [http-nio-8080-exec-32] org.apache.catalina.core.StandardContext.reload Le rechargement du contexte [/Assignment 1] a démarré
28-Sep-2019 11:42:30.137 INFOS [http-nio-8080-exec-32] org.apache.catalina.core.StandardContext.reload Le rechargement de ce contexte est terminé
28-Sep-2019 11:42:51.884 INFOS [http-nio-8080-exec-32] org.apache.catalina.core.StandardContext.reload Le rechargement du contexte [/Assignment 1] a démarré
28-Sep-2019 11:42:51.999 INFOS [http-nio-8080-exec-32] org.apache.catalina.core.StandardContext.reload Le rechargement de ce contexte est terminé
28-Sep-2019 11:46:23.143 INFOS [http-nio-8080-exec-39] org.apache.catalina.core.StandardContext.reload Le rechargement du contexte [/Assignment 1] a démarré
28-Sep-2019 11:46:23.839 INFOS [http-nio-8080-exec-39] org.apache.catalina.core.StandardContext.reload Le rechargement de ce contexte est terminé
28-Sep-2019 11:47:04.926 INFOS [http-nio-8080-exec-35] org.apache.catalina.core.StandardContext.reload Le rechargement du contexte [/Assignment 1] a démarré
28-Sep-2019 11:47:04.975 INFOS [http-nio-8080-exec-35] org.apache.catalina.core.StandardContext.reload Le rechargement de ce contexte est terminé
28-Sep-2019 11:47:22.686 INFOS [http-nio-8080-exec-38] org.apache.catalina.core.StandardContext.reload Le rechargement du contexte [/Assignment 1] a démarré
28-Sep-2019 11:47:22.752 INFOS [http-nio-8080-exec-38] org.apache.catalina.core.StandardContext.reload Le rechargement de ce contexte est terminé
28-Sep-2019 11:48:43.272 INFOS [http-nio-8080-exec-45] org.apache.catalina.core.StandardContext.reload Le rechargement du contexte [/Assignment 1] a démarré
28-Sep-2019 11:48:43.353 INFOS [http-nio-8080-exec-45] org.apache.catalina.core.StandardContext.reload Le rechargement de ce contexte est terminé
28-Sep-2019 11:49:25.830 INFOS [http-nio-8080-exec-45] org.apache.catalina.core.StandardContext.reload Le rechargement du contexte [/Assignment 1] a démarré
28-Sep-2019 11:49:25.920 INFOS [http-nio-8080-exec-45] org.apache.catalina.core.StandardContext.reload Le rechargement de ce contexte est terminé
28-Sep-2019 11:50:20.982 INFOS [http-nio-8080-exec-37] org.apache.catalina.core.StandardContext.reload Le rechargement du contexte [/Assignment 1] a démarré
28-Sep-2019 11:50:21.085 INFOS [http-nio-8080-exec-37] org.apache.catalina.core.StandardContext.reload Le rechargement de ce contexte est terminé
28-Sep-2019 11:52:18.175 INFOS [http-nio-8080-exec-62] org.apache.catalina.core.StandardContext.reload Le rechargement du contexte [/Assignment 1] a démarré
28-Sep-2019 11:52:18.283 INFOS [http-nio-8080-exec-62] org.apache.catalina.core.StandardContext.reload Le rechargement de ce contexte est terminé
28-Sep-2019 11:59:42.791 INFOS [http-nio-8080-exec-68] org.apache.catalina.core.StandardContext.reload Le rechargement du contexte [/Assignment 1] a démarré
28-Sep-2019 11:59:43.242 INFOS [http-nio-8080-exec-68] org.apache.catalina.core.StandardContext.reload Le rechargement de ce contexte est terminé
28-Sep-2019 12:05:56.503 INFOS [http-nio-8080-exec-76] org.apache.catalina.core.StandardContext.reload Le rechargement du contexte [/Assignment 1] a démarré
28-Sep-2019 12:05:56.969 INFOS [http-nio-8080-exec-76] org.apache.catalina.core.StandardContext.reload Le rechargement de ce contexte est terminé
28-Sep-2019 12:08:19.995 INFOS [http-nio-8080-exec-88] org.apache.catalina.core.StandardContext.reload Le rechargement du contexte [/Assignment 1] a démarré
28-Sep-2019 12:08:20.190 INFOS [http-nio-8080-exec-88] org.apache.catalina.core.StandardContext.reload Le rechargement de ce contexte est terminé
28-Sep-2019 12:12:02.538 INFOS [http-nio-8080-exec-97] org.apache.catalina.core.StandardContext.reload Le rechargement du contexte [/Assignment 1] a démarré
28-Sep-2019 12:12:03.077 INFOS [http-nio-8080-exec-97] org.apache.catalina.core.StandardContext.reload Le rechargement de ce contexte est terminé
28-Sep-2019 12:13:29.153 INFOS [http-nio-8080-exec-106] org.apache.catalina.core.StandardContext.reload Le rechargement du contexte [/Assignment 1] a démarré
28-Sep-2019 12:13:29.612 INFOS [http-nio-8080-exec-106] org.apache.catalina.core.StandardContext.reload Le rechargement de ce contexte est terminé
28-Sep-2019 12:13:52.173 INFOS [http-nio-8080-exec-109] org.apache.catalina.core.StandardContext.reload Le rechargement du contexte [/Assignment 1] a démarré
28-Sep-2019 12:13:52.313 INFOS [http-nio-8080-exec-109] org.apache.catalina.core.StandardContext.reload Le rechargement de ce contexte est terminé
28-Sep-2019 12:14:00.385 INFOS [http-nio-8080-exec-109] org.apache.catalina.core.StandardContext.reload Le rechargement du contexte [/Assignment 1] a démarré
28-Sep-2019 12:14:00.436 INFOS [http-nio-8080-exec-109] org.apache.catalina.core.StandardContext.reload Le rechargement de ce contexte est terminé
28-Sep-2019 12:14:06.351 INFOS [http-nio-8080-exec-111] org.apache.catalina.core.StandardContext.reload Le rechargement du contexte [/Assignment 1] a démarré
28-Sep-2019 12:14:06.484 INFOS [http-nio-8080-exec-111] org.apache.catalina.core.StandardContext.reload Le rechargement de ce contexte est terminé
28-Sep-2019 12:14:18.990 INFOS [http-nio-8080-exec-116] org.apache.catalina.core.StandardContext.reload Le rechargement du contexte [/Assignment 1] a démarré
28-Sep-2019 12:14:19.101 INFOS [http-nio-8080-exec-116] org.apache.catalina.core.StandardContext.reload Le rechargement de ce contexte est terminé
28-Sep-2019 12:14:37.319 INFOS [http-nio-8080-exec-115] org.apache.catalina.core.StandardContext.reload Le rechargement du contexte [/Assignment 1] a démarré
28-Sep-2019 12:14:37.497 INFOS [http-nio-8080-exec-115] org.apache.catalina.core.StandardContext.reload Le rechargement de ce contexte est terminé
28-Sep-2019 12:14:40.736 INFOS [http-nio-8080-exec-125] org.apache.catalina.core.StandardContext.reload Le rechargement du contexte [/Assignment 1] a démarré
28-Sep-2019 12:14:40.798 INFOS [http-nio-8080-exec-125] org.apache.catalina.core.StandardContext.reload Le rechargement de ce contexte est terminé
28-Sep-2019 12:15:04.574 INFOS [http-nio-8080-exec-119] org.apache.catalina.core.StandardContext.reload Le rechargement du contexte [/Assignment 1] a démarré
28-Sep-2019 12:15:04.805 INFOS [http-nio-8080-exec-119] org.apache.catalina.core.StandardContext.reload Le rechargement de ce contexte est terminé
28-Sep-2019 12:15:07.667 INFOS [http-nio-8080-exec-114] org.apache.catalina.core.StandardContext.reload Le rechargement du contexte [/Assignment 1] a démarré
28-Sep-2019 12:15:07.776 INFOS [http-nio-8080-exec-114] org.apache.catalina.core.StandardContext.reload Le rechargement de ce contexte est terminé
28-Sep-2019 12:15:14.751 INFOS [http-nio-8080-exec-114] org.apache.catalina.core.StandardContext.reload Le rechargement du contexte [/Assignment 1] a démarré
28-Sep-2019 12:15:14.843 INFOS [http-nio-8080-exec-114] org.apache.catalina.core.StandardContext.reload Le rechargement de ce contexte est terminé
28-Sep-2019 12:15:22.186 INFOS [http-nio-8080-exec-114] org.apache.catalina.core.StandardContext.reload Le rechargement du contexte [/Assignment 1] a démarré
28-Sep-2019 12:15:22.238 INFOS [http-nio-8080-exec-114] org.apache.catalina.core.StandardContext.reload Le rechargement de ce contexte est terminé
28-Sep-2019 12:15:50.888 INFOS [http-nio-8080-exec-125] org.apache.catalina.core.StandardContext.reload Le rechargement du contexte [/Assignment 1] a démarré
28-Sep-2019 12:15:50.939 INFOS [http-nio-8080-exec-125] org.apache.catalina.core.StandardContext.reload Le rechargement de ce contexte est terminé
28-Sep-2019 12:16:25.851 INFOS [http-nio-8080-exec-134] org.apache.catalina.core.StandardContext.reload Le rechargement du contexte [/Assignment 1] a démarré
28-Sep-2019 12:16:25.915 INFOS [http-nio-8080-exec-134] org.apache.catalina.core.StandardContext.reload Le rechargement de ce contexte est terminé
28-Sep-2019 12:16:52.017 INFOS [http-nio-8080-exec-137] org.apache.catalina.core.StandardContext.reload Le rechargement du contexte [/Assignment 1] a démarré
28-Sep-2019 12:16:52.115 INFOS [http-nio-8080-exec-137] org.apache.catalina.core.StandardContext.reload Le rechargement de ce contexte est terminé
28-Sep-2019 12:17:11.267 INFOS [http-nio-8080-exec-137] org.apache.catalina.core.StandardContext.reload Le rechargement du contexte [/Assignment 1] a démarré
28-Sep-2019 12:17:11.574 INFOS [http-nio-8080-exec-137] org.apache.catalina.core.StandardContext.reload Le rechargement de ce contexte est terminé
28-Sep-2019 12:17:31.687 INFOS [http-nio-8080-exec-137] org.apache.catalina.core.StandardContext.reload Le rechargement du contexte [/Assignment 1] a démarré
28-Sep-2019 12:17:31.875 INFOS [http-nio-8080-exec-137] org.apache.catalina.core.StandardContext.reload Le rechargement de ce contexte est terminé
28-Sep-2019 12:17:43.317 INFOS [http-nio-8080-exec-131] org.apache.catalina.core.StandardContext.reload Le rechargement du contexte [/Assignment 1] a démarré
28-Sep-2019 12:17:43.546 INFOS [http-nio-8080-exec-131] org.apache.catalina.core.StandardContext.reload Le rechargement de ce contexte est terminé
28-Sep-2019 12:17:56.680 INFOS [http-nio-8080-exec-147] org.apache.catalina.core.StandardContext.reload Le rechargement du contexte [/Assignment 1] a démarré
28-Sep-2019 12:17:56.787 INFOS [http-nio-8080-exec-147] org.apache.catalina.core.StandardContext.reload Le rechargement de ce contexte est terminé
28-Sep-2019 12:18:30.014 INFOS [http-nio-8080-exec-155] org.apache.catalina.core.StandardContext.reload Le rechargement du contexte [/Assignment 1] a démarré
28-Sep-2019 12:18:30.137 INFOS [http-nio-8080-exec-155] org.apache.catalina.core.StandardContext.reload Le rechargement de ce contexte est terminé
