28-Sep-2019 11:35:36.203 INFOS [main] org.apache.catalina.core.ApplicationContext.log ContextListener: contextInitialized()
28-Sep-2019 11:35:36.204 INFOS [main] org.apache.catalina.core.ApplicationContext.log SessionListener: contextInitialized()
28-Sep-2019 11:35:36.208 INFOS [main] org.apache.catalina.core.ApplicationContext.log ContextListener: attributeAdded('StockTicker', 'async.Stockticker@2177849e')
28-Sep-2019 11:37:14.171 GRAVE [http-nio-8080-exec-2] org.apache.catalina.core.StandardWrapperValve.invoke "Servlet.service()" pour la servlet [SoenServlet] a généré une exception
	java.lang.NullPointerException
		at SoenServlet.processRequest(SoenServlet.java:37)
		at SoenServlet.doGet(SoenServlet.java:96)
		at javax.servlet.http.HttpServlet.service(HttpServlet.java:634)
		at javax.servlet.http.HttpServlet.service(HttpServlet.java:741)
		at org.apache.catalina.core.ApplicationFilterChain.internalDoFilter(ApplicationFilterChain.java:231)
		at org.apache.catalina.core.ApplicationFilterChain.doFilter(ApplicationFilterChain.java:166)
		at org.apache.tomcat.websocket.server.WsFilter.doFilter(WsFilter.java:53)
		at org.apache.catalina.core.ApplicationFilterChain.internalDoFilter(ApplicationFilterChain.java:193)
		at org.apache.catalina.core.ApplicationFilterChain.doFilter(ApplicationFilterChain.java:166)
		at org.apache.catalina.core.StandardWrapperValve.invoke(StandardWrapperValve.java:202)
		at org.apache.catalina.core.StandardContextValve.invoke(StandardContextValve.java:96)
		at org.apache.catalina.authenticator.AuthenticatorBase.invoke(AuthenticatorBase.java:526)
		at org.apache.catalina.core.StandardHostValve.invoke(StandardHostValve.java:139)
		at org.apache.catalina.valves.ErrorReportValve.invoke(ErrorReportValve.java:92)
		at org.apache.catalina.valves.AbstractAccessLogValve.invoke(AbstractAccessLogValve.java:678)
		at org.apache.catalina.core.StandardEngineValve.invoke(StandardEngineValve.java:74)
		at org.apache.catalina.connector.CoyoteAdapter.service(CoyoteAdapter.java:343)
		at org.apache.coyote.http11.Http11Processor.service(Http11Processor.java:408)
		at org.apache.coyote.AbstractProcessorLight.process(AbstractProcessorLight.java:66)
		at org.apache.coyote.AbstractProtocol$ConnectionHandler.process(AbstractProtocol.java:860)
		at org.apache.tomcat.util.net.NioEndpoint$SocketProcessor.doRun(NioEndpoint.java:1589)
		at org.apache.tomcat.util.net.SocketProcessorBase.run(SocketProcessorBase.java:49)
		at java.util.concurrent.ThreadPoolExecutor.runWorker(ThreadPoolExecutor.java:1142)
		at java.util.concurrent.ThreadPoolExecutor$Worker.run(ThreadPoolExecutor.java:617)
		at org.apache.tomcat.util.threads.TaskThread$WrappingRunnable.run(TaskThread.java:61)
		at java.lang.Thread.run(Thread.java:745)
28-Sep-2019 13:48:29.830 INFOS [main] org.apache.catalina.core.ApplicationContext.log SessionListener: contextDestroyed()
28-Sep-2019 13:48:29.831 INFOS [main] org.apache.catalina.core.ApplicationContext.log ContextListener: contextDestroyed()
28-Sep-2019 13:49:05.446 INFOS [main] org.apache.catalina.core.ApplicationContext.log ContextListener: contextInitialized()
28-Sep-2019 13:49:05.454 INFOS [main] org.apache.catalina.core.ApplicationContext.log SessionListener: contextInitialized()
28-Sep-2019 13:49:05.477 INFOS [main] org.apache.catalina.core.ApplicationContext.log ContextListener: attributeAdded('StockTicker', 'async.Stockticker@2177849e')
28-Sep-2019 14:20:24.216 INFOS [Thread-5] org.apache.catalina.core.ApplicationContext.log SessionListener: contextDestroyed()
28-Sep-2019 14:20:24.217 INFOS [Thread-5] org.apache.catalina.core.ApplicationContext.log ContextListener: contextDestroyed()
28-Sep-2019 14:21:11.160 INFOS [main] org.apache.catalina.core.ApplicationContext.log ContextListener: contextInitialized()
28-Sep-2019 14:21:11.166 INFOS [main] org.apache.catalina.core.ApplicationContext.log SessionListener: contextInitialized()
28-Sep-2019 14:21:11.171 INFOS [main] org.apache.catalina.core.ApplicationContext.log ContextListener: attributeAdded('StockTicker', 'async.Stockticker@40cb8df7')
28-Sep-2019 15:20:17.938 GRAVE [Catalina-utility-2] org.apache.catalina.core.StandardContext.filterStart Exception au démarrage du filtre [HTTPMonitorFilter]
	java.lang.ClassNotFoundException: org.netbeans.modules.web.monitor.server.MonitorFilter
		at org.apache.catalina.loader.WebappClassLoaderBase.loadClass(WebappClassLoaderBase.java:1365)
		at org.apache.catalina.loader.WebappClassLoaderBase.loadClass(WebappClassLoaderBase.java:1188)
		at org.apache.catalina.core.DefaultInstanceManager.loadClass(DefaultInstanceManager.java:540)
		at org.apache.catalina.core.DefaultInstanceManager.loadClassMaybePrivileged(DefaultInstanceManager.java:521)
		at org.apache.catalina.core.DefaultInstanceManager.newInstance(DefaultInstanceManager.java:150)
		at org.apache.catalina.core.ApplicationFilterConfig.getFilter(ApplicationFilterConfig.java:249)
		at org.apache.catalina.core.ApplicationFilterConfig.<init>(ApplicationFilterConfig.java:102)
		at org.apache.catalina.core.StandardContext.filterStart(StandardContext.java:4533)
		at org.apache.catalina.core.StandardContext.startInternal(StandardContext.java:5172)
		at org.apache.catalina.util.LifecycleBase.start(LifecycleBase.java:183)
		at org.apache.catalina.core.StandardContext.reload(StandardContext.java:3758)
		at org.apache.catalina.startup.HostConfig.reload(HostConfig.java:1403)
		at org.apache.catalina.startup.HostConfig.checkResources(HostConfig.java:1376)
		at org.apache.catalina.startup.HostConfig.check(HostConfig.java:1611)
		at org.apache.catalina.startup.HostConfig.lifecycleEvent(HostConfig.java:305)
		at org.apache.catalina.util.LifecycleBase.fireLifecycleEvent(LifecycleBase.java:123)
		at org.apache.catalina.core.ContainerBase.backgroundProcess(ContainerBase.java:1151)
		at org.apache.catalina.core.ContainerBase$ContainerBackgroundProcessor.processChildren(ContainerBase.java:1353)
		at org.apache.catalina.core.ContainerBase$ContainerBackgroundProcessor.processChildren(ContainerBase.java:1357)
		at org.apache.catalina.core.ContainerBase$ContainerBackgroundProcessor.run(ContainerBase.java:1335)
		at java.util.concurrent.Executors$RunnableAdapter.call(Executors.java:511)
		at java.util.concurrent.FutureTask.runAndReset(FutureTask.java:308)
		at java.util.concurrent.ScheduledThreadPoolExecutor$ScheduledFutureTask.access$301(ScheduledThreadPoolExecutor.java:180)
		at java.util.concurrent.ScheduledThreadPoolExecutor$ScheduledFutureTask.run(ScheduledThreadPoolExecutor.java:294)
		at java.util.concurrent.ThreadPoolExecutor.runWorker(ThreadPoolExecutor.java:1142)
		at java.util.concurrent.ThreadPoolExecutor$Worker.run(ThreadPoolExecutor.java:617)
		at org.apache.tomcat.util.threads.TaskThread$WrappingRunnable.run(TaskThread.java:61)
		at java.lang.Thread.run(Thread.java:745)
28-Sep-2019 15:20:18.315 GRAVE [Catalina-utility-2] org.apache.catalina.core.StandardContext.filterStart Exception au démarrage du filtre [HTTPMonitorFilter]
	java.lang.ClassNotFoundException: org.netbeans.modules.web.monitor.server.MonitorFilter
		at org.apache.catalina.loader.WebappClassLoaderBase.loadClass(WebappClassLoaderBase.java:1365)
		at org.apache.catalina.loader.WebappClassLoaderBase.loadClass(WebappClassLoaderBase.java:1188)
		at org.apache.catalina.core.DefaultInstanceManager.loadClass(DefaultInstanceManager.java:540)
		at org.apache.catalina.core.DefaultInstanceManager.loadClassMaybePrivileged(DefaultInstanceManager.java:521)
		at org.apache.catalina.core.DefaultInstanceManager.newInstance(DefaultInstanceManager.java:150)
		at org.apache.catalina.core.ApplicationFilterConfig.getFilter(ApplicationFilterConfig.java:249)
		at org.apache.catalina.core.ApplicationFilterConfig.<init>(ApplicationFilterConfig.java:102)
		at org.apache.catalina.core.StandardContext.filterStart(StandardContext.java:4533)
		at org.apache.catalina.core.StandardContext.startInternal(StandardContext.java:5172)
		at org.apache.catalina.util.LifecycleBase.start(LifecycleBase.java:183)
		at org.apache.catalina.core.StandardContext.reload(StandardContext.java:3758)
		at org.apache.catalina.startup.HostConfig.reload(HostConfig.java:1403)
		at org.apache.catalina.startup.HostConfig.checkResources(HostConfig.java:1376)
		at org.apache.catalina.startup.HostConfig.check(HostConfig.java:1611)
		at org.apache.catalina.startup.HostConfig.lifecycleEvent(HostConfig.java:305)
		at org.apache.catalina.util.LifecycleBase.fireLifecycleEvent(LifecycleBase.java:123)
		at org.apache.catalina.core.ContainerBase.backgroundProcess(ContainerBase.java:1151)
		at org.apache.catalina.core.ContainerBase$ContainerBackgroundProcessor.processChildren(ContainerBase.java:1353)
		at org.apache.catalina.core.ContainerBase$ContainerBackgroundProcessor.processChildren(ContainerBase.java:1357)
		at org.apache.catalina.core.ContainerBase$ContainerBackgroundProcessor.run(ContainerBase.java:1335)
		at java.util.concurrent.Executors$RunnableAdapter.call(Executors.java:511)
		at java.util.concurrent.FutureTask.runAndReset(FutureTask.java:308)
		at java.util.concurrent.ScheduledThreadPoolExecutor$ScheduledFutureTask.access$301(ScheduledThreadPoolExecutor.java:180)
		at java.util.concurrent.ScheduledThreadPoolExecutor$ScheduledFutureTask.run(ScheduledThreadPoolExecutor.java:294)
		at java.util.concurrent.ThreadPoolExecutor.runWorker(ThreadPoolExecutor.java:1142)
		at java.util.concurrent.ThreadPoolExecutor$Worker.run(ThreadPoolExecutor.java:617)
		at org.apache.tomcat.util.threads.TaskThread$WrappingRunnable.run(TaskThread.java:61)
		at java.lang.Thread.run(Thread.java:745)
28-Sep-2019 15:20:18.567 INFOS [Catalina-utility-2] org.apache.catalina.core.ApplicationContext.log SessionListener: contextDestroyed()
28-Sep-2019 15:20:18.568 INFOS [Catalina-utility-2] org.apache.catalina.core.ApplicationContext.log ContextListener: contextDestroyed()
28-Sep-2019 15:20:20.868 INFOS [Catalina-utility-2] org.apache.catalina.core.ApplicationContext.log ContextListener: contextInitialized()
28-Sep-2019 15:20:20.868 INFOS [Catalina-utility-2] org.apache.catalina.core.ApplicationContext.log SessionListener: contextInitialized()
28-Sep-2019 15:20:20.873 INFOS [Catalina-utility-2] org.apache.catalina.core.ApplicationContext.log ContextListener: attributeAdded('StockTicker', 'async.Stockticker@6638838d')
28-Sep-2019 15:20:20.894 GRAVE [Catalina-utility-2] org.apache.catalina.core.StandardContext.filterStart Exception au démarrage du filtre [HTTPMonitorFilter]
	java.lang.ClassNotFoundException: org.netbeans.modules.web.monitor.server.MonitorFilter
		at org.apache.catalina.loader.WebappClassLoaderBase.loadClass(WebappClassLoaderBase.java:1365)
		at org.apache.catalina.loader.WebappClassLoaderBase.loadClass(WebappClassLoaderBase.java:1188)
		at org.apache.catalina.core.DefaultInstanceManager.loadClass(DefaultInstanceManager.java:540)
		at org.apache.catalina.core.DefaultInstanceManager.loadClassMaybePrivileged(DefaultInstanceManager.java:521)
		at org.apache.catalina.core.DefaultInstanceManager.newInstance(DefaultInstanceManager.java:150)
		at org.apache.catalina.core.ApplicationFilterConfig.getFilter(ApplicationFilterConfig.java:249)
		at org.apache.catalina.core.ApplicationFilterConfig.<init>(ApplicationFilterConfig.java:102)
		at org.apache.catalina.core.StandardContext.filterStart(StandardContext.java:4533)
		at org.apache.catalina.core.StandardContext.startInternal(StandardContext.java:5172)
		at org.apache.catalina.util.LifecycleBase.start(LifecycleBase.java:183)
		at org.apache.catalina.core.StandardContext.reload(StandardContext.java:3758)
		at org.apache.catalina.startup.HostConfig.reload(HostConfig.java:1403)
		at org.apache.catalina.startup.HostConfig.checkResources(HostConfig.java:1376)
		at org.apache.catalina.startup.HostConfig.check(HostConfig.java:1611)
		at org.apache.catalina.startup.HostConfig.lifecycleEvent(HostConfig.java:305)
		at org.apache.catalina.util.LifecycleBase.fireLifecycleEvent(LifecycleBase.java:123)
		at org.apache.catalina.core.ContainerBase.backgroundProcess(ContainerBase.java:1151)
		at org.apache.catalina.core.ContainerBase$ContainerBackgroundProcessor.processChildren(ContainerBase.java:1353)
		at org.apache.catalina.core.ContainerBase$ContainerBackgroundProcessor.processChildren(ContainerBase.java:1357)
		at org.apache.catalina.core.ContainerBase$ContainerBackgroundProcessor.run(ContainerBase.java:1335)
		at java.util.concurrent.Executors$RunnableAdapter.call(Executors.java:511)
		at java.util.concurrent.FutureTask.runAndReset(FutureTask.java:308)
		at java.util.concurrent.ScheduledThreadPoolExecutor$ScheduledFutureTask.access$301(ScheduledThreadPoolExecutor.java:180)
		at java.util.concurrent.ScheduledThreadPoolExecutor$ScheduledFutureTask.run(ScheduledThreadPoolExecutor.java:294)
		at java.util.concurrent.ThreadPoolExecutor.runWorker(ThreadPoolExecutor.java:1142)
		at java.util.concurrent.ThreadPoolExecutor$Worker.run(ThreadPoolExecutor.java:617)
		at org.apache.tomcat.util.threads.TaskThread$WrappingRunnable.run(TaskThread.java:61)
		at java.lang.Thread.run(Thread.java:745)
28-Sep-2019 15:20:20.907 INFOS [Catalina-utility-2] org.apache.catalina.core.ApplicationContext.log SessionListener: contextDestroyed()
28-Sep-2019 15:20:20.907 INFOS [Catalina-utility-2] org.apache.catalina.core.ApplicationContext.log ContextListener: contextDestroyed()
28-Sep-2019 15:20:21.490 GRAVE [Catalina-utility-2] org.apache.catalina.core.StandardContext.filterStart Exception au démarrage du filtre [HTTPMonitorFilter]
	java.lang.ClassNotFoundException: org.netbeans.modules.web.monitor.server.MonitorFilter
		at org.apache.catalina.loader.WebappClassLoaderBase.loadClass(WebappClassLoaderBase.java:1365)
		at org.apache.catalina.loader.WebappClassLoaderBase.loadClass(WebappClassLoaderBase.java:1188)
		at org.apache.catalina.core.DefaultInstanceManager.loadClass(DefaultInstanceManager.java:540)
		at org.apache.catalina.core.DefaultInstanceManager.loadClassMaybePrivileged(DefaultInstanceManager.java:521)
		at org.apache.catalina.core.DefaultInstanceManager.newInstance(DefaultInstanceManager.java:150)
		at org.apache.catalina.core.ApplicationFilterConfig.getFilter(ApplicationFilterConfig.java:249)
		at org.apache.catalina.core.ApplicationFilterConfig.<init>(ApplicationFilterConfig.java:102)
		at org.apache.catalina.core.StandardContext.filterStart(StandardContext.java:4533)
		at org.apache.catalina.core.StandardContext.startInternal(StandardContext.java:5172)
		at org.apache.catalina.util.LifecycleBase.start(LifecycleBase.java:183)
		at org.apache.catalina.core.StandardContext.reload(StandardContext.java:3758)
		at org.apache.catalina.startup.HostConfig.reload(HostConfig.java:1403)
		at org.apache.catalina.startup.HostConfig.checkResources(HostConfig.java:1376)
		at org.apache.catalina.startup.HostConfig.check(HostConfig.java:1611)
		at org.apache.catalina.startup.HostConfig.lifecycleEvent(HostConfig.java:305)
		at org.apache.catalina.util.LifecycleBase.fireLifecycleEvent(LifecycleBase.java:123)
		at org.apache.catalina.core.ContainerBase.backgroundProcess(ContainerBase.java:1151)
		at org.apache.catalina.core.ContainerBase$ContainerBackgroundProcessor.processChildren(ContainerBase.java:1353)
		at org.apache.catalina.core.ContainerBase$ContainerBackgroundProcessor.processChildren(ContainerBase.java:1357)
		at org.apache.catalina.core.ContainerBase$ContainerBackgroundProcessor.run(ContainerBase.java:1335)
		at java.util.concurrent.Executors$RunnableAdapter.call(Executors.java:511)
		at java.util.concurrent.FutureTask.runAndReset(FutureTask.java:308)
		at java.util.concurrent.ScheduledThreadPoolExecutor$ScheduledFutureTask.access$301(ScheduledThreadPoolExecutor.java:180)
		at java.util.concurrent.ScheduledThreadPoolExecutor$ScheduledFutureTask.run(ScheduledThreadPoolExecutor.java:294)
		at java.util.concurrent.ThreadPoolExecutor.runWorker(ThreadPoolExecutor.java:1142)
		at java.util.concurrent.ThreadPoolExecutor$Worker.run(ThreadPoolExecutor.java:617)
		at org.apache.tomcat.util.threads.TaskThread$WrappingRunnable.run(TaskThread.java:61)
		at java.lang.Thread.run(Thread.java:745)
28-Sep-2019 15:20:34.945 INFOS [main] org.apache.catalina.core.ApplicationContext.log ContextListener: contextInitialized()
28-Sep-2019 15:20:35.009 INFOS [main] org.apache.catalina.core.ApplicationContext.log SessionListener: contextInitialized()
28-Sep-2019 15:20:35.021 INFOS [main] org.apache.catalina.core.ApplicationContext.log ContextListener: attributeAdded('StockTicker', 'async.Stockticker@600b90df')
28-Sep-2019 15:20:37.064 INFOS [main] org.apache.catalina.core.ApplicationContext.log SessionListener: contextDestroyed()
28-Sep-2019 15:20:37.064 INFOS [main] org.apache.catalina.core.ApplicationContext.log ContextListener: contextDestroyed()
28-Sep-2019 15:22:53.011 INFOS [main] org.apache.catalina.core.ApplicationContext.log ContextListener: contextInitialized()
28-Sep-2019 15:22:53.012 INFOS [main] org.apache.catalina.core.ApplicationContext.log SessionListener: contextInitialized()
28-Sep-2019 15:22:53.048 INFOS [main] org.apache.catalina.core.ApplicationContext.log ContextListener: attributeAdded('StockTicker', 'async.Stockticker@600b90df')
