21-Sep-2019 11:57:48.112 INFOS [main] org.apache.catalina.core.ApplicationContext.log ContextListener: contextInitialized()
21-Sep-2019 11:57:48.113 INFOS [main] org.apache.catalina.core.ApplicationContext.log SessionListener: contextInitialized()
21-Sep-2019 11:57:48.130 INFOS [main] org.apache.catalina.core.ApplicationContext.log ContextListener: attributeAdded('StockTicker', 'async.Stockticker@4470f8a6')
21-Sep-2019 11:58:37.522 INFOS [main] org.apache.catalina.core.ApplicationContext.log SessionListener: contextDestroyed()
21-Sep-2019 11:58:37.522 INFOS [main] org.apache.catalina.core.ApplicationContext.log ContextListener: contextDestroyed()
21-Sep-2019 12:19:19.726 INFOS [main] org.apache.catalina.core.ApplicationContext.log ContextListener: contextInitialized()
21-Sep-2019 12:19:19.733 INFOS [main] org.apache.catalina.core.ApplicationContext.log SessionListener: contextInitialized()
21-Sep-2019 12:19:19.740 INFOS [main] org.apache.catalina.core.ApplicationContext.log ContextListener: attributeAdded('StockTicker', 'async.Stockticker@482bce4f')
21-Sep-2019 12:22:32.733 INFOS [main] org.apache.catalina.core.ApplicationContext.log SessionListener: contextDestroyed()
21-Sep-2019 12:22:32.734 INFOS [main] org.apache.catalina.core.ApplicationContext.log ContextListener: contextDestroyed()
21-Sep-2019 12:25:07.172 INFOS [main] org.apache.catalina.core.ApplicationContext.log ContextListener: contextInitialized()
21-Sep-2019 12:25:07.174 INFOS [main] org.apache.catalina.core.ApplicationContext.log SessionListener: contextInitialized()
21-Sep-2019 12:25:07.180 INFOS [main] org.apache.catalina.core.ApplicationContext.log ContextListener: attributeAdded('StockTicker', 'async.Stockticker@1649b0e6')
21-Sep-2019 12:26:58.359 INFOS [main] org.apache.catalina.core.ApplicationContext.log SessionListener: contextDestroyed()
21-Sep-2019 12:26:58.360 INFOS [main] org.apache.catalina.core.ApplicationContext.log ContextListener: contextDestroyed()
21-Sep-2019 12:27:18.974 INFOS [main] org.apache.catalina.core.ApplicationContext.log ContextListener: contextInitialized()
21-Sep-2019 12:27:18.974 INFOS [main] org.apache.catalina.core.ApplicationContext.log SessionListener: contextInitialized()
21-Sep-2019 12:27:18.984 INFOS [main] org.apache.catalina.core.ApplicationContext.log ContextListener: attributeAdded('StockTicker', 'async.Stockticker@482bce4f')
21-Sep-2019 12:30:28.959 INFOS [main] org.apache.catalina.core.ApplicationContext.log SessionListener: contextDestroyed()
21-Sep-2019 12:30:28.964 INFOS [main] org.apache.catalina.core.ApplicationContext.log ContextListener: contextDestroyed()
21-Sep-2019 12:31:48.202 INFOS [main] org.apache.catalina.core.ApplicationContext.log ContextListener: contextInitialized()
21-Sep-2019 12:31:48.203 INFOS [main] org.apache.catalina.core.ApplicationContext.log SessionListener: contextInitialized()
21-Sep-2019 12:31:48.206 INFOS [main] org.apache.catalina.core.ApplicationContext.log ContextListener: attributeAdded('StockTicker', 'async.Stockticker@2177849e')
21-Sep-2019 12:33:05.817 INFOS [main] org.apache.catalina.core.ApplicationContext.log SessionListener: contextDestroyed()
21-Sep-2019 12:33:05.817 INFOS [main] org.apache.catalina.core.ApplicationContext.log ContextListener: contextDestroyed()
21-Sep-2019 12:33:24.249 INFOS [main] org.apache.catalina.core.ApplicationContext.log ContextListener: contextInitialized()
21-Sep-2019 12:33:24.249 INFOS [main] org.apache.catalina.core.ApplicationContext.log SessionListener: contextInitialized()
21-Sep-2019 12:33:24.257 INFOS [main] org.apache.catalina.core.ApplicationContext.log ContextListener: attributeAdded('StockTicker', 'async.Stockticker@2177849e')
21-Sep-2019 12:33:46.012 INFOS [http-nio-8080-exec-1] org.apache.catalina.core.ApplicationContext.log La servlet [SoenServlet] est marqué comme indisponible
21-Sep-2019 12:33:46.012 GRAVE [http-nio-8080-exec-1] org.apache.catalina.core.StandardWrapperValve.invoke Exception lors de l'allocation pour la servlet [SoenServlet]
	java.lang.NoClassDefFoundError: IllegalName: /SoenServlet
		at java.lang.ClassLoader.preDefineClass(ClassLoader.java:654)
		at java.lang.ClassLoader.defineClass(ClassLoader.java:761)
		at java.security.SecureClassLoader.defineClass(SecureClassLoader.java:142)
		at org.apache.catalina.loader.WebappClassLoaderBase.findClassInternal(WebappClassLoaderBase.java:2419)
		at org.apache.catalina.loader.WebappClassLoaderBase.findClass(WebappClassLoaderBase.java:865)
		at org.apache.catalina.loader.WebappClassLoaderBase.loadClass(WebappClassLoaderBase.java:1334)
		at org.apache.catalina.loader.WebappClassLoaderBase.loadClass(WebappClassLoaderBase.java:1188)
		at org.apache.catalina.core.DefaultInstanceManager.loadClass(DefaultInstanceManager.java:540)
		at org.apache.catalina.core.DefaultInstanceManager.loadClassMaybePrivileged(DefaultInstanceManager.java:521)
		at org.apache.catalina.core.DefaultInstanceManager.newInstance(DefaultInstanceManager.java:150)
		at org.apache.catalina.core.StandardWrapper.loadServlet(StandardWrapper.java:1042)
		at org.apache.catalina.core.StandardWrapper.allocate(StandardWrapper.java:761)
		at org.apache.catalina.core.StandardWrapperValve.invoke(StandardWrapperValve.java:135)
		at org.apache.catalina.core.StandardContextValve.invoke(StandardContextValve.java:96)
		at org.apache.catalina.authenticator.AuthenticatorBase.invoke(AuthenticatorBase.java:526)
		at org.apache.catalina.core.StandardHostValve.invoke(StandardHostValve.java:139)
		at org.apache.catalina.valves.ErrorReportValve.invoke(ErrorReportValve.java:92)
		at org.apache.catalina.valves.AbstractAccessLogValve.invoke(AbstractAccessLogValve.java:678)
		at org.apache.catalina.core.StandardEngineValve.invoke(StandardEngineValve.java:74)
		at org.apache.catalina.connector.CoyoteAdapter.service(CoyoteAdapter.java:343)
		at org.apache.coyote.http11.Http11Processor.service(Http11Processor.java:408)
		at org.apache.coyote.AbstractProcessorLight.process(AbstractProcessorLight.java:66)
		at org.apache.coyote.AbstractProtocol$ConnectionHandler.process(AbstractProtocol.java:860)
		at org.apache.tomcat.util.net.NioEndpoint$SocketProcessor.doRun(NioEndpoint.java:1589)
		at org.apache.tomcat.util.net.SocketProcessorBase.run(SocketProcessorBase.java:49)
		at java.util.concurrent.ThreadPoolExecutor.runWorker(ThreadPoolExecutor.java:1142)
		at java.util.concurrent.ThreadPoolExecutor$Worker.run(ThreadPoolExecutor.java:617)
		at org.apache.tomcat.util.threads.TaskThread$WrappingRunnable.run(TaskThread.java:61)
		at java.lang.Thread.run(Thread.java:745)
21-Sep-2019 14:22:42.794 INFOS [main] org.apache.catalina.core.ApplicationContext.log SessionListener: contextDestroyed()
21-Sep-2019 14:22:42.794 INFOS [main] org.apache.catalina.core.ApplicationContext.log ContextListener: contextDestroyed()
