31-Oct-2019 16:46:47.907 INFOS [http-nio-8080-exec-5] org.apache.catalina.core.ApplicationContext.log Manager: init: Associated with Deployer 'Catalina:type=Deployer,host=localhost'
31-Oct-2019 16:46:47.908 INFOS [http-nio-8080-exec-5] org.apache.catalina.core.ApplicationContext.log Manager: init: Global resources are available
31-Oct-2019 16:46:48.056 INFOS [http-nio-8080-exec-2] org.apache.catalina.core.ApplicationContext.log Manager: list: Listing contexts for virtual host 'localhost'
31-Oct-2019 16:46:48.115 INFOS [http-nio-8080-exec-4] org.apache.catalina.core.ApplicationContext.log Manager: list: Listing contexts for virtual host 'localhost'
31-Oct-2019 16:46:48.165 INFOS [http-nio-8080-exec-7] org.apache.catalina.core.ApplicationContext.log Manager: install: Installing context configuration at 'file:/var/folders/q9/r0kqgvws6mxcw59hj8ll3z2w0000gn/T/context521475312530889099.xml'
31-Oct-2019 16:46:48.458 INFOS [http-nio-8080-exec-10] org.apache.catalina.core.ApplicationContext.log Manager: start: Starting web application '/MVC-Examples'
31-Oct-2019 16:47:04.714 INFOS [http-nio-8080-exec-8] org.apache.catalina.core.ApplicationContext.log Manager: list: Listing contexts for virtual host 'localhost'
31-Oct-2019 16:47:04.773 INFOS [http-nio-8080-exec-2] org.apache.catalina.core.ApplicationContext.log Manager: stop: Stopping web application '/MVC-Examples'
31-Oct-2019 16:47:04.873 INFOS [http-nio-8080-exec-1] org.apache.catalina.core.ApplicationContext.log Manager: start: Starting web application '/MVC-Examples'
31-Oct-2019 16:47:24.382 INFOS [http-nio-8080-exec-1] org.apache.catalina.core.ApplicationContext.log Manager: list: Listing contexts for virtual host 'localhost'
31-Oct-2019 16:50:07.142 INFOS [http-nio-8080-exec-14] org.apache.catalina.core.ApplicationContext.log Manager: list: Listing contexts for virtual host 'localhost'
31-Oct-2019 16:50:07.188 INFOS [http-nio-8080-exec-1] org.apache.catalina.core.ApplicationContext.log Manager: restart: Reloading web application '/MVC-Examples'
31-Oct-2019 16:51:29.164 INFOS [http-nio-8080-exec-13] org.apache.catalina.core.ApplicationContext.log Manager: list: Listing contexts for virtual host 'localhost'
31-Oct-2019 16:51:29.180 INFOS [http-nio-8080-exec-12] org.apache.catalina.core.ApplicationContext.log Manager: restart: Reloading web application '/MVC-Examples'
31-Oct-2019 16:51:37.638 INFOS [http-nio-8080-exec-1] org.apache.catalina.core.ApplicationContext.log Manager: list: Listing contexts for virtual host 'localhost'
31-Oct-2019 16:51:37.651 INFOS [http-nio-8080-exec-3] org.apache.catalina.core.ApplicationContext.log Manager: restart: Reloading web application '/MVC-Examples'
31-Oct-2019 16:51:51.000 INFOS [http-nio-8080-exec-8] org.apache.catalina.core.ApplicationContext.log Manager: list: Listing contexts for virtual host 'localhost'
31-Oct-2019 16:51:51.022 INFOS [http-nio-8080-exec-14] org.apache.catalina.core.ApplicationContext.log Manager: restart: Reloading web application '/MVC-Examples'
31-Oct-2019 16:54:23.105 INFOS [http-nio-8080-exec-8] org.apache.catalina.core.ApplicationContext.log Manager: list: Listing contexts for virtual host 'localhost'
31-Oct-2019 16:54:23.142 INFOS [http-nio-8080-exec-18] org.apache.catalina.core.ApplicationContext.log Manager: restart: Reloading web application '/MVC-Examples'
31-Oct-2019 16:54:51.318 INFOS [http-nio-8080-exec-13] org.apache.catalina.core.ApplicationContext.log Manager: list: Listing contexts for virtual host 'localhost'
31-Oct-2019 16:54:51.338 INFOS [http-nio-8080-exec-22] org.apache.catalina.core.ApplicationContext.log Manager: restart: Reloading web application '/MVC-Examples'
31-Oct-2019 16:55:13.813 INFOS [http-nio-8080-exec-3] org.apache.catalina.core.ApplicationContext.log Manager: list: Listing contexts for virtual host 'localhost'
31-Oct-2019 16:59:48.462 INFOS [http-nio-8080-exec-27] org.apache.catalina.core.ApplicationContext.log Manager: list: Listing contexts for virtual host 'localhost'
31-Oct-2019 17:00:39.343 INFOS [http-nio-8080-exec-28] org.apache.catalina.core.ApplicationContext.log Manager: list: Listing contexts for virtual host 'localhost'
31-Oct-2019 17:02:43.753 INFOS [http-nio-8080-exec-27] org.apache.catalina.core.ApplicationContext.log Manager: list: Listing contexts for virtual host 'localhost'
31-Oct-2019 17:02:43.770 INFOS [http-nio-8080-exec-29] org.apache.catalina.core.ApplicationContext.log Manager: restart: Reloading web application '/MVC-Examples'
31-Oct-2019 17:02:50.701 INFOS [http-nio-8080-exec-27] org.apache.catalina.core.ApplicationContext.log Manager: list: Listing contexts for virtual host 'localhost'
31-Oct-2019 17:02:51.341 INFOS [http-nio-8080-exec-33] org.apache.catalina.core.ApplicationContext.log Manager: list: Listing contexts for virtual host 'localhost'
31-Oct-2019 17:02:53.784 INFOS [http-nio-8080-exec-29] org.apache.catalina.core.ApplicationContext.log Manager: list: Listing contexts for virtual host 'localhost'
31-Oct-2019 17:04:09.531 INFOS [http-nio-8080-exec-28] org.apache.catalina.core.ApplicationContext.log Manager: list: Listing contexts for virtual host 'localhost'
31-Oct-2019 17:04:09.546 INFOS [http-nio-8080-exec-29] org.apache.catalina.core.ApplicationContext.log Manager: stop: Stopping web application '/MVC-Examples'
31-Oct-2019 17:04:09.571 INFOS [http-nio-8080-exec-35] org.apache.catalina.core.ApplicationContext.log Manager: start: Starting web application '/MVC-Examples'
31-Oct-2019 17:04:11.679 INFOS [http-nio-8080-exec-39] org.apache.catalina.core.ApplicationContext.log Manager: list: Listing contexts for virtual host 'localhost'
31-Oct-2019 17:04:11.727 INFOS [http-nio-8080-exec-31] org.apache.catalina.core.ApplicationContext.log Manager: restart: Reloading web application '/MVC-Examples'
31-Oct-2019 17:05:22.174 INFOS [http-nio-8080-exec-33] org.apache.catalina.core.ApplicationContext.log Manager: list: Listing contexts for virtual host 'localhost'
31-Oct-2019 17:08:35.266 INFOS [http-nio-8080-exec-44] org.apache.catalina.core.ApplicationContext.log Manager: list: Listing contexts for virtual host 'localhost'
31-Oct-2019 17:09:02.698 INFOS [http-nio-8080-exec-42] org.apache.catalina.core.ApplicationContext.log Manager: list: Listing contexts for virtual host 'localhost'
31-Oct-2019 17:11:21.249 INFOS [http-nio-8080-exec-41] org.apache.catalina.core.ApplicationContext.log Manager: list: Listing contexts for virtual host 'localhost'
31-Oct-2019 17:11:38.185 INFOS [http-nio-8080-exec-40] org.apache.catalina.core.ApplicationContext.log Manager: list: Listing contexts for virtual host 'localhost'
31-Oct-2019 17:12:52.790 INFOS [http-nio-8080-exec-5] org.apache.catalina.core.ApplicationContext.log Manager: init: Associated with Deployer 'Catalina:type=Deployer,host=localhost'
31-Oct-2019 17:12:52.790 INFOS [http-nio-8080-exec-5] org.apache.catalina.core.ApplicationContext.log Manager: init: Global resources are available
31-Oct-2019 17:12:53.020 INFOS [http-nio-8080-exec-10] org.apache.catalina.core.ApplicationContext.log Manager: list: Listing contexts for virtual host 'localhost'
31-Oct-2019 17:12:53.061 INFOS [http-nio-8080-exec-4] org.apache.catalina.core.ApplicationContext.log Manager: list: Listing contexts for virtual host 'localhost'
31-Oct-2019 17:12:53.120 INFOS [http-nio-8080-exec-7] org.apache.catalina.core.ApplicationContext.log Manager: stop: Stopping web application '/MVC-Examples'
31-Oct-2019 17:12:53.148 INFOS [http-nio-8080-exec-1] org.apache.catalina.core.ApplicationContext.log Manager: start: Starting web application '/MVC-Examples'
31-Oct-2019 17:14:11.014 INFOS [http-nio-8080-exec-13] org.apache.catalina.core.ApplicationContext.log Manager: list: Listing contexts for virtual host 'localhost'
31-Oct-2019 17:14:24.196 INFOS [http-nio-8080-exec-19] org.apache.catalina.core.ApplicationContext.log Manager: list: Listing contexts for virtual host 'localhost'
31-Oct-2019 17:14:24.227 INFOS [http-nio-8080-exec-11] org.apache.catalina.core.ApplicationContext.log Manager: list: Listing contexts for virtual host 'localhost'
31-Oct-2019 17:15:12.697 INFOS [http-nio-8080-exec-12] org.apache.catalina.core.ApplicationContext.log Manager: list: Listing contexts for virtual host 'localhost'
31-Oct-2019 17:15:37.876 INFOS [http-nio-8080-exec-17] org.apache.catalina.core.ApplicationContext.log Manager: list: Listing contexts for virtual host 'localhost'
31-Oct-2019 17:15:44.895 INFOS [http-nio-8080-exec-19] org.apache.catalina.core.ApplicationContext.log Manager: list: Listing contexts for virtual host 'localhost'
31-Oct-2019 17:15:48.493 INFOS [http-nio-8080-exec-19] org.apache.catalina.core.ApplicationContext.log Manager: list: Listing contexts for virtual host 'localhost'
31-Oct-2019 17:15:48.508 INFOS [http-nio-8080-exec-11] org.apache.catalina.core.ApplicationContext.log Manager: list: Listing contexts for virtual host 'localhost'
31-Oct-2019 17:50:13.133 INFOS [http-nio-8080-exec-14] org.apache.catalina.core.ApplicationContext.log Manager: list: Listing contexts for virtual host 'localhost'
