17-Nov-2019 11:00:49.354 INFOS [main] org.apache.catalina.startup.VersionLoggerListener.log Version du serveur:        Apache Tomcat/9.0.26
17-Nov-2019 11:00:49.357 INFOS [main] org.apache.catalina.startup.VersionLoggerListener.log Serveur compilé:       Sep 16 2019 15:51:39 UTC
17-Nov-2019 11:00:49.357 INFOS [main] org.apache.catalina.startup.VersionLoggerListener.log Version du serveur:      9.0.26.0
17-Nov-2019 11:00:49.359 INFOS [main] org.apache.catalina.startup.VersionLoggerListener.log Nom de l'OS:           Mac OS X
17-Nov-2019 11:00:49.360 INFOS [main] org.apache.catalina.startup.VersionLoggerListener.log Version de l'OS:        10.15.1
17-Nov-2019 11:00:49.360 INFOS [main] org.apache.catalina.startup.VersionLoggerListener.log Architecture:          x86_64
17-Nov-2019 11:00:49.360 INFOS [main] org.apache.catalina.startup.VersionLoggerListener.log Répertoire de Java:     /Library/Java/JavaVirtualMachines/jdk1.8.0_141.jdk/Contents/Home/jre
17-Nov-2019 11:00:49.360 INFOS [main] org.apache.catalina.startup.VersionLoggerListener.log Version de la JVM:           1.8.0_141-b15
17-Nov-2019 11:00:49.361 INFOS [main] org.apache.catalina.startup.VersionLoggerListener.log Fournisseur de la JVM:            Oracle Corporation
17-Nov-2019 11:00:49.361 INFOS [main] org.apache.catalina.startup.VersionLoggerListener.log CATALINA_BASE:         /Users/Airi/Documents/SOEN387-Projects-and-Labs/Assignment 2/apache-tomcat-9.0.26
17-Nov-2019 11:00:49.361 INFOS [main] org.apache.catalina.startup.VersionLoggerListener.log CATALINA_HOME:         /Users/Airi/Documents/SOEN387-Projects-and-Labs/Assignment 2/apache-tomcat-9.0.26
17-Nov-2019 11:00:49.368 INFOS [main] org.apache.catalina.startup.VersionLoggerListener.log Argument de la ligne de commande: -Djava.util.logging.config.file=/Users/Airi/Documents/SOEN387-Projects-and-Labs/Assignment 2/apache-tomcat-9.0.26/conf/logging.properties
17-Nov-2019 11:00:49.369 INFOS [main] org.apache.catalina.startup.VersionLoggerListener.log Argument de la ligne de commande: -Djava.util.logging.manager=org.apache.juli.ClassLoaderLogManager
17-Nov-2019 11:00:49.369 INFOS [main] org.apache.catalina.startup.VersionLoggerListener.log Argument de la ligne de commande: -Dhttp.nonProxyHosts=localhost|127.0.0.1|Airis-MBP
17-Nov-2019 11:00:49.369 INFOS [main] org.apache.catalina.startup.VersionLoggerListener.log Argument de la ligne de commande: -Djdk.tls.ephemeralDHKeySize=2048
17-Nov-2019 11:00:49.369 INFOS [main] org.apache.catalina.startup.VersionLoggerListener.log Argument de la ligne de commande: -Djava.protocol.handler.pkgs=org.apache.catalina.webresources
17-Nov-2019 11:00:49.369 INFOS [main] org.apache.catalina.startup.VersionLoggerListener.log Argument de la ligne de commande: -Dorg.apache.catalina.security.SecurityListener.UMASK=0027
17-Nov-2019 11:00:49.370 INFOS [main] org.apache.catalina.startup.VersionLoggerListener.log Argument de la ligne de commande: -Dignore.endorsed.dirs=
17-Nov-2019 11:00:49.370 INFOS [main] org.apache.catalina.startup.VersionLoggerListener.log Argument de la ligne de commande: -Dcatalina.base=/Users/Airi/Documents/SOEN387-Projects-and-Labs/Assignment 2/apache-tomcat-9.0.26
17-Nov-2019 11:00:49.370 INFOS [main] org.apache.catalina.startup.VersionLoggerListener.log Argument de la ligne de commande: -Dcatalina.home=/Users/Airi/Documents/SOEN387-Projects-and-Labs/Assignment 2/apache-tomcat-9.0.26
17-Nov-2019 11:00:49.370 INFOS [main] org.apache.catalina.startup.VersionLoggerListener.log Argument de la ligne de commande: -Djava.io.tmpdir=/Users/Airi/Documents/SOEN387-Projects-and-Labs/Assignment 2/apache-tomcat-9.0.26/temp
17-Nov-2019 11:00:49.370 INFOS [main] org.apache.catalina.core.AprLifecycleListener.lifecycleEvent La librairie Apache Tomcat Native basée sur APR qui permet des performances optimales dans les environnements de production n'a pas été trouvée sur le java.library.path: [/Users/Airi/Library/Java/Extensions:/Library/Java/Extensions:/Network/Library/Java/Extensions:/System/Library/Java/Extensions:/usr/lib/java:.]
17-Nov-2019 11:00:50.536 INFOS [main] org.apache.coyote.AbstractProtocol.init Initialisation du gestionnaire de protocole ["http-nio-8080"]
17-Nov-2019 11:00:50.695 INFOS [main] org.apache.coyote.AbstractProtocol.init Initialisation du gestionnaire de protocole ["ajp-nio-8009"]
17-Nov-2019 11:00:50.704 INFOS [main] org.apache.catalina.startup.Catalina.load L'initialisation du serveur a pris [2 017] millisecondes
17-Nov-2019 11:00:50.927 INFOS [main] org.apache.catalina.core.StandardService.startInternal Démarrage du service [Catalina]
17-Nov-2019 11:00:50.928 INFOS [main] org.apache.catalina.core.StandardEngine.startInternal Démarrage du moteur de Servlets: [Apache Tomcat/9.0.26]
17-Nov-2019 11:00:50.987 INFOS [main] org.apache.catalina.startup.HostConfig.deployDescriptor Déploiement du descripteur de configuration [/Users/Airi/Documents/SOEN387-Projects-and-Labs/Assignment 2/apache-tomcat-9.0.26/conf/Catalina/localhost/A2-UI.xml]
17-Nov-2019 11:00:51.140 AVERTISSEMENT [main] org.apache.catalina.startup.HostConfig.deployDescriptor L'attribut path avec la valeur [/A2-UI] dans le descripteur de déploiement [/Users/Airi/Documents/SOEN387-Projects-and-Labs/Assignment 2/apache-tomcat-9.0.26/conf/Catalina/localhost/A2-UI.xml] a été ignoré
17-Nov-2019 11:00:53.158 INFOS [main] org.apache.jasper.servlet.TldScanner.scanJars Au moins un fichier JAR a été analysé pour trouver des TLDs mais il n'en contenait pas, le mode "debug" du journal peut être activé pour obtenir une liste complète de JAR scannés sans succès; éviter d'analyser des JARs inutilement peut améliorer sensiblement le temps de démarrage et le temps de compilation des JSPs
17-Nov-2019 11:00:53.267 INFOS [main] org.apache.catalina.startup.HostConfig.deployDescriptor Le traitement du descripteur de déploiement [/Users/Airi/Documents/SOEN387-Projects-and-Labs/Assignment 2/apache-tomcat-9.0.26/conf/Catalina/localhost/A2-UI.xml] a pris [2 279] ms
17-Nov-2019 11:00:53.268 INFOS [main] org.apache.catalina.startup.HostConfig.deployDescriptor Déploiement du descripteur de configuration [/Users/Airi/Documents/SOEN387-Projects-and-Labs/Assignment 2/apache-tomcat-9.0.26/conf/Catalina/localhost/A2.xml]
17-Nov-2019 11:00:53.272 AVERTISSEMENT [main] org.apache.catalina.startup.HostConfig.deployDescriptor L'attribut path avec la valeur [/A2] dans le descripteur de déploiement [/Users/Airi/Documents/SOEN387-Projects-and-Labs/Assignment 2/apache-tomcat-9.0.26/conf/Catalina/localhost/A2.xml] a été ignoré
17-Nov-2019 11:00:53.282 GRAVE [main] org.apache.catalina.startup.HostConfig.deployDescriptor Erreur lors du déploiement du descripteur de configuration [/Users/Airi/Documents/SOEN387-Projects-and-Labs/Assignment 2/apache-tomcat-9.0.26/conf/Catalina/localhost/A2.xml]
	java.lang.IllegalStateException: Erreur lors du démarrage du conteneur fils
		at org.apache.catalina.core.ContainerBase.addChildInternal(ContainerBase.java:720)
		at org.apache.catalina.core.ContainerBase.addChild(ContainerBase.java:690)
		at org.apache.catalina.core.StandardHost.addChild(StandardHost.java:705)
		at org.apache.catalina.startup.HostConfig.deployDescriptor(HostConfig.java:631)
		at org.apache.catalina.startup.HostConfig$DeployDescriptor.run(HostConfig.java:1831)
		at java.util.concurrent.Executors$RunnableAdapter.call(Executors.java:511)
		at java.util.concurrent.FutureTask.run(FutureTask.java:266)
		at org.apache.tomcat.util.threads.InlineExecutorService.execute(InlineExecutorService.java:75)
		at java.util.concurrent.AbstractExecutorService.submit(AbstractExecutorService.java:112)
		at org.apache.catalina.startup.HostConfig.deployDescriptors(HostConfig.java:526)
		at org.apache.catalina.startup.HostConfig.deployApps(HostConfig.java:425)
		at org.apache.catalina.startup.HostConfig.start(HostConfig.java:1576)
		at org.apache.catalina.startup.HostConfig.lifecycleEvent(HostConfig.java:309)
		at org.apache.catalina.util.LifecycleBase.fireLifecycleEvent(LifecycleBase.java:123)
		at org.apache.catalina.util.LifecycleBase.setStateInternal(LifecycleBase.java:423)
		at org.apache.catalina.util.LifecycleBase.setState(LifecycleBase.java:366)
		at org.apache.catalina.core.ContainerBase.startInternal(ContainerBase.java:936)
		at org.apache.catalina.core.StandardHost.startInternal(StandardHost.java:841)
		at org.apache.catalina.util.LifecycleBase.start(LifecycleBase.java:183)
		at org.apache.catalina.core.ContainerBase$StartChild.call(ContainerBase.java:1384)
		at org.apache.catalina.core.ContainerBase$StartChild.call(ContainerBase.java:1374)
		at java.util.concurrent.FutureTask.run(FutureTask.java:266)
		at org.apache.tomcat.util.threads.InlineExecutorService.execute(InlineExecutorService.java:75)
		at java.util.concurrent.AbstractExecutorService.submit(AbstractExecutorService.java:134)
		at org.apache.catalina.core.ContainerBase.startInternal(ContainerBase.java:909)
		at org.apache.catalina.core.StandardEngine.startInternal(StandardEngine.java:262)
		at org.apache.catalina.util.LifecycleBase.start(LifecycleBase.java:183)
		at org.apache.catalina.core.StandardService.startInternal(StandardService.java:421)
		at org.apache.catalina.util.LifecycleBase.start(LifecycleBase.java:183)
		at org.apache.catalina.core.StandardServer.startInternal(StandardServer.java:932)
		at org.apache.catalina.util.LifecycleBase.start(LifecycleBase.java:183)
		at org.apache.catalina.startup.Catalina.start(Catalina.java:633)
		at sun.reflect.NativeMethodAccessorImpl.invoke0(Native Method)
		at sun.reflect.NativeMethodAccessorImpl.invoke(NativeMethodAccessorImpl.java:62)
		at sun.reflect.DelegatingMethodAccessorImpl.invoke(DelegatingMethodAccessorImpl.java:43)
		at java.lang.reflect.Method.invoke(Method.java:498)
		at org.apache.catalina.startup.Bootstrap.start(Bootstrap.java:344)
		at org.apache.catalina.startup.Bootstrap.main(Bootstrap.java:475)
	Caused by: org.apache.catalina.LifecycleException: Echec de démarrage du composant [org.apache.catalina.webresources.StandardRoot@7c2327fa]
		at org.apache.catalina.util.LifecycleBase.handleSubClassException(LifecycleBase.java:440)
		at org.apache.catalina.util.LifecycleBase.start(LifecycleBase.java:198)
		at org.apache.catalina.core.StandardContext.resourcesStart(StandardContext.java:4800)
		at org.apache.catalina.core.StandardContext.startInternal(StandardContext.java:4935)
		at org.apache.catalina.util.LifecycleBase.start(LifecycleBase.java:183)
		at org.apache.catalina.core.ContainerBase.addChildInternal(ContainerBase.java:717)
		... 37 more
	Caused by: java.lang.IllegalArgumentException: L'ensemble de ressources principal [/Users/Airi/Documents/SOEN387-Projects-and-Labs/Assignment 2/A2/build/web] est invalide
		at org.apache.catalina.webresources.StandardRoot.createMainResourceSet(StandardRoot.java:752)
		at org.apache.catalina.webresources.StandardRoot.startInternal(StandardRoot.java:709)
		at org.apache.catalina.util.LifecycleBase.start(LifecycleBase.java:183)
		... 41 more
17-Nov-2019 11:00:53.289 INFOS [main] org.apache.catalina.startup.HostConfig.deployDescriptor Le traitement du descripteur de déploiement [/Users/Airi/Documents/SOEN387-Projects-and-Labs/Assignment 2/apache-tomcat-9.0.26/conf/Catalina/localhost/A2.xml] a pris [22] ms
17-Nov-2019 11:00:53.290 INFOS [main] org.apache.catalina.startup.HostConfig.deployDescriptor Déploiement du descripteur de configuration [/Users/Airi/Documents/SOEN387-Projects-and-Labs/Assignment 2/apache-tomcat-9.0.26/conf/Catalina/localhost/Lab9-DOM_JQuery.xml]
17-Nov-2019 11:00:53.294 AVERTISSEMENT [main] org.apache.catalina.startup.HostConfig.deployDescriptor L'attribut path avec la valeur [/Lab9-DOM_JQuery] dans le descripteur de déploiement [/Users/Airi/Documents/SOEN387-Projects-and-Labs/Assignment 2/apache-tomcat-9.0.26/conf/Catalina/localhost/Lab9-DOM_JQuery.xml] a été ignoré
17-Nov-2019 11:00:53.657 INFOS [main] org.apache.jasper.servlet.TldScanner.scanJars Au moins un fichier JAR a été analysé pour trouver des TLDs mais il n'en contenait pas, le mode "debug" du journal peut être activé pour obtenir une liste complète de JAR scannés sans succès; éviter d'analyser des JARs inutilement peut améliorer sensiblement le temps de démarrage et le temps de compilation des JSPs
17-Nov-2019 11:00:53.700 INFOS [main] org.apache.catalina.startup.HostConfig.deployDescriptor Le traitement du descripteur de déploiement [/Users/Airi/Documents/SOEN387-Projects-and-Labs/Assignment 2/apache-tomcat-9.0.26/conf/Catalina/localhost/Lab9-DOM_JQuery.xml] a pris [410] ms
17-Nov-2019 11:00:53.700 INFOS [main] org.apache.catalina.startup.HostConfig.deployDescriptor Déploiement du descripteur de configuration [/Users/Airi/Documents/SOEN387-Projects-and-Labs/Assignment 2/apache-tomcat-9.0.26/conf/Catalina/localhost/A1-Airi.xml]
17-Nov-2019 11:00:53.705 AVERTISSEMENT [main] org.apache.catalina.startup.HostConfig.deployDescriptor L'attribut path avec la valeur [/A1-Airi] dans le descripteur de déploiement [/Users/Airi/Documents/SOEN387-Projects-and-Labs/Assignment 2/apache-tomcat-9.0.26/conf/Catalina/localhost/A1-Airi.xml] a été ignoré
17-Nov-2019 11:00:54.008 INFOS [main] org.apache.jasper.servlet.TldScanner.scanJars Au moins un fichier JAR a été analysé pour trouver des TLDs mais il n'en contenait pas, le mode "debug" du journal peut être activé pour obtenir une liste complète de JAR scannés sans succès; éviter d'analyser des JARs inutilement peut améliorer sensiblement le temps de démarrage et le temps de compilation des JSPs
17-Nov-2019 11:00:54.023 INFOS [main] org.apache.catalina.startup.HostConfig.deployDescriptor Le traitement du descripteur de déploiement [/Users/Airi/Documents/SOEN387-Projects-and-Labs/Assignment 2/apache-tomcat-9.0.26/conf/Catalina/localhost/A1-Airi.xml] a pris [323] ms
17-Nov-2019 11:00:54.026 INFOS [main] org.apache.catalina.startup.HostConfig.deployDescriptor Déploiement du descripteur de configuration [/Users/Airi/Documents/SOEN387-Projects-and-Labs/Assignment 2/apache-tomcat-9.0.26/conf/Catalina/localhost/MVC-Examples.xml]
17-Nov-2019 11:00:54.029 AVERTISSEMENT [main] org.apache.catalina.startup.HostConfig.deployDescriptor L'attribut path avec la valeur [/MVC-Examples] dans le descripteur de déploiement [/Users/Airi/Documents/SOEN387-Projects-and-Labs/Assignment 2/apache-tomcat-9.0.26/conf/Catalina/localhost/MVC-Examples.xml] a été ignoré
17-Nov-2019 11:00:54.232 INFOS [main] org.apache.jasper.servlet.TldScanner.scanJars Au moins un fichier JAR a été analysé pour trouver des TLDs mais il n'en contenait pas, le mode "debug" du journal peut être activé pour obtenir une liste complète de JAR scannés sans succès; éviter d'analyser des JARs inutilement peut améliorer sensiblement le temps de démarrage et le temps de compilation des JSPs
17-Nov-2019 11:00:54.240 INFOS [main] org.apache.catalina.startup.HostConfig.deployDescriptor Le traitement du descripteur de déploiement [/Users/Airi/Documents/SOEN387-Projects-and-Labs/Assignment 2/apache-tomcat-9.0.26/conf/Catalina/localhost/MVC-Examples.xml] a pris [215] ms
17-Nov-2019 11:00:54.241 INFOS [main] org.apache.catalina.startup.HostConfig.deployDescriptor Déploiement du descripteur de configuration [/Users/Airi/Documents/SOEN387-Projects-and-Labs/Assignment 2/apache-tomcat-9.0.26/conf/Catalina/localhost/CalculatorApp.xml]
17-Nov-2019 11:00:54.243 AVERTISSEMENT [main] org.apache.catalina.startup.HostConfig.deployDescriptor L'attribut path avec la valeur [/CalculatorApp] dans le descripteur de déploiement [/Users/Airi/Documents/SOEN387-Projects-and-Labs/Assignment 2/apache-tomcat-9.0.26/conf/Catalina/localhost/CalculatorApp.xml] a été ignoré
17-Nov-2019 11:00:54.633 INFOS [main] org.apache.jasper.servlet.TldScanner.scanJars Au moins un fichier JAR a été analysé pour trouver des TLDs mais il n'en contenait pas, le mode "debug" du journal peut être activé pour obtenir une liste complète de JAR scannés sans succès; éviter d'analyser des JARs inutilement peut améliorer sensiblement le temps de démarrage et le temps de compilation des JSPs
17-Nov-2019 11:00:54.641 INFOS [main] org.apache.catalina.startup.HostConfig.deployDescriptor Le traitement du descripteur de déploiement [/Users/Airi/Documents/SOEN387-Projects-and-Labs/Assignment 2/apache-tomcat-9.0.26/conf/Catalina/localhost/CalculatorApp.xml] a pris [401] ms
17-Nov-2019 11:00:54.642 INFOS [main] org.apache.catalina.startup.HostConfig.deployDescriptor Déploiement du descripteur de configuration [/Users/Airi/Documents/SOEN387-Projects-and-Labs/Assignment 2/apache-tomcat-9.0.26/conf/Catalina/localhost/Assignment 1.xml]
17-Nov-2019 11:00:54.648 AVERTISSEMENT [main] org.apache.catalina.startup.HostConfig.deployDescriptor L'attribut path avec la valeur [/Assignment 1] dans le descripteur de déploiement [/Users/Airi/Documents/SOEN387-Projects-and-Labs/Assignment 2/apache-tomcat-9.0.26/conf/Catalina/localhost/Assignment 1.xml] a été ignoré
17-Nov-2019 11:00:54.659 GRAVE [main] org.apache.catalina.startup.HostConfig.deployDescriptor Erreur lors du déploiement du descripteur de configuration [/Users/Airi/Documents/SOEN387-Projects-and-Labs/Assignment 2/apache-tomcat-9.0.26/conf/Catalina/localhost/Assignment 1.xml]
	java.lang.IllegalStateException: Erreur lors du démarrage du conteneur fils
		at org.apache.catalina.core.ContainerBase.addChildInternal(ContainerBase.java:720)
		at org.apache.catalina.core.ContainerBase.addChild(ContainerBase.java:690)
		at org.apache.catalina.core.StandardHost.addChild(StandardHost.java:705)
		at org.apache.catalina.startup.HostConfig.deployDescriptor(HostConfig.java:631)
		at org.apache.catalina.startup.HostConfig$DeployDescriptor.run(HostConfig.java:1831)
		at java.util.concurrent.Executors$RunnableAdapter.call(Executors.java:511)
		at java.util.concurrent.FutureTask.run(FutureTask.java:266)
		at org.apache.tomcat.util.threads.InlineExecutorService.execute(InlineExecutorService.java:75)
		at java.util.concurrent.AbstractExecutorService.submit(AbstractExecutorService.java:112)
		at org.apache.catalina.startup.HostConfig.deployDescriptors(HostConfig.java:526)
		at org.apache.catalina.startup.HostConfig.deployApps(HostConfig.java:425)
		at org.apache.catalina.startup.HostConfig.start(HostConfig.java:1576)
		at org.apache.catalina.startup.HostConfig.lifecycleEvent(HostConfig.java:309)
		at org.apache.catalina.util.LifecycleBase.fireLifecycleEvent(LifecycleBase.java:123)
		at org.apache.catalina.util.LifecycleBase.setStateInternal(LifecycleBase.java:423)
		at org.apache.catalina.util.LifecycleBase.setState(LifecycleBase.java:366)
		at org.apache.catalina.core.ContainerBase.startInternal(ContainerBase.java:936)
		at org.apache.catalina.core.StandardHost.startInternal(StandardHost.java:841)
		at org.apache.catalina.util.LifecycleBase.start(LifecycleBase.java:183)
		at org.apache.catalina.core.ContainerBase$StartChild.call(ContainerBase.java:1384)
		at org.apache.catalina.core.ContainerBase$StartChild.call(ContainerBase.java:1374)
		at java.util.concurrent.FutureTask.run(FutureTask.java:266)
		at org.apache.tomcat.util.threads.InlineExecutorService.execute(InlineExecutorService.java:75)
		at java.util.concurrent.AbstractExecutorService.submit(AbstractExecutorService.java:134)
		at org.apache.catalina.core.ContainerBase.startInternal(ContainerBase.java:909)
		at org.apache.catalina.core.StandardEngine.startInternal(StandardEngine.java:262)
		at org.apache.catalina.util.LifecycleBase.start(LifecycleBase.java:183)
		at org.apache.catalina.core.StandardService.startInternal(StandardService.java:421)
		at org.apache.catalina.util.LifecycleBase.start(LifecycleBase.java:183)
		at org.apache.catalina.core.StandardServer.startInternal(StandardServer.java:932)
		at org.apache.catalina.util.LifecycleBase.start(LifecycleBase.java:183)
		at org.apache.catalina.startup.Catalina.start(Catalina.java:633)
		at sun.reflect.NativeMethodAccessorImpl.invoke0(Native Method)
		at sun.reflect.NativeMethodAccessorImpl.invoke(NativeMethodAccessorImpl.java:62)
		at sun.reflect.DelegatingMethodAccessorImpl.invoke(DelegatingMethodAccessorImpl.java:43)
		at java.lang.reflect.Method.invoke(Method.java:498)
		at org.apache.catalina.startup.Bootstrap.start(Bootstrap.java:344)
		at org.apache.catalina.startup.Bootstrap.main(Bootstrap.java:475)
	Caused by: org.apache.catalina.LifecycleException: Echec de démarrage du composant [org.apache.catalina.webresources.StandardRoot@5533dc72]
		at org.apache.catalina.util.LifecycleBase.handleSubClassException(LifecycleBase.java:440)
		at org.apache.catalina.util.LifecycleBase.start(LifecycleBase.java:198)
		at org.apache.catalina.core.StandardContext.resourcesStart(StandardContext.java:4800)
		at org.apache.catalina.core.StandardContext.startInternal(StandardContext.java:4935)
		at org.apache.catalina.util.LifecycleBase.start(LifecycleBase.java:183)
		at org.apache.catalina.core.ContainerBase.addChildInternal(ContainerBase.java:717)
		... 37 more
	Caused by: java.lang.IllegalArgumentException: L'ensemble de ressources principal [/Users/jasminelatendresse/SOEN387-Projects-and-Labs/Assignment 1/build/web] est invalide
		at org.apache.catalina.webresources.StandardRoot.createMainResourceSet(StandardRoot.java:752)
		at org.apache.catalina.webresources.StandardRoot.startInternal(StandardRoot.java:709)
		at org.apache.catalina.util.LifecycleBase.start(LifecycleBase.java:183)
		... 41 more
17-Nov-2019 11:00:54.666 INFOS [main] org.apache.catalina.startup.HostConfig.deployDescriptor Le traitement du descripteur de déploiement [/Users/Airi/Documents/SOEN387-Projects-and-Labs/Assignment 2/apache-tomcat-9.0.26/conf/Catalina/localhost/Assignment 1.xml] a pris [23] ms
17-Nov-2019 11:00:54.667 INFOS [main] org.apache.catalina.startup.HostConfig.deployDescriptor Déploiement du descripteur de configuration [/Users/Airi/Documents/SOEN387-Projects-and-Labs/Assignment 2/apache-tomcat-9.0.26/conf/Catalina/localhost/WebApplicationDemo.xml]
17-Nov-2019 11:00:54.670 AVERTISSEMENT [main] org.apache.catalina.startup.HostConfig.deployDescriptor L'attribut path avec la valeur [/WebApplicationDemo] dans le descripteur de déploiement [/Users/Airi/Documents/SOEN387-Projects-and-Labs/Assignment 2/apache-tomcat-9.0.26/conf/Catalina/localhost/WebApplicationDemo.xml] a été ignoré
17-Nov-2019 11:00:54.687 GRAVE [main] org.apache.catalina.startup.HostConfig.deployDescriptor Erreur lors du déploiement du descripteur de configuration [/Users/Airi/Documents/SOEN387-Projects-and-Labs/Assignment 2/apache-tomcat-9.0.26/conf/Catalina/localhost/WebApplicationDemo.xml]
	java.lang.IllegalStateException: Erreur lors du démarrage du conteneur fils
		at org.apache.catalina.core.ContainerBase.addChildInternal(ContainerBase.java:720)
		at org.apache.catalina.core.ContainerBase.addChild(ContainerBase.java:690)
		at org.apache.catalina.core.StandardHost.addChild(StandardHost.java:705)
		at org.apache.catalina.startup.HostConfig.deployDescriptor(HostConfig.java:631)
		at org.apache.catalina.startup.HostConfig$DeployDescriptor.run(HostConfig.java:1831)
		at java.util.concurrent.Executors$RunnableAdapter.call(Executors.java:511)
		at java.util.concurrent.FutureTask.run(FutureTask.java:266)
		at org.apache.tomcat.util.threads.InlineExecutorService.execute(InlineExecutorService.java:75)
		at java.util.concurrent.AbstractExecutorService.submit(AbstractExecutorService.java:112)
		at org.apache.catalina.startup.HostConfig.deployDescriptors(HostConfig.java:526)
		at org.apache.catalina.startup.HostConfig.deployApps(HostConfig.java:425)
		at org.apache.catalina.startup.HostConfig.start(HostConfig.java:1576)
		at org.apache.catalina.startup.HostConfig.lifecycleEvent(HostConfig.java:309)
		at org.apache.catalina.util.LifecycleBase.fireLifecycleEvent(LifecycleBase.java:123)
		at org.apache.catalina.util.LifecycleBase.setStateInternal(LifecycleBase.java:423)
		at org.apache.catalina.util.LifecycleBase.setState(LifecycleBase.java:366)
		at org.apache.catalina.core.ContainerBase.startInternal(ContainerBase.java:936)
		at org.apache.catalina.core.StandardHost.startInternal(StandardHost.java:841)
		at org.apache.catalina.util.LifecycleBase.start(LifecycleBase.java:183)
		at org.apache.catalina.core.ContainerBase$StartChild.call(ContainerBase.java:1384)
		at org.apache.catalina.core.ContainerBase$StartChild.call(ContainerBase.java:1374)
		at java.util.concurrent.FutureTask.run(FutureTask.java:266)
		at org.apache.tomcat.util.threads.InlineExecutorService.execute(InlineExecutorService.java:75)
		at java.util.concurrent.AbstractExecutorService.submit(AbstractExecutorService.java:134)
		at org.apache.catalina.core.ContainerBase.startInternal(ContainerBase.java:909)
		at org.apache.catalina.core.StandardEngine.startInternal(StandardEngine.java:262)
		at org.apache.catalina.util.LifecycleBase.start(LifecycleBase.java:183)
		at org.apache.catalina.core.StandardService.startInternal(StandardService.java:421)
		at org.apache.catalina.util.LifecycleBase.start(LifecycleBase.java:183)
		at org.apache.catalina.core.StandardServer.startInternal(StandardServer.java:932)
		at org.apache.catalina.util.LifecycleBase.start(LifecycleBase.java:183)
		at org.apache.catalina.startup.Catalina.start(Catalina.java:633)
		at sun.reflect.NativeMethodAccessorImpl.invoke0(Native Method)
		at sun.reflect.NativeMethodAccessorImpl.invoke(NativeMethodAccessorImpl.java:62)
		at sun.reflect.DelegatingMethodAccessorImpl.invoke(DelegatingMethodAccessorImpl.java:43)
		at java.lang.reflect.Method.invoke(Method.java:498)
		at org.apache.catalina.startup.Bootstrap.start(Bootstrap.java:344)
		at org.apache.catalina.startup.Bootstrap.main(Bootstrap.java:475)
	Caused by: org.apache.catalina.LifecycleException: Echec de démarrage du composant [org.apache.catalina.webresources.StandardRoot@1640c151]
		at org.apache.catalina.util.LifecycleBase.handleSubClassException(LifecycleBase.java:440)
		at org.apache.catalina.util.LifecycleBase.start(LifecycleBase.java:198)
		at org.apache.catalina.core.StandardContext.resourcesStart(StandardContext.java:4800)
		at org.apache.catalina.core.StandardContext.startInternal(StandardContext.java:4935)
		at org.apache.catalina.util.LifecycleBase.start(LifecycleBase.java:183)
		at org.apache.catalina.core.ContainerBase.addChildInternal(ContainerBase.java:717)
		... 37 more
	Caused by: java.lang.IllegalArgumentException: L'ensemble de ressources principal [/Users/Airi/Documents/SOEN387-Projects-and-Labs/Labs/WebApplicationDemo/build/web] est invalide
		at org.apache.catalina.webresources.StandardRoot.createMainResourceSet(StandardRoot.java:752)
		at org.apache.catalina.webresources.StandardRoot.startInternal(StandardRoot.java:709)
		at org.apache.catalina.util.LifecycleBase.start(LifecycleBase.java:183)
		... 41 more
17-Nov-2019 11:00:54.716 INFOS [main] org.apache.catalina.startup.HostConfig.deployDescriptor Le traitement du descripteur de déploiement [/Users/Airi/Documents/SOEN387-Projects-and-Labs/Assignment 2/apache-tomcat-9.0.26/conf/Catalina/localhost/WebApplicationDemo.xml] a pris [48] ms
17-Nov-2019 11:00:54.716 INFOS [main] org.apache.catalina.startup.HostConfig.deployDescriptor Déploiement du descripteur de configuration [/Users/Airi/Documents/SOEN387-Projects-and-Labs/Assignment 2/apache-tomcat-9.0.26/conf/Catalina/localhost/A2-Airi.xml]
17-Nov-2019 11:00:54.721 AVERTISSEMENT [main] org.apache.catalina.startup.HostConfig.deployDescriptor L'attribut path avec la valeur [/A2-Airi] dans le descripteur de déploiement [/Users/Airi/Documents/SOEN387-Projects-and-Labs/Assignment 2/apache-tomcat-9.0.26/conf/Catalina/localhost/A2-Airi.xml] a été ignoré
17-Nov-2019 11:00:54.738 GRAVE [main] org.apache.catalina.startup.HostConfig.deployDescriptor Erreur lors du déploiement du descripteur de configuration [/Users/Airi/Documents/SOEN387-Projects-and-Labs/Assignment 2/apache-tomcat-9.0.26/conf/Catalina/localhost/A2-Airi.xml]
	java.lang.IllegalStateException: Erreur lors du démarrage du conteneur fils
		at org.apache.catalina.core.ContainerBase.addChildInternal(ContainerBase.java:720)
		at org.apache.catalina.core.ContainerBase.addChild(ContainerBase.java:690)
		at org.apache.catalina.core.StandardHost.addChild(StandardHost.java:705)
		at org.apache.catalina.startup.HostConfig.deployDescriptor(HostConfig.java:631)
		at org.apache.catalina.startup.HostConfig$DeployDescriptor.run(HostConfig.java:1831)
		at java.util.concurrent.Executors$RunnableAdapter.call(Executors.java:511)
		at java.util.concurrent.FutureTask.run(FutureTask.java:266)
		at org.apache.tomcat.util.threads.InlineExecutorService.execute(InlineExecutorService.java:75)
		at java.util.concurrent.AbstractExecutorService.submit(AbstractExecutorService.java:112)
		at org.apache.catalina.startup.HostConfig.deployDescriptors(HostConfig.java:526)
		at org.apache.catalina.startup.HostConfig.deployApps(HostConfig.java:425)
		at org.apache.catalina.startup.HostConfig.start(HostConfig.java:1576)
		at org.apache.catalina.startup.HostConfig.lifecycleEvent(HostConfig.java:309)
		at org.apache.catalina.util.LifecycleBase.fireLifecycleEvent(LifecycleBase.java:123)
		at org.apache.catalina.util.LifecycleBase.setStateInternal(LifecycleBase.java:423)
		at org.apache.catalina.util.LifecycleBase.setState(LifecycleBase.java:366)
		at org.apache.catalina.core.ContainerBase.startInternal(ContainerBase.java:936)
		at org.apache.catalina.core.StandardHost.startInternal(StandardHost.java:841)
		at org.apache.catalina.util.LifecycleBase.start(LifecycleBase.java:183)
		at org.apache.catalina.core.ContainerBase$StartChild.call(ContainerBase.java:1384)
		at org.apache.catalina.core.ContainerBase$StartChild.call(ContainerBase.java:1374)
		at java.util.concurrent.FutureTask.run(FutureTask.java:266)
		at org.apache.tomcat.util.threads.InlineExecutorService.execute(InlineExecutorService.java:75)
		at java.util.concurrent.AbstractExecutorService.submit(AbstractExecutorService.java:134)
		at org.apache.catalina.core.ContainerBase.startInternal(ContainerBase.java:909)
		at org.apache.catalina.core.StandardEngine.startInternal(StandardEngine.java:262)
		at org.apache.catalina.util.LifecycleBase.start(LifecycleBase.java:183)
		at org.apache.catalina.core.StandardService.startInternal(StandardService.java:421)
		at org.apache.catalina.util.LifecycleBase.start(LifecycleBase.java:183)
		at org.apache.catalina.core.StandardServer.startInternal(StandardServer.java:932)
		at org.apache.catalina.util.LifecycleBase.start(LifecycleBase.java:183)
		at org.apache.catalina.startup.Catalina.start(Catalina.java:633)
		at sun.reflect.NativeMethodAccessorImpl.invoke0(Native Method)
		at sun.reflect.NativeMethodAccessorImpl.invoke(NativeMethodAccessorImpl.java:62)
		at sun.reflect.DelegatingMethodAccessorImpl.invoke(DelegatingMethodAccessorImpl.java:43)
		at java.lang.reflect.Method.invoke(Method.java:498)
		at org.apache.catalina.startup.Bootstrap.start(Bootstrap.java:344)
		at org.apache.catalina.startup.Bootstrap.main(Bootstrap.java:475)
	Caused by: org.apache.catalina.LifecycleException: Echec de démarrage du composant [org.apache.catalina.webresources.StandardRoot@2a32fb6]
		at org.apache.catalina.util.LifecycleBase.handleSubClassException(LifecycleBase.java:440)
		at org.apache.catalina.util.LifecycleBase.start(LifecycleBase.java:198)
		at org.apache.catalina.core.StandardContext.resourcesStart(StandardContext.java:4800)
		at org.apache.catalina.core.StandardContext.startInternal(StandardContext.java:4935)
		at org.apache.catalina.util.LifecycleBase.start(LifecycleBase.java:183)
		at org.apache.catalina.core.ContainerBase.addChildInternal(ContainerBase.java:717)
		... 37 more
	Caused by: java.lang.IllegalArgumentException: L'ensemble de ressources principal [/Users/Airi/Documents/SOEN387-Projects-and-Labs/Assignment 2/A2-Airi/build/web] est invalide
		at org.apache.catalina.webresources.StandardRoot.createMainResourceSet(StandardRoot.java:752)
		at org.apache.catalina.webresources.StandardRoot.startInternal(StandardRoot.java:709)
		at org.apache.catalina.util.LifecycleBase.start(LifecycleBase.java:183)
		... 41 more
17-Nov-2019 11:00:54.748 INFOS [main] org.apache.catalina.startup.HostConfig.deployDescriptor Le traitement du descripteur de déploiement [/Users/Airi/Documents/SOEN387-Projects-and-Labs/Assignment 2/apache-tomcat-9.0.26/conf/Catalina/localhost/A2-Airi.xml] a pris [32] ms
17-Nov-2019 11:00:54.751 INFOS [main] org.apache.catalina.startup.HostConfig.deployDirectory Déploiement du répertoire d'application web [/Users/Airi/Documents/SOEN387-Projects-and-Labs/Assignment 2/apache-tomcat-9.0.26/webapps/docs]
17-Nov-2019 11:00:55.022 INFOS [main] org.apache.jasper.servlet.TldScanner.scanJars Au moins un fichier JAR a été analysé pour trouver des TLDs mais il n'en contenait pas, le mode "debug" du journal peut être activé pour obtenir une liste complète de JAR scannés sans succès; éviter d'analyser des JARs inutilement peut améliorer sensiblement le temps de démarrage et le temps de compilation des JSPs
17-Nov-2019 11:00:55.024 INFOS [main] org.apache.catalina.startup.HostConfig.deployDirectory Le déploiement du répertoire [/Users/Airi/Documents/SOEN387-Projects-and-Labs/Assignment 2/apache-tomcat-9.0.26/webapps/docs] de l'application web s'est terminé en [274] ms
17-Nov-2019 11:00:55.024 INFOS [main] org.apache.catalina.startup.HostConfig.deployDirectory Déploiement du répertoire d'application web [/Users/Airi/Documents/SOEN387-Projects-and-Labs/Assignment 2/apache-tomcat-9.0.26/webapps/manager]
17-Nov-2019 11:00:55.314 INFOS [main] org.apache.jasper.servlet.TldScanner.scanJars Au moins un fichier JAR a été analysé pour trouver des TLDs mais il n'en contenait pas, le mode "debug" du journal peut être activé pour obtenir une liste complète de JAR scannés sans succès; éviter d'analyser des JARs inutilement peut améliorer sensiblement le temps de démarrage et le temps de compilation des JSPs
17-Nov-2019 11:00:55.338 INFOS [main] org.apache.catalina.startup.HostConfig.deployDirectory Le déploiement du répertoire [/Users/Airi/Documents/SOEN387-Projects-and-Labs/Assignment 2/apache-tomcat-9.0.26/webapps/manager] de l'application web s'est terminé en [313] ms
17-Nov-2019 11:00:55.339 INFOS [main] org.apache.catalina.startup.HostConfig.deployDirectory Déploiement du répertoire d'application web [/Users/Airi/Documents/SOEN387-Projects-and-Labs/Assignment 2/apache-tomcat-9.0.26/webapps/examples]
17-Nov-2019 11:00:56.059 INFOS [main] org.apache.jasper.servlet.TldScanner.scanJars Au moins un fichier JAR a été analysé pour trouver des TLDs mais il n'en contenait pas, le mode "debug" du journal peut être activé pour obtenir une liste complète de JAR scannés sans succès; éviter d'analyser des JARs inutilement peut améliorer sensiblement le temps de démarrage et le temps de compilation des JSPs
17-Nov-2019 11:00:56.101 INFOS [main] org.apache.catalina.startup.HostConfig.deployDirectory Le déploiement du répertoire [/Users/Airi/Documents/SOEN387-Projects-and-Labs/Assignment 2/apache-tomcat-9.0.26/webapps/examples] de l'application web s'est terminé en [761] ms
17-Nov-2019 11:00:56.101 INFOS [main] org.apache.catalina.startup.HostConfig.deployDirectory Déploiement du répertoire d'application web [/Users/Airi/Documents/SOEN387-Projects-and-Labs/Assignment 2/apache-tomcat-9.0.26/webapps/ROOT]
17-Nov-2019 11:00:56.360 INFOS [main] org.apache.jasper.servlet.TldScanner.scanJars Au moins un fichier JAR a été analysé pour trouver des TLDs mais il n'en contenait pas, le mode "debug" du journal peut être activé pour obtenir une liste complète de JAR scannés sans succès; éviter d'analyser des JARs inutilement peut améliorer sensiblement le temps de démarrage et le temps de compilation des JSPs
17-Nov-2019 11:00:56.366 INFOS [main] org.apache.catalina.startup.HostConfig.deployDirectory Le déploiement du répertoire [/Users/Airi/Documents/SOEN387-Projects-and-Labs/Assignment 2/apache-tomcat-9.0.26/webapps/ROOT] de l'application web s'est terminé en [265] ms
17-Nov-2019 11:00:56.367 INFOS [main] org.apache.catalina.startup.HostConfig.deployDirectory Déploiement du répertoire d'application web [/Users/Airi/Documents/SOEN387-Projects-and-Labs/Assignment 2/apache-tomcat-9.0.26/webapps/host-manager]
17-Nov-2019 11:00:56.594 INFOS [main] org.apache.jasper.servlet.TldScanner.scanJars Au moins un fichier JAR a été analysé pour trouver des TLDs mais il n'en contenait pas, le mode "debug" du journal peut être activé pour obtenir une liste complète de JAR scannés sans succès; éviter d'analyser des JARs inutilement peut améliorer sensiblement le temps de démarrage et le temps de compilation des JSPs
17-Nov-2019 11:00:56.599 INFOS [main] org.apache.catalina.startup.HostConfig.deployDirectory Le déploiement du répertoire [/Users/Airi/Documents/SOEN387-Projects-and-Labs/Assignment 2/apache-tomcat-9.0.26/webapps/host-manager] de l'application web s'est terminé en [231] ms
17-Nov-2019 11:00:56.613 INFOS [main] org.apache.coyote.AbstractProtocol.start Démarrage du gestionnaire de protocole ["http-nio-8080"]
17-Nov-2019 11:00:56.645 INFOS [main] org.apache.coyote.AbstractProtocol.start Démarrage du gestionnaire de protocole ["ajp-nio-8009"]
17-Nov-2019 11:00:56.661 INFOS [main] org.apache.catalina.startup.Catalina.start Le démarrage du serveur a pris [5 956] millisecondes
17-Nov-2019 11:00:59.421 INFOS [http-nio-8080-exec-7] org.apache.jasper.servlet.TldScanner.scanJars Au moins un fichier JAR a été analysé pour trouver des TLDs mais il n'en contenait pas, le mode "debug" du journal peut être activé pour obtenir une liste complète de JAR scannés sans succès; éviter d'analyser des JARs inutilement peut améliorer sensiblement le temps de démarrage et le temps de compilation des JSPs
17-Nov-2019 11:04:20.550 AVERTISSEMENT [http-nio-8080-exec-16] org.apache.catalina.realm.LockOutRealm.filterLockedAccounts Une tentative d'authentification a été effectuée pour l'utilisateur verrouillé ("locked user") []
17-Nov-2019 11:04:20.568 AVERTISSEMENT [http-nio-8080-exec-18] org.apache.catalina.realm.LockOutRealm.filterLockedAccounts Une tentative d'authentification a été effectuée pour l'utilisateur verrouillé ("locked user") []
17-Nov-2019 11:04:20.598 AVERTISSEMENT [http-nio-8080-exec-20] org.apache.catalina.realm.LockOutRealm.filterLockedAccounts Une tentative d'authentification a été effectuée pour l'utilisateur verrouillé ("locked user") []
17-Nov-2019 11:04:20.727 INFOS [http-nio-8080-exec-17] org.apache.jasper.servlet.TldScanner.scanJars Au moins un fichier JAR a été analysé pour trouver des TLDs mais il n'en contenait pas, le mode "debug" du journal peut être activé pour obtenir une liste complète de JAR scannés sans succès; éviter d'analyser des JARs inutilement peut améliorer sensiblement le temps de démarrage et le temps de compilation des JSPs
17-Nov-2019 11:04:23.847 AVERTISSEMENT [http-nio-8080-exec-19] org.apache.catalina.realm.LockOutRealm.filterLockedAccounts Une tentative d'authentification a été effectuée pour l'utilisateur verrouillé ("locked user") []
17-Nov-2019 11:04:24.183 AVERTISSEMENT [http-nio-8080-exec-20] org.apache.catalina.realm.LockOutRealm.filterLockedAccounts Une tentative d'authentification a été effectuée pour l'utilisateur verrouillé ("locked user") []
17-Nov-2019 11:04:24.195 AVERTISSEMENT [http-nio-8080-exec-14] org.apache.catalina.realm.LockOutRealm.filterLockedAccounts Une tentative d'authentification a été effectuée pour l'utilisateur verrouillé ("locked user") []
17-Nov-2019 11:04:24.227 AVERTISSEMENT [http-nio-8080-exec-15] org.apache.catalina.realm.LockOutRealm.filterLockedAccounts Une tentative d'authentification a été effectuée pour l'utilisateur verrouillé ("locked user") []
17-Nov-2019 11:04:24.262 AVERTISSEMENT [http-nio-8080-exec-20] org.apache.catalina.realm.LockOutRealm.filterLockedAccounts Une tentative d'authentification a été effectuée pour l'utilisateur verrouillé ("locked user") []
17-Nov-2019 11:04:24.441 INFOS [http-nio-8080-exec-14] org.apache.jasper.servlet.TldScanner.scanJars Au moins un fichier JAR a été analysé pour trouver des TLDs mais il n'en contenait pas, le mode "debug" du journal peut être activé pour obtenir une liste complète de JAR scannés sans succès; éviter d'analyser des JARs inutilement peut améliorer sensiblement le temps de démarrage et le temps de compilation des JSPs
17-Nov-2019 11:04:26.783 INFOS [Catalina-utility-1] org.apache.catalina.startup.HostConfig.reload Rechargement du contexte [/Lab9-DOM_JQuery]
17-Nov-2019 11:04:26.783 INFOS [Catalina-utility-1] org.apache.catalina.core.StandardContext.reload Le rechargement du contexte [/Lab9-DOM_JQuery] a démarré
17-Nov-2019 11:04:26.853 INFOS [Catalina-utility-1] org.apache.jasper.servlet.TldScanner.scanJars Au moins un fichier JAR a été analysé pour trouver des TLDs mais il n'en contenait pas, le mode "debug" du journal peut être activé pour obtenir une liste complète de JAR scannés sans succès; éviter d'analyser des JARs inutilement peut améliorer sensiblement le temps de démarrage et le temps de compilation des JSPs
17-Nov-2019 11:04:26.856 INFOS [Catalina-utility-1] org.apache.catalina.core.StandardContext.reload Le rechargement de ce contexte est terminé
17-Nov-2019 11:06:41.925 AVERTISSEMENT [http-nio-8080-exec-24] org.apache.catalina.realm.LockOutRealm.filterLockedAccounts Une tentative d'authentification a été effectuée pour l'utilisateur verrouillé ("locked user") []
17-Nov-2019 11:06:51.311 AVERTISSEMENT [http-nio-8080-exec-21] org.apache.catalina.realm.LockOutRealm.filterLockedAccounts Une tentative d'authentification a été effectuée pour l'utilisateur verrouillé ("locked user") []
17-Nov-2019 11:06:51.329 AVERTISSEMENT [http-nio-8080-exec-24] org.apache.catalina.realm.LockOutRealm.filterLockedAccounts Une tentative d'authentification a été effectuée pour l'utilisateur verrouillé ("locked user") []
17-Nov-2019 11:06:51.371 AVERTISSEMENT [http-nio-8080-exec-12] org.apache.catalina.realm.LockOutRealm.filterLockedAccounts Une tentative d'authentification a été effectuée pour l'utilisateur verrouillé ("locked user") []
17-Nov-2019 11:06:51.536 INFOS [http-nio-8080-exec-24] org.apache.jasper.servlet.TldScanner.scanJars Au moins un fichier JAR a été analysé pour trouver des TLDs mais il n'en contenait pas, le mode "debug" du journal peut être activé pour obtenir une liste complète de JAR scannés sans succès; éviter d'analyser des JARs inutilement peut améliorer sensiblement le temps de démarrage et le temps de compilation des JSPs
17-Nov-2019 11:06:53.740 AVERTISSEMENT [http-nio-8080-exec-30] org.apache.catalina.realm.LockOutRealm.filterLockedAccounts Une tentative d'authentification a été effectuée pour l'utilisateur verrouillé ("locked user") []
17-Nov-2019 11:06:53.754 AVERTISSEMENT [http-nio-8080-exec-25] org.apache.catalina.realm.LockOutRealm.filterLockedAccounts Une tentative d'authentification a été effectuée pour l'utilisateur verrouillé ("locked user") []
17-Nov-2019 11:06:53.779 AVERTISSEMENT [http-nio-8080-exec-26] org.apache.catalina.realm.LockOutRealm.filterLockedAccounts Une tentative d'authentification a été effectuée pour l'utilisateur verrouillé ("locked user") []
17-Nov-2019 11:06:53.882 INFOS [http-nio-8080-exec-27] org.apache.jasper.servlet.TldScanner.scanJars Au moins un fichier JAR a été analysé pour trouver des TLDs mais il n'en contenait pas, le mode "debug" du journal peut être activé pour obtenir une liste complète de JAR scannés sans succès; éviter d'analyser des JARs inutilement peut améliorer sensiblement le temps de démarrage et le temps de compilation des JSPs
17-Nov-2019 11:06:56.964 INFOS [Catalina-utility-1] org.apache.catalina.startup.HostConfig.reload Rechargement du contexte [/Lab9-DOM_JQuery]
17-Nov-2019 11:06:56.964 INFOS [Catalina-utility-1] org.apache.catalina.core.StandardContext.reload Le rechargement du contexte [/Lab9-DOM_JQuery] a démarré
17-Nov-2019 11:06:57.175 INFOS [Catalina-utility-1] org.apache.jasper.servlet.TldScanner.scanJars Au moins un fichier JAR a été analysé pour trouver des TLDs mais il n'en contenait pas, le mode "debug" du journal peut être activé pour obtenir une liste complète de JAR scannés sans succès; éviter d'analyser des JARs inutilement peut améliorer sensiblement le temps de démarrage et le temps de compilation des JSPs
17-Nov-2019 11:06:57.186 INFOS [Catalina-utility-1] org.apache.catalina.core.StandardContext.reload Le rechargement de ce contexte est terminé
17-Nov-2019 11:07:04.239 AVERTISSEMENT [http-nio-8080-exec-30] org.apache.catalina.realm.LockOutRealm.filterLockedAccounts Une tentative d'authentification a été effectuée pour l'utilisateur verrouillé ("locked user") []
17-Nov-2019 11:08:06.182 AVERTISSEMENT [http-nio-8080-exec-32] org.apache.catalina.realm.LockOutRealm.filterLockedAccounts Une tentative d'authentification a été effectuée pour l'utilisateur verrouillé ("locked user") []
17-Nov-2019 11:08:30.585 AVERTISSEMENT [http-nio-8080-exec-30] org.apache.catalina.realm.LockOutRealm.filterLockedAccounts Une tentative d'authentification a été effectuée pour l'utilisateur verrouillé ("locked user") []
17-Nov-2019 11:08:46.502 AVERTISSEMENT [http-nio-8080-exec-25] org.apache.catalina.realm.LockOutRealm.filterLockedAccounts Une tentative d'authentification a été effectuée pour l'utilisateur verrouillé ("locked user") []
17-Nov-2019 11:09:07.143 AVERTISSEMENT [http-nio-8080-exec-34] org.apache.catalina.realm.LockOutRealm.filterLockedAccounts Une tentative d'authentification a été effectuée pour l'utilisateur verrouillé ("locked user") []
17-Nov-2019 11:09:11.955 AVERTISSEMENT [http-nio-8080-exec-31] org.apache.catalina.realm.LockOutRealm.filterLockedAccounts Une tentative d'authentification a été effectuée pour l'utilisateur verrouillé ("locked user") []
17-Nov-2019 11:09:11.977 AVERTISSEMENT [http-nio-8080-exec-32] org.apache.catalina.realm.LockOutRealm.filterLockedAccounts Une tentative d'authentification a été effectuée pour l'utilisateur verrouillé ("locked user") []
17-Nov-2019 11:09:12.010 AVERTISSEMENT [http-nio-8080-exec-31] org.apache.catalina.realm.LockOutRealm.filterLockedAccounts Une tentative d'authentification a été effectuée pour l'utilisateur verrouillé ("locked user") []
17-Nov-2019 11:09:12.039 AVERTISSEMENT [http-nio-8080-exec-31] org.apache.catalina.realm.LockOutRealm.filterLockedAccounts Une tentative d'authentification a été effectuée pour l'utilisateur verrouillé ("locked user") []
17-Nov-2019 11:09:12.135 INFOS [http-nio-8080-exec-35] org.apache.jasper.servlet.TldScanner.scanJars Au moins un fichier JAR a été analysé pour trouver des TLDs mais il n'en contenait pas, le mode "debug" du journal peut être activé pour obtenir une liste complète de JAR scannés sans succès; éviter d'analyser des JARs inutilement peut améliorer sensiblement le temps de démarrage et le temps de compilation des JSPs
17-Nov-2019 11:10:08.365 INFOS [main] org.apache.catalina.core.StandardServer.await Une commande d'arrêt valide a été reçue sur le port d'arrêt, arrêt de l'instance du serveur
17-Nov-2019 11:10:08.366 INFOS [main] org.apache.coyote.AbstractProtocol.pause Le gestionnaire de protocole ["http-nio-8080"] est mis en pause
17-Nov-2019 11:10:08.377 INFOS [main] org.apache.coyote.AbstractProtocol.pause Le gestionnaire de protocole ["ajp-nio-8009"] est mis en pause
17-Nov-2019 11:10:08.385 INFOS [main] org.apache.catalina.core.StandardService.stopInternal Arrêt du service [Catalina]
17-Nov-2019 11:10:08.423 INFOS [main] org.apache.coyote.AbstractProtocol.stop Arrêt du gestionnaire de protocole ["http-nio-8080"]
17-Nov-2019 11:10:08.425 INFOS [main] org.apache.coyote.AbstractProtocol.stop Arrêt du gestionnaire de protocole ["ajp-nio-8009"]
17-Nov-2019 11:10:08.427 INFOS [main] org.apache.coyote.AbstractProtocol.destroy Destruction du gestionnaire de protocole ["http-nio-8080"]
17-Nov-2019 11:10:08.429 INFOS [main] org.apache.coyote.AbstractProtocol.destroy Destruction du gestionnaire de protocole ["ajp-nio-8009"]
17-Nov-2019 13:19:03.274 INFOS [main] org.apache.catalina.startup.VersionLoggerListener.log Version du serveur:        Apache Tomcat/9.0.26
17-Nov-2019 13:19:03.277 INFOS [main] org.apache.catalina.startup.VersionLoggerListener.log Serveur compilé:       Sep 16 2019 15:51:39 UTC
17-Nov-2019 13:19:03.277 INFOS [main] org.apache.catalina.startup.VersionLoggerListener.log Version du serveur:      9.0.26.0
17-Nov-2019 13:19:03.277 INFOS [main] org.apache.catalina.startup.VersionLoggerListener.log Nom de l'OS:           Mac OS X
17-Nov-2019 13:19:03.277 INFOS [main] org.apache.catalina.startup.VersionLoggerListener.log Version de l'OS:        10.15.1
17-Nov-2019 13:19:03.277 INFOS [main] org.apache.catalina.startup.VersionLoggerListener.log Architecture:          x86_64
17-Nov-2019 13:19:03.277 INFOS [main] org.apache.catalina.startup.VersionLoggerListener.log Répertoire de Java:     /Library/Java/JavaVirtualMachines/jdk1.8.0_141.jdk/Contents/Home/jre
17-Nov-2019 13:19:03.277 INFOS [main] org.apache.catalina.startup.VersionLoggerListener.log Version de la JVM:           1.8.0_141-b15
17-Nov-2019 13:19:03.277 INFOS [main] org.apache.catalina.startup.VersionLoggerListener.log Fournisseur de la JVM:            Oracle Corporation
17-Nov-2019 13:19:03.278 INFOS [main] org.apache.catalina.startup.VersionLoggerListener.log CATALINA_BASE:         /Users/Airi/Documents/SOEN387-Projects-and-Labs/Assignment 2/apache-tomcat-9.0.26
17-Nov-2019 13:19:03.278 INFOS [main] org.apache.catalina.startup.VersionLoggerListener.log CATALINA_HOME:         /Users/Airi/Documents/SOEN387-Projects-and-Labs/Assignment 2/apache-tomcat-9.0.26
17-Nov-2019 13:19:03.291 INFOS [main] org.apache.catalina.startup.VersionLoggerListener.log Argument de la ligne de commande: -Djava.util.logging.config.file=/Users/Airi/Documents/SOEN387-Projects-and-Labs/Assignment 2/apache-tomcat-9.0.26/conf/logging.properties
17-Nov-2019 13:19:03.291 INFOS [main] org.apache.catalina.startup.VersionLoggerListener.log Argument de la ligne de commande: -Djava.util.logging.manager=org.apache.juli.ClassLoaderLogManager
17-Nov-2019 13:19:03.291 INFOS [main] org.apache.catalina.startup.VersionLoggerListener.log Argument de la ligne de commande: -Dhttp.nonProxyHosts=localhost|127.0.0.1|Airis-MBP
17-Nov-2019 13:19:03.292 INFOS [main] org.apache.catalina.startup.VersionLoggerListener.log Argument de la ligne de commande: -Djdk.tls.ephemeralDHKeySize=2048
17-Nov-2019 13:19:03.292 INFOS [main] org.apache.catalina.startup.VersionLoggerListener.log Argument de la ligne de commande: -Djava.protocol.handler.pkgs=org.apache.catalina.webresources
17-Nov-2019 13:19:03.292 INFOS [main] org.apache.catalina.startup.VersionLoggerListener.log Argument de la ligne de commande: -Dorg.apache.catalina.security.SecurityListener.UMASK=0027
17-Nov-2019 13:19:03.292 INFOS [main] org.apache.catalina.startup.VersionLoggerListener.log Argument de la ligne de commande: -Dignore.endorsed.dirs=
17-Nov-2019 13:19:03.292 INFOS [main] org.apache.catalina.startup.VersionLoggerListener.log Argument de la ligne de commande: -Dcatalina.base=/Users/Airi/Documents/SOEN387-Projects-and-Labs/Assignment 2/apache-tomcat-9.0.26
17-Nov-2019 13:19:03.292 INFOS [main] org.apache.catalina.startup.VersionLoggerListener.log Argument de la ligne de commande: -Dcatalina.home=/Users/Airi/Documents/SOEN387-Projects-and-Labs/Assignment 2/apache-tomcat-9.0.26
17-Nov-2019 13:19:03.294 INFOS [main] org.apache.catalina.startup.VersionLoggerListener.log Argument de la ligne de commande: -Djava.io.tmpdir=/Users/Airi/Documents/SOEN387-Projects-and-Labs/Assignment 2/apache-tomcat-9.0.26/temp
17-Nov-2019 13:19:03.295 INFOS [main] org.apache.catalina.core.AprLifecycleListener.lifecycleEvent La librairie Apache Tomcat Native basée sur APR qui permet des performances optimales dans les environnements de production n'a pas été trouvée sur le java.library.path: [/Users/Airi/Library/Java/Extensions:/Library/Java/Extensions:/Network/Library/Java/Extensions:/System/Library/Java/Extensions:/usr/lib/java:.]
17-Nov-2019 13:19:04.573 INFOS [main] org.apache.coyote.AbstractProtocol.init Initialisation du gestionnaire de protocole ["http-nio-8080"]
17-Nov-2019 13:19:04.710 INFOS [main] org.apache.coyote.AbstractProtocol.init Initialisation du gestionnaire de protocole ["ajp-nio-8009"]
17-Nov-2019 13:19:04.727 INFOS [main] org.apache.catalina.startup.Catalina.load L'initialisation du serveur a pris [2 103] millisecondes
17-Nov-2019 13:19:04.883 INFOS [main] org.apache.catalina.core.StandardService.startInternal Démarrage du service [Catalina]
17-Nov-2019 13:19:04.884 INFOS [main] org.apache.catalina.core.StandardEngine.startInternal Démarrage du moteur de Servlets: [Apache Tomcat/9.0.26]
17-Nov-2019 13:19:04.900 INFOS [main] org.apache.catalina.startup.HostConfig.deployDescriptor Déploiement du descripteur de configuration [/Users/Airi/Documents/SOEN387-Projects-and-Labs/Assignment 2/apache-tomcat-9.0.26/conf/Catalina/localhost/A2-UI.xml]
17-Nov-2019 13:19:05.061 AVERTISSEMENT [main] org.apache.catalina.startup.HostConfig.deployDescriptor L'attribut path avec la valeur [/A2-UI] dans le descripteur de déploiement [/Users/Airi/Documents/SOEN387-Projects-and-Labs/Assignment 2/apache-tomcat-9.0.26/conf/Catalina/localhost/A2-UI.xml] a été ignoré
17-Nov-2019 13:19:07.730 INFOS [main] org.apache.jasper.servlet.TldScanner.scanJars Au moins un fichier JAR a été analysé pour trouver des TLDs mais il n'en contenait pas, le mode "debug" du journal peut être activé pour obtenir une liste complète de JAR scannés sans succès; éviter d'analyser des JARs inutilement peut améliorer sensiblement le temps de démarrage et le temps de compilation des JSPs
17-Nov-2019 13:19:07.894 INFOS [main] org.apache.catalina.startup.HostConfig.deployDescriptor Le traitement du descripteur de déploiement [/Users/Airi/Documents/SOEN387-Projects-and-Labs/Assignment 2/apache-tomcat-9.0.26/conf/Catalina/localhost/A2-UI.xml] a pris [2 993] ms
17-Nov-2019 13:19:07.895 INFOS [main] org.apache.catalina.startup.HostConfig.deployDescriptor Déploiement du descripteur de configuration [/Users/Airi/Documents/SOEN387-Projects-and-Labs/Assignment 2/apache-tomcat-9.0.26/conf/Catalina/localhost/A2.xml]
17-Nov-2019 13:19:07.896 AVERTISSEMENT [main] org.apache.catalina.startup.HostConfig.deployDescriptor L'attribut path avec la valeur [/A2] dans le descripteur de déploiement [/Users/Airi/Documents/SOEN387-Projects-and-Labs/Assignment 2/apache-tomcat-9.0.26/conf/Catalina/localhost/A2.xml] a été ignoré
17-Nov-2019 13:19:07.904 GRAVE [main] org.apache.catalina.startup.HostConfig.deployDescriptor Erreur lors du déploiement du descripteur de configuration [/Users/Airi/Documents/SOEN387-Projects-and-Labs/Assignment 2/apache-tomcat-9.0.26/conf/Catalina/localhost/A2.xml]
	java.lang.IllegalStateException: Erreur lors du démarrage du conteneur fils
		at org.apache.catalina.core.ContainerBase.addChildInternal(ContainerBase.java:720)
		at org.apache.catalina.core.ContainerBase.addChild(ContainerBase.java:690)
		at org.apache.catalina.core.StandardHost.addChild(StandardHost.java:705)
		at org.apache.catalina.startup.HostConfig.deployDescriptor(HostConfig.java:631)
		at org.apache.catalina.startup.HostConfig$DeployDescriptor.run(HostConfig.java:1831)
		at java.util.concurrent.Executors$RunnableAdapter.call(Executors.java:511)
		at java.util.concurrent.FutureTask.run(FutureTask.java:266)
		at org.apache.tomcat.util.threads.InlineExecutorService.execute(InlineExecutorService.java:75)
		at java.util.concurrent.AbstractExecutorService.submit(AbstractExecutorService.java:112)
		at org.apache.catalina.startup.HostConfig.deployDescriptors(HostConfig.java:526)
		at org.apache.catalina.startup.HostConfig.deployApps(HostConfig.java:425)
		at org.apache.catalina.startup.HostConfig.start(HostConfig.java:1576)
		at org.apache.catalina.startup.HostConfig.lifecycleEvent(HostConfig.java:309)
		at org.apache.catalina.util.LifecycleBase.fireLifecycleEvent(LifecycleBase.java:123)
		at org.apache.catalina.util.LifecycleBase.setStateInternal(LifecycleBase.java:423)
		at org.apache.catalina.util.LifecycleBase.setState(LifecycleBase.java:366)
		at org.apache.catalina.core.ContainerBase.startInternal(ContainerBase.java:936)
		at org.apache.catalina.core.StandardHost.startInternal(StandardHost.java:841)
		at org.apache.catalina.util.LifecycleBase.start(LifecycleBase.java:183)
		at org.apache.catalina.core.ContainerBase$StartChild.call(ContainerBase.java:1384)
		at org.apache.catalina.core.ContainerBase$StartChild.call(ContainerBase.java:1374)
		at java.util.concurrent.FutureTask.run(FutureTask.java:266)
		at org.apache.tomcat.util.threads.InlineExecutorService.execute(InlineExecutorService.java:75)
		at java.util.concurrent.AbstractExecutorService.submit(AbstractExecutorService.java:134)
		at org.apache.catalina.core.ContainerBase.startInternal(ContainerBase.java:909)
		at org.apache.catalina.core.StandardEngine.startInternal(StandardEngine.java:262)
		at org.apache.catalina.util.LifecycleBase.start(LifecycleBase.java:183)
		at org.apache.catalina.core.StandardService.startInternal(StandardService.java:421)
		at org.apache.catalina.util.LifecycleBase.start(LifecycleBase.java:183)
		at org.apache.catalina.core.StandardServer.startInternal(StandardServer.java:932)
		at org.apache.catalina.util.LifecycleBase.start(LifecycleBase.java:183)
		at org.apache.catalina.startup.Catalina.start(Catalina.java:633)
		at sun.reflect.NativeMethodAccessorImpl.invoke0(Native Method)
		at sun.reflect.NativeMethodAccessorImpl.invoke(NativeMethodAccessorImpl.java:62)
		at sun.reflect.DelegatingMethodAccessorImpl.invoke(DelegatingMethodAccessorImpl.java:43)
		at java.lang.reflect.Method.invoke(Method.java:498)
		at org.apache.catalina.startup.Bootstrap.start(Bootstrap.java:344)
		at org.apache.catalina.startup.Bootstrap.main(Bootstrap.java:475)
	Caused by: org.apache.catalina.LifecycleException: Echec de démarrage du composant [org.apache.catalina.webresources.StandardRoot@7c2327fa]
		at org.apache.catalina.util.LifecycleBase.handleSubClassException(LifecycleBase.java:440)
		at org.apache.catalina.util.LifecycleBase.start(LifecycleBase.java:198)
		at org.apache.catalina.core.StandardContext.resourcesStart(StandardContext.java:4800)
		at org.apache.catalina.core.StandardContext.startInternal(StandardContext.java:4935)
		at org.apache.catalina.util.LifecycleBase.start(LifecycleBase.java:183)
		at org.apache.catalina.core.ContainerBase.addChildInternal(ContainerBase.java:717)
		... 37 more
	Caused by: java.lang.IllegalArgumentException: L'ensemble de ressources principal [/Users/Airi/Documents/SOEN387-Projects-and-Labs/Assignment 2/A2/build/web] est invalide
		at org.apache.catalina.webresources.StandardRoot.createMainResourceSet(StandardRoot.java:752)
		at org.apache.catalina.webresources.StandardRoot.startInternal(StandardRoot.java:709)
		at org.apache.catalina.util.LifecycleBase.start(LifecycleBase.java:183)
		... 41 more
17-Nov-2019 13:19:07.910 INFOS [main] org.apache.catalina.startup.HostConfig.deployDescriptor Le traitement du descripteur de déploiement [/Users/Airi/Documents/SOEN387-Projects-and-Labs/Assignment 2/apache-tomcat-9.0.26/conf/Catalina/localhost/A2.xml] a pris [14] ms
17-Nov-2019 13:19:07.911 INFOS [main] org.apache.catalina.startup.HostConfig.deployDescriptor Déploiement du descripteur de configuration [/Users/Airi/Documents/SOEN387-Projects-and-Labs/Assignment 2/apache-tomcat-9.0.26/conf/Catalina/localhost/Lab9-DOM_JQuery.xml]
17-Nov-2019 13:19:07.913 AVERTISSEMENT [main] org.apache.catalina.startup.HostConfig.deployDescriptor L'attribut path avec la valeur [/Lab9-DOM_JQuery] dans le descripteur de déploiement [/Users/Airi/Documents/SOEN387-Projects-and-Labs/Assignment 2/apache-tomcat-9.0.26/conf/Catalina/localhost/Lab9-DOM_JQuery.xml] a été ignoré
17-Nov-2019 13:19:08.311 INFOS [main] org.apache.jasper.servlet.TldScanner.scanJars Au moins un fichier JAR a été analysé pour trouver des TLDs mais il n'en contenait pas, le mode "debug" du journal peut être activé pour obtenir une liste complète de JAR scannés sans succès; éviter d'analyser des JARs inutilement peut améliorer sensiblement le temps de démarrage et le temps de compilation des JSPs
17-Nov-2019 13:19:08.365 INFOS [main] org.apache.catalina.startup.HostConfig.deployDescriptor Le traitement du descripteur de déploiement [/Users/Airi/Documents/SOEN387-Projects-and-Labs/Assignment 2/apache-tomcat-9.0.26/conf/Catalina/localhost/Lab9-DOM_JQuery.xml] a pris [454] ms
17-Nov-2019 13:19:08.367 INFOS [main] org.apache.catalina.startup.HostConfig.deployDescriptor Déploiement du descripteur de configuration [/Users/Airi/Documents/SOEN387-Projects-and-Labs/Assignment 2/apache-tomcat-9.0.26/conf/Catalina/localhost/A1-Airi.xml]
17-Nov-2019 13:19:08.371 AVERTISSEMENT [main] org.apache.catalina.startup.HostConfig.deployDescriptor L'attribut path avec la valeur [/A1-Airi] dans le descripteur de déploiement [/Users/Airi/Documents/SOEN387-Projects-and-Labs/Assignment 2/apache-tomcat-9.0.26/conf/Catalina/localhost/A1-Airi.xml] a été ignoré
17-Nov-2019 13:19:08.646 INFOS [main] org.apache.jasper.servlet.TldScanner.scanJars Au moins un fichier JAR a été analysé pour trouver des TLDs mais il n'en contenait pas, le mode "debug" du journal peut être activé pour obtenir une liste complète de JAR scannés sans succès; éviter d'analyser des JARs inutilement peut améliorer sensiblement le temps de démarrage et le temps de compilation des JSPs
17-Nov-2019 13:19:08.672 INFOS [main] org.apache.catalina.startup.HostConfig.deployDescriptor Le traitement du descripteur de déploiement [/Users/Airi/Documents/SOEN387-Projects-and-Labs/Assignment 2/apache-tomcat-9.0.26/conf/Catalina/localhost/A1-Airi.xml] a pris [305] ms
17-Nov-2019 13:19:08.673 INFOS [main] org.apache.catalina.startup.HostConfig.deployDescriptor Déploiement du descripteur de configuration [/Users/Airi/Documents/SOEN387-Projects-and-Labs/Assignment 2/apache-tomcat-9.0.26/conf/Catalina/localhost/MVC-Examples.xml]
17-Nov-2019 13:19:08.679 AVERTISSEMENT [main] org.apache.catalina.startup.HostConfig.deployDescriptor L'attribut path avec la valeur [/MVC-Examples] dans le descripteur de déploiement [/Users/Airi/Documents/SOEN387-Projects-and-Labs/Assignment 2/apache-tomcat-9.0.26/conf/Catalina/localhost/MVC-Examples.xml] a été ignoré
17-Nov-2019 13:19:08.977 INFOS [main] org.apache.jasper.servlet.TldScanner.scanJars Au moins un fichier JAR a été analysé pour trouver des TLDs mais il n'en contenait pas, le mode "debug" du journal peut être activé pour obtenir une liste complète de JAR scannés sans succès; éviter d'analyser des JARs inutilement peut améliorer sensiblement le temps de démarrage et le temps de compilation des JSPs
17-Nov-2019 13:19:08.984 INFOS [main] org.apache.catalina.startup.HostConfig.deployDescriptor Le traitement du descripteur de déploiement [/Users/Airi/Documents/SOEN387-Projects-and-Labs/Assignment 2/apache-tomcat-9.0.26/conf/Catalina/localhost/MVC-Examples.xml] a pris [311] ms
17-Nov-2019 13:19:08.985 INFOS [main] org.apache.catalina.startup.HostConfig.deployDescriptor Déploiement du descripteur de configuration [/Users/Airi/Documents/SOEN387-Projects-and-Labs/Assignment 2/apache-tomcat-9.0.26/conf/Catalina/localhost/CalculatorApp.xml]
17-Nov-2019 13:19:08.989 AVERTISSEMENT [main] org.apache.catalina.startup.HostConfig.deployDescriptor L'attribut path avec la valeur [/CalculatorApp] dans le descripteur de déploiement [/Users/Airi/Documents/SOEN387-Projects-and-Labs/Assignment 2/apache-tomcat-9.0.26/conf/Catalina/localhost/CalculatorApp.xml] a été ignoré
17-Nov-2019 13:19:09.527 INFOS [main] org.apache.jasper.servlet.TldScanner.scanJars Au moins un fichier JAR a été analysé pour trouver des TLDs mais il n'en contenait pas, le mode "debug" du journal peut être activé pour obtenir une liste complète de JAR scannés sans succès; éviter d'analyser des JARs inutilement peut améliorer sensiblement le temps de démarrage et le temps de compilation des JSPs
17-Nov-2019 13:19:09.532 INFOS [main] org.apache.catalina.startup.HostConfig.deployDescriptor Le traitement du descripteur de déploiement [/Users/Airi/Documents/SOEN387-Projects-and-Labs/Assignment 2/apache-tomcat-9.0.26/conf/Catalina/localhost/CalculatorApp.xml] a pris [546] ms
17-Nov-2019 13:19:09.533 INFOS [main] org.apache.catalina.startup.HostConfig.deployDescriptor Déploiement du descripteur de configuration [/Users/Airi/Documents/SOEN387-Projects-and-Labs/Assignment 2/apache-tomcat-9.0.26/conf/Catalina/localhost/Assignment 1.xml]
17-Nov-2019 13:19:09.547 AVERTISSEMENT [main] org.apache.catalina.startup.HostConfig.deployDescriptor L'attribut path avec la valeur [/Assignment 1] dans le descripteur de déploiement [/Users/Airi/Documents/SOEN387-Projects-and-Labs/Assignment 2/apache-tomcat-9.0.26/conf/Catalina/localhost/Assignment 1.xml] a été ignoré
17-Nov-2019 13:19:09.555 GRAVE [main] org.apache.catalina.startup.HostConfig.deployDescriptor Erreur lors du déploiement du descripteur de configuration [/Users/Airi/Documents/SOEN387-Projects-and-Labs/Assignment 2/apache-tomcat-9.0.26/conf/Catalina/localhost/Assignment 1.xml]
	java.lang.IllegalStateException: Erreur lors du démarrage du conteneur fils
		at org.apache.catalina.core.ContainerBase.addChildInternal(ContainerBase.java:720)
		at org.apache.catalina.core.ContainerBase.addChild(ContainerBase.java:690)
		at org.apache.catalina.core.StandardHost.addChild(StandardHost.java:705)
		at org.apache.catalina.startup.HostConfig.deployDescriptor(HostConfig.java:631)
		at org.apache.catalina.startup.HostConfig$DeployDescriptor.run(HostConfig.java:1831)
		at java.util.concurrent.Executors$RunnableAdapter.call(Executors.java:511)
		at java.util.concurrent.FutureTask.run(FutureTask.java:266)
		at org.apache.tomcat.util.threads.InlineExecutorService.execute(InlineExecutorService.java:75)
		at java.util.concurrent.AbstractExecutorService.submit(AbstractExecutorService.java:112)
		at org.apache.catalina.startup.HostConfig.deployDescriptors(HostConfig.java:526)
		at org.apache.catalina.startup.HostConfig.deployApps(HostConfig.java:425)
		at org.apache.catalina.startup.HostConfig.start(HostConfig.java:1576)
		at org.apache.catalina.startup.HostConfig.lifecycleEvent(HostConfig.java:309)
		at org.apache.catalina.util.LifecycleBase.fireLifecycleEvent(LifecycleBase.java:123)
		at org.apache.catalina.util.LifecycleBase.setStateInternal(LifecycleBase.java:423)
		at org.apache.catalina.util.LifecycleBase.setState(LifecycleBase.java:366)
		at org.apache.catalina.core.ContainerBase.startInternal(ContainerBase.java:936)
		at org.apache.catalina.core.StandardHost.startInternal(StandardHost.java:841)
		at org.apache.catalina.util.LifecycleBase.start(LifecycleBase.java:183)
		at org.apache.catalina.core.ContainerBase$StartChild.call(ContainerBase.java:1384)
		at org.apache.catalina.core.ContainerBase$StartChild.call(ContainerBase.java:1374)
		at java.util.concurrent.FutureTask.run(FutureTask.java:266)
		at org.apache.tomcat.util.threads.InlineExecutorService.execute(InlineExecutorService.java:75)
		at java.util.concurrent.AbstractExecutorService.submit(AbstractExecutorService.java:134)
		at org.apache.catalina.core.ContainerBase.startInternal(ContainerBase.java:909)
		at org.apache.catalina.core.StandardEngine.startInternal(StandardEngine.java:262)
		at org.apache.catalina.util.LifecycleBase.start(LifecycleBase.java:183)
		at org.apache.catalina.core.StandardService.startInternal(StandardService.java:421)
		at org.apache.catalina.util.LifecycleBase.start(LifecycleBase.java:183)
		at org.apache.catalina.core.StandardServer.startInternal(StandardServer.java:932)
		at org.apache.catalina.util.LifecycleBase.start(LifecycleBase.java:183)
		at org.apache.catalina.startup.Catalina.start(Catalina.java:633)
		at sun.reflect.NativeMethodAccessorImpl.invoke0(Native Method)
		at sun.reflect.NativeMethodAccessorImpl.invoke(NativeMethodAccessorImpl.java:62)
		at sun.reflect.DelegatingMethodAccessorImpl.invoke(DelegatingMethodAccessorImpl.java:43)
		at java.lang.reflect.Method.invoke(Method.java:498)
		at org.apache.catalina.startup.Bootstrap.start(Bootstrap.java:344)
		at org.apache.catalina.startup.Bootstrap.main(Bootstrap.java:475)
	Caused by: org.apache.catalina.LifecycleException: Echec de démarrage du composant [org.apache.catalina.webresources.StandardRoot@2c768ada]
		at org.apache.catalina.util.LifecycleBase.handleSubClassException(LifecycleBase.java:440)
		at org.apache.catalina.util.LifecycleBase.start(LifecycleBase.java:198)
		at org.apache.catalina.core.StandardContext.resourcesStart(StandardContext.java:4800)
		at org.apache.catalina.core.StandardContext.startInternal(StandardContext.java:4935)
		at org.apache.catalina.util.LifecycleBase.start(LifecycleBase.java:183)
		at org.apache.catalina.core.ContainerBase.addChildInternal(ContainerBase.java:717)
		... 37 more
	Caused by: java.lang.IllegalArgumentException: L'ensemble de ressources principal [/Users/jasminelatendresse/SOEN387-Projects-and-Labs/Assignment 1/build/web] est invalide
		at org.apache.catalina.webresources.StandardRoot.createMainResourceSet(StandardRoot.java:752)
		at org.apache.catalina.webresources.StandardRoot.startInternal(StandardRoot.java:709)
		at org.apache.catalina.util.LifecycleBase.start(LifecycleBase.java:183)
		... 41 more
17-Nov-2019 13:19:09.564 INFOS [main] org.apache.catalina.startup.HostConfig.deployDescriptor Le traitement du descripteur de déploiement [/Users/Airi/Documents/SOEN387-Projects-and-Labs/Assignment 2/apache-tomcat-9.0.26/conf/Catalina/localhost/Assignment 1.xml] a pris [28] ms
17-Nov-2019 13:19:09.564 INFOS [main] org.apache.catalina.startup.HostConfig.deployDescriptor Déploiement du descripteur de configuration [/Users/Airi/Documents/SOEN387-Projects-and-Labs/Assignment 2/apache-tomcat-9.0.26/conf/Catalina/localhost/WebApplicationDemo.xml]
17-Nov-2019 13:19:09.567 AVERTISSEMENT [main] org.apache.catalina.startup.HostConfig.deployDescriptor L'attribut path avec la valeur [/WebApplicationDemo] dans le descripteur de déploiement [/Users/Airi/Documents/SOEN387-Projects-and-Labs/Assignment 2/apache-tomcat-9.0.26/conf/Catalina/localhost/WebApplicationDemo.xml] a été ignoré
17-Nov-2019 13:19:09.644 GRAVE [main] org.apache.catalina.startup.HostConfig.deployDescriptor Erreur lors du déploiement du descripteur de configuration [/Users/Airi/Documents/SOEN387-Projects-and-Labs/Assignment 2/apache-tomcat-9.0.26/conf/Catalina/localhost/WebApplicationDemo.xml]
	java.lang.IllegalStateException: Erreur lors du démarrage du conteneur fils
		at org.apache.catalina.core.ContainerBase.addChildInternal(ContainerBase.java:720)
		at org.apache.catalina.core.ContainerBase.addChild(ContainerBase.java:690)
		at org.apache.catalina.core.StandardHost.addChild(StandardHost.java:705)
		at org.apache.catalina.startup.HostConfig.deployDescriptor(HostConfig.java:631)
		at org.apache.catalina.startup.HostConfig$DeployDescriptor.run(HostConfig.java:1831)
		at java.util.concurrent.Executors$RunnableAdapter.call(Executors.java:511)
		at java.util.concurrent.FutureTask.run(FutureTask.java:266)
		at org.apache.tomcat.util.threads.InlineExecutorService.execute(InlineExecutorService.java:75)
		at java.util.concurrent.AbstractExecutorService.submit(AbstractExecutorService.java:112)
		at org.apache.catalina.startup.HostConfig.deployDescriptors(HostConfig.java:526)
		at org.apache.catalina.startup.HostConfig.deployApps(HostConfig.java:425)
		at org.apache.catalina.startup.HostConfig.start(HostConfig.java:1576)
		at org.apache.catalina.startup.HostConfig.lifecycleEvent(HostConfig.java:309)
		at org.apache.catalina.util.LifecycleBase.fireLifecycleEvent(LifecycleBase.java:123)
		at org.apache.catalina.util.LifecycleBase.setStateInternal(LifecycleBase.java:423)
		at org.apache.catalina.util.LifecycleBase.setState(LifecycleBase.java:366)
		at org.apache.catalina.core.ContainerBase.startInternal(ContainerBase.java:936)
		at org.apache.catalina.core.StandardHost.startInternal(StandardHost.java:841)
		at org.apache.catalina.util.LifecycleBase.start(LifecycleBase.java:183)
		at org.apache.catalina.core.ContainerBase$StartChild.call(ContainerBase.java:1384)
		at org.apache.catalina.core.ContainerBase$StartChild.call(ContainerBase.java:1374)
		at java.util.concurrent.FutureTask.run(FutureTask.java:266)
		at org.apache.tomcat.util.threads.InlineExecutorService.execute(InlineExecutorService.java:75)
		at java.util.concurrent.AbstractExecutorService.submit(AbstractExecutorService.java:134)
		at org.apache.catalina.core.ContainerBase.startInternal(ContainerBase.java:909)
		at org.apache.catalina.core.StandardEngine.startInternal(StandardEngine.java:262)
		at org.apache.catalina.util.LifecycleBase.start(LifecycleBase.java:183)
		at org.apache.catalina.core.StandardService.startInternal(StandardService.java:421)
		at org.apache.catalina.util.LifecycleBase.start(LifecycleBase.java:183)
		at org.apache.catalina.core.StandardServer.startInternal(StandardServer.java:932)
		at org.apache.catalina.util.LifecycleBase.start(LifecycleBase.java:183)
		at org.apache.catalina.startup.Catalina.start(Catalina.java:633)
		at sun.reflect.NativeMethodAccessorImpl.invoke0(Native Method)
		at sun.reflect.NativeMethodAccessorImpl.invoke(NativeMethodAccessorImpl.java:62)
		at sun.reflect.DelegatingMethodAccessorImpl.invoke(DelegatingMethodAccessorImpl.java:43)
		at java.lang.reflect.Method.invoke(Method.java:498)
		at org.apache.catalina.startup.Bootstrap.start(Bootstrap.java:344)
		at org.apache.catalina.startup.Bootstrap.main(Bootstrap.java:475)
	Caused by: org.apache.catalina.LifecycleException: Echec de démarrage du composant [org.apache.catalina.webresources.StandardRoot@64fc097e]
		at org.apache.catalina.util.LifecycleBase.handleSubClassException(LifecycleBase.java:440)
		at org.apache.catalina.util.LifecycleBase.start(LifecycleBase.java:198)
		at org.apache.catalina.core.StandardContext.resourcesStart(StandardContext.java:4800)
		at org.apache.catalina.core.StandardContext.startInternal(StandardContext.java:4935)
		at org.apache.catalina.util.LifecycleBase.start(LifecycleBase.java:183)
		at org.apache.catalina.core.ContainerBase.addChildInternal(ContainerBase.java:717)
		... 37 more
	Caused by: java.lang.IllegalArgumentException: L'ensemble de ressources principal [/Users/Airi/Documents/SOEN387-Projects-and-Labs/Labs/WebApplicationDemo/build/web] est invalide
		at org.apache.catalina.webresources.StandardRoot.createMainResourceSet(StandardRoot.java:752)
		at org.apache.catalina.webresources.StandardRoot.startInternal(StandardRoot.java:709)
		at org.apache.catalina.util.LifecycleBase.start(LifecycleBase.java:183)
		... 41 more
17-Nov-2019 13:19:09.646 INFOS [main] org.apache.catalina.startup.HostConfig.deployDescriptor Le traitement du descripteur de déploiement [/Users/Airi/Documents/SOEN387-Projects-and-Labs/Assignment 2/apache-tomcat-9.0.26/conf/Catalina/localhost/WebApplicationDemo.xml] a pris [82] ms
17-Nov-2019 13:19:09.647 INFOS [main] org.apache.catalina.startup.HostConfig.deployDescriptor Déploiement du descripteur de configuration [/Users/Airi/Documents/SOEN387-Projects-and-Labs/Assignment 2/apache-tomcat-9.0.26/conf/Catalina/localhost/A2-Airi.xml]
17-Nov-2019 13:19:09.655 AVERTISSEMENT [main] org.apache.catalina.startup.HostConfig.deployDescriptor L'attribut path avec la valeur [/A2-Airi] dans le descripteur de déploiement [/Users/Airi/Documents/SOEN387-Projects-and-Labs/Assignment 2/apache-tomcat-9.0.26/conf/Catalina/localhost/A2-Airi.xml] a été ignoré
17-Nov-2019 13:19:09.663 GRAVE [main] org.apache.catalina.startup.HostConfig.deployDescriptor Erreur lors du déploiement du descripteur de configuration [/Users/Airi/Documents/SOEN387-Projects-and-Labs/Assignment 2/apache-tomcat-9.0.26/conf/Catalina/localhost/A2-Airi.xml]
	java.lang.IllegalStateException: Erreur lors du démarrage du conteneur fils
		at org.apache.catalina.core.ContainerBase.addChildInternal(ContainerBase.java:720)
		at org.apache.catalina.core.ContainerBase.addChild(ContainerBase.java:690)
		at org.apache.catalina.core.StandardHost.addChild(StandardHost.java:705)
		at org.apache.catalina.startup.HostConfig.deployDescriptor(HostConfig.java:631)
		at org.apache.catalina.startup.HostConfig$DeployDescriptor.run(HostConfig.java:1831)
		at java.util.concurrent.Executors$RunnableAdapter.call(Executors.java:511)
		at java.util.concurrent.FutureTask.run(FutureTask.java:266)
		at org.apache.tomcat.util.threads.InlineExecutorService.execute(InlineExecutorService.java:75)
		at java.util.concurrent.AbstractExecutorService.submit(AbstractExecutorService.java:112)
		at org.apache.catalina.startup.HostConfig.deployDescriptors(HostConfig.java:526)
		at org.apache.catalina.startup.HostConfig.deployApps(HostConfig.java:425)
		at org.apache.catalina.startup.HostConfig.start(HostConfig.java:1576)
		at org.apache.catalina.startup.HostConfig.lifecycleEvent(HostConfig.java:309)
		at org.apache.catalina.util.LifecycleBase.fireLifecycleEvent(LifecycleBase.java:123)
		at org.apache.catalina.util.LifecycleBase.setStateInternal(LifecycleBase.java:423)
		at org.apache.catalina.util.LifecycleBase.setState(LifecycleBase.java:366)
		at org.apache.catalina.core.ContainerBase.startInternal(ContainerBase.java:936)
		at org.apache.catalina.core.StandardHost.startInternal(StandardHost.java:841)
		at org.apache.catalina.util.LifecycleBase.start(LifecycleBase.java:183)
		at org.apache.catalina.core.ContainerBase$StartChild.call(ContainerBase.java:1384)
		at org.apache.catalina.core.ContainerBase$StartChild.call(ContainerBase.java:1374)
		at java.util.concurrent.FutureTask.run(FutureTask.java:266)
		at org.apache.tomcat.util.threads.InlineExecutorService.execute(InlineExecutorService.java:75)
		at java.util.concurrent.AbstractExecutorService.submit(AbstractExecutorService.java:134)
		at org.apache.catalina.core.ContainerBase.startInternal(ContainerBase.java:909)
		at org.apache.catalina.core.StandardEngine.startInternal(StandardEngine.java:262)
		at org.apache.catalina.util.LifecycleBase.start(LifecycleBase.java:183)
		at org.apache.catalina.core.StandardService.startInternal(StandardService.java:421)
		at org.apache.catalina.util.LifecycleBase.start(LifecycleBase.java:183)
		at org.apache.catalina.core.StandardServer.startInternal(StandardServer.java:932)
		at org.apache.catalina.util.LifecycleBase.start(LifecycleBase.java:183)
		at org.apache.catalina.startup.Catalina.start(Catalina.java:633)
		at sun.reflect.NativeMethodAccessorImpl.invoke0(Native Method)
		at sun.reflect.NativeMethodAccessorImpl.invoke(NativeMethodAccessorImpl.java:62)
		at sun.reflect.DelegatingMethodAccessorImpl.invoke(DelegatingMethodAccessorImpl.java:43)
		at java.lang.reflect.Method.invoke(Method.java:498)
		at org.apache.catalina.startup.Bootstrap.start(Bootstrap.java:344)
		at org.apache.catalina.startup.Bootstrap.main(Bootstrap.java:475)
	Caused by: org.apache.catalina.LifecycleException: Echec de démarrage du composant [org.apache.catalina.webresources.StandardRoot@6107165]
		at org.apache.catalina.util.LifecycleBase.handleSubClassException(LifecycleBase.java:440)
		at org.apache.catalina.util.LifecycleBase.start(LifecycleBase.java:198)
		at org.apache.catalina.core.StandardContext.resourcesStart(StandardContext.java:4800)
		at org.apache.catalina.core.StandardContext.startInternal(StandardContext.java:4935)
		at org.apache.catalina.util.LifecycleBase.start(LifecycleBase.java:183)
		at org.apache.catalina.core.ContainerBase.addChildInternal(ContainerBase.java:717)
		... 37 more
	Caused by: java.lang.IllegalArgumentException: L'ensemble de ressources principal [/Users/Airi/Documents/SOEN387-Projects-and-Labs/Assignment 2/A2-Airi/build/web] est invalide
		at org.apache.catalina.webresources.StandardRoot.createMainResourceSet(StandardRoot.java:752)
		at org.apache.catalina.webresources.StandardRoot.startInternal(StandardRoot.java:709)
		at org.apache.catalina.util.LifecycleBase.start(LifecycleBase.java:183)
		... 41 more
17-Nov-2019 13:19:09.665 INFOS [main] org.apache.catalina.startup.HostConfig.deployDescriptor Le traitement du descripteur de déploiement [/Users/Airi/Documents/SOEN387-Projects-and-Labs/Assignment 2/apache-tomcat-9.0.26/conf/Catalina/localhost/A2-Airi.xml] a pris [19] ms
17-Nov-2019 13:19:09.666 INFOS [main] org.apache.catalina.startup.HostConfig.deployDirectory Déploiement du répertoire d'application web [/Users/Airi/Documents/SOEN387-Projects-and-Labs/Assignment 2/apache-tomcat-9.0.26/webapps/docs]
17-Nov-2019 13:19:10.090 INFOS [main] org.apache.jasper.servlet.TldScanner.scanJars Au moins un fichier JAR a été analysé pour trouver des TLDs mais il n'en contenait pas, le mode "debug" du journal peut être activé pour obtenir une liste complète de JAR scannés sans succès; éviter d'analyser des JARs inutilement peut améliorer sensiblement le temps de démarrage et le temps de compilation des JSPs
17-Nov-2019 13:19:10.096 INFOS [main] org.apache.catalina.startup.HostConfig.deployDirectory Le déploiement du répertoire [/Users/Airi/Documents/SOEN387-Projects-and-Labs/Assignment 2/apache-tomcat-9.0.26/webapps/docs] de l'application web s'est terminé en [430] ms
17-Nov-2019 13:19:10.137 INFOS [main] org.apache.catalina.startup.HostConfig.deployDirectory Déploiement du répertoire d'application web [/Users/Airi/Documents/SOEN387-Projects-and-Labs/Assignment 2/apache-tomcat-9.0.26/webapps/manager]
17-Nov-2019 13:19:10.459 INFOS [main] org.apache.jasper.servlet.TldScanner.scanJars Au moins un fichier JAR a été analysé pour trouver des TLDs mais il n'en contenait pas, le mode "debug" du journal peut être activé pour obtenir une liste complète de JAR scannés sans succès; éviter d'analyser des JARs inutilement peut améliorer sensiblement le temps de démarrage et le temps de compilation des JSPs
17-Nov-2019 13:19:10.471 INFOS [main] org.apache.catalina.startup.HostConfig.deployDirectory Le déploiement du répertoire [/Users/Airi/Documents/SOEN387-Projects-and-Labs/Assignment 2/apache-tomcat-9.0.26/webapps/manager] de l'application web s'est terminé en [338] ms
17-Nov-2019 13:19:10.471 INFOS [main] org.apache.catalina.startup.HostConfig.deployDirectory Déploiement du répertoire d'application web [/Users/Airi/Documents/SOEN387-Projects-and-Labs/Assignment 2/apache-tomcat-9.0.26/webapps/examples]
17-Nov-2019 13:19:11.810 INFOS [main] org.apache.jasper.servlet.TldScanner.scanJars Au moins un fichier JAR a été analysé pour trouver des TLDs mais il n'en contenait pas, le mode "debug" du journal peut être activé pour obtenir une liste complète de JAR scannés sans succès; éviter d'analyser des JARs inutilement peut améliorer sensiblement le temps de démarrage et le temps de compilation des JSPs
17-Nov-2019 13:19:11.865 INFOS [main] org.apache.catalina.startup.HostConfig.deployDirectory Le déploiement du répertoire [/Users/Airi/Documents/SOEN387-Projects-and-Labs/Assignment 2/apache-tomcat-9.0.26/webapps/examples] de l'application web s'est terminé en [1 394] ms
17-Nov-2019 13:19:11.865 INFOS [main] org.apache.catalina.startup.HostConfig.deployDirectory Déploiement du répertoire d'application web [/Users/Airi/Documents/SOEN387-Projects-and-Labs/Assignment 2/apache-tomcat-9.0.26/webapps/ROOT]
17-Nov-2019 13:19:12.283 INFOS [main] org.apache.jasper.servlet.TldScanner.scanJars Au moins un fichier JAR a été analysé pour trouver des TLDs mais il n'en contenait pas, le mode "debug" du journal peut être activé pour obtenir une liste complète de JAR scannés sans succès; éviter d'analyser des JARs inutilement peut améliorer sensiblement le temps de démarrage et le temps de compilation des JSPs
17-Nov-2019 13:19:12.306 INFOS [main] org.apache.catalina.startup.HostConfig.deployDirectory Le déploiement du répertoire [/Users/Airi/Documents/SOEN387-Projects-and-Labs/Assignment 2/apache-tomcat-9.0.26/webapps/ROOT] de l'application web s'est terminé en [435] ms
17-Nov-2019 13:19:12.307 INFOS [main] org.apache.catalina.startup.HostConfig.deployDirectory Déploiement du répertoire d'application web [/Users/Airi/Documents/SOEN387-Projects-and-Labs/Assignment 2/apache-tomcat-9.0.26/webapps/host-manager]
17-Nov-2019 13:19:12.628 INFOS [main] org.apache.jasper.servlet.TldScanner.scanJars Au moins un fichier JAR a été analysé pour trouver des TLDs mais il n'en contenait pas, le mode "debug" du journal peut être activé pour obtenir une liste complète de JAR scannés sans succès; éviter d'analyser des JARs inutilement peut améliorer sensiblement le temps de démarrage et le temps de compilation des JSPs
17-Nov-2019 13:19:12.630 INFOS [main] org.apache.catalina.startup.HostConfig.deployDirectory Le déploiement du répertoire [/Users/Airi/Documents/SOEN387-Projects-and-Labs/Assignment 2/apache-tomcat-9.0.26/webapps/host-manager] de l'application web s'est terminé en [323] ms
17-Nov-2019 13:19:12.640 INFOS [main] org.apache.coyote.AbstractProtocol.start Démarrage du gestionnaire de protocole ["http-nio-8080"]
17-Nov-2019 13:19:12.669 INFOS [main] org.apache.coyote.AbstractProtocol.start Démarrage du gestionnaire de protocole ["ajp-nio-8009"]
17-Nov-2019 13:19:12.671 INFOS [main] org.apache.catalina.startup.Catalina.start Le démarrage du serveur a pris [7 944] millisecondes
17-Nov-2019 13:19:15.457 INFOS [http-nio-8080-exec-9] org.apache.jasper.servlet.TldScanner.scanJars Au moins un fichier JAR a été analysé pour trouver des TLDs mais il n'en contenait pas, le mode "debug" du journal peut être activé pour obtenir une liste complète de JAR scannés sans succès; éviter d'analyser des JARs inutilement peut améliorer sensiblement le temps de démarrage et le temps de compilation des JSPs
17-Nov-2019 13:20:50.368 AVERTISSEMENT [http-nio-8080-exec-11] org.apache.catalina.realm.LockOutRealm.filterLockedAccounts Une tentative d'authentification a été effectuée pour l'utilisateur verrouillé ("locked user") []
17-Nov-2019 13:22:06.863 AVERTISSEMENT [http-nio-8080-exec-12] org.apache.catalina.realm.LockOutRealm.filterLockedAccounts Une tentative d'authentification a été effectuée pour l'utilisateur verrouillé ("locked user") []
17-Nov-2019 13:22:06.876 AVERTISSEMENT [http-nio-8080-exec-13] org.apache.catalina.realm.LockOutRealm.filterLockedAccounts Une tentative d'authentification a été effectuée pour l'utilisateur verrouillé ("locked user") []
17-Nov-2019 13:22:06.893 AVERTISSEMENT [http-nio-8080-exec-13] org.apache.catalina.realm.LockOutRealm.filterLockedAccounts Une tentative d'authentification a été effectuée pour l'utilisateur verrouillé ("locked user") []
17-Nov-2019 13:22:07.072 INFOS [http-nio-8080-exec-17] org.apache.jasper.servlet.TldScanner.scanJars Au moins un fichier JAR a été analysé pour trouver des TLDs mais il n'en contenait pas, le mode "debug" du journal peut être activé pour obtenir une liste complète de JAR scannés sans succès; éviter d'analyser des JARs inutilement peut améliorer sensiblement le temps de démarrage et le temps de compilation des JSPs
17-Nov-2019 13:22:12.760 INFOS [Catalina-utility-2] org.apache.catalina.startup.HostConfig.reload Rechargement du contexte [/Lab9-DOM_JQuery]
17-Nov-2019 13:22:12.760 INFOS [Catalina-utility-2] org.apache.catalina.core.StandardContext.reload Le rechargement du contexte [/Lab9-DOM_JQuery] a démarré
17-Nov-2019 13:22:12.834 INFOS [Catalina-utility-2] org.apache.jasper.servlet.TldScanner.scanJars Au moins un fichier JAR a été analysé pour trouver des TLDs mais il n'en contenait pas, le mode "debug" du journal peut être activé pour obtenir une liste complète de JAR scannés sans succès; éviter d'analyser des JARs inutilement peut améliorer sensiblement le temps de démarrage et le temps de compilation des JSPs
17-Nov-2019 13:22:12.839 INFOS [Catalina-utility-2] org.apache.catalina.core.StandardContext.reload Le rechargement de ce contexte est terminé
17-Nov-2019 13:22:21.889 AVERTISSEMENT [http-nio-8080-exec-18] org.apache.catalina.realm.LockOutRealm.filterLockedAccounts Une tentative d'authentification a été effectuée pour l'utilisateur verrouillé ("locked user") []
17-Nov-2019 13:22:47.441 AVERTISSEMENT [http-nio-8080-exec-9] org.apache.catalina.realm.LockOutRealm.filterLockedAccounts Une tentative d'authentification a été effectuée pour l'utilisateur verrouillé ("locked user") []
17-Nov-2019 13:23:43.205 AVERTISSEMENT [http-nio-8080-exec-9] org.apache.catalina.realm.LockOutRealm.filterLockedAccounts Une tentative d'authentification a été effectuée pour l'utilisateur verrouillé ("locked user") []
17-Nov-2019 13:24:04.211 AVERTISSEMENT [http-nio-8080-exec-22] org.apache.catalina.realm.LockOutRealm.filterLockedAccounts Une tentative d'authentification a été effectuée pour l'utilisateur verrouillé ("locked user") []
17-Nov-2019 13:24:10.904 AVERTISSEMENT [http-nio-8080-exec-23] org.apache.catalina.realm.LockOutRealm.filterLockedAccounts Une tentative d'authentification a été effectuée pour l'utilisateur verrouillé ("locked user") []
17-Nov-2019 13:25:04.177 AVERTISSEMENT [http-nio-8080-exec-23] org.apache.catalina.realm.LockOutRealm.filterLockedAccounts Une tentative d'authentification a été effectuée pour l'utilisateur verrouillé ("locked user") []
17-Nov-2019 13:25:04.452 AVERTISSEMENT [http-nio-8080-exec-21] org.apache.catalina.realm.LockOutRealm.filterLockedAccounts Une tentative d'authentification a été effectuée pour l'utilisateur verrouillé ("locked user") []
17-Nov-2019 13:25:04.471 AVERTISSEMENT [http-nio-8080-exec-11] org.apache.catalina.realm.LockOutRealm.filterLockedAccounts Une tentative d'authentification a été effectuée pour l'utilisateur verrouillé ("locked user") []
17-Nov-2019 13:25:04.508 AVERTISSEMENT [http-nio-8080-exec-9] org.apache.catalina.realm.LockOutRealm.filterLockedAccounts Une tentative d'authentification a été effectuée pour l'utilisateur verrouillé ("locked user") []
17-Nov-2019 13:25:04.537 AVERTISSEMENT [http-nio-8080-exec-24] org.apache.catalina.realm.LockOutRealm.filterLockedAccounts Une tentative d'authentification a été effectuée pour l'utilisateur verrouillé ("locked user") []
17-Nov-2019 13:25:04.713 INFOS [http-nio-8080-exec-11] org.apache.jasper.servlet.TldScanner.scanJars Au moins un fichier JAR a été analysé pour trouver des TLDs mais il n'en contenait pas, le mode "debug" du journal peut être activé pour obtenir une liste complète de JAR scannés sans succès; éviter d'analyser des JARs inutilement peut améliorer sensiblement le temps de démarrage et le temps de compilation des JSPs
17-Nov-2019 13:32:46.531 AVERTISSEMENT [http-nio-8080-exec-31] org.apache.catalina.realm.LockOutRealm.filterLockedAccounts Une tentative d'authentification a été effectuée pour l'utilisateur verrouillé ("locked user") []
17-Nov-2019 13:32:46.635 INFOS [http-nio-8080-exec-26] org.apache.jasper.servlet.TldScanner.scanJars Au moins un fichier JAR a été analysé pour trouver des TLDs mais il n'en contenait pas, le mode "debug" du journal peut être activé pour obtenir une liste complète de JAR scannés sans succès; éviter d'analyser des JARs inutilement peut améliorer sensiblement le temps de démarrage et le temps de compilation des JSPs
17-Nov-2019 13:32:53.324 INFOS [Catalina-utility-1] org.apache.catalina.startup.HostConfig.reload Rechargement du contexte [/Lab9-DOM_JQuery]
17-Nov-2019 13:32:53.324 INFOS [Catalina-utility-1] org.apache.catalina.core.StandardContext.reload Le rechargement du contexte [/Lab9-DOM_JQuery] a démarré
17-Nov-2019 13:32:53.401 INFOS [Catalina-utility-1] org.apache.jasper.servlet.TldScanner.scanJars Au moins un fichier JAR a été analysé pour trouver des TLDs mais il n'en contenait pas, le mode "debug" du journal peut être activé pour obtenir une liste complète de JAR scannés sans succès; éviter d'analyser des JARs inutilement peut améliorer sensiblement le temps de démarrage et le temps de compilation des JSPs
17-Nov-2019 13:32:53.404 INFOS [Catalina-utility-1] org.apache.catalina.core.StandardContext.reload Le rechargement de ce contexte est terminé
17-Nov-2019 13:33:06.181 AVERTISSEMENT [http-nio-8080-exec-31] org.apache.catalina.realm.LockOutRealm.filterLockedAccounts Une tentative d'authentification a été effectuée pour l'utilisateur verrouillé ("locked user") []
17-Nov-2019 13:34:17.365 AVERTISSEMENT [http-nio-8080-exec-40] org.apache.catalina.realm.LockOutRealm.filterLockedAccounts Une tentative d'authentification a été effectuée pour l'utilisateur verrouillé ("locked user") []
17-Nov-2019 13:34:33.885 AVERTISSEMENT [http-nio-8080-exec-30] org.apache.catalina.realm.LockOutRealm.filterLockedAccounts Une tentative d'authentification a été effectuée pour l'utilisateur verrouillé ("locked user") []
17-Nov-2019 13:34:37.265 AVERTISSEMENT [http-nio-8080-exec-42] org.apache.catalina.realm.LockOutRealm.filterLockedAccounts Une tentative d'authentification a été effectuée pour l'utilisateur verrouillé ("locked user") []
17-Nov-2019 13:38:44.503 AVERTISSEMENT [http-nio-8080-exec-38] org.apache.catalina.realm.LockOutRealm.filterLockedAccounts Une tentative d'authentification a été effectuée pour l'utilisateur verrouillé ("locked user") []
17-Nov-2019 13:39:46.222 AVERTISSEMENT [http-nio-8080-exec-47] org.apache.catalina.realm.LockOutRealm.filterLockedAccounts Une tentative d'authentification a été effectuée pour l'utilisateur verrouillé ("locked user") []
17-Nov-2019 13:39:49.207 AVERTISSEMENT [http-nio-8080-exec-47] org.apache.catalina.realm.LockOutRealm.filterLockedAccounts Une tentative d'authentification a été effectuée pour l'utilisateur verrouillé ("locked user") []
17-Nov-2019 13:41:54.357 AVERTISSEMENT [http-nio-8080-exec-40] org.apache.catalina.realm.LockOutRealm.filterLockedAccounts Une tentative d'authentification a été effectuée pour l'utilisateur verrouillé ("locked user") []
17-Nov-2019 13:44:39.829 AVERTISSEMENT [http-nio-8080-exec-40] org.apache.catalina.realm.LockOutRealm.filterLockedAccounts Une tentative d'authentification a été effectuée pour l'utilisateur verrouillé ("locked user") []
17-Nov-2019 13:44:54.308 AVERTISSEMENT [http-nio-8080-exec-41] org.apache.catalina.realm.LockOutRealm.filterLockedAccounts Une tentative d'authentification a été effectuée pour l'utilisateur verrouillé ("locked user") []
17-Nov-2019 13:44:54.323 AVERTISSEMENT [http-nio-8080-exec-47] org.apache.catalina.realm.LockOutRealm.filterLockedAccounts Une tentative d'authentification a été effectuée pour l'utilisateur verrouillé ("locked user") []
17-Nov-2019 13:44:54.359 AVERTISSEMENT [http-nio-8080-exec-42] org.apache.catalina.realm.LockOutRealm.filterLockedAccounts Une tentative d'authentification a été effectuée pour l'utilisateur verrouillé ("locked user") []
17-Nov-2019 13:44:54.383 AVERTISSEMENT [http-nio-8080-exec-47] org.apache.catalina.realm.LockOutRealm.filterLockedAccounts Une tentative d'authentification a été effectuée pour l'utilisateur verrouillé ("locked user") []
17-Nov-2019 13:44:54.554 INFOS [http-nio-8080-exec-44] org.apache.jasper.servlet.TldScanner.scanJars Au moins un fichier JAR a été analysé pour trouver des TLDs mais il n'en contenait pas, le mode "debug" du journal peut être activé pour obtenir une liste complète de JAR scannés sans succès; éviter d'analyser des JARs inutilement peut améliorer sensiblement le temps de démarrage et le temps de compilation des JSPs
17-Nov-2019 13:52:24.066 INFOS [main] org.apache.catalina.core.StandardServer.await Une commande d'arrêt valide a été reçue sur le port d'arrêt, arrêt de l'instance du serveur
17-Nov-2019 13:52:24.067 INFOS [main] org.apache.coyote.AbstractProtocol.pause Le gestionnaire de protocole ["http-nio-8080"] est mis en pause
17-Nov-2019 13:52:24.077 INFOS [main] org.apache.coyote.AbstractProtocol.pause Le gestionnaire de protocole ["ajp-nio-8009"] est mis en pause
17-Nov-2019 13:52:24.084 INFOS [main] org.apache.catalina.core.StandardService.stopInternal Arrêt du service [Catalina]
17-Nov-2019 13:52:24.116 INFOS [main] org.apache.coyote.AbstractProtocol.stop Arrêt du gestionnaire de protocole ["http-nio-8080"]
17-Nov-2019 13:52:24.119 INFOS [main] org.apache.coyote.AbstractProtocol.stop Arrêt du gestionnaire de protocole ["ajp-nio-8009"]
17-Nov-2019 13:52:24.121 INFOS [main] org.apache.coyote.AbstractProtocol.destroy Destruction du gestionnaire de protocole ["http-nio-8080"]
17-Nov-2019 13:52:24.122 INFOS [main] org.apache.coyote.AbstractProtocol.destroy Destruction du gestionnaire de protocole ["ajp-nio-8009"]
