23-Nov-2019 10:41:25.593 INFOS [main] org.apache.catalina.startup.VersionLoggerListener.log Version du serveur:        Apache Tomcat/9.0.26
23-Nov-2019 10:41:25.596 INFOS [main] org.apache.catalina.startup.VersionLoggerListener.log Serveur compilé:       Sep 16 2019 15:51:39 UTC
23-Nov-2019 10:41:25.596 INFOS [main] org.apache.catalina.startup.VersionLoggerListener.log Version du serveur:      9.0.26.0
23-Nov-2019 10:41:25.596 INFOS [main] org.apache.catalina.startup.VersionLoggerListener.log Nom de l'OS:           Mac OS X
23-Nov-2019 10:41:25.596 INFOS [main] org.apache.catalina.startup.VersionLoggerListener.log Version de l'OS:        10.15.1
23-Nov-2019 10:41:25.597 INFOS [main] org.apache.catalina.startup.VersionLoggerListener.log Architecture:          x86_64
23-Nov-2019 10:41:25.597 INFOS [main] org.apache.catalina.startup.VersionLoggerListener.log Répertoire de Java:     /Library/Java/JavaVirtualMachines/jdk1.8.0_141.jdk/Contents/Home/jre
23-Nov-2019 10:41:25.597 INFOS [main] org.apache.catalina.startup.VersionLoggerListener.log Version de la JVM:           1.8.0_141-b15
23-Nov-2019 10:41:25.597 INFOS [main] org.apache.catalina.startup.VersionLoggerListener.log Fournisseur de la JVM:            Oracle Corporation
23-Nov-2019 10:41:25.597 INFOS [main] org.apache.catalina.startup.VersionLoggerListener.log CATALINA_BASE:         /Users/Airi/Documents/SOEN387-Projects-and-Labs/Assignment 2/apache-tomcat-9.0.26
23-Nov-2019 10:41:25.598 INFOS [main] org.apache.catalina.startup.VersionLoggerListener.log CATALINA_HOME:         /Users/Airi/Documents/SOEN387-Projects-and-Labs/Assignment 2/apache-tomcat-9.0.26
23-Nov-2019 10:41:25.602 INFOS [main] org.apache.catalina.startup.VersionLoggerListener.log Argument de la ligne de commande: -Djava.util.logging.config.file=/Users/Airi/Documents/SOEN387-Projects-and-Labs/Assignment 2/apache-tomcat-9.0.26/conf/logging.properties
23-Nov-2019 10:41:25.602 INFOS [main] org.apache.catalina.startup.VersionLoggerListener.log Argument de la ligne de commande: -Djava.util.logging.manager=org.apache.juli.ClassLoaderLogManager
23-Nov-2019 10:41:25.602 INFOS [main] org.apache.catalina.startup.VersionLoggerListener.log Argument de la ligne de commande: -Dhttp.nonProxyHosts=localhost|127.0.0.1|Airis-MBP
23-Nov-2019 10:41:25.602 INFOS [main] org.apache.catalina.startup.VersionLoggerListener.log Argument de la ligne de commande: -Djdk.tls.ephemeralDHKeySize=2048
23-Nov-2019 10:41:25.611 INFOS [main] org.apache.catalina.startup.VersionLoggerListener.log Argument de la ligne de commande: -Djava.protocol.handler.pkgs=org.apache.catalina.webresources
23-Nov-2019 10:41:25.612 INFOS [main] org.apache.catalina.startup.VersionLoggerListener.log Argument de la ligne de commande: -Dorg.apache.catalina.security.SecurityListener.UMASK=0027
23-Nov-2019 10:41:25.612 INFOS [main] org.apache.catalina.startup.VersionLoggerListener.log Argument de la ligne de commande: -Dignore.endorsed.dirs=
23-Nov-2019 10:41:25.613 INFOS [main] org.apache.catalina.startup.VersionLoggerListener.log Argument de la ligne de commande: -Dcatalina.base=/Users/Airi/Documents/SOEN387-Projects-and-Labs/Assignment 2/apache-tomcat-9.0.26
23-Nov-2019 10:41:25.613 INFOS [main] org.apache.catalina.startup.VersionLoggerListener.log Argument de la ligne de commande: -Dcatalina.home=/Users/Airi/Documents/SOEN387-Projects-and-Labs/Assignment 2/apache-tomcat-9.0.26
23-Nov-2019 10:41:25.613 INFOS [main] org.apache.catalina.startup.VersionLoggerListener.log Argument de la ligne de commande: -Djava.io.tmpdir=/Users/Airi/Documents/SOEN387-Projects-and-Labs/Assignment 2/apache-tomcat-9.0.26/temp
23-Nov-2019 10:41:25.616 INFOS [main] org.apache.catalina.core.AprLifecycleListener.lifecycleEvent La librairie Apache Tomcat Native basée sur APR qui permet des performances optimales dans les environnements de production n'a pas été trouvée sur le java.library.path: [/Users/Airi/Library/Java/Extensions:/Library/Java/Extensions:/Network/Library/Java/Extensions:/System/Library/Java/Extensions:/usr/lib/java:.]
23-Nov-2019 10:41:26.711 INFOS [main] org.apache.coyote.AbstractProtocol.init Initialisation du gestionnaire de protocole ["http-nio-8080"]
23-Nov-2019 10:41:26.938 INFOS [main] org.apache.coyote.AbstractProtocol.init Initialisation du gestionnaire de protocole ["ajp-nio-8009"]
23-Nov-2019 10:41:26.945 INFOS [main] org.apache.catalina.startup.Catalina.load L'initialisation du serveur a pris [1 906] millisecondes
23-Nov-2019 10:41:27.094 INFOS [main] org.apache.catalina.core.StandardService.startInternal Démarrage du service [Catalina]
23-Nov-2019 10:41:27.094 INFOS [main] org.apache.catalina.core.StandardEngine.startInternal Démarrage du moteur de Servlets: [Apache Tomcat/9.0.26]
23-Nov-2019 10:41:27.153 INFOS [main] org.apache.catalina.startup.HostConfig.deployDescriptor Déploiement du descripteur de configuration [/Users/Airi/Documents/SOEN387-Projects-and-Labs/Assignment 2/apache-tomcat-9.0.26/conf/Catalina/localhost/A2-UI.xml]
23-Nov-2019 10:41:27.222 AVERTISSEMENT [main] org.apache.catalina.startup.HostConfig.deployDescriptor L'attribut path avec la valeur [/A2-UI] dans le descripteur de déploiement [/Users/Airi/Documents/SOEN387-Projects-and-Labs/Assignment 2/apache-tomcat-9.0.26/conf/Catalina/localhost/A2-UI.xml] a été ignoré
23-Nov-2019 10:41:29.555 INFOS [main] org.apache.jasper.servlet.TldScanner.scanJars Au moins un fichier JAR a été analysé pour trouver des TLDs mais il n'en contenait pas, le mode "debug" du journal peut être activé pour obtenir une liste complète de JAR scannés sans succès; éviter d'analyser des JARs inutilement peut améliorer sensiblement le temps de démarrage et le temps de compilation des JSPs
23-Nov-2019 10:41:29.646 INFOS [main] org.apache.catalina.startup.HostConfig.deployDescriptor Le traitement du descripteur de déploiement [/Users/Airi/Documents/SOEN387-Projects-and-Labs/Assignment 2/apache-tomcat-9.0.26/conf/Catalina/localhost/A2-UI.xml] a pris [2 494] ms
23-Nov-2019 10:41:29.647 INFOS [main] org.apache.catalina.startup.HostConfig.deployDescriptor Déploiement du descripteur de configuration [/Users/Airi/Documents/SOEN387-Projects-and-Labs/Assignment 2/apache-tomcat-9.0.26/conf/Catalina/localhost/A2.xml]
23-Nov-2019 10:41:29.649 AVERTISSEMENT [main] org.apache.catalina.startup.HostConfig.deployDescriptor L'attribut path avec la valeur [/A2] dans le descripteur de déploiement [/Users/Airi/Documents/SOEN387-Projects-and-Labs/Assignment 2/apache-tomcat-9.0.26/conf/Catalina/localhost/A2.xml] a été ignoré
23-Nov-2019 10:41:29.660 GRAVE [main] org.apache.catalina.startup.HostConfig.deployDescriptor Erreur lors du déploiement du descripteur de configuration [/Users/Airi/Documents/SOEN387-Projects-and-Labs/Assignment 2/apache-tomcat-9.0.26/conf/Catalina/localhost/A2.xml]
	java.lang.IllegalStateException: Erreur lors du démarrage du conteneur fils
		at org.apache.catalina.core.ContainerBase.addChildInternal(ContainerBase.java:720)
		at org.apache.catalina.core.ContainerBase.addChild(ContainerBase.java:690)
		at org.apache.catalina.core.StandardHost.addChild(StandardHost.java:705)
		at org.apache.catalina.startup.HostConfig.deployDescriptor(HostConfig.java:631)
		at org.apache.catalina.startup.HostConfig$DeployDescriptor.run(HostConfig.java:1831)
		at java.util.concurrent.Executors$RunnableAdapter.call(Executors.java:511)
		at java.util.concurrent.FutureTask.run(FutureTask.java:266)
		at org.apache.tomcat.util.threads.InlineExecutorService.execute(InlineExecutorService.java:75)
		at java.util.concurrent.AbstractExecutorService.submit(AbstractExecutorService.java:112)
		at org.apache.catalina.startup.HostConfig.deployDescriptors(HostConfig.java:526)
		at org.apache.catalina.startup.HostConfig.deployApps(HostConfig.java:425)
		at org.apache.catalina.startup.HostConfig.start(HostConfig.java:1576)
		at org.apache.catalina.startup.HostConfig.lifecycleEvent(HostConfig.java:309)
		at org.apache.catalina.util.LifecycleBase.fireLifecycleEvent(LifecycleBase.java:123)
		at org.apache.catalina.util.LifecycleBase.setStateInternal(LifecycleBase.java:423)
		at org.apache.catalina.util.LifecycleBase.setState(LifecycleBase.java:366)
		at org.apache.catalina.core.ContainerBase.startInternal(ContainerBase.java:936)
		at org.apache.catalina.core.StandardHost.startInternal(StandardHost.java:841)
		at org.apache.catalina.util.LifecycleBase.start(LifecycleBase.java:183)
		at org.apache.catalina.core.ContainerBase$StartChild.call(ContainerBase.java:1384)
		at org.apache.catalina.core.ContainerBase$StartChild.call(ContainerBase.java:1374)
		at java.util.concurrent.FutureTask.run(FutureTask.java:266)
		at org.apache.tomcat.util.threads.InlineExecutorService.execute(InlineExecutorService.java:75)
		at java.util.concurrent.AbstractExecutorService.submit(AbstractExecutorService.java:134)
		at org.apache.catalina.core.ContainerBase.startInternal(ContainerBase.java:909)
		at org.apache.catalina.core.StandardEngine.startInternal(StandardEngine.java:262)
		at org.apache.catalina.util.LifecycleBase.start(LifecycleBase.java:183)
		at org.apache.catalina.core.StandardService.startInternal(StandardService.java:421)
		at org.apache.catalina.util.LifecycleBase.start(LifecycleBase.java:183)
		at org.apache.catalina.core.StandardServer.startInternal(StandardServer.java:932)
		at org.apache.catalina.util.LifecycleBase.start(LifecycleBase.java:183)
		at org.apache.catalina.startup.Catalina.start(Catalina.java:633)
		at sun.reflect.NativeMethodAccessorImpl.invoke0(Native Method)
		at sun.reflect.NativeMethodAccessorImpl.invoke(NativeMethodAccessorImpl.java:62)
		at sun.reflect.DelegatingMethodAccessorImpl.invoke(DelegatingMethodAccessorImpl.java:43)
		at java.lang.reflect.Method.invoke(Method.java:498)
		at org.apache.catalina.startup.Bootstrap.start(Bootstrap.java:344)
		at org.apache.catalina.startup.Bootstrap.main(Bootstrap.java:475)
	Caused by: org.apache.catalina.LifecycleException: Echec de démarrage du composant [org.apache.catalina.webresources.StandardRoot@7c2327fa]
		at org.apache.catalina.util.LifecycleBase.handleSubClassException(LifecycleBase.java:440)
		at org.apache.catalina.util.LifecycleBase.start(LifecycleBase.java:198)
		at org.apache.catalina.core.StandardContext.resourcesStart(StandardContext.java:4800)
		at org.apache.catalina.core.StandardContext.startInternal(StandardContext.java:4935)
		at org.apache.catalina.util.LifecycleBase.start(LifecycleBase.java:183)
		at org.apache.catalina.core.ContainerBase.addChildInternal(ContainerBase.java:717)
		... 37 more
	Caused by: java.lang.IllegalArgumentException: L'ensemble de ressources principal [/Users/Airi/Documents/SOEN387-Projects-and-Labs/Assignment 2/A2/build/web] est invalide
		at org.apache.catalina.webresources.StandardRoot.createMainResourceSet(StandardRoot.java:752)
		at org.apache.catalina.webresources.StandardRoot.startInternal(StandardRoot.java:709)
		at org.apache.catalina.util.LifecycleBase.start(LifecycleBase.java:183)
		... 41 more
23-Nov-2019 10:41:29.663 INFOS [main] org.apache.catalina.startup.HostConfig.deployDescriptor Le traitement du descripteur de déploiement [/Users/Airi/Documents/SOEN387-Projects-and-Labs/Assignment 2/apache-tomcat-9.0.26/conf/Catalina/localhost/A2.xml] a pris [17] ms
23-Nov-2019 10:41:29.664 INFOS [main] org.apache.catalina.startup.HostConfig.deployDescriptor Déploiement du descripteur de configuration [/Users/Airi/Documents/SOEN387-Projects-and-Labs/Assignment 2/apache-tomcat-9.0.26/conf/Catalina/localhost/Lab9-DOM_JQuery.xml]
23-Nov-2019 10:41:29.665 AVERTISSEMENT [main] org.apache.catalina.startup.HostConfig.deployDescriptor L'attribut path avec la valeur [/Lab9-DOM_JQuery] dans le descripteur de déploiement [/Users/Airi/Documents/SOEN387-Projects-and-Labs/Assignment 2/apache-tomcat-9.0.26/conf/Catalina/localhost/Lab9-DOM_JQuery.xml] a été ignoré
23-Nov-2019 10:41:30.093 INFOS [main] org.apache.jasper.servlet.TldScanner.scanJars Au moins un fichier JAR a été analysé pour trouver des TLDs mais il n'en contenait pas, le mode "debug" du journal peut être activé pour obtenir une liste complète de JAR scannés sans succès; éviter d'analyser des JARs inutilement peut améliorer sensiblement le temps de démarrage et le temps de compilation des JSPs
23-Nov-2019 10:41:30.122 INFOS [main] org.apache.catalina.startup.HostConfig.deployDescriptor Le traitement du descripteur de déploiement [/Users/Airi/Documents/SOEN387-Projects-and-Labs/Assignment 2/apache-tomcat-9.0.26/conf/Catalina/localhost/Lab9-DOM_JQuery.xml] a pris [458] ms
23-Nov-2019 10:41:30.123 INFOS [main] org.apache.catalina.startup.HostConfig.deployDescriptor Déploiement du descripteur de configuration [/Users/Airi/Documents/SOEN387-Projects-and-Labs/Assignment 2/apache-tomcat-9.0.26/conf/Catalina/localhost/A1-Airi.xml]
23-Nov-2019 10:41:30.126 AVERTISSEMENT [main] org.apache.catalina.startup.HostConfig.deployDescriptor L'attribut path avec la valeur [/A1-Airi] dans le descripteur de déploiement [/Users/Airi/Documents/SOEN387-Projects-and-Labs/Assignment 2/apache-tomcat-9.0.26/conf/Catalina/localhost/A1-Airi.xml] a été ignoré
23-Nov-2019 10:41:30.340 INFOS [main] org.apache.jasper.servlet.TldScanner.scanJars Au moins un fichier JAR a été analysé pour trouver des TLDs mais il n'en contenait pas, le mode "debug" du journal peut être activé pour obtenir une liste complète de JAR scannés sans succès; éviter d'analyser des JARs inutilement peut améliorer sensiblement le temps de démarrage et le temps de compilation des JSPs
23-Nov-2019 10:41:30.345 INFOS [main] org.apache.catalina.startup.HostConfig.deployDescriptor Le traitement du descripteur de déploiement [/Users/Airi/Documents/SOEN387-Projects-and-Labs/Assignment 2/apache-tomcat-9.0.26/conf/Catalina/localhost/A1-Airi.xml] a pris [222] ms
23-Nov-2019 10:41:30.347 INFOS [main] org.apache.catalina.startup.HostConfig.deployDescriptor Déploiement du descripteur de configuration [/Users/Airi/Documents/SOEN387-Projects-and-Labs/Assignment 2/apache-tomcat-9.0.26/conf/Catalina/localhost/MVC-Examples.xml]
23-Nov-2019 10:41:30.349 AVERTISSEMENT [main] org.apache.catalina.startup.HostConfig.deployDescriptor L'attribut path avec la valeur [/MVC-Examples] dans le descripteur de déploiement [/Users/Airi/Documents/SOEN387-Projects-and-Labs/Assignment 2/apache-tomcat-9.0.26/conf/Catalina/localhost/MVC-Examples.xml] a été ignoré
23-Nov-2019 10:41:30.672 INFOS [main] org.apache.jasper.servlet.TldScanner.scanJars Au moins un fichier JAR a été analysé pour trouver des TLDs mais il n'en contenait pas, le mode "debug" du journal peut être activé pour obtenir une liste complète de JAR scannés sans succès; éviter d'analyser des JARs inutilement peut améliorer sensiblement le temps de démarrage et le temps de compilation des JSPs
23-Nov-2019 10:41:30.678 INFOS [main] org.apache.catalina.startup.HostConfig.deployDescriptor Le traitement du descripteur de déploiement [/Users/Airi/Documents/SOEN387-Projects-and-Labs/Assignment 2/apache-tomcat-9.0.26/conf/Catalina/localhost/MVC-Examples.xml] a pris [332] ms
23-Nov-2019 10:41:30.679 INFOS [main] org.apache.catalina.startup.HostConfig.deployDescriptor Déploiement du descripteur de configuration [/Users/Airi/Documents/SOEN387-Projects-and-Labs/Assignment 2/apache-tomcat-9.0.26/conf/Catalina/localhost/CalculatorApp.xml]
23-Nov-2019 10:41:30.683 AVERTISSEMENT [main] org.apache.catalina.startup.HostConfig.deployDescriptor L'attribut path avec la valeur [/CalculatorApp] dans le descripteur de déploiement [/Users/Airi/Documents/SOEN387-Projects-and-Labs/Assignment 2/apache-tomcat-9.0.26/conf/Catalina/localhost/CalculatorApp.xml] a été ignoré
23-Nov-2019 10:41:30.857 INFOS [main] org.apache.jasper.servlet.TldScanner.scanJars Au moins un fichier JAR a été analysé pour trouver des TLDs mais il n'en contenait pas, le mode "debug" du journal peut être activé pour obtenir une liste complète de JAR scannés sans succès; éviter d'analyser des JARs inutilement peut améliorer sensiblement le temps de démarrage et le temps de compilation des JSPs
23-Nov-2019 10:41:30.868 INFOS [main] org.apache.catalina.startup.HostConfig.deployDescriptor Le traitement du descripteur de déploiement [/Users/Airi/Documents/SOEN387-Projects-and-Labs/Assignment 2/apache-tomcat-9.0.26/conf/Catalina/localhost/CalculatorApp.xml] a pris [190] ms
23-Nov-2019 10:41:30.870 INFOS [main] org.apache.catalina.startup.HostConfig.deployDescriptor Déploiement du descripteur de configuration [/Users/Airi/Documents/SOEN387-Projects-and-Labs/Assignment 2/apache-tomcat-9.0.26/conf/Catalina/localhost/Assignment 1.xml]
23-Nov-2019 10:41:30.872 AVERTISSEMENT [main] org.apache.catalina.startup.HostConfig.deployDescriptor L'attribut path avec la valeur [/Assignment 1] dans le descripteur de déploiement [/Users/Airi/Documents/SOEN387-Projects-and-Labs/Assignment 2/apache-tomcat-9.0.26/conf/Catalina/localhost/Assignment 1.xml] a été ignoré
23-Nov-2019 10:41:30.882 GRAVE [main] org.apache.catalina.startup.HostConfig.deployDescriptor Erreur lors du déploiement du descripteur de configuration [/Users/Airi/Documents/SOEN387-Projects-and-Labs/Assignment 2/apache-tomcat-9.0.26/conf/Catalina/localhost/Assignment 1.xml]
	java.lang.IllegalStateException: Erreur lors du démarrage du conteneur fils
		at org.apache.catalina.core.ContainerBase.addChildInternal(ContainerBase.java:720)
		at org.apache.catalina.core.ContainerBase.addChild(ContainerBase.java:690)
		at org.apache.catalina.core.StandardHost.addChild(StandardHost.java:705)
		at org.apache.catalina.startup.HostConfig.deployDescriptor(HostConfig.java:631)
		at org.apache.catalina.startup.HostConfig$DeployDescriptor.run(HostConfig.java:1831)
		at java.util.concurrent.Executors$RunnableAdapter.call(Executors.java:511)
		at java.util.concurrent.FutureTask.run(FutureTask.java:266)
		at org.apache.tomcat.util.threads.InlineExecutorService.execute(InlineExecutorService.java:75)
		at java.util.concurrent.AbstractExecutorService.submit(AbstractExecutorService.java:112)
		at org.apache.catalina.startup.HostConfig.deployDescriptors(HostConfig.java:526)
		at org.apache.catalina.startup.HostConfig.deployApps(HostConfig.java:425)
		at org.apache.catalina.startup.HostConfig.start(HostConfig.java:1576)
		at org.apache.catalina.startup.HostConfig.lifecycleEvent(HostConfig.java:309)
		at org.apache.catalina.util.LifecycleBase.fireLifecycleEvent(LifecycleBase.java:123)
		at org.apache.catalina.util.LifecycleBase.setStateInternal(LifecycleBase.java:423)
		at org.apache.catalina.util.LifecycleBase.setState(LifecycleBase.java:366)
		at org.apache.catalina.core.ContainerBase.startInternal(ContainerBase.java:936)
		at org.apache.catalina.core.StandardHost.startInternal(StandardHost.java:841)
		at org.apache.catalina.util.LifecycleBase.start(LifecycleBase.java:183)
		at org.apache.catalina.core.ContainerBase$StartChild.call(ContainerBase.java:1384)
		at org.apache.catalina.core.ContainerBase$StartChild.call(ContainerBase.java:1374)
		at java.util.concurrent.FutureTask.run(FutureTask.java:266)
		at org.apache.tomcat.util.threads.InlineExecutorService.execute(InlineExecutorService.java:75)
		at java.util.concurrent.AbstractExecutorService.submit(AbstractExecutorService.java:134)
		at org.apache.catalina.core.ContainerBase.startInternal(ContainerBase.java:909)
		at org.apache.catalina.core.StandardEngine.startInternal(StandardEngine.java:262)
		at org.apache.catalina.util.LifecycleBase.start(LifecycleBase.java:183)
		at org.apache.catalina.core.StandardService.startInternal(StandardService.java:421)
		at org.apache.catalina.util.LifecycleBase.start(LifecycleBase.java:183)
		at org.apache.catalina.core.StandardServer.startInternal(StandardServer.java:932)
		at org.apache.catalina.util.LifecycleBase.start(LifecycleBase.java:183)
		at org.apache.catalina.startup.Catalina.start(Catalina.java:633)
		at sun.reflect.NativeMethodAccessorImpl.invoke0(Native Method)
		at sun.reflect.NativeMethodAccessorImpl.invoke(NativeMethodAccessorImpl.java:62)
		at sun.reflect.DelegatingMethodAccessorImpl.invoke(DelegatingMethodAccessorImpl.java:43)
		at java.lang.reflect.Method.invoke(Method.java:498)
		at org.apache.catalina.startup.Bootstrap.start(Bootstrap.java:344)
		at org.apache.catalina.startup.Bootstrap.main(Bootstrap.java:475)
	Caused by: org.apache.catalina.LifecycleException: Echec de démarrage du composant [org.apache.catalina.webresources.StandardRoot@25da615a]
		at org.apache.catalina.util.LifecycleBase.handleSubClassException(LifecycleBase.java:440)
		at org.apache.catalina.util.LifecycleBase.start(LifecycleBase.java:198)
		at org.apache.catalina.core.StandardContext.resourcesStart(StandardContext.java:4800)
		at org.apache.catalina.core.StandardContext.startInternal(StandardContext.java:4935)
		at org.apache.catalina.util.LifecycleBase.start(LifecycleBase.java:183)
		at org.apache.catalina.core.ContainerBase.addChildInternal(ContainerBase.java:717)
		... 37 more
	Caused by: java.lang.IllegalArgumentException: L'ensemble de ressources principal [/Users/jasminelatendresse/SOEN387-Projects-and-Labs/Assignment 1/build/web] est invalide
		at org.apache.catalina.webresources.StandardRoot.createMainResourceSet(StandardRoot.java:752)
		at org.apache.catalina.webresources.StandardRoot.startInternal(StandardRoot.java:709)
		at org.apache.catalina.util.LifecycleBase.start(LifecycleBase.java:183)
		... 41 more
23-Nov-2019 10:41:30.884 INFOS [main] org.apache.catalina.startup.HostConfig.deployDescriptor Le traitement du descripteur de déploiement [/Users/Airi/Documents/SOEN387-Projects-and-Labs/Assignment 2/apache-tomcat-9.0.26/conf/Catalina/localhost/Assignment 1.xml] a pris [14] ms
23-Nov-2019 10:41:30.884 INFOS [main] org.apache.catalina.startup.HostConfig.deployDescriptor Déploiement du descripteur de configuration [/Users/Airi/Documents/SOEN387-Projects-and-Labs/Assignment 2/apache-tomcat-9.0.26/conf/Catalina/localhost/A3-UI.xml]
23-Nov-2019 10:41:30.886 AVERTISSEMENT [main] org.apache.catalina.startup.HostConfig.deployDescriptor L'attribut path avec la valeur [/A3-UI] dans le descripteur de déploiement [/Users/Airi/Documents/SOEN387-Projects-and-Labs/Assignment 2/apache-tomcat-9.0.26/conf/Catalina/localhost/A3-UI.xml] a été ignoré
23-Nov-2019 10:41:32.324 INFOS [main] org.apache.jasper.servlet.TldScanner.scanJars Au moins un fichier JAR a été analysé pour trouver des TLDs mais il n'en contenait pas, le mode "debug" du journal peut être activé pour obtenir une liste complète de JAR scannés sans succès; éviter d'analyser des JARs inutilement peut améliorer sensiblement le temps de démarrage et le temps de compilation des JSPs
23-Nov-2019 10:41:32.384 INFOS [main] org.apache.catalina.startup.HostConfig.deployDescriptor Le traitement du descripteur de déploiement [/Users/Airi/Documents/SOEN387-Projects-and-Labs/Assignment 2/apache-tomcat-9.0.26/conf/Catalina/localhost/A3-UI.xml] a pris [1 499] ms
23-Nov-2019 10:41:32.384 INFOS [main] org.apache.catalina.startup.HostConfig.deployDescriptor Déploiement du descripteur de configuration [/Users/Airi/Documents/SOEN387-Projects-and-Labs/Assignment 2/apache-tomcat-9.0.26/conf/Catalina/localhost/WebApplicationDemo.xml]
23-Nov-2019 10:41:32.386 AVERTISSEMENT [main] org.apache.catalina.startup.HostConfig.deployDescriptor L'attribut path avec la valeur [/WebApplicationDemo] dans le descripteur de déploiement [/Users/Airi/Documents/SOEN387-Projects-and-Labs/Assignment 2/apache-tomcat-9.0.26/conf/Catalina/localhost/WebApplicationDemo.xml] a été ignoré
23-Nov-2019 10:41:32.395 GRAVE [main] org.apache.catalina.startup.HostConfig.deployDescriptor Erreur lors du déploiement du descripteur de configuration [/Users/Airi/Documents/SOEN387-Projects-and-Labs/Assignment 2/apache-tomcat-9.0.26/conf/Catalina/localhost/WebApplicationDemo.xml]
	java.lang.IllegalStateException: Erreur lors du démarrage du conteneur fils
		at org.apache.catalina.core.ContainerBase.addChildInternal(ContainerBase.java:720)
		at org.apache.catalina.core.ContainerBase.addChild(ContainerBase.java:690)
		at org.apache.catalina.core.StandardHost.addChild(StandardHost.java:705)
		at org.apache.catalina.startup.HostConfig.deployDescriptor(HostConfig.java:631)
		at org.apache.catalina.startup.HostConfig$DeployDescriptor.run(HostConfig.java:1831)
		at java.util.concurrent.Executors$RunnableAdapter.call(Executors.java:511)
		at java.util.concurrent.FutureTask.run(FutureTask.java:266)
		at org.apache.tomcat.util.threads.InlineExecutorService.execute(InlineExecutorService.java:75)
		at java.util.concurrent.AbstractExecutorService.submit(AbstractExecutorService.java:112)
		at org.apache.catalina.startup.HostConfig.deployDescriptors(HostConfig.java:526)
		at org.apache.catalina.startup.HostConfig.deployApps(HostConfig.java:425)
		at org.apache.catalina.startup.HostConfig.start(HostConfig.java:1576)
		at org.apache.catalina.startup.HostConfig.lifecycleEvent(HostConfig.java:309)
		at org.apache.catalina.util.LifecycleBase.fireLifecycleEvent(LifecycleBase.java:123)
		at org.apache.catalina.util.LifecycleBase.setStateInternal(LifecycleBase.java:423)
		at org.apache.catalina.util.LifecycleBase.setState(LifecycleBase.java:366)
		at org.apache.catalina.core.ContainerBase.startInternal(ContainerBase.java:936)
		at org.apache.catalina.core.StandardHost.startInternal(StandardHost.java:841)
		at org.apache.catalina.util.LifecycleBase.start(LifecycleBase.java:183)
		at org.apache.catalina.core.ContainerBase$StartChild.call(ContainerBase.java:1384)
		at org.apache.catalina.core.ContainerBase$StartChild.call(ContainerBase.java:1374)
		at java.util.concurrent.FutureTask.run(FutureTask.java:266)
		at org.apache.tomcat.util.threads.InlineExecutorService.execute(InlineExecutorService.java:75)
		at java.util.concurrent.AbstractExecutorService.submit(AbstractExecutorService.java:134)
		at org.apache.catalina.core.ContainerBase.startInternal(ContainerBase.java:909)
		at org.apache.catalina.core.StandardEngine.startInternal(StandardEngine.java:262)
		at org.apache.catalina.util.LifecycleBase.start(LifecycleBase.java:183)
		at org.apache.catalina.core.StandardService.startInternal(StandardService.java:421)
		at org.apache.catalina.util.LifecycleBase.start(LifecycleBase.java:183)
		at org.apache.catalina.core.StandardServer.startInternal(StandardServer.java:932)
		at org.apache.catalina.util.LifecycleBase.start(LifecycleBase.java:183)
		at org.apache.catalina.startup.Catalina.start(Catalina.java:633)
		at sun.reflect.NativeMethodAccessorImpl.invoke0(Native Method)
		at sun.reflect.NativeMethodAccessorImpl.invoke(NativeMethodAccessorImpl.java:62)
		at sun.reflect.DelegatingMethodAccessorImpl.invoke(DelegatingMethodAccessorImpl.java:43)
		at java.lang.reflect.Method.invoke(Method.java:498)
		at org.apache.catalina.startup.Bootstrap.start(Bootstrap.java:344)
		at org.apache.catalina.startup.Bootstrap.main(Bootstrap.java:475)
	Caused by: org.apache.catalina.LifecycleException: Echec de démarrage du composant [org.apache.catalina.webresources.StandardRoot@459003a0]
		at org.apache.catalina.util.LifecycleBase.handleSubClassException(LifecycleBase.java:440)
		at org.apache.catalina.util.LifecycleBase.start(LifecycleBase.java:198)
		at org.apache.catalina.core.StandardContext.resourcesStart(StandardContext.java:4800)
		at org.apache.catalina.core.StandardContext.startInternal(StandardContext.java:4935)
		at org.apache.catalina.util.LifecycleBase.start(LifecycleBase.java:183)
		at org.apache.catalina.core.ContainerBase.addChildInternal(ContainerBase.java:717)
		... 37 more
	Caused by: java.lang.IllegalArgumentException: L'ensemble de ressources principal [/Users/Airi/Documents/SOEN387-Projects-and-Labs/Labs/WebApplicationDemo/build/web] est invalide
		at org.apache.catalina.webresources.StandardRoot.createMainResourceSet(StandardRoot.java:752)
		at org.apache.catalina.webresources.StandardRoot.startInternal(StandardRoot.java:709)
		at org.apache.catalina.util.LifecycleBase.start(LifecycleBase.java:183)
		... 41 more
23-Nov-2019 10:41:32.397 INFOS [main] org.apache.catalina.startup.HostConfig.deployDescriptor Le traitement du descripteur de déploiement [/Users/Airi/Documents/SOEN387-Projects-and-Labs/Assignment 2/apache-tomcat-9.0.26/conf/Catalina/localhost/WebApplicationDemo.xml] a pris [13] ms
23-Nov-2019 10:41:32.398 INFOS [main] org.apache.catalina.startup.HostConfig.deployDescriptor Déploiement du descripteur de configuration [/Users/Airi/Documents/SOEN387-Projects-and-Labs/Assignment 2/apache-tomcat-9.0.26/conf/Catalina/localhost/A2-Airi.xml]
23-Nov-2019 10:41:32.402 AVERTISSEMENT [main] org.apache.catalina.startup.HostConfig.deployDescriptor L'attribut path avec la valeur [/A2-Airi] dans le descripteur de déploiement [/Users/Airi/Documents/SOEN387-Projects-and-Labs/Assignment 2/apache-tomcat-9.0.26/conf/Catalina/localhost/A2-Airi.xml] a été ignoré
23-Nov-2019 10:41:32.410 GRAVE [main] org.apache.catalina.startup.HostConfig.deployDescriptor Erreur lors du déploiement du descripteur de configuration [/Users/Airi/Documents/SOEN387-Projects-and-Labs/Assignment 2/apache-tomcat-9.0.26/conf/Catalina/localhost/A2-Airi.xml]
	java.lang.IllegalStateException: Erreur lors du démarrage du conteneur fils
		at org.apache.catalina.core.ContainerBase.addChildInternal(ContainerBase.java:720)
		at org.apache.catalina.core.ContainerBase.addChild(ContainerBase.java:690)
		at org.apache.catalina.core.StandardHost.addChild(StandardHost.java:705)
		at org.apache.catalina.startup.HostConfig.deployDescriptor(HostConfig.java:631)
		at org.apache.catalina.startup.HostConfig$DeployDescriptor.run(HostConfig.java:1831)
		at java.util.concurrent.Executors$RunnableAdapter.call(Executors.java:511)
		at java.util.concurrent.FutureTask.run(FutureTask.java:266)
		at org.apache.tomcat.util.threads.InlineExecutorService.execute(InlineExecutorService.java:75)
		at java.util.concurrent.AbstractExecutorService.submit(AbstractExecutorService.java:112)
		at org.apache.catalina.startup.HostConfig.deployDescriptors(HostConfig.java:526)
		at org.apache.catalina.startup.HostConfig.deployApps(HostConfig.java:425)
		at org.apache.catalina.startup.HostConfig.start(HostConfig.java:1576)
		at org.apache.catalina.startup.HostConfig.lifecycleEvent(HostConfig.java:309)
		at org.apache.catalina.util.LifecycleBase.fireLifecycleEvent(LifecycleBase.java:123)
		at org.apache.catalina.util.LifecycleBase.setStateInternal(LifecycleBase.java:423)
		at org.apache.catalina.util.LifecycleBase.setState(LifecycleBase.java:366)
		at org.apache.catalina.core.ContainerBase.startInternal(ContainerBase.java:936)
		at org.apache.catalina.core.StandardHost.startInternal(StandardHost.java:841)
		at org.apache.catalina.util.LifecycleBase.start(LifecycleBase.java:183)
		at org.apache.catalina.core.ContainerBase$StartChild.call(ContainerBase.java:1384)
		at org.apache.catalina.core.ContainerBase$StartChild.call(ContainerBase.java:1374)
		at java.util.concurrent.FutureTask.run(FutureTask.java:266)
		at org.apache.tomcat.util.threads.InlineExecutorService.execute(InlineExecutorService.java:75)
		at java.util.concurrent.AbstractExecutorService.submit(AbstractExecutorService.java:134)
		at org.apache.catalina.core.ContainerBase.startInternal(ContainerBase.java:909)
		at org.apache.catalina.core.StandardEngine.startInternal(StandardEngine.java:262)
		at org.apache.catalina.util.LifecycleBase.start(LifecycleBase.java:183)
		at org.apache.catalina.core.StandardService.startInternal(StandardService.java:421)
		at org.apache.catalina.util.LifecycleBase.start(LifecycleBase.java:183)
		at org.apache.catalina.core.StandardServer.startInternal(StandardServer.java:932)
		at org.apache.catalina.util.LifecycleBase.start(LifecycleBase.java:183)
		at org.apache.catalina.startup.Catalina.start(Catalina.java:633)
		at sun.reflect.NativeMethodAccessorImpl.invoke0(Native Method)
		at sun.reflect.NativeMethodAccessorImpl.invoke(NativeMethodAccessorImpl.java:62)
		at sun.reflect.DelegatingMethodAccessorImpl.invoke(DelegatingMethodAccessorImpl.java:43)
		at java.lang.reflect.Method.invoke(Method.java:498)
		at org.apache.catalina.startup.Bootstrap.start(Bootstrap.java:344)
		at org.apache.catalina.startup.Bootstrap.main(Bootstrap.java:475)
	Caused by: org.apache.catalina.LifecycleException: Echec de démarrage du composant [org.apache.catalina.webresources.StandardRoot@2233cac0]
		at org.apache.catalina.util.LifecycleBase.handleSubClassException(LifecycleBase.java:440)
		at org.apache.catalina.util.LifecycleBase.start(LifecycleBase.java:198)
		at org.apache.catalina.core.StandardContext.resourcesStart(StandardContext.java:4800)
		at org.apache.catalina.core.StandardContext.startInternal(StandardContext.java:4935)
		at org.apache.catalina.util.LifecycleBase.start(LifecycleBase.java:183)
		at org.apache.catalina.core.ContainerBase.addChildInternal(ContainerBase.java:717)
		... 37 more
	Caused by: java.lang.IllegalArgumentException: L'ensemble de ressources principal [/Users/Airi/Documents/SOEN387-Projects-and-Labs/Assignment 2/A2-Airi/build/web] est invalide
		at org.apache.catalina.webresources.StandardRoot.createMainResourceSet(StandardRoot.java:752)
		at org.apache.catalina.webresources.StandardRoot.startInternal(StandardRoot.java:709)
		at org.apache.catalina.util.LifecycleBase.start(LifecycleBase.java:183)
		... 41 more
23-Nov-2019 10:41:32.415 INFOS [main] org.apache.catalina.startup.HostConfig.deployDescriptor Le traitement du descripteur de déploiement [/Users/Airi/Documents/SOEN387-Projects-and-Labs/Assignment 2/apache-tomcat-9.0.26/conf/Catalina/localhost/A2-Airi.xml] a pris [16] ms
23-Nov-2019 10:41:32.420 INFOS [main] org.apache.catalina.startup.HostConfig.deployDirectory Déploiement du répertoire d'application web [/Users/Airi/Documents/SOEN387-Projects-and-Labs/Assignment 2/apache-tomcat-9.0.26/webapps/docs]
23-Nov-2019 10:41:32.764 INFOS [main] org.apache.jasper.servlet.TldScanner.scanJars Au moins un fichier JAR a été analysé pour trouver des TLDs mais il n'en contenait pas, le mode "debug" du journal peut être activé pour obtenir une liste complète de JAR scannés sans succès; éviter d'analyser des JARs inutilement peut améliorer sensiblement le temps de démarrage et le temps de compilation des JSPs
23-Nov-2019 10:41:32.769 INFOS [main] org.apache.catalina.startup.HostConfig.deployDirectory Le déploiement du répertoire [/Users/Airi/Documents/SOEN387-Projects-and-Labs/Assignment 2/apache-tomcat-9.0.26/webapps/docs] de l'application web s'est terminé en [350] ms
23-Nov-2019 10:41:32.770 INFOS [main] org.apache.catalina.startup.HostConfig.deployDirectory Déploiement du répertoire d'application web [/Users/Airi/Documents/SOEN387-Projects-and-Labs/Assignment 2/apache-tomcat-9.0.26/webapps/manager]
23-Nov-2019 10:41:32.965 INFOS [main] org.apache.jasper.servlet.TldScanner.scanJars Au moins un fichier JAR a été analysé pour trouver des TLDs mais il n'en contenait pas, le mode "debug" du journal peut être activé pour obtenir une liste complète de JAR scannés sans succès; éviter d'analyser des JARs inutilement peut améliorer sensiblement le temps de démarrage et le temps de compilation des JSPs
23-Nov-2019 10:41:32.981 INFOS [main] org.apache.catalina.startup.HostConfig.deployDirectory Le déploiement du répertoire [/Users/Airi/Documents/SOEN387-Projects-and-Labs/Assignment 2/apache-tomcat-9.0.26/webapps/manager] de l'application web s'est terminé en [211] ms
23-Nov-2019 10:41:32.983 INFOS [main] org.apache.catalina.startup.HostConfig.deployDirectory Déploiement du répertoire d'application web [/Users/Airi/Documents/SOEN387-Projects-and-Labs/Assignment 2/apache-tomcat-9.0.26/webapps/examples]
23-Nov-2019 10:41:33.538 INFOS [main] org.apache.jasper.servlet.TldScanner.scanJars Au moins un fichier JAR a été analysé pour trouver des TLDs mais il n'en contenait pas, le mode "debug" du journal peut être activé pour obtenir une liste complète de JAR scannés sans succès; éviter d'analyser des JARs inutilement peut améliorer sensiblement le temps de démarrage et le temps de compilation des JSPs
23-Nov-2019 10:41:33.575 INFOS [main] org.apache.catalina.startup.HostConfig.deployDirectory Le déploiement du répertoire [/Users/Airi/Documents/SOEN387-Projects-and-Labs/Assignment 2/apache-tomcat-9.0.26/webapps/examples] de l'application web s'est terminé en [593] ms
23-Nov-2019 10:41:33.575 INFOS [main] org.apache.catalina.startup.HostConfig.deployDirectory Déploiement du répertoire d'application web [/Users/Airi/Documents/SOEN387-Projects-and-Labs/Assignment 2/apache-tomcat-9.0.26/webapps/ROOT]
23-Nov-2019 10:41:33.772 INFOS [main] org.apache.jasper.servlet.TldScanner.scanJars Au moins un fichier JAR a été analysé pour trouver des TLDs mais il n'en contenait pas, le mode "debug" du journal peut être activé pour obtenir une liste complète de JAR scannés sans succès; éviter d'analyser des JARs inutilement peut améliorer sensiblement le temps de démarrage et le temps de compilation des JSPs
23-Nov-2019 10:41:33.776 INFOS [main] org.apache.catalina.startup.HostConfig.deployDirectory Le déploiement du répertoire [/Users/Airi/Documents/SOEN387-Projects-and-Labs/Assignment 2/apache-tomcat-9.0.26/webapps/ROOT] de l'application web s'est terminé en [200] ms
23-Nov-2019 10:41:33.779 INFOS [main] org.apache.catalina.startup.HostConfig.deployDirectory Déploiement du répertoire d'application web [/Users/Airi/Documents/SOEN387-Projects-and-Labs/Assignment 2/apache-tomcat-9.0.26/webapps/host-manager]
23-Nov-2019 10:41:34.025 INFOS [main] org.apache.jasper.servlet.TldScanner.scanJars Au moins un fichier JAR a été analysé pour trouver des TLDs mais il n'en contenait pas, le mode "debug" du journal peut être activé pour obtenir une liste complète de JAR scannés sans succès; éviter d'analyser des JARs inutilement peut améliorer sensiblement le temps de démarrage et le temps de compilation des JSPs
23-Nov-2019 10:41:34.031 INFOS [main] org.apache.catalina.startup.HostConfig.deployDirectory Le déploiement du répertoire [/Users/Airi/Documents/SOEN387-Projects-and-Labs/Assignment 2/apache-tomcat-9.0.26/webapps/host-manager] de l'application web s'est terminé en [252] ms
23-Nov-2019 10:41:34.046 INFOS [main] org.apache.coyote.AbstractProtocol.start Démarrage du gestionnaire de protocole ["http-nio-8080"]
23-Nov-2019 10:41:34.078 INFOS [main] org.apache.coyote.AbstractProtocol.start Démarrage du gestionnaire de protocole ["ajp-nio-8009"]
23-Nov-2019 10:41:34.088 INFOS [main] org.apache.catalina.startup.Catalina.start Le démarrage du serveur a pris [7 142] millisecondes
23-Nov-2019 10:41:36.586 INFOS [http-nio-8080-exec-8] org.apache.catalina.core.StandardContext.reload Le rechargement du contexte [/A3-UI] a démarré
23-Nov-2019 10:41:38.066 INFOS [http-nio-8080-exec-8] org.apache.jasper.servlet.TldScanner.scanJars Au moins un fichier JAR a été analysé pour trouver des TLDs mais il n'en contenait pas, le mode "debug" du journal peut être activé pour obtenir une liste complète de JAR scannés sans succès; éviter d'analyser des JARs inutilement peut améliorer sensiblement le temps de démarrage et le temps de compilation des JSPs
23-Nov-2019 10:41:38.110 INFOS [http-nio-8080-exec-8] org.apache.catalina.core.StandardContext.reload Le rechargement de ce contexte est terminé
23-Nov-2019 10:54:48.141 AVERTISSEMENT [http-nio-8080-exec-17] org.apache.catalina.realm.LockOutRealm.filterLockedAccounts Une tentative d'authentification a été effectuée pour l'utilisateur verrouillé ("locked user") []
23-Nov-2019 10:54:48.182 AVERTISSEMENT [http-nio-8080-exec-18] org.apache.catalina.realm.LockOutRealm.filterLockedAccounts Une tentative d'authentification a été effectuée pour l'utilisateur verrouillé ("locked user") []
23-Nov-2019 10:54:48.189 INFOS [http-nio-8080-exec-19] org.apache.catalina.core.StandardContext.reload Le rechargement du contexte [/A3-UI] a démarré
23-Nov-2019 10:54:48.200 AVERTISSEMENT [http-nio-8080-exec-19] org.apache.catalina.loader.WebappClassLoaderBase.clearReferencesJdbc L'application web [A3-UI] a enregistré un pilote JDBC [com.mysql.cj.jdbc.Driver], mais ne l'a pas désenregistré avant l'arrêt de l'application.  Pour éviter une fuite de mémoire, le pilote JDBC a été désenregistré de force.
23-Nov-2019 10:54:48.201 AVERTISSEMENT [http-nio-8080-exec-19] org.apache.catalina.loader.WebappClassLoaderBase.clearReferencesThreads L'application web [A3-UI] semble avoir démarré un thread nommé [mysql-cj-abandoned-connection-cleanup] mais ne l'a pas arrêté, ce qui va probablement créer une fuite de mémoire; la trace du thread est: 
 java.lang.Object.wait(Native Method)
 java.lang.ref.ReferenceQueue.remove(ReferenceQueue.java:143)
 com.mysql.cj.jdbc.AbandonedConnectionCleanupThread.run(AbandonedConnectionCleanupThread.java:85)
 java.util.concurrent.ThreadPoolExecutor.runWorker(ThreadPoolExecutor.java:1149)
 java.util.concurrent.ThreadPoolExecutor$Worker.run(ThreadPoolExecutor.java:624)
 java.lang.Thread.run(Thread.java:748)
23-Nov-2019 10:54:49.244 INFOS [http-nio-8080-exec-19] org.apache.jasper.servlet.TldScanner.scanJars Au moins un fichier JAR a été analysé pour trouver des TLDs mais il n'en contenait pas, le mode "debug" du journal peut être activé pour obtenir une liste complète de JAR scannés sans succès; éviter d'analyser des JARs inutilement peut améliorer sensiblement le temps de démarrage et le temps de compilation des JSPs
23-Nov-2019 10:54:49.256 INFOS [http-nio-8080-exec-19] org.apache.catalina.core.StandardContext.reload Le rechargement de ce contexte est terminé
23-Nov-2019 10:54:50.132 AVERTISSEMENT [http-nio-8080-exec-20] org.apache.catalina.realm.LockOutRealm.filterLockedAccounts Une tentative d'authentification a été effectuée pour l'utilisateur verrouillé ("locked user") []
23-Nov-2019 10:54:50.141 INFOS [mysql-cj-abandoned-connection-cleanup] org.apache.catalina.loader.WebappClassLoaderBase.checkStateForResourceLoading Impossible de charger [], ce chargeur de classes a déjà été arrêté
	java.lang.IllegalStateException: Impossible de charger [], ce chargeur de classes a déjà été arrêté
		at org.apache.catalina.loader.WebappClassLoaderBase.checkStateForResourceLoading(WebappClassLoaderBase.java:1385)
		at org.apache.catalina.loader.WebappClassLoaderBase.getResource(WebappClassLoaderBase.java:1038)
		at com.mysql.cj.jdbc.AbandonedConnectionCleanupThread.checkThreadContextClassLoader(AbandonedConnectionCleanupThread.java:117)
		at com.mysql.cj.jdbc.AbandonedConnectionCleanupThread.run(AbandonedConnectionCleanupThread.java:84)
		at java.util.concurrent.ThreadPoolExecutor.runWorker(ThreadPoolExecutor.java:1149)
		at java.util.concurrent.ThreadPoolExecutor$Worker.run(ThreadPoolExecutor.java:624)
		at java.lang.Thread.run(Thread.java:748)
23-Nov-2019 10:54:50.172 AVERTISSEMENT [http-nio-8080-exec-11] org.apache.catalina.realm.LockOutRealm.filterLockedAccounts Une tentative d'authentification a été effectuée pour l'utilisateur verrouillé ("locked user") []
23-Nov-2019 10:54:50.179 INFOS [http-nio-8080-exec-21] org.apache.catalina.core.StandardContext.reload Le rechargement du contexte [/A3-UI] a démarré
23-Nov-2019 10:54:52.450 INFOS [http-nio-8080-exec-21] org.apache.jasper.servlet.TldScanner.scanJars Au moins un fichier JAR a été analysé pour trouver des TLDs mais il n'en contenait pas, le mode "debug" du journal peut être activé pour obtenir une liste complète de JAR scannés sans succès; éviter d'analyser des JARs inutilement peut améliorer sensiblement le temps de démarrage et le temps de compilation des JSPs
23-Nov-2019 10:54:52.488 INFOS [http-nio-8080-exec-21] org.apache.catalina.core.StandardContext.reload Le rechargement de ce contexte est terminé
23-Nov-2019 10:54:52.537 AVERTISSEMENT [http-nio-8080-exec-13] org.apache.catalina.realm.LockOutRealm.filterLockedAccounts Une tentative d'authentification a été effectuée pour l'utilisateur verrouillé ("locked user") []
23-Nov-2019 10:54:52.574 AVERTISSEMENT [http-nio-8080-exec-17] org.apache.catalina.realm.LockOutRealm.filterLockedAccounts Une tentative d'authentification a été effectuée pour l'utilisateur verrouillé ("locked user") []
23-Nov-2019 10:54:52.585 INFOS [http-nio-8080-exec-16] org.apache.catalina.core.StandardContext.reload Le rechargement du contexte [/A3-UI] a démarré
23-Nov-2019 10:54:54.473 INFOS [http-nio-8080-exec-16] org.apache.jasper.servlet.TldScanner.scanJars Au moins un fichier JAR a été analysé pour trouver des TLDs mais il n'en contenait pas, le mode "debug" du journal peut être activé pour obtenir une liste complète de JAR scannés sans succès; éviter d'analyser des JARs inutilement peut améliorer sensiblement le temps de démarrage et le temps de compilation des JSPs
23-Nov-2019 10:54:54.489 INFOS [http-nio-8080-exec-16] org.apache.catalina.core.StandardContext.reload Le rechargement de ce contexte est terminé
23-Nov-2019 10:57:32.426 AVERTISSEMENT [http-nio-8080-exec-26] org.apache.catalina.realm.LockOutRealm.filterLockedAccounts Une tentative d'authentification a été effectuée pour l'utilisateur verrouillé ("locked user") []
23-Nov-2019 10:57:32.440 AVERTISSEMENT [http-nio-8080-exec-27] org.apache.catalina.realm.LockOutRealm.filterLockedAccounts Une tentative d'authentification a été effectuée pour l'utilisateur verrouillé ("locked user") []
23-Nov-2019 10:57:32.443 INFOS [http-nio-8080-exec-22] org.apache.catalina.core.StandardContext.reload Le rechargement du contexte [/A3-UI] a démarré
23-Nov-2019 10:57:34.401 INFOS [http-nio-8080-exec-22] org.apache.jasper.servlet.TldScanner.scanJars Au moins un fichier JAR a été analysé pour trouver des TLDs mais il n'en contenait pas, le mode "debug" du journal peut être activé pour obtenir une liste complète de JAR scannés sans succès; éviter d'analyser des JARs inutilement peut améliorer sensiblement le temps de démarrage et le temps de compilation des JSPs
23-Nov-2019 10:57:34.485 INFOS [http-nio-8080-exec-22] org.apache.catalina.core.StandardContext.reload Le rechargement de ce contexte est terminé
23-Nov-2019 10:57:34.938 AVERTISSEMENT [http-nio-8080-exec-31] org.apache.catalina.realm.LockOutRealm.filterLockedAccounts Une tentative d'authentification a été effectuée pour l'utilisateur verrouillé ("locked user") []
23-Nov-2019 10:57:34.979 AVERTISSEMENT [http-nio-8080-exec-25] org.apache.catalina.realm.LockOutRealm.filterLockedAccounts Une tentative d'authentification a été effectuée pour l'utilisateur verrouillé ("locked user") []
23-Nov-2019 10:57:34.996 INFOS [http-nio-8080-exec-15] org.apache.catalina.core.StandardContext.reload Le rechargement du contexte [/A3-UI] a démarré
23-Nov-2019 10:57:37.060 INFOS [http-nio-8080-exec-15] org.apache.jasper.servlet.TldScanner.scanJars Au moins un fichier JAR a été analysé pour trouver des TLDs mais il n'en contenait pas, le mode "debug" du journal peut être activé pour obtenir une liste complète de JAR scannés sans succès; éviter d'analyser des JARs inutilement peut améliorer sensiblement le temps de démarrage et le temps de compilation des JSPs
23-Nov-2019 10:57:37.130 INFOS [http-nio-8080-exec-15] org.apache.catalina.core.StandardContext.reload Le rechargement de ce contexte est terminé
23-Nov-2019 10:57:40.045 AVERTISSEMENT [http-nio-8080-exec-28] org.apache.catalina.realm.LockOutRealm.filterLockedAccounts Une tentative d'authentification a été effectuée pour l'utilisateur verrouillé ("locked user") []
23-Nov-2019 10:57:40.140 AVERTISSEMENT [http-nio-8080-exec-29] org.apache.catalina.realm.LockOutRealm.filterLockedAccounts Une tentative d'authentification a été effectuée pour l'utilisateur verrouillé ("locked user") []
23-Nov-2019 10:57:40.663 INFOS [http-nio-8080-exec-30] org.apache.catalina.startup.HostConfig.undeploy Retrait de l'application web ayant pour chemin de contexte [/A3-UI]
23-Nov-2019 10:57:49.693 AVERTISSEMENT [http-nio-8080-exec-29] org.apache.catalina.realm.LockOutRealm.filterLockedAccounts Une tentative d'authentification a été effectuée pour l'utilisateur verrouillé ("locked user") []
23-Nov-2019 10:57:49.714 AVERTISSEMENT [http-nio-8080-exec-34] org.apache.catalina.realm.LockOutRealm.filterLockedAccounts Une tentative d'authentification a été effectuée pour l'utilisateur verrouillé ("locked user") []
23-Nov-2019 10:57:49.768 AVERTISSEMENT [http-nio-8080-exec-27] org.apache.catalina.realm.LockOutRealm.filterLockedAccounts Une tentative d'authentification a été effectuée pour l'utilisateur verrouillé ("locked user") []
23-Nov-2019 10:57:49.788 INFOS [http-nio-8080-exec-33] org.apache.catalina.startup.HostConfig.deployDescriptor Déploiement du descripteur de configuration [/Users/Airi/Documents/SOEN387-Projects-and-Labs/Assignment 2/apache-tomcat-9.0.26/conf/Catalina/localhost/A3-UI.xml]
23-Nov-2019 10:57:49.792 AVERTISSEMENT [http-nio-8080-exec-33] org.apache.catalina.startup.HostConfig.deployDescriptor L'attribut path avec la valeur [/A3-UI] dans le descripteur de déploiement [/Users/Airi/Documents/SOEN387-Projects-and-Labs/Assignment 2/apache-tomcat-9.0.26/conf/Catalina/localhost/A3-UI.xml] a été ignoré
23-Nov-2019 10:57:49.843 AVERTISSEMENT [http-nio-8080-exec-25] org.apache.catalina.realm.LockOutRealm.filterLockedAccounts Une tentative d'authentification a été effectuée pour l'utilisateur verrouillé ("locked user") []
23-Nov-2019 10:57:50.837 INFOS [http-nio-8080-exec-33] org.apache.jasper.servlet.TldScanner.scanJars Au moins un fichier JAR a été analysé pour trouver des TLDs mais il n'en contenait pas, le mode "debug" du journal peut être activé pour obtenir une liste complète de JAR scannés sans succès; éviter d'analyser des JARs inutilement peut améliorer sensiblement le temps de démarrage et le temps de compilation des JSPs
23-Nov-2019 10:57:50.848 INFOS [http-nio-8080-exec-33] org.apache.catalina.startup.HostConfig.deployDescriptor Le traitement du descripteur de déploiement [/Users/Airi/Documents/SOEN387-Projects-and-Labs/Assignment 2/apache-tomcat-9.0.26/conf/Catalina/localhost/A3-UI.xml] a pris [1 060] ms
23-Nov-2019 10:57:50.859 AVERTISSEMENT [http-nio-8080-exec-28] org.apache.catalina.realm.LockOutRealm.filterLockedAccounts Une tentative d'authentification a été effectuée pour l'utilisateur verrouillé ("locked user") []
23-Nov-2019 10:57:50.868 INFOS [http-nio-8080-exec-34] org.apache.catalina.core.StandardContext.reload Le rechargement du contexte [/A3-UI] a démarré
23-Nov-2019 10:57:51.610 INFOS [http-nio-8080-exec-34] org.apache.jasper.servlet.TldScanner.scanJars Au moins un fichier JAR a été analysé pour trouver des TLDs mais il n'en contenait pas, le mode "debug" du journal peut être activé pour obtenir une liste complète de JAR scannés sans succès; éviter d'analyser des JARs inutilement peut améliorer sensiblement le temps de démarrage et le temps de compilation des JSPs
23-Nov-2019 10:57:51.624 INFOS [http-nio-8080-exec-34] org.apache.catalina.core.StandardContext.reload Le rechargement de ce contexte est terminé
23-Nov-2019 10:57:51.638 AVERTISSEMENT [http-nio-8080-exec-22] org.apache.catalina.realm.LockOutRealm.filterLockedAccounts Une tentative d'authentification a été effectuée pour l'utilisateur verrouillé ("locked user") []
23-Nov-2019 10:57:51.649 INFOS [http-nio-8080-exec-28] org.apache.catalina.util.LifecycleBase.start La méthode start() a été appelée sur le composant [StandardEngine[Catalina].StandardHost[localhost].StandardContext[/A3-UI]] après que start() ait déjà été appelé, le deuxième appel sera ignoré
