10-Oct-2019 12:22:12.235 INFOS [main] org.apache.catalina.startup.VersionLoggerListener.log Version du serveur:        Apache Tomcat/9.0.26
10-Oct-2019 12:22:12.239 INFOS [main] org.apache.catalina.startup.VersionLoggerListener.log Serveur compilé:       Sep 16 2019 15:51:39 UTC
10-Oct-2019 12:22:12.239 INFOS [main] org.apache.catalina.startup.VersionLoggerListener.log Version du serveur:      9.0.26.0
10-Oct-2019 12:22:12.240 INFOS [main] org.apache.catalina.startup.VersionLoggerListener.log Nom de l'OS:           Mac OS X
10-Oct-2019 12:22:12.240 INFOS [main] org.apache.catalina.startup.VersionLoggerListener.log Version de l'OS:        10.15
10-Oct-2019 12:22:12.240 INFOS [main] org.apache.catalina.startup.VersionLoggerListener.log Architecture:          x86_64
10-Oct-2019 12:22:12.240 INFOS [main] org.apache.catalina.startup.VersionLoggerListener.log Répertoire de Java:     /Library/Java/JavaVirtualMachines/jdk1.8.0_141.jdk/Contents/Home/jre
10-Oct-2019 12:22:12.241 INFOS [main] org.apache.catalina.startup.VersionLoggerListener.log Version de la JVM:           1.8.0_141-b15
10-Oct-2019 12:22:12.241 INFOS [main] org.apache.catalina.startup.VersionLoggerListener.log Fournisseur de la JVM:            Oracle Corporation
10-Oct-2019 12:22:12.241 INFOS [main] org.apache.catalina.startup.VersionLoggerListener.log CATALINA_BASE:         /Users/Airi/Documents/SOEN387-Projects-and-Labs/Assignment 1/apache-tomcat-9.0.26
10-Oct-2019 12:22:12.241 INFOS [main] org.apache.catalina.startup.VersionLoggerListener.log CATALINA_HOME:         /Users/Airi/Documents/SOEN387-Projects-and-Labs/Assignment 1/apache-tomcat-9.0.26
10-Oct-2019 12:22:12.252 INFOS [main] org.apache.catalina.startup.VersionLoggerListener.log Argument de la ligne de commande: -Djava.util.logging.config.file=/Users/Airi/Documents/SOEN387-Projects-and-Labs/Assignment 1/apache-tomcat-9.0.26/conf/logging.properties
10-Oct-2019 12:22:12.252 INFOS [main] org.apache.catalina.startup.VersionLoggerListener.log Argument de la ligne de commande: -Djava.util.logging.manager=org.apache.juli.ClassLoaderLogManager
10-Oct-2019 12:22:12.253 INFOS [main] org.apache.catalina.startup.VersionLoggerListener.log Argument de la ligne de commande: -Dhttp.nonProxyHosts=localhost|127.0.0.1|Airis-MacBook-Pro.local
10-Oct-2019 12:22:12.253 INFOS [main] org.apache.catalina.startup.VersionLoggerListener.log Argument de la ligne de commande: -Djdk.tls.ephemeralDHKeySize=2048
10-Oct-2019 12:22:12.253 INFOS [main] org.apache.catalina.startup.VersionLoggerListener.log Argument de la ligne de commande: -Djava.protocol.handler.pkgs=org.apache.catalina.webresources
10-Oct-2019 12:22:12.254 INFOS [main] org.apache.catalina.startup.VersionLoggerListener.log Argument de la ligne de commande: -Dorg.apache.catalina.security.SecurityListener.UMASK=0027
10-Oct-2019 12:22:12.254 INFOS [main] org.apache.catalina.startup.VersionLoggerListener.log Argument de la ligne de commande: -Dignore.endorsed.dirs=
10-Oct-2019 12:22:12.255 INFOS [main] org.apache.catalina.startup.VersionLoggerListener.log Argument de la ligne de commande: -Dcatalina.base=/Users/Airi/Documents/SOEN387-Projects-and-Labs/Assignment 1/apache-tomcat-9.0.26
10-Oct-2019 12:22:12.255 INFOS [main] org.apache.catalina.startup.VersionLoggerListener.log Argument de la ligne de commande: -Dcatalina.home=/Users/Airi/Documents/SOEN387-Projects-and-Labs/Assignment 1/apache-tomcat-9.0.26
10-Oct-2019 12:22:12.255 INFOS [main] org.apache.catalina.startup.VersionLoggerListener.log Argument de la ligne de commande: -Djava.io.tmpdir=/Users/Airi/Documents/SOEN387-Projects-and-Labs/Assignment 1/apache-tomcat-9.0.26/temp
10-Oct-2019 12:22:12.256 INFOS [main] org.apache.catalina.core.AprLifecycleListener.lifecycleEvent La librairie Apache Tomcat Native basée sur APR qui permet des performances optimales dans les environnements de production n'a pas été trouvée sur le java.library.path: [/Users/Airi/Library/Java/Extensions:/Library/Java/Extensions:/Network/Library/Java/Extensions:/System/Library/Java/Extensions:/usr/lib/java:.]
10-Oct-2019 12:22:14.301 INFOS [main] org.apache.coyote.AbstractProtocol.init Initialisation du gestionnaire de protocole ["http-nio-8080"]
10-Oct-2019 12:22:14.537 INFOS [main] org.apache.coyote.AbstractProtocol.init Initialisation du gestionnaire de protocole ["ajp-nio-8009"]
10-Oct-2019 12:22:14.545 INFOS [main] org.apache.catalina.startup.Catalina.load L'initialisation du serveur a pris [3 559] millisecondes
10-Oct-2019 12:22:14.680 INFOS [main] org.apache.catalina.core.StandardService.startInternal Démarrage du service [Catalina]
10-Oct-2019 12:22:14.681 INFOS [main] org.apache.catalina.core.StandardEngine.startInternal Démarrage du moteur de Servlets: [Apache Tomcat/9.0.26]
10-Oct-2019 12:22:14.733 INFOS [main] org.apache.catalina.startup.HostConfig.deployDescriptor Déploiement du descripteur de configuration [/Users/Airi/Documents/SOEN387-Projects-and-Labs/Assignment 1/apache-tomcat-9.0.26/conf/Catalina/localhost/A1-Airi.xml]
10-Oct-2019 12:22:14.839 AVERTISSEMENT [main] org.apache.catalina.startup.HostConfig.deployDescriptor L'attribut path avec la valeur [/A1-Airi] dans le descripteur de déploiement [/Users/Airi/Documents/SOEN387-Projects-and-Labs/Assignment 1/apache-tomcat-9.0.26/conf/Catalina/localhost/A1-Airi.xml] a été ignoré
10-Oct-2019 12:22:16.263 INFOS [main] org.apache.jasper.servlet.TldScanner.scanJars Au moins un fichier JAR a été analysé pour trouver des TLDs mais il n'en contenait pas, le mode "debug" du journal peut être activé pour obtenir une liste complète de JAR scannés sans succès; éviter d'analyser des JARs inutilement peut améliorer sensiblement le temps de démarrage et le temps de compilation des JSPs
10-Oct-2019 12:22:16.454 INFOS [main] org.apache.catalina.startup.HostConfig.deployDescriptor Le traitement du descripteur de déploiement [/Users/Airi/Documents/SOEN387-Projects-and-Labs/Assignment 1/apache-tomcat-9.0.26/conf/Catalina/localhost/A1-Airi.xml] a pris [1 721] ms
10-Oct-2019 12:22:16.455 INFOS [main] org.apache.catalina.startup.HostConfig.deployDescriptor Déploiement du descripteur de configuration [/Users/Airi/Documents/SOEN387-Projects-and-Labs/Assignment 1/apache-tomcat-9.0.26/conf/Catalina/localhost/Assignment 1.xml]
10-Oct-2019 12:22:16.457 AVERTISSEMENT [main] org.apache.catalina.startup.HostConfig.deployDescriptor L'attribut path avec la valeur [/Assignment 1] dans le descripteur de déploiement [/Users/Airi/Documents/SOEN387-Projects-and-Labs/Assignment 1/apache-tomcat-9.0.26/conf/Catalina/localhost/Assignment 1.xml] a été ignoré
10-Oct-2019 12:22:16.471 GRAVE [main] org.apache.catalina.startup.HostConfig.deployDescriptor Erreur lors du déploiement du descripteur de configuration [/Users/Airi/Documents/SOEN387-Projects-and-Labs/Assignment 1/apache-tomcat-9.0.26/conf/Catalina/localhost/Assignment 1.xml]
	java.lang.IllegalStateException: Erreur lors du démarrage du conteneur fils
		at org.apache.catalina.core.ContainerBase.addChildInternal(ContainerBase.java:720)
		at org.apache.catalina.core.ContainerBase.addChild(ContainerBase.java:690)
		at org.apache.catalina.core.StandardHost.addChild(StandardHost.java:705)
		at org.apache.catalina.startup.HostConfig.deployDescriptor(HostConfig.java:631)
		at org.apache.catalina.startup.HostConfig$DeployDescriptor.run(HostConfig.java:1831)
		at java.util.concurrent.Executors$RunnableAdapter.call(Executors.java:511)
		at java.util.concurrent.FutureTask.run(FutureTask.java:266)
		at org.apache.tomcat.util.threads.InlineExecutorService.execute(InlineExecutorService.java:75)
		at java.util.concurrent.AbstractExecutorService.submit(AbstractExecutorService.java:112)
		at org.apache.catalina.startup.HostConfig.deployDescriptors(HostConfig.java:526)
		at org.apache.catalina.startup.HostConfig.deployApps(HostConfig.java:425)
		at org.apache.catalina.startup.HostConfig.start(HostConfig.java:1576)
		at org.apache.catalina.startup.HostConfig.lifecycleEvent(HostConfig.java:309)
		at org.apache.catalina.util.LifecycleBase.fireLifecycleEvent(LifecycleBase.java:123)
		at org.apache.catalina.util.LifecycleBase.setStateInternal(LifecycleBase.java:423)
		at org.apache.catalina.util.LifecycleBase.setState(LifecycleBase.java:366)
		at org.apache.catalina.core.ContainerBase.startInternal(ContainerBase.java:936)
		at org.apache.catalina.core.StandardHost.startInternal(StandardHost.java:841)
		at org.apache.catalina.util.LifecycleBase.start(LifecycleBase.java:183)
		at org.apache.catalina.core.ContainerBase$StartChild.call(ContainerBase.java:1384)
		at org.apache.catalina.core.ContainerBase$StartChild.call(ContainerBase.java:1374)
		at java.util.concurrent.FutureTask.run(FutureTask.java:266)
		at org.apache.tomcat.util.threads.InlineExecutorService.execute(InlineExecutorService.java:75)
		at java.util.concurrent.AbstractExecutorService.submit(AbstractExecutorService.java:134)
		at org.apache.catalina.core.ContainerBase.startInternal(ContainerBase.java:909)
		at org.apache.catalina.core.StandardEngine.startInternal(StandardEngine.java:262)
		at org.apache.catalina.util.LifecycleBase.start(LifecycleBase.java:183)
		at org.apache.catalina.core.StandardService.startInternal(StandardService.java:421)
		at org.apache.catalina.util.LifecycleBase.start(LifecycleBase.java:183)
		at org.apache.catalina.core.StandardServer.startInternal(StandardServer.java:932)
		at org.apache.catalina.util.LifecycleBase.start(LifecycleBase.java:183)
		at org.apache.catalina.startup.Catalina.start(Catalina.java:633)
		at sun.reflect.NativeMethodAccessorImpl.invoke0(Native Method)
		at sun.reflect.NativeMethodAccessorImpl.invoke(NativeMethodAccessorImpl.java:62)
		at sun.reflect.DelegatingMethodAccessorImpl.invoke(DelegatingMethodAccessorImpl.java:43)
		at java.lang.reflect.Method.invoke(Method.java:498)
		at org.apache.catalina.startup.Bootstrap.start(Bootstrap.java:344)
		at org.apache.catalina.startup.Bootstrap.main(Bootstrap.java:475)
	Caused by: org.apache.catalina.LifecycleException: Echec de démarrage du composant [org.apache.catalina.webresources.StandardRoot@2a65fe7c]
		at org.apache.catalina.util.LifecycleBase.handleSubClassException(LifecycleBase.java:440)
		at org.apache.catalina.util.LifecycleBase.start(LifecycleBase.java:198)
		at org.apache.catalina.core.StandardContext.resourcesStart(StandardContext.java:4800)
		at org.apache.catalina.core.StandardContext.startInternal(StandardContext.java:4935)
		at org.apache.catalina.util.LifecycleBase.start(LifecycleBase.java:183)
		at org.apache.catalina.core.ContainerBase.addChildInternal(ContainerBase.java:717)
		... 37 more
	Caused by: java.lang.IllegalArgumentException: L'ensemble de ressources principal [/Users/jasminelatendresse/SOEN387-Projects-and-Labs/Assignment 1/build/web] est invalide
		at org.apache.catalina.webresources.StandardRoot.createMainResourceSet(StandardRoot.java:752)
		at org.apache.catalina.webresources.StandardRoot.startInternal(StandardRoot.java:709)
		at org.apache.catalina.util.LifecycleBase.start(LifecycleBase.java:183)
		... 41 more
10-Oct-2019 12:22:16.477 INFOS [main] org.apache.catalina.startup.HostConfig.deployDescriptor Le traitement du descripteur de déploiement [/Users/Airi/Documents/SOEN387-Projects-and-Labs/Assignment 1/apache-tomcat-9.0.26/conf/Catalina/localhost/Assignment 1.xml] a pris [21] ms
10-Oct-2019 12:22:16.477 INFOS [main] org.apache.catalina.startup.HostConfig.deployDescriptor Déploiement du descripteur de configuration [/Users/Airi/Documents/SOEN387-Projects-and-Labs/Assignment 1/apache-tomcat-9.0.26/conf/Catalina/localhost/WebApplicationDemo.xml]
10-Oct-2019 12:22:16.479 AVERTISSEMENT [main] org.apache.catalina.startup.HostConfig.deployDescriptor L'attribut path avec la valeur [/WebApplicationDemo] dans le descripteur de déploiement [/Users/Airi/Documents/SOEN387-Projects-and-Labs/Assignment 1/apache-tomcat-9.0.26/conf/Catalina/localhost/WebApplicationDemo.xml] a été ignoré
10-Oct-2019 12:22:16.488 GRAVE [main] org.apache.catalina.startup.HostConfig.deployDescriptor Erreur lors du déploiement du descripteur de configuration [/Users/Airi/Documents/SOEN387-Projects-and-Labs/Assignment 1/apache-tomcat-9.0.26/conf/Catalina/localhost/WebApplicationDemo.xml]
	java.lang.IllegalStateException: Erreur lors du démarrage du conteneur fils
		at org.apache.catalina.core.ContainerBase.addChildInternal(ContainerBase.java:720)
		at org.apache.catalina.core.ContainerBase.addChild(ContainerBase.java:690)
		at org.apache.catalina.core.StandardHost.addChild(StandardHost.java:705)
		at org.apache.catalina.startup.HostConfig.deployDescriptor(HostConfig.java:631)
		at org.apache.catalina.startup.HostConfig$DeployDescriptor.run(HostConfig.java:1831)
		at java.util.concurrent.Executors$RunnableAdapter.call(Executors.java:511)
		at java.util.concurrent.FutureTask.run(FutureTask.java:266)
		at org.apache.tomcat.util.threads.InlineExecutorService.execute(InlineExecutorService.java:75)
		at java.util.concurrent.AbstractExecutorService.submit(AbstractExecutorService.java:112)
		at org.apache.catalina.startup.HostConfig.deployDescriptors(HostConfig.java:526)
		at org.apache.catalina.startup.HostConfig.deployApps(HostConfig.java:425)
		at org.apache.catalina.startup.HostConfig.start(HostConfig.java:1576)
		at org.apache.catalina.startup.HostConfig.lifecycleEvent(HostConfig.java:309)
		at org.apache.catalina.util.LifecycleBase.fireLifecycleEvent(LifecycleBase.java:123)
		at org.apache.catalina.util.LifecycleBase.setStateInternal(LifecycleBase.java:423)
		at org.apache.catalina.util.LifecycleBase.setState(LifecycleBase.java:366)
		at org.apache.catalina.core.ContainerBase.startInternal(ContainerBase.java:936)
		at org.apache.catalina.core.StandardHost.startInternal(StandardHost.java:841)
		at org.apache.catalina.util.LifecycleBase.start(LifecycleBase.java:183)
		at org.apache.catalina.core.ContainerBase$StartChild.call(ContainerBase.java:1384)
		at org.apache.catalina.core.ContainerBase$StartChild.call(ContainerBase.java:1374)
		at java.util.concurrent.FutureTask.run(FutureTask.java:266)
		at org.apache.tomcat.util.threads.InlineExecutorService.execute(InlineExecutorService.java:75)
		at java.util.concurrent.AbstractExecutorService.submit(AbstractExecutorService.java:134)
		at org.apache.catalina.core.ContainerBase.startInternal(ContainerBase.java:909)
		at org.apache.catalina.core.StandardEngine.startInternal(StandardEngine.java:262)
		at org.apache.catalina.util.LifecycleBase.start(LifecycleBase.java:183)
		at org.apache.catalina.core.StandardService.startInternal(StandardService.java:421)
		at org.apache.catalina.util.LifecycleBase.start(LifecycleBase.java:183)
		at org.apache.catalina.core.StandardServer.startInternal(StandardServer.java:932)
		at org.apache.catalina.util.LifecycleBase.start(LifecycleBase.java:183)
		at org.apache.catalina.startup.Catalina.start(Catalina.java:633)
		at sun.reflect.NativeMethodAccessorImpl.invoke0(Native Method)
		at sun.reflect.NativeMethodAccessorImpl.invoke(NativeMethodAccessorImpl.java:62)
		at sun.reflect.DelegatingMethodAccessorImpl.invoke(DelegatingMethodAccessorImpl.java:43)
		at java.lang.reflect.Method.invoke(Method.java:498)
		at org.apache.catalina.startup.Bootstrap.start(Bootstrap.java:344)
		at org.apache.catalina.startup.Bootstrap.main(Bootstrap.java:475)
	Caused by: org.apache.catalina.LifecycleException: Echec de démarrage du composant [org.apache.catalina.webresources.StandardRoot@34a3d150]
		at org.apache.catalina.util.LifecycleBase.handleSubClassException(LifecycleBase.java:440)
		at org.apache.catalina.util.LifecycleBase.start(LifecycleBase.java:198)
		at org.apache.catalina.core.StandardContext.resourcesStart(StandardContext.java:4800)
		at org.apache.catalina.core.StandardContext.startInternal(StandardContext.java:4935)
		at org.apache.catalina.util.LifecycleBase.start(LifecycleBase.java:183)
		at org.apache.catalina.core.ContainerBase.addChildInternal(ContainerBase.java:717)
		... 37 more
	Caused by: java.lang.IllegalArgumentException: L'ensemble de ressources principal [/Users/Airi/Documents/SOEN387-Projects-and-Labs/Labs/WebApplicationDemo/build/web] est invalide
		at org.apache.catalina.webresources.StandardRoot.createMainResourceSet(StandardRoot.java:752)
		at org.apache.catalina.webresources.StandardRoot.startInternal(StandardRoot.java:709)
		at org.apache.catalina.util.LifecycleBase.start(LifecycleBase.java:183)
		... 41 more
10-Oct-2019 12:22:16.490 INFOS [main] org.apache.catalina.startup.HostConfig.deployDescriptor Le traitement du descripteur de déploiement [/Users/Airi/Documents/SOEN387-Projects-and-Labs/Assignment 1/apache-tomcat-9.0.26/conf/Catalina/localhost/WebApplicationDemo.xml] a pris [12] ms
10-Oct-2019 12:22:16.491 INFOS [main] org.apache.catalina.startup.HostConfig.deployDirectory Déploiement du répertoire d'application web [/Users/Airi/Documents/SOEN387-Projects-and-Labs/Assignment 1/apache-tomcat-9.0.26/webapps/docs]
10-Oct-2019 12:22:16.872 INFOS [main] org.apache.jasper.servlet.TldScanner.scanJars Au moins un fichier JAR a été analysé pour trouver des TLDs mais il n'en contenait pas, le mode "debug" du journal peut être activé pour obtenir une liste complète de JAR scannés sans succès; éviter d'analyser des JARs inutilement peut améliorer sensiblement le temps de démarrage et le temps de compilation des JSPs
10-Oct-2019 12:22:16.877 INFOS [main] org.apache.catalina.startup.HostConfig.deployDirectory Le déploiement du répertoire [/Users/Airi/Documents/SOEN387-Projects-and-Labs/Assignment 1/apache-tomcat-9.0.26/webapps/docs] de l'application web s'est terminé en [386] ms
10-Oct-2019 12:22:16.877 INFOS [main] org.apache.catalina.startup.HostConfig.deployDirectory Déploiement du répertoire d'application web [/Users/Airi/Documents/SOEN387-Projects-and-Labs/Assignment 1/apache-tomcat-9.0.26/webapps/manager]
10-Oct-2019 12:22:17.284 INFOS [main] org.apache.jasper.servlet.TldScanner.scanJars Au moins un fichier JAR a été analysé pour trouver des TLDs mais il n'en contenait pas, le mode "debug" du journal peut être activé pour obtenir une liste complète de JAR scannés sans succès; éviter d'analyser des JARs inutilement peut améliorer sensiblement le temps de démarrage et le temps de compilation des JSPs
10-Oct-2019 12:22:17.299 INFOS [main] org.apache.catalina.startup.HostConfig.deployDirectory Le déploiement du répertoire [/Users/Airi/Documents/SOEN387-Projects-and-Labs/Assignment 1/apache-tomcat-9.0.26/webapps/manager] de l'application web s'est terminé en [422] ms
10-Oct-2019 12:22:17.300 INFOS [main] org.apache.catalina.startup.HostConfig.deployDirectory Déploiement du répertoire d'application web [/Users/Airi/Documents/SOEN387-Projects-and-Labs/Assignment 1/apache-tomcat-9.0.26/webapps/examples]
10-Oct-2019 12:22:18.671 INFOS [main] org.apache.jasper.servlet.TldScanner.scanJars Au moins un fichier JAR a été analysé pour trouver des TLDs mais il n'en contenait pas, le mode "debug" du journal peut être activé pour obtenir une liste complète de JAR scannés sans succès; éviter d'analyser des JARs inutilement peut améliorer sensiblement le temps de démarrage et le temps de compilation des JSPs
10-Oct-2019 12:22:18.796 INFOS [main] org.apache.catalina.startup.HostConfig.deployDirectory Le déploiement du répertoire [/Users/Airi/Documents/SOEN387-Projects-and-Labs/Assignment 1/apache-tomcat-9.0.26/webapps/examples] de l'application web s'est terminé en [1 497] ms
10-Oct-2019 12:22:18.797 INFOS [main] org.apache.catalina.startup.HostConfig.deployDirectory Déploiement du répertoire d'application web [/Users/Airi/Documents/SOEN387-Projects-and-Labs/Assignment 1/apache-tomcat-9.0.26/webapps/ROOT]
10-Oct-2019 12:22:19.057 INFOS [main] org.apache.jasper.servlet.TldScanner.scanJars Au moins un fichier JAR a été analysé pour trouver des TLDs mais il n'en contenait pas, le mode "debug" du journal peut être activé pour obtenir une liste complète de JAR scannés sans succès; éviter d'analyser des JARs inutilement peut améliorer sensiblement le temps de démarrage et le temps de compilation des JSPs
10-Oct-2019 12:22:19.071 INFOS [main] org.apache.catalina.startup.HostConfig.deployDirectory Le déploiement du répertoire [/Users/Airi/Documents/SOEN387-Projects-and-Labs/Assignment 1/apache-tomcat-9.0.26/webapps/ROOT] de l'application web s'est terminé en [274] ms
10-Oct-2019 12:22:19.072 INFOS [main] org.apache.catalina.startup.HostConfig.deployDirectory Déploiement du répertoire d'application web [/Users/Airi/Documents/SOEN387-Projects-and-Labs/Assignment 1/apache-tomcat-9.0.26/webapps/host-manager]
10-Oct-2019 12:22:19.360 INFOS [main] org.apache.jasper.servlet.TldScanner.scanJars Au moins un fichier JAR a été analysé pour trouver des TLDs mais il n'en contenait pas, le mode "debug" du journal peut être activé pour obtenir une liste complète de JAR scannés sans succès; éviter d'analyser des JARs inutilement peut améliorer sensiblement le temps de démarrage et le temps de compilation des JSPs
10-Oct-2019 12:22:19.368 INFOS [main] org.apache.catalina.startup.HostConfig.deployDirectory Le déploiement du répertoire [/Users/Airi/Documents/SOEN387-Projects-and-Labs/Assignment 1/apache-tomcat-9.0.26/webapps/host-manager] de l'application web s'est terminé en [296] ms
10-Oct-2019 12:22:19.378 INFOS [main] org.apache.coyote.AbstractProtocol.start Démarrage du gestionnaire de protocole ["http-nio-8080"]
10-Oct-2019 12:22:19.437 INFOS [main] org.apache.coyote.AbstractProtocol.start Démarrage du gestionnaire de protocole ["ajp-nio-8009"]
10-Oct-2019 12:22:19.447 INFOS [main] org.apache.catalina.startup.Catalina.start Le démarrage du serveur a pris [4 901] millisecondes
10-Oct-2019 12:23:19.197 INFOS [main] org.apache.catalina.core.StandardServer.await Une commande d'arrêt valide a été reçue sur le port d'arrêt, arrêt de l'instance du serveur
10-Oct-2019 12:23:19.197 INFOS [main] org.apache.coyote.AbstractProtocol.pause Le gestionnaire de protocole ["http-nio-8080"] est mis en pause
10-Oct-2019 12:23:19.207 INFOS [main] org.apache.coyote.AbstractProtocol.pause Le gestionnaire de protocole ["ajp-nio-8009"] est mis en pause
10-Oct-2019 12:23:19.215 INFOS [main] org.apache.catalina.core.StandardService.stopInternal Arrêt du service [Catalina]
10-Oct-2019 12:23:19.248 INFOS [main] org.apache.coyote.AbstractProtocol.stop Arrêt du gestionnaire de protocole ["http-nio-8080"]
10-Oct-2019 12:23:19.251 INFOS [main] org.apache.coyote.AbstractProtocol.stop Arrêt du gestionnaire de protocole ["ajp-nio-8009"]
10-Oct-2019 12:23:19.253 INFOS [main] org.apache.coyote.AbstractProtocol.destroy Destruction du gestionnaire de protocole ["http-nio-8080"]
10-Oct-2019 12:23:19.255 INFOS [main] org.apache.coyote.AbstractProtocol.destroy Destruction du gestionnaire de protocole ["ajp-nio-8009"]
10-Oct-2019 13:00:47.066 INFOS [main] org.apache.catalina.startup.VersionLoggerListener.log Version du serveur:        Apache Tomcat/9.0.26
10-Oct-2019 13:00:47.073 INFOS [main] org.apache.catalina.startup.VersionLoggerListener.log Serveur compilé:       Sep 16 2019 15:51:39 UTC
10-Oct-2019 13:00:47.073 INFOS [main] org.apache.catalina.startup.VersionLoggerListener.log Version du serveur:      9.0.26.0
10-Oct-2019 13:00:47.073 INFOS [main] org.apache.catalina.startup.VersionLoggerListener.log Nom de l'OS:           Mac OS X
10-Oct-2019 13:00:47.074 INFOS [main] org.apache.catalina.startup.VersionLoggerListener.log Version de l'OS:        10.15
10-Oct-2019 13:00:47.074 INFOS [main] org.apache.catalina.startup.VersionLoggerListener.log Architecture:          x86_64
10-Oct-2019 13:00:47.074 INFOS [main] org.apache.catalina.startup.VersionLoggerListener.log Répertoire de Java:     /Library/Java/JavaVirtualMachines/jdk1.8.0_141.jdk/Contents/Home/jre
10-Oct-2019 13:00:47.074 INFOS [main] org.apache.catalina.startup.VersionLoggerListener.log Version de la JVM:           1.8.0_141-b15
10-Oct-2019 13:00:47.074 INFOS [main] org.apache.catalina.startup.VersionLoggerListener.log Fournisseur de la JVM:            Oracle Corporation
10-Oct-2019 13:00:47.074 INFOS [main] org.apache.catalina.startup.VersionLoggerListener.log CATALINA_BASE:         /Users/Airi/Documents/SOEN387-Projects-and-Labs/Assignment 1/apache-tomcat-9.0.26
10-Oct-2019 13:00:47.075 INFOS [main] org.apache.catalina.startup.VersionLoggerListener.log CATALINA_HOME:         /Users/Airi/Documents/SOEN387-Projects-and-Labs/Assignment 1/apache-tomcat-9.0.26
10-Oct-2019 13:00:47.082 INFOS [main] org.apache.catalina.startup.VersionLoggerListener.log Argument de la ligne de commande: -Djava.util.logging.config.file=/Users/Airi/Documents/SOEN387-Projects-and-Labs/Assignment 1/apache-tomcat-9.0.26/conf/logging.properties
10-Oct-2019 13:00:47.082 INFOS [main] org.apache.catalina.startup.VersionLoggerListener.log Argument de la ligne de commande: -Djava.util.logging.manager=org.apache.juli.ClassLoaderLogManager
10-Oct-2019 13:00:47.082 INFOS [main] org.apache.catalina.startup.VersionLoggerListener.log Argument de la ligne de commande: -Dhttp.nonProxyHosts=localhost|127.0.0.1|Airis-MacBook-Pro.local
10-Oct-2019 13:00:47.082 INFOS [main] org.apache.catalina.startup.VersionLoggerListener.log Argument de la ligne de commande: -Djdk.tls.ephemeralDHKeySize=2048
10-Oct-2019 13:00:47.082 INFOS [main] org.apache.catalina.startup.VersionLoggerListener.log Argument de la ligne de commande: -Djava.protocol.handler.pkgs=org.apache.catalina.webresources
10-Oct-2019 13:00:47.083 INFOS [main] org.apache.catalina.startup.VersionLoggerListener.log Argument de la ligne de commande: -Dorg.apache.catalina.security.SecurityListener.UMASK=0027
10-Oct-2019 13:00:47.083 INFOS [main] org.apache.catalina.startup.VersionLoggerListener.log Argument de la ligne de commande: -Dignore.endorsed.dirs=
10-Oct-2019 13:00:47.083 INFOS [main] org.apache.catalina.startup.VersionLoggerListener.log Argument de la ligne de commande: -Dcatalina.base=/Users/Airi/Documents/SOEN387-Projects-and-Labs/Assignment 1/apache-tomcat-9.0.26
10-Oct-2019 13:00:47.083 INFOS [main] org.apache.catalina.startup.VersionLoggerListener.log Argument de la ligne de commande: -Dcatalina.home=/Users/Airi/Documents/SOEN387-Projects-and-Labs/Assignment 1/apache-tomcat-9.0.26
10-Oct-2019 13:00:47.084 INFOS [main] org.apache.catalina.startup.VersionLoggerListener.log Argument de la ligne de commande: -Djava.io.tmpdir=/Users/Airi/Documents/SOEN387-Projects-and-Labs/Assignment 1/apache-tomcat-9.0.26/temp
10-Oct-2019 13:00:47.084 INFOS [main] org.apache.catalina.core.AprLifecycleListener.lifecycleEvent La librairie Apache Tomcat Native basée sur APR qui permet des performances optimales dans les environnements de production n'a pas été trouvée sur le java.library.path: [/Users/Airi/Library/Java/Extensions:/Library/Java/Extensions:/Network/Library/Java/Extensions:/System/Library/Java/Extensions:/usr/lib/java:.]
10-Oct-2019 13:00:48.799 INFOS [main] org.apache.coyote.AbstractProtocol.init Initialisation du gestionnaire de protocole ["http-nio-8080"]
10-Oct-2019 13:00:48.913 INFOS [main] org.apache.coyote.AbstractProtocol.init Initialisation du gestionnaire de protocole ["ajp-nio-8009"]
10-Oct-2019 13:00:48.919 INFOS [main] org.apache.catalina.startup.Catalina.load L'initialisation du serveur a pris [2 741] millisecondes
10-Oct-2019 13:00:49.016 INFOS [main] org.apache.catalina.core.StandardService.startInternal Démarrage du service [Catalina]
10-Oct-2019 13:00:49.016 INFOS [main] org.apache.catalina.core.StandardEngine.startInternal Démarrage du moteur de Servlets: [Apache Tomcat/9.0.26]
10-Oct-2019 13:00:49.081 INFOS [main] org.apache.catalina.startup.HostConfig.deployDescriptor Déploiement du descripteur de configuration [/Users/Airi/Documents/SOEN387-Projects-and-Labs/Assignment 1/apache-tomcat-9.0.26/conf/Catalina/localhost/A1-Airi.xml]
10-Oct-2019 13:00:49.143 AVERTISSEMENT [main] org.apache.catalina.startup.HostConfig.deployDescriptor L'attribut path avec la valeur [/A1-Airi] dans le descripteur de déploiement [/Users/Airi/Documents/SOEN387-Projects-and-Labs/Assignment 1/apache-tomcat-9.0.26/conf/Catalina/localhost/A1-Airi.xml] a été ignoré
10-Oct-2019 13:00:50.264 INFOS [main] org.apache.jasper.servlet.TldScanner.scanJars Au moins un fichier JAR a été analysé pour trouver des TLDs mais il n'en contenait pas, le mode "debug" du journal peut être activé pour obtenir une liste complète de JAR scannés sans succès; éviter d'analyser des JARs inutilement peut améliorer sensiblement le temps de démarrage et le temps de compilation des JSPs
10-Oct-2019 13:00:50.458 INFOS [main] org.apache.catalina.startup.HostConfig.deployDescriptor Le traitement du descripteur de déploiement [/Users/Airi/Documents/SOEN387-Projects-and-Labs/Assignment 1/apache-tomcat-9.0.26/conf/Catalina/localhost/A1-Airi.xml] a pris [1 377] ms
10-Oct-2019 13:00:50.467 INFOS [main] org.apache.catalina.startup.HostConfig.deployDescriptor Déploiement du descripteur de configuration [/Users/Airi/Documents/SOEN387-Projects-and-Labs/Assignment 1/apache-tomcat-9.0.26/conf/Catalina/localhost/Assignment 1.xml]
10-Oct-2019 13:00:50.472 AVERTISSEMENT [main] org.apache.catalina.startup.HostConfig.deployDescriptor L'attribut path avec la valeur [/Assignment 1] dans le descripteur de déploiement [/Users/Airi/Documents/SOEN387-Projects-and-Labs/Assignment 1/apache-tomcat-9.0.26/conf/Catalina/localhost/Assignment 1.xml] a été ignoré
10-Oct-2019 13:00:50.487 GRAVE [main] org.apache.catalina.startup.HostConfig.deployDescriptor Erreur lors du déploiement du descripteur de configuration [/Users/Airi/Documents/SOEN387-Projects-and-Labs/Assignment 1/apache-tomcat-9.0.26/conf/Catalina/localhost/Assignment 1.xml]
	java.lang.IllegalStateException: Erreur lors du démarrage du conteneur fils
		at org.apache.catalina.core.ContainerBase.addChildInternal(ContainerBase.java:720)
		at org.apache.catalina.core.ContainerBase.addChild(ContainerBase.java:690)
		at org.apache.catalina.core.StandardHost.addChild(StandardHost.java:705)
		at org.apache.catalina.startup.HostConfig.deployDescriptor(HostConfig.java:631)
		at org.apache.catalina.startup.HostConfig$DeployDescriptor.run(HostConfig.java:1831)
		at java.util.concurrent.Executors$RunnableAdapter.call(Executors.java:511)
		at java.util.concurrent.FutureTask.run(FutureTask.java:266)
		at org.apache.tomcat.util.threads.InlineExecutorService.execute(InlineExecutorService.java:75)
		at java.util.concurrent.AbstractExecutorService.submit(AbstractExecutorService.java:112)
		at org.apache.catalina.startup.HostConfig.deployDescriptors(HostConfig.java:526)
		at org.apache.catalina.startup.HostConfig.deployApps(HostConfig.java:425)
		at org.apache.catalina.startup.HostConfig.start(HostConfig.java:1576)
		at org.apache.catalina.startup.HostConfig.lifecycleEvent(HostConfig.java:309)
		at org.apache.catalina.util.LifecycleBase.fireLifecycleEvent(LifecycleBase.java:123)
		at org.apache.catalina.util.LifecycleBase.setStateInternal(LifecycleBase.java:423)
		at org.apache.catalina.util.LifecycleBase.setState(LifecycleBase.java:366)
		at org.apache.catalina.core.ContainerBase.startInternal(ContainerBase.java:936)
		at org.apache.catalina.core.StandardHost.startInternal(StandardHost.java:841)
		at org.apache.catalina.util.LifecycleBase.start(LifecycleBase.java:183)
		at org.apache.catalina.core.ContainerBase$StartChild.call(ContainerBase.java:1384)
		at org.apache.catalina.core.ContainerBase$StartChild.call(ContainerBase.java:1374)
		at java.util.concurrent.FutureTask.run(FutureTask.java:266)
		at org.apache.tomcat.util.threads.InlineExecutorService.execute(InlineExecutorService.java:75)
		at java.util.concurrent.AbstractExecutorService.submit(AbstractExecutorService.java:134)
		at org.apache.catalina.core.ContainerBase.startInternal(ContainerBase.java:909)
		at org.apache.catalina.core.StandardEngine.startInternal(StandardEngine.java:262)
		at org.apache.catalina.util.LifecycleBase.start(LifecycleBase.java:183)
		at org.apache.catalina.core.StandardService.startInternal(StandardService.java:421)
		at org.apache.catalina.util.LifecycleBase.start(LifecycleBase.java:183)
		at org.apache.catalina.core.StandardServer.startInternal(StandardServer.java:932)
		at org.apache.catalina.util.LifecycleBase.start(LifecycleBase.java:183)
		at org.apache.catalina.startup.Catalina.start(Catalina.java:633)
		at sun.reflect.NativeMethodAccessorImpl.invoke0(Native Method)
		at sun.reflect.NativeMethodAccessorImpl.invoke(NativeMethodAccessorImpl.java:62)
		at sun.reflect.DelegatingMethodAccessorImpl.invoke(DelegatingMethodAccessorImpl.java:43)
		at java.lang.reflect.Method.invoke(Method.java:498)
		at org.apache.catalina.startup.Bootstrap.start(Bootstrap.java:344)
		at org.apache.catalina.startup.Bootstrap.main(Bootstrap.java:475)
	Caused by: org.apache.catalina.LifecycleException: Echec de démarrage du composant [org.apache.catalina.webresources.StandardRoot@2a65fe7c]
		at org.apache.catalina.util.LifecycleBase.handleSubClassException(LifecycleBase.java:440)
		at org.apache.catalina.util.LifecycleBase.start(LifecycleBase.java:198)
		at org.apache.catalina.core.StandardContext.resourcesStart(StandardContext.java:4800)
		at org.apache.catalina.core.StandardContext.startInternal(StandardContext.java:4935)
		at org.apache.catalina.util.LifecycleBase.start(LifecycleBase.java:183)
		at org.apache.catalina.core.ContainerBase.addChildInternal(ContainerBase.java:717)
		... 37 more
	Caused by: java.lang.IllegalArgumentException: L'ensemble de ressources principal [/Users/jasminelatendresse/SOEN387-Projects-and-Labs/Assignment 1/build/web] est invalide
		at org.apache.catalina.webresources.StandardRoot.createMainResourceSet(StandardRoot.java:752)
		at org.apache.catalina.webresources.StandardRoot.startInternal(StandardRoot.java:709)
		at org.apache.catalina.util.LifecycleBase.start(LifecycleBase.java:183)
		... 41 more
10-Oct-2019 13:00:50.491 INFOS [main] org.apache.catalina.startup.HostConfig.deployDescriptor Le traitement du descripteur de déploiement [/Users/Airi/Documents/SOEN387-Projects-and-Labs/Assignment 1/apache-tomcat-9.0.26/conf/Catalina/localhost/Assignment 1.xml] a pris [23] ms
10-Oct-2019 13:00:50.491 INFOS [main] org.apache.catalina.startup.HostConfig.deployDescriptor Déploiement du descripteur de configuration [/Users/Airi/Documents/SOEN387-Projects-and-Labs/Assignment 1/apache-tomcat-9.0.26/conf/Catalina/localhost/WebApplicationDemo.xml]
10-Oct-2019 13:00:50.492 AVERTISSEMENT [main] org.apache.catalina.startup.HostConfig.deployDescriptor L'attribut path avec la valeur [/WebApplicationDemo] dans le descripteur de déploiement [/Users/Airi/Documents/SOEN387-Projects-and-Labs/Assignment 1/apache-tomcat-9.0.26/conf/Catalina/localhost/WebApplicationDemo.xml] a été ignoré
10-Oct-2019 13:00:50.501 GRAVE [main] org.apache.catalina.startup.HostConfig.deployDescriptor Erreur lors du déploiement du descripteur de configuration [/Users/Airi/Documents/SOEN387-Projects-and-Labs/Assignment 1/apache-tomcat-9.0.26/conf/Catalina/localhost/WebApplicationDemo.xml]
	java.lang.IllegalStateException: Erreur lors du démarrage du conteneur fils
		at org.apache.catalina.core.ContainerBase.addChildInternal(ContainerBase.java:720)
		at org.apache.catalina.core.ContainerBase.addChild(ContainerBase.java:690)
		at org.apache.catalina.core.StandardHost.addChild(StandardHost.java:705)
		at org.apache.catalina.startup.HostConfig.deployDescriptor(HostConfig.java:631)
		at org.apache.catalina.startup.HostConfig$DeployDescriptor.run(HostConfig.java:1831)
		at java.util.concurrent.Executors$RunnableAdapter.call(Executors.java:511)
		at java.util.concurrent.FutureTask.run(FutureTask.java:266)
		at org.apache.tomcat.util.threads.InlineExecutorService.execute(InlineExecutorService.java:75)
		at java.util.concurrent.AbstractExecutorService.submit(AbstractExecutorService.java:112)
		at org.apache.catalina.startup.HostConfig.deployDescriptors(HostConfig.java:526)
		at org.apache.catalina.startup.HostConfig.deployApps(HostConfig.java:425)
		at org.apache.catalina.startup.HostConfig.start(HostConfig.java:1576)
		at org.apache.catalina.startup.HostConfig.lifecycleEvent(HostConfig.java:309)
		at org.apache.catalina.util.LifecycleBase.fireLifecycleEvent(LifecycleBase.java:123)
		at org.apache.catalina.util.LifecycleBase.setStateInternal(LifecycleBase.java:423)
		at org.apache.catalina.util.LifecycleBase.setState(LifecycleBase.java:366)
		at org.apache.catalina.core.ContainerBase.startInternal(ContainerBase.java:936)
		at org.apache.catalina.core.StandardHost.startInternal(StandardHost.java:841)
		at org.apache.catalina.util.LifecycleBase.start(LifecycleBase.java:183)
		at org.apache.catalina.core.ContainerBase$StartChild.call(ContainerBase.java:1384)
		at org.apache.catalina.core.ContainerBase$StartChild.call(ContainerBase.java:1374)
		at java.util.concurrent.FutureTask.run(FutureTask.java:266)
		at org.apache.tomcat.util.threads.InlineExecutorService.execute(InlineExecutorService.java:75)
		at java.util.concurrent.AbstractExecutorService.submit(AbstractExecutorService.java:134)
		at org.apache.catalina.core.ContainerBase.startInternal(ContainerBase.java:909)
		at org.apache.catalina.core.StandardEngine.startInternal(StandardEngine.java:262)
		at org.apache.catalina.util.LifecycleBase.start(LifecycleBase.java:183)
		at org.apache.catalina.core.StandardService.startInternal(StandardService.java:421)
		at org.apache.catalina.util.LifecycleBase.start(LifecycleBase.java:183)
		at org.apache.catalina.core.StandardServer.startInternal(StandardServer.java:932)
		at org.apache.catalina.util.LifecycleBase.start(LifecycleBase.java:183)
		at org.apache.catalina.startup.Catalina.start(Catalina.java:633)
		at sun.reflect.NativeMethodAccessorImpl.invoke0(Native Method)
		at sun.reflect.NativeMethodAccessorImpl.invoke(NativeMethodAccessorImpl.java:62)
		at sun.reflect.DelegatingMethodAccessorImpl.invoke(DelegatingMethodAccessorImpl.java:43)
		at java.lang.reflect.Method.invoke(Method.java:498)
		at org.apache.catalina.startup.Bootstrap.start(Bootstrap.java:344)
		at org.apache.catalina.startup.Bootstrap.main(Bootstrap.java:475)
	Caused by: org.apache.catalina.LifecycleException: Echec de démarrage du composant [org.apache.catalina.webresources.StandardRoot@6302bbb1]
		at org.apache.catalina.util.LifecycleBase.handleSubClassException(LifecycleBase.java:440)
		at org.apache.catalina.util.LifecycleBase.start(LifecycleBase.java:198)
		at org.apache.catalina.core.StandardContext.resourcesStart(StandardContext.java:4800)
		at org.apache.catalina.core.StandardContext.startInternal(StandardContext.java:4935)
		at org.apache.catalina.util.LifecycleBase.start(LifecycleBase.java:183)
		at org.apache.catalina.core.ContainerBase.addChildInternal(ContainerBase.java:717)
		... 37 more
	Caused by: java.lang.IllegalArgumentException: L'ensemble de ressources principal [/Users/Airi/Documents/SOEN387-Projects-and-Labs/Labs/WebApplicationDemo/build/web] est invalide
		at org.apache.catalina.webresources.StandardRoot.createMainResourceSet(StandardRoot.java:752)
		at org.apache.catalina.webresources.StandardRoot.startInternal(StandardRoot.java:709)
		at org.apache.catalina.util.LifecycleBase.start(LifecycleBase.java:183)
		... 41 more
10-Oct-2019 13:00:50.503 INFOS [main] org.apache.catalina.startup.HostConfig.deployDescriptor Le traitement du descripteur de déploiement [/Users/Airi/Documents/SOEN387-Projects-and-Labs/Assignment 1/apache-tomcat-9.0.26/conf/Catalina/localhost/WebApplicationDemo.xml] a pris [12] ms
10-Oct-2019 13:00:50.506 INFOS [main] org.apache.catalina.startup.HostConfig.deployDirectory Déploiement du répertoire d'application web [/Users/Airi/Documents/SOEN387-Projects-and-Labs/Assignment 1/apache-tomcat-9.0.26/webapps/docs]
10-Oct-2019 13:00:50.909 INFOS [main] org.apache.jasper.servlet.TldScanner.scanJars Au moins un fichier JAR a été analysé pour trouver des TLDs mais il n'en contenait pas, le mode "debug" du journal peut être activé pour obtenir une liste complète de JAR scannés sans succès; éviter d'analyser des JARs inutilement peut améliorer sensiblement le temps de démarrage et le temps de compilation des JSPs
10-Oct-2019 13:00:50.912 INFOS [main] org.apache.catalina.startup.HostConfig.deployDirectory Le déploiement du répertoire [/Users/Airi/Documents/SOEN387-Projects-and-Labs/Assignment 1/apache-tomcat-9.0.26/webapps/docs] de l'application web s'est terminé en [405] ms
10-Oct-2019 13:00:50.912 INFOS [main] org.apache.catalina.startup.HostConfig.deployDirectory Déploiement du répertoire d'application web [/Users/Airi/Documents/SOEN387-Projects-and-Labs/Assignment 1/apache-tomcat-9.0.26/webapps/manager]
10-Oct-2019 13:00:51.118 INFOS [main] org.apache.jasper.servlet.TldScanner.scanJars Au moins un fichier JAR a été analysé pour trouver des TLDs mais il n'en contenait pas, le mode "debug" du journal peut être activé pour obtenir une liste complète de JAR scannés sans succès; éviter d'analyser des JARs inutilement peut améliorer sensiblement le temps de démarrage et le temps de compilation des JSPs
10-Oct-2019 13:00:51.140 INFOS [main] org.apache.catalina.startup.HostConfig.deployDirectory Le déploiement du répertoire [/Users/Airi/Documents/SOEN387-Projects-and-Labs/Assignment 1/apache-tomcat-9.0.26/webapps/manager] de l'application web s'est terminé en [228] ms
10-Oct-2019 13:00:51.140 INFOS [main] org.apache.catalina.startup.HostConfig.deployDirectory Déploiement du répertoire d'application web [/Users/Airi/Documents/SOEN387-Projects-and-Labs/Assignment 1/apache-tomcat-9.0.26/webapps/examples]
10-Oct-2019 13:00:52.053 INFOS [main] org.apache.jasper.servlet.TldScanner.scanJars Au moins un fichier JAR a été analysé pour trouver des TLDs mais il n'en contenait pas, le mode "debug" du journal peut être activé pour obtenir une liste complète de JAR scannés sans succès; éviter d'analyser des JARs inutilement peut améliorer sensiblement le temps de démarrage et le temps de compilation des JSPs
10-Oct-2019 13:00:52.112 INFOS [main] org.apache.catalina.startup.HostConfig.deployDirectory Le déploiement du répertoire [/Users/Airi/Documents/SOEN387-Projects-and-Labs/Assignment 1/apache-tomcat-9.0.26/webapps/examples] de l'application web s'est terminé en [972] ms
10-Oct-2019 13:00:52.113 INFOS [main] org.apache.catalina.startup.HostConfig.deployDirectory Déploiement du répertoire d'application web [/Users/Airi/Documents/SOEN387-Projects-and-Labs/Assignment 1/apache-tomcat-9.0.26/webapps/ROOT]
10-Oct-2019 13:00:52.349 INFOS [main] org.apache.jasper.servlet.TldScanner.scanJars Au moins un fichier JAR a été analysé pour trouver des TLDs mais il n'en contenait pas, le mode "debug" du journal peut être activé pour obtenir une liste complète de JAR scannés sans succès; éviter d'analyser des JARs inutilement peut améliorer sensiblement le temps de démarrage et le temps de compilation des JSPs
10-Oct-2019 13:00:52.357 INFOS [main] org.apache.catalina.startup.HostConfig.deployDirectory Le déploiement du répertoire [/Users/Airi/Documents/SOEN387-Projects-and-Labs/Assignment 1/apache-tomcat-9.0.26/webapps/ROOT] de l'application web s'est terminé en [244] ms
10-Oct-2019 13:00:52.357 INFOS [main] org.apache.catalina.startup.HostConfig.deployDirectory Déploiement du répertoire d'application web [/Users/Airi/Documents/SOEN387-Projects-and-Labs/Assignment 1/apache-tomcat-9.0.26/webapps/host-manager]
10-Oct-2019 13:00:52.592 INFOS [main] org.apache.jasper.servlet.TldScanner.scanJars Au moins un fichier JAR a été analysé pour trouver des TLDs mais il n'en contenait pas, le mode "debug" du journal peut être activé pour obtenir une liste complète de JAR scannés sans succès; éviter d'analyser des JARs inutilement peut améliorer sensiblement le temps de démarrage et le temps de compilation des JSPs
10-Oct-2019 13:00:52.609 INFOS [main] org.apache.catalina.startup.HostConfig.deployDirectory Le déploiement du répertoire [/Users/Airi/Documents/SOEN387-Projects-and-Labs/Assignment 1/apache-tomcat-9.0.26/webapps/host-manager] de l'application web s'est terminé en [251] ms
10-Oct-2019 13:00:52.633 INFOS [main] org.apache.coyote.AbstractProtocol.start Démarrage du gestionnaire de protocole ["http-nio-8080"]
10-Oct-2019 13:00:52.673 INFOS [main] org.apache.coyote.AbstractProtocol.start Démarrage du gestionnaire de protocole ["ajp-nio-8009"]
10-Oct-2019 13:00:52.678 INFOS [main] org.apache.catalina.startup.Catalina.start Le démarrage du serveur a pris [3 758] millisecondes
10-Oct-2019 13:01:22.647 AVERTISSEMENT [Catalina-utility-2] org.apache.catalina.users.MemoryUserDatabase.backgroundProcess Echec de fermeture [conf/tomcat-users.xml]
	java.io.FileNotFoundException: /Users/Airi/Documents/SOEN387-Projects-and-Labs/Assignment 1/apache-tomcat-9.0.26/conf/tomcat-users.xml (Too many open files in system)
		at java.io.FileInputStream.open0(Native Method)
		at java.io.FileInputStream.open(FileInputStream.java:195)
		at java.io.FileInputStream.<init>(FileInputStream.java:138)
		at java.io.FileInputStream.<init>(FileInputStream.java:93)
		at sun.net.www.protocol.file.FileURLConnection.connect(FileURLConnection.java:90)
		at sun.net.www.protocol.file.FileURLConnection.getInputStream(FileURLConnection.java:188)
		at org.apache.catalina.users.MemoryUserDatabase.backgroundProcess(MemoryUserDatabase.java:685)
		at org.apache.catalina.realm.UserDatabaseRealm.backgroundProcess(UserDatabaseRealm.java:143)
		at org.apache.catalina.realm.CombinedRealm.backgroundProcess(CombinedRealm.java:299)
		at org.apache.catalina.core.ContainerBase.backgroundProcess(ContainerBase.java:1137)
		at org.apache.catalina.core.ContainerBase$ContainerBackgroundProcessor.processChildren(ContainerBase.java:1353)
		at org.apache.catalina.core.ContainerBase$ContainerBackgroundProcessor.run(ContainerBase.java:1335)
		at java.util.concurrent.Executors$RunnableAdapter.call(Executors.java:511)
		at java.util.concurrent.FutureTask.runAndReset(FutureTask.java:308)
		at java.util.concurrent.ScheduledThreadPoolExecutor$ScheduledFutureTask.access$301(ScheduledThreadPoolExecutor.java:180)
		at java.util.concurrent.ScheduledThreadPoolExecutor$ScheduledFutureTask.run(ScheduledThreadPoolExecutor.java:294)
		at java.util.concurrent.ThreadPoolExecutor.runWorker(ThreadPoolExecutor.java:1149)
		at java.util.concurrent.ThreadPoolExecutor$Worker.run(ThreadPoolExecutor.java:624)
		at org.apache.tomcat.util.threads.TaskThread$WrappingRunnable.run(TaskThread.java:61)
		at java.lang.Thread.run(Thread.java:748)
10-Oct-2019 13:09:33.208 INFOS [Thread-5] org.apache.coyote.AbstractProtocol.pause Le gestionnaire de protocole ["http-nio-8080"] est mis en pause
10-Oct-2019 13:09:33.216 INFOS [Thread-5] org.apache.coyote.AbstractProtocol.pause Le gestionnaire de protocole ["ajp-nio-8009"] est mis en pause
10-Oct-2019 13:09:33.223 INFOS [Thread-5] org.apache.catalina.core.StandardService.stopInternal Arrêt du service [Catalina]
10-Oct-2019 13:09:33.277 INFOS [Thread-5] org.apache.coyote.AbstractProtocol.stop Arrêt du gestionnaire de protocole ["http-nio-8080"]
10-Oct-2019 13:09:33.280 INFOS [Thread-5] org.apache.coyote.AbstractProtocol.stop Arrêt du gestionnaire de protocole ["ajp-nio-8009"]
10-Oct-2019 13:09:33.284 INFOS [Thread-5] org.apache.coyote.AbstractProtocol.destroy Destruction du gestionnaire de protocole ["http-nio-8080"]
10-Oct-2019 13:09:33.285 INFOS [Thread-5] org.apache.coyote.AbstractProtocol.destroy Destruction du gestionnaire de protocole ["ajp-nio-8009"]
