29-Nov-2019 10:25:19.480 INFOS [main] org.apache.catalina.startup.VersionLoggerListener.log Version du serveur:        Apache Tomcat/9.0.26
29-Nov-2019 10:25:19.493 INFOS [main] org.apache.catalina.startup.VersionLoggerListener.log Serveur compilé:       Sep 16 2019 15:51:39 UTC
29-Nov-2019 10:25:19.494 INFOS [main] org.apache.catalina.startup.VersionLoggerListener.log Version du serveur:      9.0.26.0
29-Nov-2019 10:25:19.520 INFOS [main] org.apache.catalina.startup.VersionLoggerListener.log Nom de l'OS:           Mac OS X
29-Nov-2019 10:25:19.520 INFOS [main] org.apache.catalina.startup.VersionLoggerListener.log Version de l'OS:        10.15.1
29-Nov-2019 10:25:19.521 INFOS [main] org.apache.catalina.startup.VersionLoggerListener.log Architecture:          x86_64
29-Nov-2019 10:25:19.521 INFOS [main] org.apache.catalina.startup.VersionLoggerListener.log Répertoire de Java:     /Library/Java/JavaVirtualMachines/jdk1.8.0_141.jdk/Contents/Home/jre
29-Nov-2019 10:25:19.521 INFOS [main] org.apache.catalina.startup.VersionLoggerListener.log Version de la JVM:           1.8.0_141-b15
29-Nov-2019 10:25:19.521 INFOS [main] org.apache.catalina.startup.VersionLoggerListener.log Fournisseur de la JVM:            Oracle Corporation
29-Nov-2019 10:25:19.521 INFOS [main] org.apache.catalina.startup.VersionLoggerListener.log CATALINA_BASE:         /Users/Airi/Documents/SOEN387-Projects-and-Labs/Assignment 2/apache-tomcat-9.0.26
29-Nov-2019 10:25:19.521 INFOS [main] org.apache.catalina.startup.VersionLoggerListener.log CATALINA_HOME:         /Users/Airi/Documents/SOEN387-Projects-and-Labs/Assignment 2/apache-tomcat-9.0.26
29-Nov-2019 10:25:19.525 INFOS [main] org.apache.catalina.startup.VersionLoggerListener.log Argument de la ligne de commande: -Djava.util.logging.config.file=/Users/Airi/Documents/SOEN387-Projects-and-Labs/Assignment 2/apache-tomcat-9.0.26/conf/logging.properties
29-Nov-2019 10:25:19.526 INFOS [main] org.apache.catalina.startup.VersionLoggerListener.log Argument de la ligne de commande: -Djava.util.logging.manager=org.apache.juli.ClassLoaderLogManager
29-Nov-2019 10:25:19.526 INFOS [main] org.apache.catalina.startup.VersionLoggerListener.log Argument de la ligne de commande: -Dhttp.nonProxyHosts=localhost|127.0.0.1|Airis-MBP
29-Nov-2019 10:25:19.526 INFOS [main] org.apache.catalina.startup.VersionLoggerListener.log Argument de la ligne de commande: -Djdk.tls.ephemeralDHKeySize=2048
29-Nov-2019 10:25:19.526 INFOS [main] org.apache.catalina.startup.VersionLoggerListener.log Argument de la ligne de commande: -Djava.protocol.handler.pkgs=org.apache.catalina.webresources
29-Nov-2019 10:25:19.526 INFOS [main] org.apache.catalina.startup.VersionLoggerListener.log Argument de la ligne de commande: -Dorg.apache.catalina.security.SecurityListener.UMASK=0027
29-Nov-2019 10:25:19.526 INFOS [main] org.apache.catalina.startup.VersionLoggerListener.log Argument de la ligne de commande: -Dignore.endorsed.dirs=
29-Nov-2019 10:25:19.526 INFOS [main] org.apache.catalina.startup.VersionLoggerListener.log Argument de la ligne de commande: -Dcatalina.base=/Users/Airi/Documents/SOEN387-Projects-and-Labs/Assignment 2/apache-tomcat-9.0.26
29-Nov-2019 10:25:19.527 INFOS [main] org.apache.catalina.startup.VersionLoggerListener.log Argument de la ligne de commande: -Dcatalina.home=/Users/Airi/Documents/SOEN387-Projects-and-Labs/Assignment 2/apache-tomcat-9.0.26
29-Nov-2019 10:25:19.527 INFOS [main] org.apache.catalina.startup.VersionLoggerListener.log Argument de la ligne de commande: -Djava.io.tmpdir=/Users/Airi/Documents/SOEN387-Projects-and-Labs/Assignment 2/apache-tomcat-9.0.26/temp
29-Nov-2019 10:25:19.527 INFOS [main] org.apache.catalina.core.AprLifecycleListener.lifecycleEvent La librairie Apache Tomcat Native basée sur APR qui permet des performances optimales dans les environnements de production n'a pas été trouvée sur le java.library.path: [/Users/Airi/Library/Java/Extensions:/Library/Java/Extensions:/Network/Library/Java/Extensions:/System/Library/Java/Extensions:/usr/lib/java:.]
29-Nov-2019 10:25:20.904 INFOS [main] org.apache.coyote.AbstractProtocol.init Initialisation du gestionnaire de protocole ["http-nio-8080"]
29-Nov-2019 10:25:21.013 INFOS [main] org.apache.coyote.AbstractProtocol.init Initialisation du gestionnaire de protocole ["ajp-nio-8009"]
29-Nov-2019 10:25:21.088 INFOS [main] org.apache.catalina.startup.Catalina.load L'initialisation du serveur a pris [2 303] millisecondes
29-Nov-2019 10:25:21.240 INFOS [main] org.apache.catalina.core.StandardService.startInternal Démarrage du service [Catalina]
29-Nov-2019 10:25:21.242 INFOS [main] org.apache.catalina.core.StandardEngine.startInternal Démarrage du moteur de Servlets: [Apache Tomcat/9.0.26]
29-Nov-2019 10:25:21.442 INFOS [main] org.apache.catalina.startup.HostConfig.deployDescriptor Déploiement du descripteur de configuration [/Users/Airi/Documents/SOEN387-Projects-and-Labs/Assignment 2/apache-tomcat-9.0.26/conf/Catalina/localhost/A2-UI.xml]
29-Nov-2019 10:25:21.494 AVERTISSEMENT [main] org.apache.catalina.startup.HostConfig.deployDescriptor L'attribut path avec la valeur [/A2-UI] dans le descripteur de déploiement [/Users/Airi/Documents/SOEN387-Projects-and-Labs/Assignment 2/apache-tomcat-9.0.26/conf/Catalina/localhost/A2-UI.xml] a été ignoré
29-Nov-2019 10:25:24.466 INFOS [main] org.apache.jasper.servlet.TldScanner.scanJars Au moins un fichier JAR a été analysé pour trouver des TLDs mais il n'en contenait pas, le mode "debug" du journal peut être activé pour obtenir une liste complète de JAR scannés sans succès; éviter d'analyser des JARs inutilement peut améliorer sensiblement le temps de démarrage et le temps de compilation des JSPs
29-Nov-2019 10:25:24.563 INFOS [main] org.apache.catalina.startup.HostConfig.deployDescriptor Le traitement du descripteur de déploiement [/Users/Airi/Documents/SOEN387-Projects-and-Labs/Assignment 2/apache-tomcat-9.0.26/conf/Catalina/localhost/A2-UI.xml] a pris [3 122] ms
29-Nov-2019 10:25:24.563 INFOS [main] org.apache.catalina.startup.HostConfig.deployDescriptor Déploiement du descripteur de configuration [/Users/Airi/Documents/SOEN387-Projects-and-Labs/Assignment 2/apache-tomcat-9.0.26/conf/Catalina/localhost/A2.xml]
29-Nov-2019 10:25:24.564 AVERTISSEMENT [main] org.apache.catalina.startup.HostConfig.deployDescriptor L'attribut path avec la valeur [/A2] dans le descripteur de déploiement [/Users/Airi/Documents/SOEN387-Projects-and-Labs/Assignment 2/apache-tomcat-9.0.26/conf/Catalina/localhost/A2.xml] a été ignoré
29-Nov-2019 10:25:24.576 GRAVE [main] org.apache.catalina.startup.HostConfig.deployDescriptor Erreur lors du déploiement du descripteur de configuration [/Users/Airi/Documents/SOEN387-Projects-and-Labs/Assignment 2/apache-tomcat-9.0.26/conf/Catalina/localhost/A2.xml]
	java.lang.IllegalStateException: Erreur lors du démarrage du conteneur fils
		at org.apache.catalina.core.ContainerBase.addChildInternal(ContainerBase.java:720)
		at org.apache.catalina.core.ContainerBase.addChild(ContainerBase.java:690)
		at org.apache.catalina.core.StandardHost.addChild(StandardHost.java:705)
		at org.apache.catalina.startup.HostConfig.deployDescriptor(HostConfig.java:631)
		at org.apache.catalina.startup.HostConfig$DeployDescriptor.run(HostConfig.java:1831)
		at java.util.concurrent.Executors$RunnableAdapter.call(Executors.java:511)
		at java.util.concurrent.FutureTask.run(FutureTask.java:266)
		at org.apache.tomcat.util.threads.InlineExecutorService.execute(InlineExecutorService.java:75)
		at java.util.concurrent.AbstractExecutorService.submit(AbstractExecutorService.java:112)
		at org.apache.catalina.startup.HostConfig.deployDescriptors(HostConfig.java:526)
		at org.apache.catalina.startup.HostConfig.deployApps(HostConfig.java:425)
		at org.apache.catalina.startup.HostConfig.start(HostConfig.java:1576)
		at org.apache.catalina.startup.HostConfig.lifecycleEvent(HostConfig.java:309)
		at org.apache.catalina.util.LifecycleBase.fireLifecycleEvent(LifecycleBase.java:123)
		at org.apache.catalina.util.LifecycleBase.setStateInternal(LifecycleBase.java:423)
		at org.apache.catalina.util.LifecycleBase.setState(LifecycleBase.java:366)
		at org.apache.catalina.core.ContainerBase.startInternal(ContainerBase.java:936)
		at org.apache.catalina.core.StandardHost.startInternal(StandardHost.java:841)
		at org.apache.catalina.util.LifecycleBase.start(LifecycleBase.java:183)
		at org.apache.catalina.core.ContainerBase$StartChild.call(ContainerBase.java:1384)
		at org.apache.catalina.core.ContainerBase$StartChild.call(ContainerBase.java:1374)
		at java.util.concurrent.FutureTask.run(FutureTask.java:266)
		at org.apache.tomcat.util.threads.InlineExecutorService.execute(InlineExecutorService.java:75)
		at java.util.concurrent.AbstractExecutorService.submit(AbstractExecutorService.java:134)
		at org.apache.catalina.core.ContainerBase.startInternal(ContainerBase.java:909)
		at org.apache.catalina.core.StandardEngine.startInternal(StandardEngine.java:262)
		at org.apache.catalina.util.LifecycleBase.start(LifecycleBase.java:183)
		at org.apache.catalina.core.StandardService.startInternal(StandardService.java:421)
		at org.apache.catalina.util.LifecycleBase.start(LifecycleBase.java:183)
		at org.apache.catalina.core.StandardServer.startInternal(StandardServer.java:932)
		at org.apache.catalina.util.LifecycleBase.start(LifecycleBase.java:183)
		at org.apache.catalina.startup.Catalina.start(Catalina.java:633)
		at sun.reflect.NativeMethodAccessorImpl.invoke0(Native Method)
		at sun.reflect.NativeMethodAccessorImpl.invoke(NativeMethodAccessorImpl.java:62)
		at sun.reflect.DelegatingMethodAccessorImpl.invoke(DelegatingMethodAccessorImpl.java:43)
		at java.lang.reflect.Method.invoke(Method.java:498)
		at org.apache.catalina.startup.Bootstrap.start(Bootstrap.java:344)
		at org.apache.catalina.startup.Bootstrap.main(Bootstrap.java:475)
	Caused by: org.apache.catalina.LifecycleException: Echec de démarrage du composant [org.apache.catalina.webresources.StandardRoot@7c2327fa]
		at org.apache.catalina.util.LifecycleBase.handleSubClassException(LifecycleBase.java:440)
		at org.apache.catalina.util.LifecycleBase.start(LifecycleBase.java:198)
		at org.apache.catalina.core.StandardContext.resourcesStart(StandardContext.java:4800)
		at org.apache.catalina.core.StandardContext.startInternal(StandardContext.java:4935)
		at org.apache.catalina.util.LifecycleBase.start(LifecycleBase.java:183)
		at org.apache.catalina.core.ContainerBase.addChildInternal(ContainerBase.java:717)
		... 37 more
	Caused by: java.lang.IllegalArgumentException: L'ensemble de ressources principal [/Users/Airi/Documents/SOEN387-Projects-and-Labs/Assignment 2/A2/build/web] est invalide
		at org.apache.catalina.webresources.StandardRoot.createMainResourceSet(StandardRoot.java:752)
		at org.apache.catalina.webresources.StandardRoot.startInternal(StandardRoot.java:709)
		at org.apache.catalina.util.LifecycleBase.start(LifecycleBase.java:183)
		... 41 more
29-Nov-2019 10:25:24.583 INFOS [main] org.apache.catalina.startup.HostConfig.deployDescriptor Le traitement du descripteur de déploiement [/Users/Airi/Documents/SOEN387-Projects-and-Labs/Assignment 2/apache-tomcat-9.0.26/conf/Catalina/localhost/A2.xml] a pris [18] ms
29-Nov-2019 10:25:24.585 INFOS [main] org.apache.catalina.startup.HostConfig.deployDescriptor Déploiement du descripteur de configuration [/Users/Airi/Documents/SOEN387-Projects-and-Labs/Assignment 2/apache-tomcat-9.0.26/conf/Catalina/localhost/Lab9-DOM_JQuery.xml]
29-Nov-2019 10:25:24.598 AVERTISSEMENT [main] org.apache.catalina.startup.HostConfig.deployDescriptor L'attribut path avec la valeur [/Lab9-DOM_JQuery] dans le descripteur de déploiement [/Users/Airi/Documents/SOEN387-Projects-and-Labs/Assignment 2/apache-tomcat-9.0.26/conf/Catalina/localhost/Lab9-DOM_JQuery.xml] a été ignoré
29-Nov-2019 10:25:25.125 INFOS [main] org.apache.jasper.servlet.TldScanner.scanJars Au moins un fichier JAR a été analysé pour trouver des TLDs mais il n'en contenait pas, le mode "debug" du journal peut être activé pour obtenir une liste complète de JAR scannés sans succès; éviter d'analyser des JARs inutilement peut améliorer sensiblement le temps de démarrage et le temps de compilation des JSPs
29-Nov-2019 10:25:25.152 INFOS [main] org.apache.catalina.startup.HostConfig.deployDescriptor Le traitement du descripteur de déploiement [/Users/Airi/Documents/SOEN387-Projects-and-Labs/Assignment 2/apache-tomcat-9.0.26/conf/Catalina/localhost/Lab9-DOM_JQuery.xml] a pris [567] ms
29-Nov-2019 10:25:25.157 INFOS [main] org.apache.catalina.startup.HostConfig.deployDescriptor Déploiement du descripteur de configuration [/Users/Airi/Documents/SOEN387-Projects-and-Labs/Assignment 2/apache-tomcat-9.0.26/conf/Catalina/localhost/A1-Airi.xml]
29-Nov-2019 10:25:25.167 AVERTISSEMENT [main] org.apache.catalina.startup.HostConfig.deployDescriptor L'attribut path avec la valeur [/A1-Airi] dans le descripteur de déploiement [/Users/Airi/Documents/SOEN387-Projects-and-Labs/Assignment 2/apache-tomcat-9.0.26/conf/Catalina/localhost/A1-Airi.xml] a été ignoré
29-Nov-2019 10:25:25.622 INFOS [main] org.apache.jasper.servlet.TldScanner.scanJars Au moins un fichier JAR a été analysé pour trouver des TLDs mais il n'en contenait pas, le mode "debug" du journal peut être activé pour obtenir une liste complète de JAR scannés sans succès; éviter d'analyser des JARs inutilement peut améliorer sensiblement le temps de démarrage et le temps de compilation des JSPs
29-Nov-2019 10:25:25.649 INFOS [main] org.apache.catalina.startup.HostConfig.deployDescriptor Le traitement du descripteur de déploiement [/Users/Airi/Documents/SOEN387-Projects-and-Labs/Assignment 2/apache-tomcat-9.0.26/conf/Catalina/localhost/A1-Airi.xml] a pris [493] ms
29-Nov-2019 10:25:25.649 INFOS [main] org.apache.catalina.startup.HostConfig.deployDescriptor Déploiement du descripteur de configuration [/Users/Airi/Documents/SOEN387-Projects-and-Labs/Assignment 2/apache-tomcat-9.0.26/conf/Catalina/localhost/MVC-Examples.xml]
29-Nov-2019 10:25:25.651 AVERTISSEMENT [main] org.apache.catalina.startup.HostConfig.deployDescriptor L'attribut path avec la valeur [/MVC-Examples] dans le descripteur de déploiement [/Users/Airi/Documents/SOEN387-Projects-and-Labs/Assignment 2/apache-tomcat-9.0.26/conf/Catalina/localhost/MVC-Examples.xml] a été ignoré
29-Nov-2019 10:25:25.893 INFOS [main] org.apache.jasper.servlet.TldScanner.scanJars Au moins un fichier JAR a été analysé pour trouver des TLDs mais il n'en contenait pas, le mode "debug" du journal peut être activé pour obtenir une liste complète de JAR scannés sans succès; éviter d'analyser des JARs inutilement peut améliorer sensiblement le temps de démarrage et le temps de compilation des JSPs
29-Nov-2019 10:25:25.899 INFOS [main] org.apache.catalina.startup.HostConfig.deployDescriptor Le traitement du descripteur de déploiement [/Users/Airi/Documents/SOEN387-Projects-and-Labs/Assignment 2/apache-tomcat-9.0.26/conf/Catalina/localhost/MVC-Examples.xml] a pris [250] ms
29-Nov-2019 10:25:25.899 INFOS [main] org.apache.catalina.startup.HostConfig.deployDescriptor Déploiement du descripteur de configuration [/Users/Airi/Documents/SOEN387-Projects-and-Labs/Assignment 2/apache-tomcat-9.0.26/conf/Catalina/localhost/CalculatorApp.xml]
29-Nov-2019 10:25:25.907 AVERTISSEMENT [main] org.apache.catalina.startup.HostConfig.deployDescriptor L'attribut path avec la valeur [/CalculatorApp] dans le descripteur de déploiement [/Users/Airi/Documents/SOEN387-Projects-and-Labs/Assignment 2/apache-tomcat-9.0.26/conf/Catalina/localhost/CalculatorApp.xml] a été ignoré
29-Nov-2019 10:25:26.176 INFOS [main] org.apache.jasper.servlet.TldScanner.scanJars Au moins un fichier JAR a été analysé pour trouver des TLDs mais il n'en contenait pas, le mode "debug" du journal peut être activé pour obtenir une liste complète de JAR scannés sans succès; éviter d'analyser des JARs inutilement peut améliorer sensiblement le temps de démarrage et le temps de compilation des JSPs
29-Nov-2019 10:25:26.191 INFOS [main] org.apache.catalina.startup.HostConfig.deployDescriptor Le traitement du descripteur de déploiement [/Users/Airi/Documents/SOEN387-Projects-and-Labs/Assignment 2/apache-tomcat-9.0.26/conf/Catalina/localhost/CalculatorApp.xml] a pris [292] ms
29-Nov-2019 10:25:26.191 INFOS [main] org.apache.catalina.startup.HostConfig.deployDescriptor Déploiement du descripteur de configuration [/Users/Airi/Documents/SOEN387-Projects-and-Labs/Assignment 2/apache-tomcat-9.0.26/conf/Catalina/localhost/Assignment 1.xml]
29-Nov-2019 10:25:26.193 AVERTISSEMENT [main] org.apache.catalina.startup.HostConfig.deployDescriptor L'attribut path avec la valeur [/Assignment 1] dans le descripteur de déploiement [/Users/Airi/Documents/SOEN387-Projects-and-Labs/Assignment 2/apache-tomcat-9.0.26/conf/Catalina/localhost/Assignment 1.xml] a été ignoré
29-Nov-2019 10:25:26.203 GRAVE [main] org.apache.catalina.startup.HostConfig.deployDescriptor Erreur lors du déploiement du descripteur de configuration [/Users/Airi/Documents/SOEN387-Projects-and-Labs/Assignment 2/apache-tomcat-9.0.26/conf/Catalina/localhost/Assignment 1.xml]
	java.lang.IllegalStateException: Erreur lors du démarrage du conteneur fils
		at org.apache.catalina.core.ContainerBase.addChildInternal(ContainerBase.java:720)
		at org.apache.catalina.core.ContainerBase.addChild(ContainerBase.java:690)
		at org.apache.catalina.core.StandardHost.addChild(StandardHost.java:705)
		at org.apache.catalina.startup.HostConfig.deployDescriptor(HostConfig.java:631)
		at org.apache.catalina.startup.HostConfig$DeployDescriptor.run(HostConfig.java:1831)
		at java.util.concurrent.Executors$RunnableAdapter.call(Executors.java:511)
		at java.util.concurrent.FutureTask.run(FutureTask.java:266)
		at org.apache.tomcat.util.threads.InlineExecutorService.execute(InlineExecutorService.java:75)
		at java.util.concurrent.AbstractExecutorService.submit(AbstractExecutorService.java:112)
		at org.apache.catalina.startup.HostConfig.deployDescriptors(HostConfig.java:526)
		at org.apache.catalina.startup.HostConfig.deployApps(HostConfig.java:425)
		at org.apache.catalina.startup.HostConfig.start(HostConfig.java:1576)
		at org.apache.catalina.startup.HostConfig.lifecycleEvent(HostConfig.java:309)
		at org.apache.catalina.util.LifecycleBase.fireLifecycleEvent(LifecycleBase.java:123)
		at org.apache.catalina.util.LifecycleBase.setStateInternal(LifecycleBase.java:423)
		at org.apache.catalina.util.LifecycleBase.setState(LifecycleBase.java:366)
		at org.apache.catalina.core.ContainerBase.startInternal(ContainerBase.java:936)
		at org.apache.catalina.core.StandardHost.startInternal(StandardHost.java:841)
		at org.apache.catalina.util.LifecycleBase.start(LifecycleBase.java:183)
		at org.apache.catalina.core.ContainerBase$StartChild.call(ContainerBase.java:1384)
		at org.apache.catalina.core.ContainerBase$StartChild.call(ContainerBase.java:1374)
		at java.util.concurrent.FutureTask.run(FutureTask.java:266)
		at org.apache.tomcat.util.threads.InlineExecutorService.execute(InlineExecutorService.java:75)
		at java.util.concurrent.AbstractExecutorService.submit(AbstractExecutorService.java:134)
		at org.apache.catalina.core.ContainerBase.startInternal(ContainerBase.java:909)
		at org.apache.catalina.core.StandardEngine.startInternal(StandardEngine.java:262)
		at org.apache.catalina.util.LifecycleBase.start(LifecycleBase.java:183)
		at org.apache.catalina.core.StandardService.startInternal(StandardService.java:421)
		at org.apache.catalina.util.LifecycleBase.start(LifecycleBase.java:183)
		at org.apache.catalina.core.StandardServer.startInternal(StandardServer.java:932)
		at org.apache.catalina.util.LifecycleBase.start(LifecycleBase.java:183)
		at org.apache.catalina.startup.Catalina.start(Catalina.java:633)
		at sun.reflect.NativeMethodAccessorImpl.invoke0(Native Method)
		at sun.reflect.NativeMethodAccessorImpl.invoke(NativeMethodAccessorImpl.java:62)
		at sun.reflect.DelegatingMethodAccessorImpl.invoke(DelegatingMethodAccessorImpl.java:43)
		at java.lang.reflect.Method.invoke(Method.java:498)
		at org.apache.catalina.startup.Bootstrap.start(Bootstrap.java:344)
		at org.apache.catalina.startup.Bootstrap.main(Bootstrap.java:475)
	Caused by: org.apache.catalina.LifecycleException: Echec de démarrage du composant [org.apache.catalina.webresources.StandardRoot@2e23c180]
		at org.apache.catalina.util.LifecycleBase.handleSubClassException(LifecycleBase.java:440)
		at org.apache.catalina.util.LifecycleBase.start(LifecycleBase.java:198)
		at org.apache.catalina.core.StandardContext.resourcesStart(StandardContext.java:4800)
		at org.apache.catalina.core.StandardContext.startInternal(StandardContext.java:4935)
		at org.apache.catalina.util.LifecycleBase.start(LifecycleBase.java:183)
		at org.apache.catalina.core.ContainerBase.addChildInternal(ContainerBase.java:717)
		... 37 more
	Caused by: java.lang.IllegalArgumentException: L'ensemble de ressources principal [/Users/jasminelatendresse/SOEN387-Projects-and-Labs/Assignment 1/build/web] est invalide
		at org.apache.catalina.webresources.StandardRoot.createMainResourceSet(StandardRoot.java:752)
		at org.apache.catalina.webresources.StandardRoot.startInternal(StandardRoot.java:709)
		at org.apache.catalina.util.LifecycleBase.start(LifecycleBase.java:183)
		... 41 more
29-Nov-2019 10:25:26.210 INFOS [main] org.apache.catalina.startup.HostConfig.deployDescriptor Le traitement du descripteur de déploiement [/Users/Airi/Documents/SOEN387-Projects-and-Labs/Assignment 2/apache-tomcat-9.0.26/conf/Catalina/localhost/Assignment 1.xml] a pris [18] ms
29-Nov-2019 10:25:26.214 INFOS [main] org.apache.catalina.startup.HostConfig.deployDescriptor Déploiement du descripteur de configuration [/Users/Airi/Documents/SOEN387-Projects-and-Labs/Assignment 2/apache-tomcat-9.0.26/conf/Catalina/localhost/A3-ServiceLayer.xml]
29-Nov-2019 10:25:26.216 AVERTISSEMENT [main] org.apache.catalina.startup.HostConfig.deployDescriptor L'attribut path avec la valeur [/A3-ServiceLayer] dans le descripteur de déploiement [/Users/Airi/Documents/SOEN387-Projects-and-Labs/Assignment 2/apache-tomcat-9.0.26/conf/Catalina/localhost/A3-ServiceLayer.xml] a été ignoré
29-Nov-2019 10:25:27.842 INFOS [main] org.apache.jasper.servlet.TldScanner.scanJars Au moins un fichier JAR a été analysé pour trouver des TLDs mais il n'en contenait pas, le mode "debug" du journal peut être activé pour obtenir une liste complète de JAR scannés sans succès; éviter d'analyser des JARs inutilement peut améliorer sensiblement le temps de démarrage et le temps de compilation des JSPs
29-Nov-2019 10:25:27.974 INFOS [main] org.apache.catalina.startup.HostConfig.deployDescriptor Le traitement du descripteur de déploiement [/Users/Airi/Documents/SOEN387-Projects-and-Labs/Assignment 2/apache-tomcat-9.0.26/conf/Catalina/localhost/A3-ServiceLayer.xml] a pris [1 755] ms
29-Nov-2019 10:25:27.980 INFOS [main] org.apache.catalina.startup.HostConfig.deployDescriptor Déploiement du descripteur de configuration [/Users/Airi/Documents/SOEN387-Projects-and-Labs/Assignment 2/apache-tomcat-9.0.26/conf/Catalina/localhost/A3-UI.xml]
29-Nov-2019 10:25:27.986 AVERTISSEMENT [main] org.apache.catalina.startup.HostConfig.deployDescriptor L'attribut path avec la valeur [/A3-UI] dans le descripteur de déploiement [/Users/Airi/Documents/SOEN387-Projects-and-Labs/Assignment 2/apache-tomcat-9.0.26/conf/Catalina/localhost/A3-UI.xml] a été ignoré
29-Nov-2019 10:25:29.204 INFOS [main] org.apache.jasper.servlet.TldScanner.scanJars Au moins un fichier JAR a été analysé pour trouver des TLDs mais il n'en contenait pas, le mode "debug" du journal peut être activé pour obtenir une liste complète de JAR scannés sans succès; éviter d'analyser des JARs inutilement peut améliorer sensiblement le temps de démarrage et le temps de compilation des JSPs
29-Nov-2019 10:25:29.230 INFOS [main] org.apache.catalina.startup.HostConfig.deployDescriptor Le traitement du descripteur de déploiement [/Users/Airi/Documents/SOEN387-Projects-and-Labs/Assignment 2/apache-tomcat-9.0.26/conf/Catalina/localhost/A3-UI.xml] a pris [1 251] ms
29-Nov-2019 10:25:29.231 INFOS [main] org.apache.catalina.startup.HostConfig.deployDescriptor Déploiement du descripteur de configuration [/Users/Airi/Documents/SOEN387-Projects-and-Labs/Assignment 2/apache-tomcat-9.0.26/conf/Catalina/localhost/WebApplicationDemo.xml]
29-Nov-2019 10:25:29.234 AVERTISSEMENT [main] org.apache.catalina.startup.HostConfig.deployDescriptor L'attribut path avec la valeur [/WebApplicationDemo] dans le descripteur de déploiement [/Users/Airi/Documents/SOEN387-Projects-and-Labs/Assignment 2/apache-tomcat-9.0.26/conf/Catalina/localhost/WebApplicationDemo.xml] a été ignoré
29-Nov-2019 10:25:29.261 GRAVE [main] org.apache.catalina.startup.HostConfig.deployDescriptor Erreur lors du déploiement du descripteur de configuration [/Users/Airi/Documents/SOEN387-Projects-and-Labs/Assignment 2/apache-tomcat-9.0.26/conf/Catalina/localhost/WebApplicationDemo.xml]
	java.lang.IllegalStateException: Erreur lors du démarrage du conteneur fils
		at org.apache.catalina.core.ContainerBase.addChildInternal(ContainerBase.java:720)
		at org.apache.catalina.core.ContainerBase.addChild(ContainerBase.java:690)
		at org.apache.catalina.core.StandardHost.addChild(StandardHost.java:705)
		at org.apache.catalina.startup.HostConfig.deployDescriptor(HostConfig.java:631)
		at org.apache.catalina.startup.HostConfig$DeployDescriptor.run(HostConfig.java:1831)
		at java.util.concurrent.Executors$RunnableAdapter.call(Executors.java:511)
		at java.util.concurrent.FutureTask.run(FutureTask.java:266)
		at org.apache.tomcat.util.threads.InlineExecutorService.execute(InlineExecutorService.java:75)
		at java.util.concurrent.AbstractExecutorService.submit(AbstractExecutorService.java:112)
		at org.apache.catalina.startup.HostConfig.deployDescriptors(HostConfig.java:526)
		at org.apache.catalina.startup.HostConfig.deployApps(HostConfig.java:425)
		at org.apache.catalina.startup.HostConfig.start(HostConfig.java:1576)
		at org.apache.catalina.startup.HostConfig.lifecycleEvent(HostConfig.java:309)
		at org.apache.catalina.util.LifecycleBase.fireLifecycleEvent(LifecycleBase.java:123)
		at org.apache.catalina.util.LifecycleBase.setStateInternal(LifecycleBase.java:423)
		at org.apache.catalina.util.LifecycleBase.setState(LifecycleBase.java:366)
		at org.apache.catalina.core.ContainerBase.startInternal(ContainerBase.java:936)
		at org.apache.catalina.core.StandardHost.startInternal(StandardHost.java:841)
		at org.apache.catalina.util.LifecycleBase.start(LifecycleBase.java:183)
		at org.apache.catalina.core.ContainerBase$StartChild.call(ContainerBase.java:1384)
		at org.apache.catalina.core.ContainerBase$StartChild.call(ContainerBase.java:1374)
		at java.util.concurrent.FutureTask.run(FutureTask.java:266)
		at org.apache.tomcat.util.threads.InlineExecutorService.execute(InlineExecutorService.java:75)
		at java.util.concurrent.AbstractExecutorService.submit(AbstractExecutorService.java:134)
		at org.apache.catalina.core.ContainerBase.startInternal(ContainerBase.java:909)
		at org.apache.catalina.core.StandardEngine.startInternal(StandardEngine.java:262)
		at org.apache.catalina.util.LifecycleBase.start(LifecycleBase.java:183)
		at org.apache.catalina.core.StandardService.startInternal(StandardService.java:421)
		at org.apache.catalina.util.LifecycleBase.start(LifecycleBase.java:183)
		at org.apache.catalina.core.StandardServer.startInternal(StandardServer.java:932)
		at org.apache.catalina.util.LifecycleBase.start(LifecycleBase.java:183)
		at org.apache.catalina.startup.Catalina.start(Catalina.java:633)
		at sun.reflect.NativeMethodAccessorImpl.invoke0(Native Method)
		at sun.reflect.NativeMethodAccessorImpl.invoke(NativeMethodAccessorImpl.java:62)
		at sun.reflect.DelegatingMethodAccessorImpl.invoke(DelegatingMethodAccessorImpl.java:43)
		at java.lang.reflect.Method.invoke(Method.java:498)
		at org.apache.catalina.startup.Bootstrap.start(Bootstrap.java:344)
		at org.apache.catalina.startup.Bootstrap.main(Bootstrap.java:475)
	Caused by: org.apache.catalina.LifecycleException: Echec de démarrage du composant [org.apache.catalina.webresources.StandardRoot@78d73b1b]
		at org.apache.catalina.util.LifecycleBase.handleSubClassException(LifecycleBase.java:440)
		at org.apache.catalina.util.LifecycleBase.start(LifecycleBase.java:198)
		at org.apache.catalina.core.StandardContext.resourcesStart(StandardContext.java:4800)
		at org.apache.catalina.core.StandardContext.startInternal(StandardContext.java:4935)
		at org.apache.catalina.util.LifecycleBase.start(LifecycleBase.java:183)
		at org.apache.catalina.core.ContainerBase.addChildInternal(ContainerBase.java:717)
		... 37 more
	Caused by: java.lang.IllegalArgumentException: L'ensemble de ressources principal [/Users/Airi/Documents/SOEN387-Projects-and-Labs/Labs/WebApplicationDemo/build/web] est invalide
		at org.apache.catalina.webresources.StandardRoot.createMainResourceSet(StandardRoot.java:752)
		at org.apache.catalina.webresources.StandardRoot.startInternal(StandardRoot.java:709)
		at org.apache.catalina.util.LifecycleBase.start(LifecycleBase.java:183)
		... 41 more
29-Nov-2019 10:25:29.333 INFOS [main] org.apache.catalina.startup.HostConfig.deployDescriptor Le traitement du descripteur de déploiement [/Users/Airi/Documents/SOEN387-Projects-and-Labs/Assignment 2/apache-tomcat-9.0.26/conf/Catalina/localhost/WebApplicationDemo.xml] a pris [102] ms
29-Nov-2019 10:25:29.333 INFOS [main] org.apache.catalina.startup.HostConfig.deployDescriptor Déploiement du descripteur de configuration [/Users/Airi/Documents/SOEN387-Projects-and-Labs/Assignment 2/apache-tomcat-9.0.26/conf/Catalina/localhost/A2-Airi.xml]
29-Nov-2019 10:25:29.335 AVERTISSEMENT [main] org.apache.catalina.startup.HostConfig.deployDescriptor L'attribut path avec la valeur [/A2-Airi] dans le descripteur de déploiement [/Users/Airi/Documents/SOEN387-Projects-and-Labs/Assignment 2/apache-tomcat-9.0.26/conf/Catalina/localhost/A2-Airi.xml] a été ignoré
29-Nov-2019 10:25:29.360 GRAVE [main] org.apache.catalina.startup.HostConfig.deployDescriptor Erreur lors du déploiement du descripteur de configuration [/Users/Airi/Documents/SOEN387-Projects-and-Labs/Assignment 2/apache-tomcat-9.0.26/conf/Catalina/localhost/A2-Airi.xml]
	java.lang.IllegalStateException: Erreur lors du démarrage du conteneur fils
		at org.apache.catalina.core.ContainerBase.addChildInternal(ContainerBase.java:720)
		at org.apache.catalina.core.ContainerBase.addChild(ContainerBase.java:690)
		at org.apache.catalina.core.StandardHost.addChild(StandardHost.java:705)
		at org.apache.catalina.startup.HostConfig.deployDescriptor(HostConfig.java:631)
		at org.apache.catalina.startup.HostConfig$DeployDescriptor.run(HostConfig.java:1831)
		at java.util.concurrent.Executors$RunnableAdapter.call(Executors.java:511)
		at java.util.concurrent.FutureTask.run(FutureTask.java:266)
		at org.apache.tomcat.util.threads.InlineExecutorService.execute(InlineExecutorService.java:75)
		at java.util.concurrent.AbstractExecutorService.submit(AbstractExecutorService.java:112)
		at org.apache.catalina.startup.HostConfig.deployDescriptors(HostConfig.java:526)
		at org.apache.catalina.startup.HostConfig.deployApps(HostConfig.java:425)
		at org.apache.catalina.startup.HostConfig.start(HostConfig.java:1576)
		at org.apache.catalina.startup.HostConfig.lifecycleEvent(HostConfig.java:309)
		at org.apache.catalina.util.LifecycleBase.fireLifecycleEvent(LifecycleBase.java:123)
		at org.apache.catalina.util.LifecycleBase.setStateInternal(LifecycleBase.java:423)
		at org.apache.catalina.util.LifecycleBase.setState(LifecycleBase.java:366)
		at org.apache.catalina.core.ContainerBase.startInternal(ContainerBase.java:936)
		at org.apache.catalina.core.StandardHost.startInternal(StandardHost.java:841)
		at org.apache.catalina.util.LifecycleBase.start(LifecycleBase.java:183)
		at org.apache.catalina.core.ContainerBase$StartChild.call(ContainerBase.java:1384)
		at org.apache.catalina.core.ContainerBase$StartChild.call(ContainerBase.java:1374)
		at java.util.concurrent.FutureTask.run(FutureTask.java:266)
		at org.apache.tomcat.util.threads.InlineExecutorService.execute(InlineExecutorService.java:75)
		at java.util.concurrent.AbstractExecutorService.submit(AbstractExecutorService.java:134)
		at org.apache.catalina.core.ContainerBase.startInternal(ContainerBase.java:909)
		at org.apache.catalina.core.StandardEngine.startInternal(StandardEngine.java:262)
		at org.apache.catalina.util.LifecycleBase.start(LifecycleBase.java:183)
		at org.apache.catalina.core.StandardService.startInternal(StandardService.java:421)
		at org.apache.catalina.util.LifecycleBase.start(LifecycleBase.java:183)
		at org.apache.catalina.core.StandardServer.startInternal(StandardServer.java:932)
		at org.apache.catalina.util.LifecycleBase.start(LifecycleBase.java:183)
		at org.apache.catalina.startup.Catalina.start(Catalina.java:633)
		at sun.reflect.NativeMethodAccessorImpl.invoke0(Native Method)
		at sun.reflect.NativeMethodAccessorImpl.invoke(NativeMethodAccessorImpl.java:62)
		at sun.reflect.DelegatingMethodAccessorImpl.invoke(DelegatingMethodAccessorImpl.java:43)
		at java.lang.reflect.Method.invoke(Method.java:498)
		at org.apache.catalina.startup.Bootstrap.start(Bootstrap.java:344)
		at org.apache.catalina.startup.Bootstrap.main(Bootstrap.java:475)
	Caused by: org.apache.catalina.LifecycleException: Echec de démarrage du composant [org.apache.catalina.webresources.StandardRoot@34edd065]
		at org.apache.catalina.util.LifecycleBase.handleSubClassException(LifecycleBase.java:440)
		at org.apache.catalina.util.LifecycleBase.start(LifecycleBase.java:198)
		at org.apache.catalina.core.StandardContext.resourcesStart(StandardContext.java:4800)
		at org.apache.catalina.core.StandardContext.startInternal(StandardContext.java:4935)
		at org.apache.catalina.util.LifecycleBase.start(LifecycleBase.java:183)
		at org.apache.catalina.core.ContainerBase.addChildInternal(ContainerBase.java:717)
		... 37 more
	Caused by: java.lang.IllegalArgumentException: L'ensemble de ressources principal [/Users/Airi/Documents/SOEN387-Projects-and-Labs/Assignment 2/A2-Airi/build/web] est invalide
		at org.apache.catalina.webresources.StandardRoot.createMainResourceSet(StandardRoot.java:752)
		at org.apache.catalina.webresources.StandardRoot.startInternal(StandardRoot.java:709)
		at org.apache.catalina.util.LifecycleBase.start(LifecycleBase.java:183)
		... 41 more
29-Nov-2019 10:25:29.431 INFOS [main] org.apache.catalina.startup.HostConfig.deployDescriptor Le traitement du descripteur de déploiement [/Users/Airi/Documents/SOEN387-Projects-and-Labs/Assignment 2/apache-tomcat-9.0.26/conf/Catalina/localhost/A2-Airi.xml] a pris [97] ms
29-Nov-2019 10:25:29.434 INFOS [main] org.apache.catalina.startup.HostConfig.deployDirectory Déploiement du répertoire d'application web [/Users/Airi/Documents/SOEN387-Projects-and-Labs/Assignment 2/apache-tomcat-9.0.26/webapps/docs]
29-Nov-2019 10:25:29.764 INFOS [main] org.apache.jasper.servlet.TldScanner.scanJars Au moins un fichier JAR a été analysé pour trouver des TLDs mais il n'en contenait pas, le mode "debug" du journal peut être activé pour obtenir une liste complète de JAR scannés sans succès; éviter d'analyser des JARs inutilement peut améliorer sensiblement le temps de démarrage et le temps de compilation des JSPs
29-Nov-2019 10:25:29.774 INFOS [main] org.apache.catalina.startup.HostConfig.deployDirectory Le déploiement du répertoire [/Users/Airi/Documents/SOEN387-Projects-and-Labs/Assignment 2/apache-tomcat-9.0.26/webapps/docs] de l'application web s'est terminé en [340] ms
29-Nov-2019 10:25:29.774 INFOS [main] org.apache.catalina.startup.HostConfig.deployDirectory Déploiement du répertoire d'application web [/Users/Airi/Documents/SOEN387-Projects-and-Labs/Assignment 2/apache-tomcat-9.0.26/webapps/manager]
29-Nov-2019 10:25:30.110 INFOS [main] org.apache.jasper.servlet.TldScanner.scanJars Au moins un fichier JAR a été analysé pour trouver des TLDs mais il n'en contenait pas, le mode "debug" du journal peut être activé pour obtenir une liste complète de JAR scannés sans succès; éviter d'analyser des JARs inutilement peut améliorer sensiblement le temps de démarrage et le temps de compilation des JSPs
29-Nov-2019 10:25:30.129 INFOS [main] org.apache.catalina.startup.HostConfig.deployDirectory Le déploiement du répertoire [/Users/Airi/Documents/SOEN387-Projects-and-Labs/Assignment 2/apache-tomcat-9.0.26/webapps/manager] de l'application web s'est terminé en [355] ms
29-Nov-2019 10:25:30.130 INFOS [main] org.apache.catalina.startup.HostConfig.deployDirectory Déploiement du répertoire d'application web [/Users/Airi/Documents/SOEN387-Projects-and-Labs/Assignment 2/apache-tomcat-9.0.26/webapps/examples]
29-Nov-2019 10:25:30.835 INFOS [main] org.apache.jasper.servlet.TldScanner.scanJars Au moins un fichier JAR a été analysé pour trouver des TLDs mais il n'en contenait pas, le mode "debug" du journal peut être activé pour obtenir une liste complète de JAR scannés sans succès; éviter d'analyser des JARs inutilement peut améliorer sensiblement le temps de démarrage et le temps de compilation des JSPs
29-Nov-2019 10:25:31.001 INFOS [main] org.apache.catalina.startup.HostConfig.deployDirectory Le déploiement du répertoire [/Users/Airi/Documents/SOEN387-Projects-and-Labs/Assignment 2/apache-tomcat-9.0.26/webapps/examples] de l'application web s'est terminé en [863] ms
29-Nov-2019 10:25:31.002 INFOS [main] org.apache.catalina.startup.HostConfig.deployDirectory Déploiement du répertoire d'application web [/Users/Airi/Documents/SOEN387-Projects-and-Labs/Assignment 2/apache-tomcat-9.0.26/webapps/ROOT]
29-Nov-2019 10:25:31.294 INFOS [main] org.apache.jasper.servlet.TldScanner.scanJars Au moins un fichier JAR a été analysé pour trouver des TLDs mais il n'en contenait pas, le mode "debug" du journal peut être activé pour obtenir une liste complète de JAR scannés sans succès; éviter d'analyser des JARs inutilement peut améliorer sensiblement le temps de démarrage et le temps de compilation des JSPs
29-Nov-2019 10:25:31.302 INFOS [main] org.apache.catalina.startup.HostConfig.deployDirectory Le déploiement du répertoire [/Users/Airi/Documents/SOEN387-Projects-and-Labs/Assignment 2/apache-tomcat-9.0.26/webapps/ROOT] de l'application web s'est terminé en [299] ms
29-Nov-2019 10:25:31.302 INFOS [main] org.apache.catalina.startup.HostConfig.deployDirectory Déploiement du répertoire d'application web [/Users/Airi/Documents/SOEN387-Projects-and-Labs/Assignment 2/apache-tomcat-9.0.26/webapps/host-manager]
29-Nov-2019 10:25:31.630 INFOS [main] org.apache.jasper.servlet.TldScanner.scanJars Au moins un fichier JAR a été analysé pour trouver des TLDs mais il n'en contenait pas, le mode "debug" du journal peut être activé pour obtenir une liste complète de JAR scannés sans succès; éviter d'analyser des JARs inutilement peut améliorer sensiblement le temps de démarrage et le temps de compilation des JSPs
29-Nov-2019 10:25:31.642 INFOS [main] org.apache.catalina.startup.HostConfig.deployDirectory Le déploiement du répertoire [/Users/Airi/Documents/SOEN387-Projects-and-Labs/Assignment 2/apache-tomcat-9.0.26/webapps/host-manager] de l'application web s'est terminé en [340] ms
29-Nov-2019 10:25:31.652 INFOS [main] org.apache.coyote.AbstractProtocol.start Démarrage du gestionnaire de protocole ["http-nio-8080"]
29-Nov-2019 10:25:31.771 INFOS [main] org.apache.coyote.AbstractProtocol.start Démarrage du gestionnaire de protocole ["ajp-nio-8009"]
29-Nov-2019 10:25:31.786 INFOS [main] org.apache.catalina.startup.Catalina.start Le démarrage du serveur a pris [10 695] millisecondes
29-Nov-2019 10:25:34.264 INFOS [http-nio-8080-exec-8] org.apache.catalina.core.StandardContext.reload Le rechargement du contexte [/A3-ServiceLayer] a démarré
29-Nov-2019 10:25:35.077 INFOS [http-nio-8080-exec-8] org.apache.jasper.servlet.TldScanner.scanJars Au moins un fichier JAR a été analysé pour trouver des TLDs mais il n'en contenait pas, le mode "debug" du journal peut être activé pour obtenir une liste complète de JAR scannés sans succès; éviter d'analyser des JARs inutilement peut améliorer sensiblement le temps de démarrage et le temps de compilation des JSPs
29-Nov-2019 10:25:35.081 INFOS [http-nio-8080-exec-8] org.apache.catalina.core.StandardContext.reload Le rechargement de ce contexte est terminé
29-Nov-2019 10:28:19.763 AVERTISSEMENT [http-nio-8080-exec-15] org.apache.catalina.realm.LockOutRealm.filterLockedAccounts Une tentative d'authentification a été effectuée pour l'utilisateur verrouillé ("locked user") []
29-Nov-2019 10:28:53.795 AVERTISSEMENT [http-nio-8080-exec-20] org.apache.catalina.realm.LockOutRealm.filterLockedAccounts Une tentative d'authentification a été effectuée pour l'utilisateur verrouillé ("locked user") []
29-Nov-2019 10:29:21.983 AVERTISSEMENT [http-nio-8080-exec-17] org.apache.catalina.realm.LockOutRealm.filterLockedAccounts Une tentative d'authentification a été effectuée pour l'utilisateur verrouillé ("locked user") []
29-Nov-2019 10:31:12.098 AVERTISSEMENT [http-nio-8080-exec-11] org.apache.catalina.realm.LockOutRealm.filterLockedAccounts Une tentative d'authentification a été effectuée pour l'utilisateur verrouillé ("locked user") []
29-Nov-2019 10:31:44.215 AVERTISSEMENT [http-nio-8080-exec-13] org.apache.catalina.realm.LockOutRealm.filterLockedAccounts Une tentative d'authentification a été effectuée pour l'utilisateur verrouillé ("locked user") []
29-Nov-2019 10:31:53.717 AVERTISSEMENT [http-nio-8080-exec-14] org.apache.catalina.realm.LockOutRealm.filterLockedAccounts Une tentative d'authentification a été effectuée pour l'utilisateur verrouillé ("locked user") []
29-Nov-2019 10:31:53.737 AVERTISSEMENT [http-nio-8080-exec-20] org.apache.catalina.realm.LockOutRealm.filterLockedAccounts Une tentative d'authentification a été effectuée pour l'utilisateur verrouillé ("locked user") []
29-Nov-2019 10:32:59.306 AVERTISSEMENT [http-nio-8080-exec-11] org.apache.catalina.realm.LockOutRealm.filterLockedAccounts Une tentative d'authentification a été effectuée pour l'utilisateur verrouillé ("locked user") []
29-Nov-2019 10:33:15.962 AVERTISSEMENT [http-nio-8080-exec-13] org.apache.catalina.realm.LockOutRealm.filterLockedAccounts Une tentative d'authentification a été effectuée pour l'utilisateur verrouillé ("locked user") []
29-Nov-2019 10:33:20.807 AVERTISSEMENT [http-nio-8080-exec-18] org.apache.catalina.realm.LockOutRealm.filterLockedAccounts Une tentative d'authentification a été effectuée pour l'utilisateur verrouillé ("locked user") []
29-Nov-2019 10:33:25.550 AVERTISSEMENT [http-nio-8080-exec-16] org.apache.catalina.realm.LockOutRealm.filterLockedAccounts Une tentative d'authentification a été effectuée pour l'utilisateur verrouillé ("locked user") []
29-Nov-2019 10:33:25.560 AVERTISSEMENT [http-nio-8080-exec-11] org.apache.catalina.realm.LockOutRealm.filterLockedAccounts Une tentative d'authentification a été effectuée pour l'utilisateur verrouillé ("locked user") []
29-Nov-2019 10:33:25.606 AVERTISSEMENT [http-nio-8080-exec-15] org.apache.catalina.realm.LockOutRealm.filterLockedAccounts Une tentative d'authentification a été effectuée pour l'utilisateur verrouillé ("locked user") []
29-Nov-2019 10:33:25.612 INFOS [http-nio-8080-exec-18] org.apache.catalina.core.StandardContext.reload Le rechargement du contexte [/A3-UI] a démarré
29-Nov-2019 10:33:25.648 AVERTISSEMENT [http-nio-8080-exec-18] org.apache.catalina.loader.WebappClassLoaderBase.clearReferencesThreads L'application web [A3-UI] semble avoir démarré un thread nommé [mysql-cj-abandoned-connection-cleanup] mais ne l'a pas arrêté, ce qui va probablement créer une fuite de mémoire; la trace du thread est: 
 java.lang.Object.wait(Native Method)
 java.lang.ref.ReferenceQueue.remove(ReferenceQueue.java:143)
 com.mysql.cj.jdbc.AbandonedConnectionCleanupThread.run(AbandonedConnectionCleanupThread.java:85)
 java.util.concurrent.ThreadPoolExecutor.runWorker(ThreadPoolExecutor.java:1149)
 java.util.concurrent.ThreadPoolExecutor$Worker.run(ThreadPoolExecutor.java:624)
 java.lang.Thread.run(Thread.java:748)
29-Nov-2019 10:33:26.328 INFOS [http-nio-8080-exec-18] org.apache.jasper.servlet.TldScanner.scanJars Au moins un fichier JAR a été analysé pour trouver des TLDs mais il n'en contenait pas, le mode "debug" du journal peut être activé pour obtenir une liste complète de JAR scannés sans succès; éviter d'analyser des JARs inutilement peut améliorer sensiblement le temps de démarrage et le temps de compilation des JSPs
29-Nov-2019 10:33:26.348 INFOS [http-nio-8080-exec-18] org.apache.catalina.core.StandardContext.reload Le rechargement de ce contexte est terminé
29-Nov-2019 10:33:30.653 INFOS [mysql-cj-abandoned-connection-cleanup] org.apache.catalina.loader.WebappClassLoaderBase.checkStateForResourceLoading Impossible de charger [], ce chargeur de classes a déjà été arrêté
	java.lang.IllegalStateException: Impossible de charger [], ce chargeur de classes a déjà été arrêté
		at org.apache.catalina.loader.WebappClassLoaderBase.checkStateForResourceLoading(WebappClassLoaderBase.java:1385)
		at org.apache.catalina.loader.WebappClassLoaderBase.getResource(WebappClassLoaderBase.java:1038)
		at com.mysql.cj.jdbc.AbandonedConnectionCleanupThread.checkThreadContextClassLoader(AbandonedConnectionCleanupThread.java:117)
		at com.mysql.cj.jdbc.AbandonedConnectionCleanupThread.run(AbandonedConnectionCleanupThread.java:84)
		at java.util.concurrent.ThreadPoolExecutor.runWorker(ThreadPoolExecutor.java:1149)
		at java.util.concurrent.ThreadPoolExecutor$Worker.run(ThreadPoolExecutor.java:624)
		at java.lang.Thread.run(Thread.java:748)
29-Nov-2019 10:33:41.168 AVERTISSEMENT [http-nio-8080-exec-13] org.apache.catalina.realm.LockOutRealm.filterLockedAccounts Une tentative d'authentification a été effectuée pour l'utilisateur verrouillé ("locked user") []
29-Nov-2019 10:33:41.186 AVERTISSEMENT [http-nio-8080-exec-22] org.apache.catalina.realm.LockOutRealm.filterLockedAccounts Une tentative d'authentification a été effectuée pour l'utilisateur verrouillé ("locked user") []
29-Nov-2019 10:34:04.496 AVERTISSEMENT [http-nio-8080-exec-28] org.apache.catalina.realm.LockOutRealm.filterLockedAccounts Une tentative d'authentification a été effectuée pour l'utilisateur verrouillé ("locked user") []
29-Nov-2019 10:34:15.976 AVERTISSEMENT [http-nio-8080-exec-17] org.apache.catalina.realm.LockOutRealm.filterLockedAccounts Une tentative d'authentification a été effectuée pour l'utilisateur verrouillé ("locked user") []
29-Nov-2019 10:35:10.025 GRAVE [http-nio-8080-exec-27] BookController.doGet null
	repository.core.BookRepositoryException: Book not found in database
		at repository.core.BookRepository.getBookInfo(BookRepository.java:92)
		at BookController.doGet(BookController.java:74)
		at javax.servlet.http.HttpServlet.service(HttpServlet.java:634)
		at javax.servlet.http.HttpServlet.service(HttpServlet.java:741)
		at org.apache.catalina.core.ApplicationFilterChain.internalDoFilter(ApplicationFilterChain.java:231)
		at org.apache.catalina.core.ApplicationFilterChain.doFilter(ApplicationFilterChain.java:166)
		at org.apache.tomcat.websocket.server.WsFilter.doFilter(WsFilter.java:53)
		at org.apache.catalina.core.ApplicationFilterChain.internalDoFilter(ApplicationFilterChain.java:193)
		at org.apache.catalina.core.ApplicationFilterChain.doFilter(ApplicationFilterChain.java:166)
		at org.apache.catalina.core.StandardWrapperValve.invoke(StandardWrapperValve.java:202)
		at org.apache.catalina.core.StandardContextValve.invoke(StandardContextValve.java:96)
		at org.apache.catalina.authenticator.AuthenticatorBase.invoke(AuthenticatorBase.java:526)
		at org.apache.catalina.core.StandardHostValve.invoke(StandardHostValve.java:139)
		at org.apache.catalina.valves.ErrorReportValve.invoke(ErrorReportValve.java:92)
		at org.apache.catalina.valves.AbstractAccessLogValve.invoke(AbstractAccessLogValve.java:678)
		at org.apache.catalina.core.StandardEngineValve.invoke(StandardEngineValve.java:74)
		at org.apache.catalina.connector.CoyoteAdapter.service(CoyoteAdapter.java:343)
		at org.apache.coyote.http11.Http11Processor.service(Http11Processor.java:408)
		at org.apache.coyote.AbstractProcessorLight.process(AbstractProcessorLight.java:66)
		at org.apache.coyote.AbstractProtocol$ConnectionHandler.process(AbstractProtocol.java:860)
		at org.apache.tomcat.util.net.NioEndpoint$SocketProcessor.doRun(NioEndpoint.java:1589)
		at org.apache.tomcat.util.net.SocketProcessorBase.run(SocketProcessorBase.java:49)
		at java.util.concurrent.ThreadPoolExecutor.runWorker(ThreadPoolExecutor.java:1149)
		at java.util.concurrent.ThreadPoolExecutor$Worker.run(ThreadPoolExecutor.java:624)
		at org.apache.tomcat.util.threads.TaskThread$WrappingRunnable.run(TaskThread.java:61)
		at java.lang.Thread.run(Thread.java:748)
29-Nov-2019 10:35:47.182 AVERTISSEMENT [http-nio-8080-exec-29] org.apache.catalina.realm.LockOutRealm.filterLockedAccounts Une tentative d'authentification a été effectuée pour l'utilisateur verrouillé ("locked user") []
29-Nov-2019 10:36:14.943 AVERTISSEMENT [http-nio-8080-exec-22] org.apache.catalina.realm.LockOutRealm.filterLockedAccounts Une tentative d'authentification a été effectuée pour l'utilisateur verrouillé ("locked user") []
29-Nov-2019 10:36:16.348 GRAVE [http-nio-8080-exec-25] BookController.doGet null
	repository.core.BookRepositoryException: Book not found in database
		at repository.core.BookRepository.getBookInfo(BookRepository.java:92)
		at BookController.doGet(BookController.java:74)
		at javax.servlet.http.HttpServlet.service(HttpServlet.java:634)
		at javax.servlet.http.HttpServlet.service(HttpServlet.java:741)
		at org.apache.catalina.core.ApplicationFilterChain.internalDoFilter(ApplicationFilterChain.java:231)
		at org.apache.catalina.core.ApplicationFilterChain.doFilter(ApplicationFilterChain.java:166)
		at org.apache.tomcat.websocket.server.WsFilter.doFilter(WsFilter.java:53)
		at org.apache.catalina.core.ApplicationFilterChain.internalDoFilter(ApplicationFilterChain.java:193)
		at org.apache.catalina.core.ApplicationFilterChain.doFilter(ApplicationFilterChain.java:166)
		at org.apache.catalina.core.StandardWrapperValve.invoke(StandardWrapperValve.java:202)
		at org.apache.catalina.core.StandardContextValve.invoke(StandardContextValve.java:96)
		at org.apache.catalina.authenticator.AuthenticatorBase.invoke(AuthenticatorBase.java:526)
		at org.apache.catalina.core.StandardHostValve.invoke(StandardHostValve.java:139)
		at org.apache.catalina.valves.ErrorReportValve.invoke(ErrorReportValve.java:92)
		at org.apache.catalina.valves.AbstractAccessLogValve.invoke(AbstractAccessLogValve.java:678)
		at org.apache.catalina.core.StandardEngineValve.invoke(StandardEngineValve.java:74)
		at org.apache.catalina.connector.CoyoteAdapter.service(CoyoteAdapter.java:343)
		at org.apache.coyote.http11.Http11Processor.service(Http11Processor.java:408)
		at org.apache.coyote.AbstractProcessorLight.process(AbstractProcessorLight.java:66)
		at org.apache.coyote.AbstractProtocol$ConnectionHandler.process(AbstractProtocol.java:860)
		at org.apache.tomcat.util.net.NioEndpoint$SocketProcessor.doRun(NioEndpoint.java:1589)
		at org.apache.tomcat.util.net.SocketProcessorBase.run(SocketProcessorBase.java:49)
		at java.util.concurrent.ThreadPoolExecutor.runWorker(ThreadPoolExecutor.java:1149)
		at java.util.concurrent.ThreadPoolExecutor$Worker.run(ThreadPoolExecutor.java:624)
		at org.apache.tomcat.util.threads.TaskThread$WrappingRunnable.run(TaskThread.java:61)
		at java.lang.Thread.run(Thread.java:748)
29-Nov-2019 10:36:53.792 AVERTISSEMENT [http-nio-8080-exec-23] org.apache.catalina.realm.LockOutRealm.filterLockedAccounts Une tentative d'authentification a été effectuée pour l'utilisateur verrouillé ("locked user") []
29-Nov-2019 10:37:03.167 AVERTISSEMENT [http-nio-8080-exec-23] org.apache.catalina.realm.LockOutRealm.filterLockedAccounts Une tentative d'authentification a été effectuée pour l'utilisateur verrouillé ("locked user") []
29-Nov-2019 10:37:30.038 AVERTISSEMENT [http-nio-8080-exec-26] org.apache.catalina.realm.LockOutRealm.filterLockedAccounts Une tentative d'authentification a été effectuée pour l'utilisateur verrouillé ("locked user") []
29-Nov-2019 10:37:39.533 AVERTISSEMENT [http-nio-8080-exec-26] org.apache.catalina.realm.LockOutRealm.filterLockedAccounts Une tentative d'authentification a été effectuée pour l'utilisateur verrouillé ("locked user") []
29-Nov-2019 10:37:47.407 AVERTISSEMENT [http-nio-8080-exec-24] org.apache.catalina.realm.LockOutRealm.filterLockedAccounts Une tentative d'authentification a été effectuée pour l'utilisateur verrouillé ("locked user") []
29-Nov-2019 10:37:50.218 GRAVE [http-nio-8080-exec-29] BookController.doGet null
	repository.core.BookRepositoryException: Book not found in database
		at repository.core.BookRepository.getBookInfo(BookRepository.java:92)
		at BookController.doGet(BookController.java:74)
		at javax.servlet.http.HttpServlet.service(HttpServlet.java:634)
		at javax.servlet.http.HttpServlet.service(HttpServlet.java:741)
		at org.apache.catalina.core.ApplicationFilterChain.internalDoFilter(ApplicationFilterChain.java:231)
		at org.apache.catalina.core.ApplicationFilterChain.doFilter(ApplicationFilterChain.java:166)
		at org.apache.tomcat.websocket.server.WsFilter.doFilter(WsFilter.java:53)
		at org.apache.catalina.core.ApplicationFilterChain.internalDoFilter(ApplicationFilterChain.java:193)
		at org.apache.catalina.core.ApplicationFilterChain.doFilter(ApplicationFilterChain.java:166)
		at org.apache.catalina.core.StandardWrapperValve.invoke(StandardWrapperValve.java:202)
		at org.apache.catalina.core.StandardContextValve.invoke(StandardContextValve.java:96)
		at org.apache.catalina.authenticator.AuthenticatorBase.invoke(AuthenticatorBase.java:526)
		at org.apache.catalina.core.StandardHostValve.invoke(StandardHostValve.java:139)
		at org.apache.catalina.valves.ErrorReportValve.invoke(ErrorReportValve.java:92)
		at org.apache.catalina.valves.AbstractAccessLogValve.invoke(AbstractAccessLogValve.java:678)
		at org.apache.catalina.core.StandardEngineValve.invoke(StandardEngineValve.java:74)
		at org.apache.catalina.connector.CoyoteAdapter.service(CoyoteAdapter.java:343)
		at org.apache.coyote.http11.Http11Processor.service(Http11Processor.java:408)
		at org.apache.coyote.AbstractProcessorLight.process(AbstractProcessorLight.java:66)
		at org.apache.coyote.AbstractProtocol$ConnectionHandler.process(AbstractProtocol.java:860)
		at org.apache.tomcat.util.net.NioEndpoint$SocketProcessor.doRun(NioEndpoint.java:1589)
		at org.apache.tomcat.util.net.SocketProcessorBase.run(SocketProcessorBase.java:49)
		at java.util.concurrent.ThreadPoolExecutor.runWorker(ThreadPoolExecutor.java:1149)
		at java.util.concurrent.ThreadPoolExecutor$Worker.run(ThreadPoolExecutor.java:624)
		at org.apache.tomcat.util.threads.TaskThread$WrappingRunnable.run(TaskThread.java:61)
		at java.lang.Thread.run(Thread.java:748)
29-Nov-2019 10:38:35.408 AVERTISSEMENT [http-nio-8080-exec-21] org.apache.catalina.realm.LockOutRealm.filterLockedAccounts Une tentative d'authentification a été effectuée pour l'utilisateur verrouillé ("locked user") []
29-Nov-2019 10:38:53.332 AVERTISSEMENT [http-nio-8080-exec-24] org.apache.catalina.realm.LockOutRealm.filterLockedAccounts Une tentative d'authentification a été effectuée pour l'utilisateur verrouillé ("locked user") []
29-Nov-2019 10:38:58.182 GRAVE [http-nio-8080-exec-29] BookController.doGet null
	repository.core.BookRepositoryException: Book not found in database
		at repository.core.BookRepository.getBookInfo(BookRepository.java:92)
		at BookController.doGet(BookController.java:74)
		at javax.servlet.http.HttpServlet.service(HttpServlet.java:634)
		at javax.servlet.http.HttpServlet.service(HttpServlet.java:741)
		at org.apache.catalina.core.ApplicationFilterChain.internalDoFilter(ApplicationFilterChain.java:231)
		at org.apache.catalina.core.ApplicationFilterChain.doFilter(ApplicationFilterChain.java:166)
		at org.apache.tomcat.websocket.server.WsFilter.doFilter(WsFilter.java:53)
		at org.apache.catalina.core.ApplicationFilterChain.internalDoFilter(ApplicationFilterChain.java:193)
		at org.apache.catalina.core.ApplicationFilterChain.doFilter(ApplicationFilterChain.java:166)
		at org.apache.catalina.core.StandardWrapperValve.invoke(StandardWrapperValve.java:202)
		at org.apache.catalina.core.StandardContextValve.invoke(StandardContextValve.java:96)
		at org.apache.catalina.authenticator.AuthenticatorBase.invoke(AuthenticatorBase.java:526)
		at org.apache.catalina.core.StandardHostValve.invoke(StandardHostValve.java:139)
		at org.apache.catalina.valves.ErrorReportValve.invoke(ErrorReportValve.java:92)
		at org.apache.catalina.valves.AbstractAccessLogValve.invoke(AbstractAccessLogValve.java:678)
		at org.apache.catalina.core.StandardEngineValve.invoke(StandardEngineValve.java:74)
		at org.apache.catalina.connector.CoyoteAdapter.service(CoyoteAdapter.java:343)
		at org.apache.coyote.http11.Http11Processor.service(Http11Processor.java:408)
		at org.apache.coyote.AbstractProcessorLight.process(AbstractProcessorLight.java:66)
		at org.apache.coyote.AbstractProtocol$ConnectionHandler.process(AbstractProtocol.java:860)
		at org.apache.tomcat.util.net.NioEndpoint$SocketProcessor.doRun(NioEndpoint.java:1589)
		at org.apache.tomcat.util.net.SocketProcessorBase.run(SocketProcessorBase.java:49)
		at java.util.concurrent.ThreadPoolExecutor.runWorker(ThreadPoolExecutor.java:1149)
		at java.util.concurrent.ThreadPoolExecutor$Worker.run(ThreadPoolExecutor.java:624)
		at org.apache.tomcat.util.threads.TaskThread$WrappingRunnable.run(TaskThread.java:61)
		at java.lang.Thread.run(Thread.java:748)
29-Nov-2019 10:39:15.818 AVERTISSEMENT [http-nio-8080-exec-24] org.apache.catalina.realm.LockOutRealm.filterLockedAccounts Une tentative d'authentification a été effectuée pour l'utilisateur verrouillé ("locked user") []
29-Nov-2019 10:39:17.208 AVERTISSEMENT [http-nio-8080-exec-21] org.apache.catalina.realm.LockOutRealm.filterLockedAccounts Une tentative d'authentification a été effectuée pour l'utilisateur verrouillé ("locked user") []
29-Nov-2019 10:39:17.233 AVERTISSEMENT [http-nio-8080-exec-23] org.apache.catalina.realm.LockOutRealm.filterLockedAccounts Une tentative d'authentification a été effectuée pour l'utilisateur verrouillé ("locked user") []
29-Nov-2019 10:39:37.991 GRAVE [http-nio-8080-exec-23] BookController.doGet null
	repository.core.BookRepositoryException: Book not found in database
		at repository.core.BookRepository.getBookInfo(BookRepository.java:92)
		at BookController.doGet(BookController.java:74)
		at javax.servlet.http.HttpServlet.service(HttpServlet.java:634)
		at javax.servlet.http.HttpServlet.service(HttpServlet.java:741)
		at org.apache.catalina.core.ApplicationFilterChain.internalDoFilter(ApplicationFilterChain.java:231)
		at org.apache.catalina.core.ApplicationFilterChain.doFilter(ApplicationFilterChain.java:166)
		at org.apache.tomcat.websocket.server.WsFilter.doFilter(WsFilter.java:53)
		at org.apache.catalina.core.ApplicationFilterChain.internalDoFilter(ApplicationFilterChain.java:193)
		at org.apache.catalina.core.ApplicationFilterChain.doFilter(ApplicationFilterChain.java:166)
		at org.apache.catalina.core.StandardWrapperValve.invoke(StandardWrapperValve.java:202)
		at org.apache.catalina.core.StandardContextValve.invoke(StandardContextValve.java:96)
		at org.apache.catalina.authenticator.AuthenticatorBase.invoke(AuthenticatorBase.java:526)
		at org.apache.catalina.core.StandardHostValve.invoke(StandardHostValve.java:139)
		at org.apache.catalina.valves.ErrorReportValve.invoke(ErrorReportValve.java:92)
		at org.apache.catalina.valves.AbstractAccessLogValve.invoke(AbstractAccessLogValve.java:678)
		at org.apache.catalina.core.StandardEngineValve.invoke(StandardEngineValve.java:74)
		at org.apache.catalina.connector.CoyoteAdapter.service(CoyoteAdapter.java:343)
		at org.apache.coyote.http11.Http11Processor.service(Http11Processor.java:408)
		at org.apache.coyote.AbstractProcessorLight.process(AbstractProcessorLight.java:66)
		at org.apache.coyote.AbstractProtocol$ConnectionHandler.process(AbstractProtocol.java:860)
		at org.apache.tomcat.util.net.NioEndpoint$SocketProcessor.doRun(NioEndpoint.java:1589)
		at org.apache.tomcat.util.net.SocketProcessorBase.run(SocketProcessorBase.java:49)
		at java.util.concurrent.ThreadPoolExecutor.runWorker(ThreadPoolExecutor.java:1149)
		at java.util.concurrent.ThreadPoolExecutor$Worker.run(ThreadPoolExecutor.java:624)
		at org.apache.tomcat.util.threads.TaskThread$WrappingRunnable.run(TaskThread.java:61)
		at java.lang.Thread.run(Thread.java:748)
29-Nov-2019 10:40:13.739 AVERTISSEMENT [http-nio-8080-exec-21] org.apache.catalina.realm.LockOutRealm.filterLockedAccounts Une tentative d'authentification a été effectuée pour l'utilisateur verrouillé ("locked user") []
29-Nov-2019 10:40:31.616 AVERTISSEMENT [http-nio-8080-exec-23] org.apache.catalina.realm.LockOutRealm.filterLockedAccounts Une tentative d'authentification a été effectuée pour l'utilisateur verrouillé ("locked user") []
