16-Nov-2019 09:56:50.423 INFOS [main] org.apache.catalina.startup.VersionLoggerListener.log Version du serveur:        Apache Tomcat/9.0.26
16-Nov-2019 09:56:50.426 INFOS [main] org.apache.catalina.startup.VersionLoggerListener.log Serveur compilé:       Sep 16 2019 15:51:39 UTC
16-Nov-2019 09:56:50.426 INFOS [main] org.apache.catalina.startup.VersionLoggerListener.log Version du serveur:      9.0.26.0
16-Nov-2019 09:56:50.426 INFOS [main] org.apache.catalina.startup.VersionLoggerListener.log Nom de l'OS:           Mac OS X
16-Nov-2019 09:56:50.426 INFOS [main] org.apache.catalina.startup.VersionLoggerListener.log Version de l'OS:        10.15.1
16-Nov-2019 09:56:50.427 INFOS [main] org.apache.catalina.startup.VersionLoggerListener.log Architecture:          x86_64
16-Nov-2019 09:56:50.427 INFOS [main] org.apache.catalina.startup.VersionLoggerListener.log Répertoire de Java:     /Library/Java/JavaVirtualMachines/jdk1.8.0_141.jdk/Contents/Home/jre
16-Nov-2019 09:56:50.427 INFOS [main] org.apache.catalina.startup.VersionLoggerListener.log Version de la JVM:           1.8.0_141-b15
16-Nov-2019 09:56:50.427 INFOS [main] org.apache.catalina.startup.VersionLoggerListener.log Fournisseur de la JVM:            Oracle Corporation
16-Nov-2019 09:56:50.427 INFOS [main] org.apache.catalina.startup.VersionLoggerListener.log CATALINA_BASE:         /Users/Airi/Documents/SOEN387-Projects-and-Labs/Assignment 2/apache-tomcat-9.0.26
16-Nov-2019 09:56:50.427 INFOS [main] org.apache.catalina.startup.VersionLoggerListener.log CATALINA_HOME:         /Users/Airi/Documents/SOEN387-Projects-and-Labs/Assignment 2/apache-tomcat-9.0.26
16-Nov-2019 09:56:50.432 INFOS [main] org.apache.catalina.startup.VersionLoggerListener.log Argument de la ligne de commande: -Djava.util.logging.config.file=/Users/Airi/Documents/SOEN387-Projects-and-Labs/Assignment 2/apache-tomcat-9.0.26/conf/logging.properties
16-Nov-2019 09:56:50.432 INFOS [main] org.apache.catalina.startup.VersionLoggerListener.log Argument de la ligne de commande: -Djava.util.logging.manager=org.apache.juli.ClassLoaderLogManager
16-Nov-2019 09:56:50.432 INFOS [main] org.apache.catalina.startup.VersionLoggerListener.log Argument de la ligne de commande: -Dhttp.nonProxyHosts=localhost|127.0.0.1|Airis-MacBook-Pro.local
16-Nov-2019 09:56:50.432 INFOS [main] org.apache.catalina.startup.VersionLoggerListener.log Argument de la ligne de commande: -Djdk.tls.ephemeralDHKeySize=2048
16-Nov-2019 09:56:50.432 INFOS [main] org.apache.catalina.startup.VersionLoggerListener.log Argument de la ligne de commande: -Djava.protocol.handler.pkgs=org.apache.catalina.webresources
16-Nov-2019 09:56:50.432 INFOS [main] org.apache.catalina.startup.VersionLoggerListener.log Argument de la ligne de commande: -Dorg.apache.catalina.security.SecurityListener.UMASK=0027
16-Nov-2019 09:56:50.432 INFOS [main] org.apache.catalina.startup.VersionLoggerListener.log Argument de la ligne de commande: -Dignore.endorsed.dirs=
16-Nov-2019 09:56:50.432 INFOS [main] org.apache.catalina.startup.VersionLoggerListener.log Argument de la ligne de commande: -Dcatalina.base=/Users/Airi/Documents/SOEN387-Projects-and-Labs/Assignment 2/apache-tomcat-9.0.26
16-Nov-2019 09:56:50.433 INFOS [main] org.apache.catalina.startup.VersionLoggerListener.log Argument de la ligne de commande: -Dcatalina.home=/Users/Airi/Documents/SOEN387-Projects-and-Labs/Assignment 2/apache-tomcat-9.0.26
16-Nov-2019 09:56:50.433 INFOS [main] org.apache.catalina.startup.VersionLoggerListener.log Argument de la ligne de commande: -Djava.io.tmpdir=/Users/Airi/Documents/SOEN387-Projects-and-Labs/Assignment 2/apache-tomcat-9.0.26/temp
16-Nov-2019 09:56:50.433 INFOS [main] org.apache.catalina.core.AprLifecycleListener.lifecycleEvent La librairie Apache Tomcat Native basée sur APR qui permet des performances optimales dans les environnements de production n'a pas été trouvée sur le java.library.path: [/Users/Airi/Library/Java/Extensions:/Library/Java/Extensions:/Network/Library/Java/Extensions:/System/Library/Java/Extensions:/usr/lib/java:.]
16-Nov-2019 09:56:51.250 INFOS [main] org.apache.coyote.AbstractProtocol.init Initialisation du gestionnaire de protocole ["http-nio-8080"]
16-Nov-2019 09:56:51.386 INFOS [main] org.apache.coyote.AbstractProtocol.init Initialisation du gestionnaire de protocole ["ajp-nio-8009"]
16-Nov-2019 09:56:51.391 INFOS [main] org.apache.catalina.startup.Catalina.load L'initialisation du serveur a pris [1 403] millisecondes
16-Nov-2019 09:56:51.466 INFOS [main] org.apache.catalina.core.StandardService.startInternal Démarrage du service [Catalina]
16-Nov-2019 09:56:51.466 INFOS [main] org.apache.catalina.core.StandardEngine.startInternal Démarrage du moteur de Servlets: [Apache Tomcat/9.0.26]
16-Nov-2019 09:56:51.516 INFOS [main] org.apache.catalina.startup.HostConfig.deployDescriptor Déploiement du descripteur de configuration [/Users/Airi/Documents/SOEN387-Projects-and-Labs/Assignment 2/apache-tomcat-9.0.26/conf/Catalina/localhost/A2-UI.xml]
16-Nov-2019 09:56:51.641 AVERTISSEMENT [main] org.apache.catalina.startup.HostConfig.deployDescriptor L'attribut path avec la valeur [/A2-UI] dans le descripteur de déploiement [/Users/Airi/Documents/SOEN387-Projects-and-Labs/Assignment 2/apache-tomcat-9.0.26/conf/Catalina/localhost/A2-UI.xml] a été ignoré
16-Nov-2019 09:56:53.764 INFOS [main] org.apache.jasper.servlet.TldScanner.scanJars Au moins un fichier JAR a été analysé pour trouver des TLDs mais il n'en contenait pas, le mode "debug" du journal peut être activé pour obtenir une liste complète de JAR scannés sans succès; éviter d'analyser des JARs inutilement peut améliorer sensiblement le temps de démarrage et le temps de compilation des JSPs
16-Nov-2019 09:56:53.932 INFOS [main] org.apache.catalina.startup.HostConfig.deployDescriptor Le traitement du descripteur de déploiement [/Users/Airi/Documents/SOEN387-Projects-and-Labs/Assignment 2/apache-tomcat-9.0.26/conf/Catalina/localhost/A2-UI.xml] a pris [2 417] ms
16-Nov-2019 09:56:53.933 INFOS [main] org.apache.catalina.startup.HostConfig.deployDescriptor Déploiement du descripteur de configuration [/Users/Airi/Documents/SOEN387-Projects-and-Labs/Assignment 2/apache-tomcat-9.0.26/conf/Catalina/localhost/A2.xml]
16-Nov-2019 09:56:53.934 AVERTISSEMENT [main] org.apache.catalina.startup.HostConfig.deployDescriptor L'attribut path avec la valeur [/A2] dans le descripteur de déploiement [/Users/Airi/Documents/SOEN387-Projects-and-Labs/Assignment 2/apache-tomcat-9.0.26/conf/Catalina/localhost/A2.xml] a été ignoré
16-Nov-2019 09:56:53.940 GRAVE [main] org.apache.catalina.startup.HostConfig.deployDescriptor Erreur lors du déploiement du descripteur de configuration [/Users/Airi/Documents/SOEN387-Projects-and-Labs/Assignment 2/apache-tomcat-9.0.26/conf/Catalina/localhost/A2.xml]
	java.lang.IllegalStateException: Erreur lors du démarrage du conteneur fils
		at org.apache.catalina.core.ContainerBase.addChildInternal(ContainerBase.java:720)
		at org.apache.catalina.core.ContainerBase.addChild(ContainerBase.java:690)
		at org.apache.catalina.core.StandardHost.addChild(StandardHost.java:705)
		at org.apache.catalina.startup.HostConfig.deployDescriptor(HostConfig.java:631)
		at org.apache.catalina.startup.HostConfig$DeployDescriptor.run(HostConfig.java:1831)
		at java.util.concurrent.Executors$RunnableAdapter.call(Executors.java:511)
		at java.util.concurrent.FutureTask.run(FutureTask.java:266)
		at org.apache.tomcat.util.threads.InlineExecutorService.execute(InlineExecutorService.java:75)
		at java.util.concurrent.AbstractExecutorService.submit(AbstractExecutorService.java:112)
		at org.apache.catalina.startup.HostConfig.deployDescriptors(HostConfig.java:526)
		at org.apache.catalina.startup.HostConfig.deployApps(HostConfig.java:425)
		at org.apache.catalina.startup.HostConfig.start(HostConfig.java:1576)
		at org.apache.catalina.startup.HostConfig.lifecycleEvent(HostConfig.java:309)
		at org.apache.catalina.util.LifecycleBase.fireLifecycleEvent(LifecycleBase.java:123)
		at org.apache.catalina.util.LifecycleBase.setStateInternal(LifecycleBase.java:423)
		at org.apache.catalina.util.LifecycleBase.setState(LifecycleBase.java:366)
		at org.apache.catalina.core.ContainerBase.startInternal(ContainerBase.java:936)
		at org.apache.catalina.core.StandardHost.startInternal(StandardHost.java:841)
		at org.apache.catalina.util.LifecycleBase.start(LifecycleBase.java:183)
		at org.apache.catalina.core.ContainerBase$StartChild.call(ContainerBase.java:1384)
		at org.apache.catalina.core.ContainerBase$StartChild.call(ContainerBase.java:1374)
		at java.util.concurrent.FutureTask.run(FutureTask.java:266)
		at org.apache.tomcat.util.threads.InlineExecutorService.execute(InlineExecutorService.java:75)
		at java.util.concurrent.AbstractExecutorService.submit(AbstractExecutorService.java:134)
		at org.apache.catalina.core.ContainerBase.startInternal(ContainerBase.java:909)
		at org.apache.catalina.core.StandardEngine.startInternal(StandardEngine.java:262)
		at org.apache.catalina.util.LifecycleBase.start(LifecycleBase.java:183)
		at org.apache.catalina.core.StandardService.startInternal(StandardService.java:421)
		at org.apache.catalina.util.LifecycleBase.start(LifecycleBase.java:183)
		at org.apache.catalina.core.StandardServer.startInternal(StandardServer.java:932)
		at org.apache.catalina.util.LifecycleBase.start(LifecycleBase.java:183)
		at org.apache.catalina.startup.Catalina.start(Catalina.java:633)
		at sun.reflect.NativeMethodAccessorImpl.invoke0(Native Method)
		at sun.reflect.NativeMethodAccessorImpl.invoke(NativeMethodAccessorImpl.java:62)
		at sun.reflect.DelegatingMethodAccessorImpl.invoke(DelegatingMethodAccessorImpl.java:43)
		at java.lang.reflect.Method.invoke(Method.java:498)
		at org.apache.catalina.startup.Bootstrap.start(Bootstrap.java:344)
		at org.apache.catalina.startup.Bootstrap.main(Bootstrap.java:475)
	Caused by: org.apache.catalina.LifecycleException: Echec de démarrage du composant [org.apache.catalina.webresources.StandardRoot@60baef24]
		at org.apache.catalina.util.LifecycleBase.handleSubClassException(LifecycleBase.java:440)
		at org.apache.catalina.util.LifecycleBase.start(LifecycleBase.java:198)
		at org.apache.catalina.core.StandardContext.resourcesStart(StandardContext.java:4800)
		at org.apache.catalina.core.StandardContext.startInternal(StandardContext.java:4935)
		at org.apache.catalina.util.LifecycleBase.start(LifecycleBase.java:183)
		at org.apache.catalina.core.ContainerBase.addChildInternal(ContainerBase.java:717)
		... 37 more
	Caused by: java.lang.IllegalArgumentException: L'ensemble de ressources principal [/Users/Airi/Documents/SOEN387-Projects-and-Labs/Assignment 2/A2/build/web] est invalide
		at org.apache.catalina.webresources.StandardRoot.createMainResourceSet(StandardRoot.java:752)
		at org.apache.catalina.webresources.StandardRoot.startInternal(StandardRoot.java:709)
		at org.apache.catalina.util.LifecycleBase.start(LifecycleBase.java:183)
		... 41 more
16-Nov-2019 09:56:53.943 INFOS [main] org.apache.catalina.startup.HostConfig.deployDescriptor Le traitement du descripteur de déploiement [/Users/Airi/Documents/SOEN387-Projects-and-Labs/Assignment 2/apache-tomcat-9.0.26/conf/Catalina/localhost/A2.xml] a pris [10] ms
16-Nov-2019 09:56:53.944 INFOS [main] org.apache.catalina.startup.HostConfig.deployDescriptor Déploiement du descripteur de configuration [/Users/Airi/Documents/SOEN387-Projects-and-Labs/Assignment 2/apache-tomcat-9.0.26/conf/Catalina/localhost/A1-Airi.xml]
16-Nov-2019 09:56:53.945 AVERTISSEMENT [main] org.apache.catalina.startup.HostConfig.deployDescriptor L'attribut path avec la valeur [/A1-Airi] dans le descripteur de déploiement [/Users/Airi/Documents/SOEN387-Projects-and-Labs/Assignment 2/apache-tomcat-9.0.26/conf/Catalina/localhost/A1-Airi.xml] a été ignoré
16-Nov-2019 09:56:54.229 INFOS [main] org.apache.jasper.servlet.TldScanner.scanJars Au moins un fichier JAR a été analysé pour trouver des TLDs mais il n'en contenait pas, le mode "debug" du journal peut être activé pour obtenir une liste complète de JAR scannés sans succès; éviter d'analyser des JARs inutilement peut améliorer sensiblement le temps de démarrage et le temps de compilation des JSPs
16-Nov-2019 09:56:54.242 INFOS [main] org.apache.catalina.startup.HostConfig.deployDescriptor Le traitement du descripteur de déploiement [/Users/Airi/Documents/SOEN387-Projects-and-Labs/Assignment 2/apache-tomcat-9.0.26/conf/Catalina/localhost/A1-Airi.xml] a pris [297] ms
16-Nov-2019 09:56:54.242 INFOS [main] org.apache.catalina.startup.HostConfig.deployDescriptor Déploiement du descripteur de configuration [/Users/Airi/Documents/SOEN387-Projects-and-Labs/Assignment 2/apache-tomcat-9.0.26/conf/Catalina/localhost/MVC-Examples.xml]
16-Nov-2019 09:56:54.244 AVERTISSEMENT [main] org.apache.catalina.startup.HostConfig.deployDescriptor L'attribut path avec la valeur [/MVC-Examples] dans le descripteur de déploiement [/Users/Airi/Documents/SOEN387-Projects-and-Labs/Assignment 2/apache-tomcat-9.0.26/conf/Catalina/localhost/MVC-Examples.xml] a été ignoré
16-Nov-2019 09:56:54.413 INFOS [main] org.apache.jasper.servlet.TldScanner.scanJars Au moins un fichier JAR a été analysé pour trouver des TLDs mais il n'en contenait pas, le mode "debug" du journal peut être activé pour obtenir une liste complète de JAR scannés sans succès; éviter d'analyser des JARs inutilement peut améliorer sensiblement le temps de démarrage et le temps de compilation des JSPs
16-Nov-2019 09:56:54.417 INFOS [main] org.apache.catalina.startup.HostConfig.deployDescriptor Le traitement du descripteur de déploiement [/Users/Airi/Documents/SOEN387-Projects-and-Labs/Assignment 2/apache-tomcat-9.0.26/conf/Catalina/localhost/MVC-Examples.xml] a pris [175] ms
16-Nov-2019 09:56:54.417 INFOS [main] org.apache.catalina.startup.HostConfig.deployDescriptor Déploiement du descripteur de configuration [/Users/Airi/Documents/SOEN387-Projects-and-Labs/Assignment 2/apache-tomcat-9.0.26/conf/Catalina/localhost/CalculatorApp.xml]
16-Nov-2019 09:56:54.420 AVERTISSEMENT [main] org.apache.catalina.startup.HostConfig.deployDescriptor L'attribut path avec la valeur [/CalculatorApp] dans le descripteur de déploiement [/Users/Airi/Documents/SOEN387-Projects-and-Labs/Assignment 2/apache-tomcat-9.0.26/conf/Catalina/localhost/CalculatorApp.xml] a été ignoré
16-Nov-2019 09:56:54.620 INFOS [main] org.apache.jasper.servlet.TldScanner.scanJars Au moins un fichier JAR a été analysé pour trouver des TLDs mais il n'en contenait pas, le mode "debug" du journal peut être activé pour obtenir une liste complète de JAR scannés sans succès; éviter d'analyser des JARs inutilement peut améliorer sensiblement le temps de démarrage et le temps de compilation des JSPs
16-Nov-2019 09:56:54.623 INFOS [main] org.apache.catalina.startup.HostConfig.deployDescriptor Le traitement du descripteur de déploiement [/Users/Airi/Documents/SOEN387-Projects-and-Labs/Assignment 2/apache-tomcat-9.0.26/conf/Catalina/localhost/CalculatorApp.xml] a pris [206] ms
16-Nov-2019 09:56:54.624 INFOS [main] org.apache.catalina.startup.HostConfig.deployDescriptor Déploiement du descripteur de configuration [/Users/Airi/Documents/SOEN387-Projects-and-Labs/Assignment 2/apache-tomcat-9.0.26/conf/Catalina/localhost/Assignment 1.xml]
16-Nov-2019 09:56:54.627 AVERTISSEMENT [main] org.apache.catalina.startup.HostConfig.deployDescriptor L'attribut path avec la valeur [/Assignment 1] dans le descripteur de déploiement [/Users/Airi/Documents/SOEN387-Projects-and-Labs/Assignment 2/apache-tomcat-9.0.26/conf/Catalina/localhost/Assignment 1.xml] a été ignoré
16-Nov-2019 09:56:54.637 GRAVE [main] org.apache.catalina.startup.HostConfig.deployDescriptor Erreur lors du déploiement du descripteur de configuration [/Users/Airi/Documents/SOEN387-Projects-and-Labs/Assignment 2/apache-tomcat-9.0.26/conf/Catalina/localhost/Assignment 1.xml]
	java.lang.IllegalStateException: Erreur lors du démarrage du conteneur fils
		at org.apache.catalina.core.ContainerBase.addChildInternal(ContainerBase.java:720)
		at org.apache.catalina.core.ContainerBase.addChild(ContainerBase.java:690)
		at org.apache.catalina.core.StandardHost.addChild(StandardHost.java:705)
		at org.apache.catalina.startup.HostConfig.deployDescriptor(HostConfig.java:631)
		at org.apache.catalina.startup.HostConfig$DeployDescriptor.run(HostConfig.java:1831)
		at java.util.concurrent.Executors$RunnableAdapter.call(Executors.java:511)
		at java.util.concurrent.FutureTask.run(FutureTask.java:266)
		at org.apache.tomcat.util.threads.InlineExecutorService.execute(InlineExecutorService.java:75)
		at java.util.concurrent.AbstractExecutorService.submit(AbstractExecutorService.java:112)
		at org.apache.catalina.startup.HostConfig.deployDescriptors(HostConfig.java:526)
		at org.apache.catalina.startup.HostConfig.deployApps(HostConfig.java:425)
		at org.apache.catalina.startup.HostConfig.start(HostConfig.java:1576)
		at org.apache.catalina.startup.HostConfig.lifecycleEvent(HostConfig.java:309)
		at org.apache.catalina.util.LifecycleBase.fireLifecycleEvent(LifecycleBase.java:123)
		at org.apache.catalina.util.LifecycleBase.setStateInternal(LifecycleBase.java:423)
		at org.apache.catalina.util.LifecycleBase.setState(LifecycleBase.java:366)
		at org.apache.catalina.core.ContainerBase.startInternal(ContainerBase.java:936)
		at org.apache.catalina.core.StandardHost.startInternal(StandardHost.java:841)
		at org.apache.catalina.util.LifecycleBase.start(LifecycleBase.java:183)
		at org.apache.catalina.core.ContainerBase$StartChild.call(ContainerBase.java:1384)
		at org.apache.catalina.core.ContainerBase$StartChild.call(ContainerBase.java:1374)
		at java.util.concurrent.FutureTask.run(FutureTask.java:266)
		at org.apache.tomcat.util.threads.InlineExecutorService.execute(InlineExecutorService.java:75)
		at java.util.concurrent.AbstractExecutorService.submit(AbstractExecutorService.java:134)
		at org.apache.catalina.core.ContainerBase.startInternal(ContainerBase.java:909)
		at org.apache.catalina.core.StandardEngine.startInternal(StandardEngine.java:262)
		at org.apache.catalina.util.LifecycleBase.start(LifecycleBase.java:183)
		at org.apache.catalina.core.StandardService.startInternal(StandardService.java:421)
		at org.apache.catalina.util.LifecycleBase.start(LifecycleBase.java:183)
		at org.apache.catalina.core.StandardServer.startInternal(StandardServer.java:932)
		at org.apache.catalina.util.LifecycleBase.start(LifecycleBase.java:183)
		at org.apache.catalina.startup.Catalina.start(Catalina.java:633)
		at sun.reflect.NativeMethodAccessorImpl.invoke0(Native Method)
		at sun.reflect.NativeMethodAccessorImpl.invoke(NativeMethodAccessorImpl.java:62)
		at sun.reflect.DelegatingMethodAccessorImpl.invoke(DelegatingMethodAccessorImpl.java:43)
		at java.lang.reflect.Method.invoke(Method.java:498)
		at org.apache.catalina.startup.Bootstrap.start(Bootstrap.java:344)
		at org.apache.catalina.startup.Bootstrap.main(Bootstrap.java:475)
	Caused by: org.apache.catalina.LifecycleException: Echec de démarrage du composant [org.apache.catalina.webresources.StandardRoot@6b667cb3]
		at org.apache.catalina.util.LifecycleBase.handleSubClassException(LifecycleBase.java:440)
		at org.apache.catalina.util.LifecycleBase.start(LifecycleBase.java:198)
		at org.apache.catalina.core.StandardContext.resourcesStart(StandardContext.java:4800)
		at org.apache.catalina.core.StandardContext.startInternal(StandardContext.java:4935)
		at org.apache.catalina.util.LifecycleBase.start(LifecycleBase.java:183)
		at org.apache.catalina.core.ContainerBase.addChildInternal(ContainerBase.java:717)
		... 37 more
	Caused by: java.lang.IllegalArgumentException: L'ensemble de ressources principal [/Users/jasminelatendresse/SOEN387-Projects-and-Labs/Assignment 1/build/web] est invalide
		at org.apache.catalina.webresources.StandardRoot.createMainResourceSet(StandardRoot.java:752)
		at org.apache.catalina.webresources.StandardRoot.startInternal(StandardRoot.java:709)
		at org.apache.catalina.util.LifecycleBase.start(LifecycleBase.java:183)
		... 41 more
16-Nov-2019 09:56:54.639 INFOS [main] org.apache.catalina.startup.HostConfig.deployDescriptor Le traitement du descripteur de déploiement [/Users/Airi/Documents/SOEN387-Projects-and-Labs/Assignment 2/apache-tomcat-9.0.26/conf/Catalina/localhost/Assignment 1.xml] a pris [15] ms
16-Nov-2019 09:56:54.639 INFOS [main] org.apache.catalina.startup.HostConfig.deployDescriptor Déploiement du descripteur de configuration [/Users/Airi/Documents/SOEN387-Projects-and-Labs/Assignment 2/apache-tomcat-9.0.26/conf/Catalina/localhost/WebApplicationDemo.xml]
16-Nov-2019 09:56:54.642 AVERTISSEMENT [main] org.apache.catalina.startup.HostConfig.deployDescriptor L'attribut path avec la valeur [/WebApplicationDemo] dans le descripteur de déploiement [/Users/Airi/Documents/SOEN387-Projects-and-Labs/Assignment 2/apache-tomcat-9.0.26/conf/Catalina/localhost/WebApplicationDemo.xml] a été ignoré
16-Nov-2019 09:56:54.650 GRAVE [main] org.apache.catalina.startup.HostConfig.deployDescriptor Erreur lors du déploiement du descripteur de configuration [/Users/Airi/Documents/SOEN387-Projects-and-Labs/Assignment 2/apache-tomcat-9.0.26/conf/Catalina/localhost/WebApplicationDemo.xml]
	java.lang.IllegalStateException: Erreur lors du démarrage du conteneur fils
		at org.apache.catalina.core.ContainerBase.addChildInternal(ContainerBase.java:720)
		at org.apache.catalina.core.ContainerBase.addChild(ContainerBase.java:690)
		at org.apache.catalina.core.StandardHost.addChild(StandardHost.java:705)
		at org.apache.catalina.startup.HostConfig.deployDescriptor(HostConfig.java:631)
		at org.apache.catalina.startup.HostConfig$DeployDescriptor.run(HostConfig.java:1831)
		at java.util.concurrent.Executors$RunnableAdapter.call(Executors.java:511)
		at java.util.concurrent.FutureTask.run(FutureTask.java:266)
		at org.apache.tomcat.util.threads.InlineExecutorService.execute(InlineExecutorService.java:75)
		at java.util.concurrent.AbstractExecutorService.submit(AbstractExecutorService.java:112)
		at org.apache.catalina.startup.HostConfig.deployDescriptors(HostConfig.java:526)
		at org.apache.catalina.startup.HostConfig.deployApps(HostConfig.java:425)
		at org.apache.catalina.startup.HostConfig.start(HostConfig.java:1576)
		at org.apache.catalina.startup.HostConfig.lifecycleEvent(HostConfig.java:309)
		at org.apache.catalina.util.LifecycleBase.fireLifecycleEvent(LifecycleBase.java:123)
		at org.apache.catalina.util.LifecycleBase.setStateInternal(LifecycleBase.java:423)
		at org.apache.catalina.util.LifecycleBase.setState(LifecycleBase.java:366)
		at org.apache.catalina.core.ContainerBase.startInternal(ContainerBase.java:936)
		at org.apache.catalina.core.StandardHost.startInternal(StandardHost.java:841)
		at org.apache.catalina.util.LifecycleBase.start(LifecycleBase.java:183)
		at org.apache.catalina.core.ContainerBase$StartChild.call(ContainerBase.java:1384)
		at org.apache.catalina.core.ContainerBase$StartChild.call(ContainerBase.java:1374)
		at java.util.concurrent.FutureTask.run(FutureTask.java:266)
		at org.apache.tomcat.util.threads.InlineExecutorService.execute(InlineExecutorService.java:75)
		at java.util.concurrent.AbstractExecutorService.submit(AbstractExecutorService.java:134)
		at org.apache.catalina.core.ContainerBase.startInternal(ContainerBase.java:909)
		at org.apache.catalina.core.StandardEngine.startInternal(StandardEngine.java:262)
		at org.apache.catalina.util.LifecycleBase.start(LifecycleBase.java:183)
		at org.apache.catalina.core.StandardService.startInternal(StandardService.java:421)
		at org.apache.catalina.util.LifecycleBase.start(LifecycleBase.java:183)
		at org.apache.catalina.core.StandardServer.startInternal(StandardServer.java:932)
		at org.apache.catalina.util.LifecycleBase.start(LifecycleBase.java:183)
		at org.apache.catalina.startup.Catalina.start(Catalina.java:633)
		at sun.reflect.NativeMethodAccessorImpl.invoke0(Native Method)
		at sun.reflect.NativeMethodAccessorImpl.invoke(NativeMethodAccessorImpl.java:62)
		at sun.reflect.DelegatingMethodAccessorImpl.invoke(DelegatingMethodAccessorImpl.java:43)
		at java.lang.reflect.Method.invoke(Method.java:498)
		at org.apache.catalina.startup.Bootstrap.start(Bootstrap.java:344)
		at org.apache.catalina.startup.Bootstrap.main(Bootstrap.java:475)
	Caused by: org.apache.catalina.LifecycleException: Echec de démarrage du composant [org.apache.catalina.webresources.StandardRoot@3cec79d3]
		at org.apache.catalina.util.LifecycleBase.handleSubClassException(LifecycleBase.java:440)
		at org.apache.catalina.util.LifecycleBase.start(LifecycleBase.java:198)
		at org.apache.catalina.core.StandardContext.resourcesStart(StandardContext.java:4800)
		at org.apache.catalina.core.StandardContext.startInternal(StandardContext.java:4935)
		at org.apache.catalina.util.LifecycleBase.start(LifecycleBase.java:183)
		at org.apache.catalina.core.ContainerBase.addChildInternal(ContainerBase.java:717)
		... 37 more
	Caused by: java.lang.IllegalArgumentException: L'ensemble de ressources principal [/Users/Airi/Documents/SOEN387-Projects-and-Labs/Labs/WebApplicationDemo/build/web] est invalide
		at org.apache.catalina.webresources.StandardRoot.createMainResourceSet(StandardRoot.java:752)
		at org.apache.catalina.webresources.StandardRoot.startInternal(StandardRoot.java:709)
		at org.apache.catalina.util.LifecycleBase.start(LifecycleBase.java:183)
		... 41 more
16-Nov-2019 09:56:54.655 INFOS [main] org.apache.catalina.startup.HostConfig.deployDescriptor Le traitement du descripteur de déploiement [/Users/Airi/Documents/SOEN387-Projects-and-Labs/Assignment 2/apache-tomcat-9.0.26/conf/Catalina/localhost/WebApplicationDemo.xml] a pris [16] ms
16-Nov-2019 09:56:54.656 INFOS [main] org.apache.catalina.startup.HostConfig.deployDescriptor Déploiement du descripteur de configuration [/Users/Airi/Documents/SOEN387-Projects-and-Labs/Assignment 2/apache-tomcat-9.0.26/conf/Catalina/localhost/A2-Airi.xml]
16-Nov-2019 09:56:54.657 AVERTISSEMENT [main] org.apache.catalina.startup.HostConfig.deployDescriptor L'attribut path avec la valeur [/A2-Airi] dans le descripteur de déploiement [/Users/Airi/Documents/SOEN387-Projects-and-Labs/Assignment 2/apache-tomcat-9.0.26/conf/Catalina/localhost/A2-Airi.xml] a été ignoré
16-Nov-2019 09:56:54.664 GRAVE [main] org.apache.catalina.startup.HostConfig.deployDescriptor Erreur lors du déploiement du descripteur de configuration [/Users/Airi/Documents/SOEN387-Projects-and-Labs/Assignment 2/apache-tomcat-9.0.26/conf/Catalina/localhost/A2-Airi.xml]
	java.lang.IllegalStateException: Erreur lors du démarrage du conteneur fils
		at org.apache.catalina.core.ContainerBase.addChildInternal(ContainerBase.java:720)
		at org.apache.catalina.core.ContainerBase.addChild(ContainerBase.java:690)
		at org.apache.catalina.core.StandardHost.addChild(StandardHost.java:705)
		at org.apache.catalina.startup.HostConfig.deployDescriptor(HostConfig.java:631)
		at org.apache.catalina.startup.HostConfig$DeployDescriptor.run(HostConfig.java:1831)
		at java.util.concurrent.Executors$RunnableAdapter.call(Executors.java:511)
		at java.util.concurrent.FutureTask.run(FutureTask.java:266)
		at org.apache.tomcat.util.threads.InlineExecutorService.execute(InlineExecutorService.java:75)
		at java.util.concurrent.AbstractExecutorService.submit(AbstractExecutorService.java:112)
		at org.apache.catalina.startup.HostConfig.deployDescriptors(HostConfig.java:526)
		at org.apache.catalina.startup.HostConfig.deployApps(HostConfig.java:425)
		at org.apache.catalina.startup.HostConfig.start(HostConfig.java:1576)
		at org.apache.catalina.startup.HostConfig.lifecycleEvent(HostConfig.java:309)
		at org.apache.catalina.util.LifecycleBase.fireLifecycleEvent(LifecycleBase.java:123)
		at org.apache.catalina.util.LifecycleBase.setStateInternal(LifecycleBase.java:423)
		at org.apache.catalina.util.LifecycleBase.setState(LifecycleBase.java:366)
		at org.apache.catalina.core.ContainerBase.startInternal(ContainerBase.java:936)
		at org.apache.catalina.core.StandardHost.startInternal(StandardHost.java:841)
		at org.apache.catalina.util.LifecycleBase.start(LifecycleBase.java:183)
		at org.apache.catalina.core.ContainerBase$StartChild.call(ContainerBase.java:1384)
		at org.apache.catalina.core.ContainerBase$StartChild.call(ContainerBase.java:1374)
		at java.util.concurrent.FutureTask.run(FutureTask.java:266)
		at org.apache.tomcat.util.threads.InlineExecutorService.execute(InlineExecutorService.java:75)
		at java.util.concurrent.AbstractExecutorService.submit(AbstractExecutorService.java:134)
		at org.apache.catalina.core.ContainerBase.startInternal(ContainerBase.java:909)
		at org.apache.catalina.core.StandardEngine.startInternal(StandardEngine.java:262)
		at org.apache.catalina.util.LifecycleBase.start(LifecycleBase.java:183)
		at org.apache.catalina.core.StandardService.startInternal(StandardService.java:421)
		at org.apache.catalina.util.LifecycleBase.start(LifecycleBase.java:183)
		at org.apache.catalina.core.StandardServer.startInternal(StandardServer.java:932)
		at org.apache.catalina.util.LifecycleBase.start(LifecycleBase.java:183)
		at org.apache.catalina.startup.Catalina.start(Catalina.java:633)
		at sun.reflect.NativeMethodAccessorImpl.invoke0(Native Method)
		at sun.reflect.NativeMethodAccessorImpl.invoke(NativeMethodAccessorImpl.java:62)
		at sun.reflect.DelegatingMethodAccessorImpl.invoke(DelegatingMethodAccessorImpl.java:43)
		at java.lang.reflect.Method.invoke(Method.java:498)
		at org.apache.catalina.startup.Bootstrap.start(Bootstrap.java:344)
		at org.apache.catalina.startup.Bootstrap.main(Bootstrap.java:475)
	Caused by: org.apache.catalina.LifecycleException: Echec de démarrage du composant [org.apache.catalina.webresources.StandardRoot@3157e4c0]
		at org.apache.catalina.util.LifecycleBase.handleSubClassException(LifecycleBase.java:440)
		at org.apache.catalina.util.LifecycleBase.start(LifecycleBase.java:198)
		at org.apache.catalina.core.StandardContext.resourcesStart(StandardContext.java:4800)
		at org.apache.catalina.core.StandardContext.startInternal(StandardContext.java:4935)
		at org.apache.catalina.util.LifecycleBase.start(LifecycleBase.java:183)
		at org.apache.catalina.core.ContainerBase.addChildInternal(ContainerBase.java:717)
		... 37 more
	Caused by: java.lang.IllegalArgumentException: L'ensemble de ressources principal [/Users/Airi/Documents/SOEN387-Projects-and-Labs/Assignment 2/A2-Airi/build/web] est invalide
		at org.apache.catalina.webresources.StandardRoot.createMainResourceSet(StandardRoot.java:752)
		at org.apache.catalina.webresources.StandardRoot.startInternal(StandardRoot.java:709)
		at org.apache.catalina.util.LifecycleBase.start(LifecycleBase.java:183)
		... 41 more
16-Nov-2019 09:56:54.671 INFOS [main] org.apache.catalina.startup.HostConfig.deployDescriptor Le traitement du descripteur de déploiement [/Users/Airi/Documents/SOEN387-Projects-and-Labs/Assignment 2/apache-tomcat-9.0.26/conf/Catalina/localhost/A2-Airi.xml] a pris [16] ms
16-Nov-2019 09:56:54.673 INFOS [main] org.apache.catalina.startup.HostConfig.deployDirectory Déploiement du répertoire d'application web [/Users/Airi/Documents/SOEN387-Projects-and-Labs/Assignment 2/apache-tomcat-9.0.26/webapps/docs]
16-Nov-2019 09:56:54.960 INFOS [main] org.apache.jasper.servlet.TldScanner.scanJars Au moins un fichier JAR a été analysé pour trouver des TLDs mais il n'en contenait pas, le mode "debug" du journal peut être activé pour obtenir une liste complète de JAR scannés sans succès; éviter d'analyser des JARs inutilement peut améliorer sensiblement le temps de démarrage et le temps de compilation des JSPs
16-Nov-2019 09:56:54.984 INFOS [main] org.apache.catalina.startup.HostConfig.deployDirectory Le déploiement du répertoire [/Users/Airi/Documents/SOEN387-Projects-and-Labs/Assignment 2/apache-tomcat-9.0.26/webapps/docs] de l'application web s'est terminé en [311] ms
16-Nov-2019 09:56:54.984 INFOS [main] org.apache.catalina.startup.HostConfig.deployDirectory Déploiement du répertoire d'application web [/Users/Airi/Documents/SOEN387-Projects-and-Labs/Assignment 2/apache-tomcat-9.0.26/webapps/manager]
16-Nov-2019 09:56:55.281 INFOS [main] org.apache.jasper.servlet.TldScanner.scanJars Au moins un fichier JAR a été analysé pour trouver des TLDs mais il n'en contenait pas, le mode "debug" du journal peut être activé pour obtenir une liste complète de JAR scannés sans succès; éviter d'analyser des JARs inutilement peut améliorer sensiblement le temps de démarrage et le temps de compilation des JSPs
16-Nov-2019 09:56:55.294 INFOS [main] org.apache.catalina.startup.HostConfig.deployDirectory Le déploiement du répertoire [/Users/Airi/Documents/SOEN387-Projects-and-Labs/Assignment 2/apache-tomcat-9.0.26/webapps/manager] de l'application web s'est terminé en [310] ms
16-Nov-2019 09:56:55.295 INFOS [main] org.apache.catalina.startup.HostConfig.deployDirectory Déploiement du répertoire d'application web [/Users/Airi/Documents/SOEN387-Projects-and-Labs/Assignment 2/apache-tomcat-9.0.26/webapps/examples]
16-Nov-2019 09:56:55.886 INFOS [main] org.apache.jasper.servlet.TldScanner.scanJars Au moins un fichier JAR a été analysé pour trouver des TLDs mais il n'en contenait pas, le mode "debug" du journal peut être activé pour obtenir une liste complète de JAR scannés sans succès; éviter d'analyser des JARs inutilement peut améliorer sensiblement le temps de démarrage et le temps de compilation des JSPs
16-Nov-2019 09:56:55.925 INFOS [main] org.apache.catalina.startup.HostConfig.deployDirectory Le déploiement du répertoire [/Users/Airi/Documents/SOEN387-Projects-and-Labs/Assignment 2/apache-tomcat-9.0.26/webapps/examples] de l'application web s'est terminé en [630] ms
16-Nov-2019 09:56:55.927 INFOS [main] org.apache.catalina.startup.HostConfig.deployDirectory Déploiement du répertoire d'application web [/Users/Airi/Documents/SOEN387-Projects-and-Labs/Assignment 2/apache-tomcat-9.0.26/webapps/ROOT]
16-Nov-2019 09:56:56.181 INFOS [main] org.apache.jasper.servlet.TldScanner.scanJars Au moins un fichier JAR a été analysé pour trouver des TLDs mais il n'en contenait pas, le mode "debug" du journal peut être activé pour obtenir une liste complète de JAR scannés sans succès; éviter d'analyser des JARs inutilement peut améliorer sensiblement le temps de démarrage et le temps de compilation des JSPs
16-Nov-2019 09:56:56.189 INFOS [main] org.apache.catalina.startup.HostConfig.deployDirectory Le déploiement du répertoire [/Users/Airi/Documents/SOEN387-Projects-and-Labs/Assignment 2/apache-tomcat-9.0.26/webapps/ROOT] de l'application web s'est terminé en [262] ms
16-Nov-2019 09:56:56.189 INFOS [main] org.apache.catalina.startup.HostConfig.deployDirectory Déploiement du répertoire d'application web [/Users/Airi/Documents/SOEN387-Projects-and-Labs/Assignment 2/apache-tomcat-9.0.26/webapps/host-manager]
16-Nov-2019 09:56:56.530 INFOS [main] org.apache.jasper.servlet.TldScanner.scanJars Au moins un fichier JAR a été analysé pour trouver des TLDs mais il n'en contenait pas, le mode "debug" du journal peut être activé pour obtenir une liste complète de JAR scannés sans succès; éviter d'analyser des JARs inutilement peut améliorer sensiblement le temps de démarrage et le temps de compilation des JSPs
16-Nov-2019 09:56:56.532 INFOS [main] org.apache.catalina.startup.HostConfig.deployDirectory Le déploiement du répertoire [/Users/Airi/Documents/SOEN387-Projects-and-Labs/Assignment 2/apache-tomcat-9.0.26/webapps/host-manager] de l'application web s'est terminé en [343] ms
16-Nov-2019 09:56:56.543 INFOS [main] org.apache.coyote.AbstractProtocol.start Démarrage du gestionnaire de protocole ["http-nio-8080"]
16-Nov-2019 09:56:56.595 INFOS [main] org.apache.coyote.AbstractProtocol.start Démarrage du gestionnaire de protocole ["ajp-nio-8009"]
16-Nov-2019 09:56:56.608 INFOS [main] org.apache.catalina.startup.Catalina.start Le démarrage du serveur a pris [5 216] millisecondes
16-Nov-2019 10:13:33.978 INFOS [http-nio-8080-exec-2] org.apache.catalina.startup.HostConfig.undeploy Retrait de l'application web ayant pour chemin de contexte [/A2-UI]
16-Nov-2019 10:13:46.198 AVERTISSEMENT [http-nio-8080-exec-13] org.apache.catalina.realm.LockOutRealm.filterLockedAccounts Une tentative d'authentification a été effectuée pour l'utilisateur verrouillé ("locked user") []
16-Nov-2019 10:13:46.230 AVERTISSEMENT [http-nio-8080-exec-11] org.apache.catalina.realm.LockOutRealm.filterLockedAccounts Une tentative d'authentification a été effectuée pour l'utilisateur verrouillé ("locked user") []
16-Nov-2019 10:13:46.247 INFOS [http-nio-8080-exec-6] org.apache.catalina.startup.HostConfig.deployDescriptor Déploiement du descripteur de configuration [/Users/Airi/Documents/SOEN387-Projects-and-Labs/Assignment 2/apache-tomcat-9.0.26/conf/Catalina/localhost/A2-UI.xml]
16-Nov-2019 10:13:46.247 AVERTISSEMENT [http-nio-8080-exec-6] org.apache.catalina.startup.HostConfig.deployDescriptor L'attribut path avec la valeur [/A2-UI] dans le descripteur de déploiement [/Users/Airi/Documents/SOEN387-Projects-and-Labs/Assignment 2/apache-tomcat-9.0.26/conf/Catalina/localhost/A2-UI.xml] a été ignoré
16-Nov-2019 10:13:47.713 INFOS [http-nio-8080-exec-6] org.apache.jasper.servlet.TldScanner.scanJars Au moins un fichier JAR a été analysé pour trouver des TLDs mais il n'en contenait pas, le mode "debug" du journal peut être activé pour obtenir une liste complète de JAR scannés sans succès; éviter d'analyser des JARs inutilement peut améliorer sensiblement le temps de démarrage et le temps de compilation des JSPs
16-Nov-2019 10:13:47.829 INFOS [http-nio-8080-exec-6] org.apache.catalina.startup.HostConfig.deployDescriptor Le traitement du descripteur de déploiement [/Users/Airi/Documents/SOEN387-Projects-and-Labs/Assignment 2/apache-tomcat-9.0.26/conf/Catalina/localhost/A2-UI.xml] a pris [1 582] ms
16-Nov-2019 10:13:47.906 AVERTISSEMENT [http-nio-8080-exec-12] org.apache.catalina.realm.LockOutRealm.filterLockedAccounts Une tentative d'authentification a été effectuée pour l'utilisateur verrouillé ("locked user") []
16-Nov-2019 10:13:47.910 INFOS [http-nio-8080-exec-3] org.apache.catalina.util.LifecycleBase.start La méthode start() a été appelée sur le composant [StandardEngine[Catalina].StandardHost[localhost].StandardContext[/A2-UI]] après que start() ait déjà été appelé, le deuxième appel sera ignoré
16-Nov-2019 10:13:59.655 AVERTISSEMENT [http-nio-8080-exec-15] org.apache.catalina.realm.LockOutRealm.filterLockedAccounts Une tentative d'authentification a été effectuée pour l'utilisateur verrouillé ("locked user") []
16-Nov-2019 10:13:59.678 AVERTISSEMENT [http-nio-8080-exec-16] org.apache.catalina.realm.LockOutRealm.filterLockedAccounts Une tentative d'authentification a été effectuée pour l'utilisateur verrouillé ("locked user") []
16-Nov-2019 10:14:11.873 GRAVE [http-nio-8080-exec-13] repository.core.RepositoryDatabase.<init> null
	com.mysql.cj.jdbc.exceptions.CommunicationsException: Communications link failure

The last packet sent successfully to the server was 0 milliseconds ago. The driver has not received any packets from the server.
		at com.mysql.cj.jdbc.exceptions.SQLError.createCommunicationsException(SQLError.java:174)
		at com.mysql.cj.jdbc.exceptions.SQLExceptionsMapping.translateException(SQLExceptionsMapping.java:64)
		at com.mysql.cj.jdbc.ConnectionImpl.createNewIO(ConnectionImpl.java:836)
		at com.mysql.cj.jdbc.ConnectionImpl.<init>(ConnectionImpl.java:456)
		at com.mysql.cj.jdbc.ConnectionImpl.getInstance(ConnectionImpl.java:246)
		at com.mysql.cj.jdbc.NonRegisteringDriver.connect(NonRegisteringDriver.java:199)
		at java.sql.DriverManager.getConnection(DriverManager.java:664)
		at java.sql.DriverManager.getConnection(DriverManager.java:247)
		at repository.core.RepositoryDatabase.<init>(RepositoryDatabase.java:36)
		at repository.core.RepositoryDatabase.getInstance(RepositoryDatabase.java:51)
		at repository.core.BookRepository.<init>(BookRepository.java:30)
		at repository.core.BookRepository.getInstance(BookRepository.java:38)
		at DisplayAllController.doGet(DisplayAllController.java:69)
		at javax.servlet.http.HttpServlet.service(HttpServlet.java:634)
		at javax.servlet.http.HttpServlet.service(HttpServlet.java:741)
		at org.apache.catalina.core.ApplicationFilterChain.internalDoFilter(ApplicationFilterChain.java:231)
		at org.apache.catalina.core.ApplicationFilterChain.doFilter(ApplicationFilterChain.java:166)
		at org.apache.tomcat.websocket.server.WsFilter.doFilter(WsFilter.java:53)
		at org.apache.catalina.core.ApplicationFilterChain.internalDoFilter(ApplicationFilterChain.java:193)
		at org.apache.catalina.core.ApplicationFilterChain.doFilter(ApplicationFilterChain.java:166)
		at org.apache.catalina.core.StandardWrapperValve.invoke(StandardWrapperValve.java:202)
		at org.apache.catalina.core.StandardContextValve.invoke(StandardContextValve.java:96)
		at org.apache.catalina.authenticator.AuthenticatorBase.invoke(AuthenticatorBase.java:526)
		at org.apache.catalina.core.StandardHostValve.invoke(StandardHostValve.java:139)
		at org.apache.catalina.valves.ErrorReportValve.invoke(ErrorReportValve.java:92)
		at org.apache.catalina.valves.AbstractAccessLogValve.invoke(AbstractAccessLogValve.java:678)
		at org.apache.catalina.core.StandardEngineValve.invoke(StandardEngineValve.java:74)
		at org.apache.catalina.connector.CoyoteAdapter.service(CoyoteAdapter.java:343)
		at org.apache.coyote.http11.Http11Processor.service(Http11Processor.java:408)
		at org.apache.coyote.AbstractProcessorLight.process(AbstractProcessorLight.java:66)
		at org.apache.coyote.AbstractProtocol$ConnectionHandler.process(AbstractProtocol.java:860)
		at org.apache.tomcat.util.net.NioEndpoint$SocketProcessor.doRun(NioEndpoint.java:1589)
		at org.apache.tomcat.util.net.SocketProcessorBase.run(SocketProcessorBase.java:49)
		at java.util.concurrent.ThreadPoolExecutor.runWorker(ThreadPoolExecutor.java:1149)
		at java.util.concurrent.ThreadPoolExecutor$Worker.run(ThreadPoolExecutor.java:624)
		at org.apache.tomcat.util.threads.TaskThread$WrappingRunnable.run(TaskThread.java:61)
		at java.lang.Thread.run(Thread.java:748)
	Caused by: com.mysql.cj.exceptions.CJCommunicationsException: Communications link failure

The last packet sent successfully to the server was 0 milliseconds ago. The driver has not received any packets from the server.
		at sun.reflect.NativeConstructorAccessorImpl.newInstance0(Native Method)
		at sun.reflect.NativeConstructorAccessorImpl.newInstance(NativeConstructorAccessorImpl.java:62)
		at sun.reflect.DelegatingConstructorAccessorImpl.newInstance(DelegatingConstructorAccessorImpl.java:45)
		at java.lang.reflect.Constructor.newInstance(Constructor.java:423)
		at com.mysql.cj.exceptions.ExceptionFactory.createException(ExceptionFactory.java:61)
		at com.mysql.cj.exceptions.ExceptionFactory.createException(ExceptionFactory.java:105)
		at com.mysql.cj.exceptions.ExceptionFactory.createException(ExceptionFactory.java:151)
		at com.mysql.cj.exceptions.ExceptionFactory.createCommunicationsException(ExceptionFactory.java:167)
		at com.mysql.cj.protocol.a.NativeSocketConnection.connect(NativeSocketConnection.java:91)
		at com.mysql.cj.NativeSession.connect(NativeSession.java:144)
		at com.mysql.cj.jdbc.ConnectionImpl.connectOneTryOnly(ConnectionImpl.java:956)
		at com.mysql.cj.jdbc.ConnectionImpl.createNewIO(ConnectionImpl.java:826)
		... 34 more
	Caused by: java.net.ConnectException: Connection refused (Connection refused)
		at java.net.PlainSocketImpl.socketConnect(Native Method)
		at java.net.AbstractPlainSocketImpl.doConnect(AbstractPlainSocketImpl.java:350)
		at java.net.AbstractPlainSocketImpl.connectToAddress(AbstractPlainSocketImpl.java:206)
		at java.net.AbstractPlainSocketImpl.connect(AbstractPlainSocketImpl.java:188)
		at java.net.SocksSocketImpl.connect(SocksSocketImpl.java:392)
		at java.net.Socket.connect(Socket.java:589)
		at com.mysql.cj.protocol.StandardSocketFactory.connect(StandardSocketFactory.java:155)
		at com.mysql.cj.protocol.a.NativeSocketConnection.connect(NativeSocketConnection.java:65)
		... 37 more
16-Nov-2019 10:14:25.746 AVERTISSEMENT [http-nio-8080-exec-11] org.apache.catalina.realm.LockOutRealm.filterLockedAccounts Une tentative d'authentification a été effectuée pour l'utilisateur verrouillé ("locked user") []
16-Nov-2019 10:14:25.781 AVERTISSEMENT [http-nio-8080-exec-18] org.apache.catalina.realm.LockOutRealm.filterLockedAccounts Une tentative d'authentification a été effectuée pour l'utilisateur verrouillé ("locked user") []
16-Nov-2019 10:14:25.821 AVERTISSEMENT [http-nio-8080-exec-13] org.apache.catalina.realm.LockOutRealm.filterLockedAccounts Une tentative d'authentification a été effectuée pour l'utilisateur verrouillé ("locked user") []
16-Nov-2019 10:14:25.834 INFOS [http-nio-8080-exec-19] org.apache.catalina.startup.HostConfig.deployDescriptor Déploiement du descripteur de configuration [/Users/Airi/Documents/SOEN387-Projects-and-Labs/Assignment 2/apache-tomcat-9.0.26/conf/Catalina/localhost/Lab9-DOM_JQuery.xml]
16-Nov-2019 10:14:25.835 AVERTISSEMENT [http-nio-8080-exec-19] org.apache.catalina.startup.HostConfig.deployDescriptor L'attribut path avec la valeur [/Lab9-DOM_JQuery] dans le descripteur de déploiement [/Users/Airi/Documents/SOEN387-Projects-and-Labs/Assignment 2/apache-tomcat-9.0.26/conf/Catalina/localhost/Lab9-DOM_JQuery.xml] a été ignoré
16-Nov-2019 10:14:25.990 INFOS [http-nio-8080-exec-19] org.apache.jasper.servlet.TldScanner.scanJars Au moins un fichier JAR a été analysé pour trouver des TLDs mais il n'en contenait pas, le mode "debug" du journal peut être activé pour obtenir une liste complète de JAR scannés sans succès; éviter d'analyser des JARs inutilement peut améliorer sensiblement le temps de démarrage et le temps de compilation des JSPs
16-Nov-2019 10:14:26.011 INFOS [http-nio-8080-exec-19] org.apache.catalina.startup.HostConfig.deployDescriptor Le traitement du descripteur de déploiement [/Users/Airi/Documents/SOEN387-Projects-and-Labs/Assignment 2/apache-tomcat-9.0.26/conf/Catalina/localhost/Lab9-DOM_JQuery.xml] a pris [176] ms
16-Nov-2019 10:14:26.028 AVERTISSEMENT [http-nio-8080-exec-17] org.apache.catalina.realm.LockOutRealm.filterLockedAccounts Une tentative d'authentification a été effectuée pour l'utilisateur verrouillé ("locked user") []
16-Nov-2019 10:14:26.034 INFOS [http-nio-8080-exec-14] org.apache.catalina.util.LifecycleBase.start La méthode start() a été appelée sur le composant [StandardEngine[Catalina].StandardHost[localhost].StandardContext[/Lab9-DOM_JQuery]] après que start() ait déjà été appelé, le deuxième appel sera ignoré
16-Nov-2019 10:15:07.420 AVERTISSEMENT [http-nio-8080-exec-15] org.apache.catalina.realm.LockOutRealm.filterLockedAccounts Une tentative d'authentification a été effectuée pour l'utilisateur verrouillé ("locked user") []
16-Nov-2019 10:15:07.450 AVERTISSEMENT [http-nio-8080-exec-19] org.apache.catalina.realm.LockOutRealm.filterLockedAccounts Une tentative d'authentification a été effectuée pour l'utilisateur verrouillé ("locked user") []
16-Nov-2019 10:27:25.756 AVERTISSEMENT [http-nio-8080-exec-14] org.apache.catalina.realm.LockOutRealm.filterLockedAccounts Une tentative d'authentification a été effectuée pour l'utilisateur verrouillé ("locked user") []
16-Nov-2019 10:27:32.088 AVERTISSEMENT [http-nio-8080-exec-20] org.apache.catalina.realm.LockOutRealm.filterLockedAccounts Une tentative d'authentification a été effectuée pour l'utilisateur verrouillé ("locked user") []
16-Nov-2019 10:27:39.498 AVERTISSEMENT [http-nio-8080-exec-16] org.apache.catalina.realm.LockOutRealm.filterLockedAccounts Une tentative d'authentification a été effectuée pour l'utilisateur verrouillé ("locked user") []
16-Nov-2019 10:28:01.639 AVERTISSEMENT [http-nio-8080-exec-12] org.apache.catalina.realm.LockOutRealm.filterLockedAccounts Une tentative d'authentification a été effectuée pour l'utilisateur verrouillé ("locked user") []
16-Nov-2019 10:28:01.669 AVERTISSEMENT [http-nio-8080-exec-16] org.apache.catalina.realm.LockOutRealm.filterLockedAccounts Une tentative d'authentification a été effectuée pour l'utilisateur verrouillé ("locked user") []
16-Nov-2019 10:28:01.736 AVERTISSEMENT [http-nio-8080-exec-11] org.apache.catalina.realm.LockOutRealm.filterLockedAccounts Une tentative d'authentification a été effectuée pour l'utilisateur verrouillé ("locked user") []
16-Nov-2019 10:28:01.938 INFOS [http-nio-8080-exec-14] org.apache.jasper.servlet.TldScanner.scanJars Au moins un fichier JAR a été analysé pour trouver des TLDs mais il n'en contenait pas, le mode "debug" du journal peut être activé pour obtenir une liste complète de JAR scannés sans succès; éviter d'analyser des JARs inutilement peut améliorer sensiblement le temps de démarrage et le temps de compilation des JSPs
16-Nov-2019 10:28:08.048 INFOS [Catalina-utility-1] org.apache.catalina.startup.HostConfig.reload Rechargement du contexte [/Lab9-DOM_JQuery]
16-Nov-2019 10:28:08.049 INFOS [Catalina-utility-1] org.apache.catalina.core.StandardContext.reload Le rechargement du contexte [/Lab9-DOM_JQuery] a démarré
16-Nov-2019 10:28:08.101 INFOS [Catalina-utility-1] org.apache.jasper.servlet.TldScanner.scanJars Au moins un fichier JAR a été analysé pour trouver des TLDs mais il n'en contenait pas, le mode "debug" du journal peut être activé pour obtenir une liste complète de JAR scannés sans succès; éviter d'analyser des JARs inutilement peut améliorer sensiblement le temps de démarrage et le temps de compilation des JSPs
16-Nov-2019 10:28:08.104 INFOS [Catalina-utility-1] org.apache.catalina.core.StandardContext.reload Le rechargement de ce contexte est terminé
16-Nov-2019 10:28:25.862 AVERTISSEMENT [http-nio-8080-exec-19] org.apache.catalina.realm.LockOutRealm.filterLockedAccounts Une tentative d'authentification a été effectuée pour l'utilisateur verrouillé ("locked user") []
16-Nov-2019 10:29:02.071 AVERTISSEMENT [http-nio-8080-exec-22] org.apache.catalina.realm.LockOutRealm.filterLockedAccounts Une tentative d'authentification a été effectuée pour l'utilisateur verrouillé ("locked user") []
16-Nov-2019 10:29:08.633 AVERTISSEMENT [http-nio-8080-exec-23] org.apache.catalina.realm.LockOutRealm.filterLockedAccounts Une tentative d'authentification a été effectuée pour l'utilisateur verrouillé ("locked user") []
16-Nov-2019 10:31:43.631 AVERTISSEMENT [http-nio-8080-exec-22] org.apache.catalina.realm.LockOutRealm.filterLockedAccounts Une tentative d'authentification a été effectuée pour l'utilisateur verrouillé ("locked user") []
16-Nov-2019 10:31:58.819 AVERTISSEMENT [http-nio-8080-exec-22] org.apache.catalina.realm.LockOutRealm.filterLockedAccounts Une tentative d'authentification a été effectuée pour l'utilisateur verrouillé ("locked user") []
16-Nov-2019 10:32:14.693 AVERTISSEMENT [http-nio-8080-exec-22] org.apache.catalina.realm.LockOutRealm.filterLockedAccounts Une tentative d'authentification a été effectuée pour l'utilisateur verrouillé ("locked user") []
16-Nov-2019 10:32:14.714 AVERTISSEMENT [http-nio-8080-exec-27] org.apache.catalina.realm.LockOutRealm.filterLockedAccounts Une tentative d'authentification a été effectuée pour l'utilisateur verrouillé ("locked user") []
16-Nov-2019 10:32:14.741 AVERTISSEMENT [http-nio-8080-exec-28] org.apache.catalina.realm.LockOutRealm.filterLockedAccounts Une tentative d'authentification a été effectuée pour l'utilisateur verrouillé ("locked user") []
16-Nov-2019 10:32:14.785 AVERTISSEMENT [http-nio-8080-exec-24] org.apache.catalina.realm.LockOutRealm.filterLockedAccounts Une tentative d'authentification a été effectuée pour l'utilisateur verrouillé ("locked user") []
16-Nov-2019 10:32:14.950 INFOS [http-nio-8080-exec-22] org.apache.jasper.servlet.TldScanner.scanJars Au moins un fichier JAR a été analysé pour trouver des TLDs mais il n'en contenait pas, le mode "debug" du journal peut être activé pour obtenir une liste complète de JAR scannés sans succès; éviter d'analyser des JARs inutilement peut améliorer sensiblement le temps de démarrage et le temps de compilation des JSPs
16-Nov-2019 11:23:10.107 AVERTISSEMENT [http-nio-8080-exec-39] org.apache.catalina.realm.LockOutRealm.filterLockedAccounts Une tentative d'authentification a été effectuée pour l'utilisateur verrouillé ("locked user") []
16-Nov-2019 11:23:43.582 AVERTISSEMENT [http-nio-8080-exec-39] org.apache.catalina.realm.LockOutRealm.filterLockedAccounts Une tentative d'authentification a été effectuée pour l'utilisateur verrouillé ("locked user") []
16-Nov-2019 11:24:11.024 AVERTISSEMENT [http-nio-8080-exec-36] org.apache.catalina.realm.LockOutRealm.filterLockedAccounts Une tentative d'authentification a été effectuée pour l'utilisateur verrouillé ("locked user") []
16-Nov-2019 11:25:24.498 AVERTISSEMENT [http-nio-8080-exec-36] org.apache.catalina.realm.LockOutRealm.filterLockedAccounts Une tentative d'authentification a été effectuée pour l'utilisateur verrouillé ("locked user") []
16-Nov-2019 11:25:27.888 AVERTISSEMENT [http-nio-8080-exec-35] org.apache.catalina.realm.LockOutRealm.filterLockedAccounts Une tentative d'authentification a été effectuée pour l'utilisateur verrouillé ("locked user") []
16-Nov-2019 11:25:27.901 AVERTISSEMENT [http-nio-8080-exec-38] org.apache.catalina.realm.LockOutRealm.filterLockedAccounts Une tentative d'authentification a été effectuée pour l'utilisateur verrouillé ("locked user") []
16-Nov-2019 11:26:02.342 AVERTISSEMENT [http-nio-8080-exec-38] org.apache.catalina.realm.LockOutRealm.filterLockedAccounts Une tentative d'authentification a été effectuée pour l'utilisateur verrouillé ("locked user") []
16-Nov-2019 11:26:08.878 AVERTISSEMENT [http-nio-8080-exec-38] org.apache.catalina.realm.LockOutRealm.filterLockedAccounts Une tentative d'authentification a été effectuée pour l'utilisateur verrouillé ("locked user") []
16-Nov-2019 11:26:17.476 AVERTISSEMENT [http-nio-8080-exec-30] org.apache.catalina.realm.LockOutRealm.filterLockedAccounts Une tentative d'authentification a été effectuée pour l'utilisateur verrouillé ("locked user") []
16-Nov-2019 11:26:20.051 AVERTISSEMENT [http-nio-8080-exec-30] org.apache.catalina.realm.LockOutRealm.filterLockedAccounts Une tentative d'authentification a été effectuée pour l'utilisateur verrouillé ("locked user") []
16-Nov-2019 11:26:24.804 AVERTISSEMENT [http-nio-8080-exec-33] org.apache.catalina.realm.LockOutRealm.filterLockedAccounts Une tentative d'authentification a été effectuée pour l'utilisateur verrouillé ("locked user") []
16-Nov-2019 11:26:24.826 AVERTISSEMENT [http-nio-8080-exec-32] org.apache.catalina.realm.LockOutRealm.filterLockedAccounts Une tentative d'authentification a été effectuée pour l'utilisateur verrouillé ("locked user") []
16-Nov-2019 11:26:38.855 AVERTISSEMENT [http-nio-8080-exec-39] org.apache.catalina.realm.LockOutRealm.filterLockedAccounts Une tentative d'authentification a été effectuée pour l'utilisateur verrouillé ("locked user") []
16-Nov-2019 11:26:41.560 AVERTISSEMENT [http-nio-8080-exec-36] org.apache.catalina.realm.LockOutRealm.filterLockedAccounts Une tentative d'authentification a été effectuée pour l'utilisateur verrouillé ("locked user") []
16-Nov-2019 11:26:44.131 AVERTISSEMENT [http-nio-8080-exec-38] org.apache.catalina.realm.LockOutRealm.filterLockedAccounts Une tentative d'authentification a été effectuée pour l'utilisateur verrouillé ("locked user") []
16-Nov-2019 11:26:44.164 AVERTISSEMENT [http-nio-8080-exec-34] org.apache.catalina.realm.LockOutRealm.filterLockedAccounts Une tentative d'authentification a été effectuée pour l'utilisateur verrouillé ("locked user") []
16-Nov-2019 11:26:59.800 AVERTISSEMENT [http-nio-8080-exec-32] org.apache.catalina.realm.LockOutRealm.filterLockedAccounts Une tentative d'authentification a été effectuée pour l'utilisateur verrouillé ("locked user") []
16-Nov-2019 11:27:04.019 AVERTISSEMENT [http-nio-8080-exec-37] org.apache.catalina.realm.LockOutRealm.filterLockedAccounts Une tentative d'authentification a été effectuée pour l'utilisateur verrouillé ("locked user") []
16-Nov-2019 11:27:04.028 AVERTISSEMENT [http-nio-8080-exec-30] org.apache.catalina.realm.LockOutRealm.filterLockedAccounts Une tentative d'authentification a été effectuée pour l'utilisateur verrouillé ("locked user") []
16-Nov-2019 11:28:15.374 AVERTISSEMENT [http-nio-8080-exec-30] org.apache.catalina.realm.LockOutRealm.filterLockedAccounts Une tentative d'authentification a été effectuée pour l'utilisateur verrouillé ("locked user") []
16-Nov-2019 11:28:22.188 AVERTISSEMENT [http-nio-8080-exec-35] org.apache.catalina.realm.LockOutRealm.filterLockedAccounts Une tentative d'authentification a été effectuée pour l'utilisateur verrouillé ("locked user") []
16-Nov-2019 11:28:24.887 AVERTISSEMENT [http-nio-8080-exec-31] org.apache.catalina.realm.LockOutRealm.filterLockedAccounts Une tentative d'authentification a été effectuée pour l'utilisateur verrouillé ("locked user") []
16-Nov-2019 11:29:48.481 AVERTISSEMENT [http-nio-8080-exec-32] org.apache.catalina.realm.LockOutRealm.filterLockedAccounts Une tentative d'authentification a été effectuée pour l'utilisateur verrouillé ("locked user") []
16-Nov-2019 11:30:32.497 AVERTISSEMENT [http-nio-8080-exec-38] org.apache.catalina.realm.LockOutRealm.filterLockedAccounts Une tentative d'authentification a été effectuée pour l'utilisateur verrouillé ("locked user") []
16-Nov-2019 11:30:37.954 AVERTISSEMENT [http-nio-8080-exec-36] org.apache.catalina.realm.LockOutRealm.filterLockedAccounts Une tentative d'authentification a été effectuée pour l'utilisateur verrouillé ("locked user") []
16-Nov-2019 11:30:41.616 AVERTISSEMENT [http-nio-8080-exec-35] org.apache.catalina.realm.LockOutRealm.filterLockedAccounts Une tentative d'authentification a été effectuée pour l'utilisateur verrouillé ("locked user") []
16-Nov-2019 11:31:07.169 AVERTISSEMENT [http-nio-8080-exec-35] org.apache.catalina.realm.LockOutRealm.filterLockedAccounts Une tentative d'authentification a été effectuée pour l'utilisateur verrouillé ("locked user") []
16-Nov-2019 11:31:20.840 AVERTISSEMENT [http-nio-8080-exec-35] org.apache.catalina.realm.LockOutRealm.filterLockedAccounts Une tentative d'authentification a été effectuée pour l'utilisateur verrouillé ("locked user") []
16-Nov-2019 11:32:14.872 AVERTISSEMENT [http-nio-8080-exec-37] org.apache.catalina.realm.LockOutRealm.filterLockedAccounts Une tentative d'authentification a été effectuée pour l'utilisateur verrouillé ("locked user") []
16-Nov-2019 11:32:28.815 AVERTISSEMENT [http-nio-8080-exec-37] org.apache.catalina.realm.LockOutRealm.filterLockedAccounts Une tentative d'authentification a été effectuée pour l'utilisateur verrouillé ("locked user") []
16-Nov-2019 11:32:28.828 AVERTISSEMENT [http-nio-8080-exec-31] org.apache.catalina.realm.LockOutRealm.filterLockedAccounts Une tentative d'authentification a été effectuée pour l'utilisateur verrouillé ("locked user") []
16-Nov-2019 11:32:28.853 AVERTISSEMENT [http-nio-8080-exec-39] org.apache.catalina.realm.LockOutRealm.filterLockedAccounts Une tentative d'authentification a été effectuée pour l'utilisateur verrouillé ("locked user") []
16-Nov-2019 11:32:29.027 INFOS [http-nio-8080-exec-36] org.apache.jasper.servlet.TldScanner.scanJars Au moins un fichier JAR a été analysé pour trouver des TLDs mais il n'en contenait pas, le mode "debug" du journal peut être activé pour obtenir une liste complète de JAR scannés sans succès; éviter d'analyser des JARs inutilement peut améliorer sensiblement le temps de démarrage et le temps de compilation des JSPs
16-Nov-2019 11:32:30.905 INFOS [Catalina-utility-2] org.apache.catalina.startup.HostConfig.reload Rechargement du contexte [/Lab9-DOM_JQuery]
16-Nov-2019 11:32:30.906 INFOS [Catalina-utility-2] org.apache.catalina.core.StandardContext.reload Le rechargement du contexte [/Lab9-DOM_JQuery] a démarré
16-Nov-2019 11:32:30.980 INFOS [Catalina-utility-2] org.apache.jasper.servlet.TldScanner.scanJars Au moins un fichier JAR a été analysé pour trouver des TLDs mais il n'en contenait pas, le mode "debug" du journal peut être activé pour obtenir une liste complète de JAR scannés sans succès; éviter d'analyser des JARs inutilement peut améliorer sensiblement le temps de démarrage et le temps de compilation des JSPs
16-Nov-2019 11:32:30.983 INFOS [Catalina-utility-2] org.apache.catalina.core.StandardContext.reload Le rechargement de ce contexte est terminé
16-Nov-2019 11:32:34.842 AVERTISSEMENT [http-nio-8080-exec-35] org.apache.catalina.realm.LockOutRealm.filterLockedAccounts Une tentative d'authentification a été effectuée pour l'utilisateur verrouillé ("locked user") []
16-Nov-2019 11:32:34.859 AVERTISSEMENT [http-nio-8080-exec-30] org.apache.catalina.realm.LockOutRealm.filterLockedAccounts Une tentative d'authentification a été effectuée pour l'utilisateur verrouillé ("locked user") []
16-Nov-2019 11:32:34.882 AVERTISSEMENT [http-nio-8080-exec-31] org.apache.catalina.realm.LockOutRealm.filterLockedAccounts Une tentative d'authentification a été effectuée pour l'utilisateur verrouillé ("locked user") []
16-Nov-2019 11:32:34.899 AVERTISSEMENT [http-nio-8080-exec-38] org.apache.catalina.realm.LockOutRealm.filterLockedAccounts Une tentative d'authentification a été effectuée pour l'utilisateur verrouillé ("locked user") []
16-Nov-2019 11:32:35.056 INFOS [http-nio-8080-exec-31] org.apache.jasper.servlet.TldScanner.scanJars Au moins un fichier JAR a été analysé pour trouver des TLDs mais il n'en contenait pas, le mode "debug" du journal peut être activé pour obtenir une liste complète de JAR scannés sans succès; éviter d'analyser des JARs inutilement peut améliorer sensiblement le temps de démarrage et le temps de compilation des JSPs
16-Nov-2019 11:33:21.469 AVERTISSEMENT [http-nio-8080-exec-36] org.apache.catalina.realm.LockOutRealm.filterLockedAccounts Une tentative d'authentification a été effectuée pour l'utilisateur verrouillé ("locked user") []
16-Nov-2019 11:33:25.427 AVERTISSEMENT [http-nio-8080-exec-35] org.apache.catalina.realm.LockOutRealm.filterLockedAccounts Une tentative d'authentification a été effectuée pour l'utilisateur verrouillé ("locked user") []
16-Nov-2019 11:33:25.437 AVERTISSEMENT [http-nio-8080-exec-43] org.apache.catalina.realm.LockOutRealm.filterLockedAccounts Une tentative d'authentification a été effectuée pour l'utilisateur verrouillé ("locked user") []
16-Nov-2019 11:33:41.307 AVERTISSEMENT [http-nio-8080-exec-43] org.apache.catalina.realm.LockOutRealm.filterLockedAccounts Une tentative d'authentification a été effectuée pour l'utilisateur verrouillé ("locked user") []
16-Nov-2019 11:33:43.177 AVERTISSEMENT [http-nio-8080-exec-47] org.apache.catalina.realm.LockOutRealm.filterLockedAccounts Une tentative d'authentification a été effectuée pour l'utilisateur verrouillé ("locked user") []
16-Nov-2019 11:41:23.993 AVERTISSEMENT [http-nio-8080-exec-50] org.apache.catalina.realm.LockOutRealm.filterLockedAccounts Une tentative d'authentification a été effectuée pour l'utilisateur verrouillé ("locked user") []
16-Nov-2019 11:42:04.112 AVERTISSEMENT [http-nio-8080-exec-46] org.apache.catalina.realm.LockOutRealm.filterLockedAccounts Une tentative d'authentification a été effectuée pour l'utilisateur verrouillé ("locked user") []
16-Nov-2019 11:42:04.209 AVERTISSEMENT [http-nio-8080-exec-50] org.apache.catalina.realm.LockOutRealm.filterLockedAccounts Une tentative d'authentification a été effectuée pour l'utilisateur verrouillé ("locked user") []
16-Nov-2019 11:42:04.736 INFOS [http-nio-8080-exec-42] org.apache.catalina.startup.HostConfig.undeploy Retrait de l'application web ayant pour chemin de contexte [/Lab9-DOM_JQuery]
16-Nov-2019 11:42:10.485 AVERTISSEMENT [http-nio-8080-exec-49] org.apache.catalina.realm.LockOutRealm.filterLockedAccounts Une tentative d'authentification a été effectuée pour l'utilisateur verrouillé ("locked user") []
16-Nov-2019 11:42:10.501 AVERTISSEMENT [http-nio-8080-exec-53] org.apache.catalina.realm.LockOutRealm.filterLockedAccounts Une tentative d'authentification a été effectuée pour l'utilisateur verrouillé ("locked user") []
16-Nov-2019 11:42:10.534 AVERTISSEMENT [http-nio-8080-exec-50] org.apache.catalina.realm.LockOutRealm.filterLockedAccounts Une tentative d'authentification a été effectuée pour l'utilisateur verrouillé ("locked user") []
16-Nov-2019 11:42:10.548 INFOS [http-nio-8080-exec-48] org.apache.catalina.startup.HostConfig.deployDescriptor Déploiement du descripteur de configuration [/Users/Airi/Documents/SOEN387-Projects-and-Labs/Assignment 2/apache-tomcat-9.0.26/conf/Catalina/localhost/Lab9-DOM_JQuery.xml]
16-Nov-2019 11:42:10.553 AVERTISSEMENT [http-nio-8080-exec-48] org.apache.catalina.startup.HostConfig.deployDescriptor L'attribut path avec la valeur [/Lab9-DOM_JQuery] dans le descripteur de déploiement [/Users/Airi/Documents/SOEN387-Projects-and-Labs/Assignment 2/apache-tomcat-9.0.26/conf/Catalina/localhost/Lab9-DOM_JQuery.xml] a été ignoré
16-Nov-2019 11:42:11.100 INFOS [http-nio-8080-exec-48] org.apache.jasper.servlet.TldScanner.scanJars Au moins un fichier JAR a été analysé pour trouver des TLDs mais il n'en contenait pas, le mode "debug" du journal peut être activé pour obtenir une liste complète de JAR scannés sans succès; éviter d'analyser des JARs inutilement peut améliorer sensiblement le temps de démarrage et le temps de compilation des JSPs
16-Nov-2019 11:42:11.109 INFOS [http-nio-8080-exec-48] org.apache.catalina.startup.HostConfig.deployDescriptor Le traitement du descripteur de déploiement [/Users/Airi/Documents/SOEN387-Projects-and-Labs/Assignment 2/apache-tomcat-9.0.26/conf/Catalina/localhost/Lab9-DOM_JQuery.xml] a pris [560] ms
16-Nov-2019 11:42:11.154 AVERTISSEMENT [http-nio-8080-exec-44] org.apache.catalina.realm.LockOutRealm.filterLockedAccounts Une tentative d'authentification a été effectuée pour l'utilisateur verrouillé ("locked user") []
16-Nov-2019 11:42:11.158 INFOS [http-nio-8080-exec-46] org.apache.catalina.util.LifecycleBase.start La méthode start() a été appelée sur le composant [StandardEngine[Catalina].StandardHost[localhost].StandardContext[/Lab9-DOM_JQuery]] après que start() ait déjà été appelé, le deuxième appel sera ignoré
16-Nov-2019 11:42:26.932 AVERTISSEMENT [http-nio-8080-exec-45] org.apache.catalina.realm.LockOutRealm.filterLockedAccounts Une tentative d'authentification a été effectuée pour l'utilisateur verrouillé ("locked user") []
16-Nov-2019 11:42:26.943 AVERTISSEMENT [http-nio-8080-exec-49] org.apache.catalina.realm.LockOutRealm.filterLockedAccounts Une tentative d'authentification a été effectuée pour l'utilisateur verrouillé ("locked user") []
16-Nov-2019 11:42:26.964 AVERTISSEMENT [http-nio-8080-exec-55] org.apache.catalina.realm.LockOutRealm.filterLockedAccounts Une tentative d'authentification a été effectuée pour l'utilisateur verrouillé ("locked user") []
16-Nov-2019 11:42:27.188 INFOS [http-nio-8080-exec-45] org.apache.jasper.servlet.TldScanner.scanJars Au moins un fichier JAR a été analysé pour trouver des TLDs mais il n'en contenait pas, le mode "debug" du journal peut être activé pour obtenir une liste complète de JAR scannés sans succès; éviter d'analyser des JARs inutilement peut améliorer sensiblement le temps de démarrage et le temps de compilation des JSPs
16-Nov-2019 11:42:31.395 INFOS [Catalina-utility-1] org.apache.catalina.startup.HostConfig.reload Rechargement du contexte [/Lab9-DOM_JQuery]
16-Nov-2019 11:42:31.395 INFOS [Catalina-utility-1] org.apache.catalina.core.StandardContext.reload Le rechargement du contexte [/Lab9-DOM_JQuery] a démarré
16-Nov-2019 11:42:31.450 INFOS [Catalina-utility-1] org.apache.jasper.servlet.TldScanner.scanJars Au moins un fichier JAR a été analysé pour trouver des TLDs mais il n'en contenait pas, le mode "debug" du journal peut être activé pour obtenir une liste complète de JAR scannés sans succès; éviter d'analyser des JARs inutilement peut améliorer sensiblement le temps de démarrage et le temps de compilation des JSPs
16-Nov-2019 11:42:31.452 INFOS [Catalina-utility-1] org.apache.catalina.core.StandardContext.reload Le rechargement de ce contexte est terminé
16-Nov-2019 11:43:58.867 AVERTISSEMENT [http-nio-8080-exec-54] org.apache.catalina.realm.LockOutRealm.filterLockedAccounts Une tentative d'authentification a été effectuée pour l'utilisateur verrouillé ("locked user") []
16-Nov-2019 11:44:17.630 AVERTISSEMENT [http-nio-8080-exec-58] org.apache.catalina.realm.LockOutRealm.filterLockedAccounts Une tentative d'authentification a été effectuée pour l'utilisateur verrouillé ("locked user") []
16-Nov-2019 11:44:32.986 AVERTISSEMENT [http-nio-8080-exec-44] org.apache.catalina.realm.LockOutRealm.filterLockedAccounts Une tentative d'authentification a été effectuée pour l'utilisateur verrouillé ("locked user") []
16-Nov-2019 11:44:46.826 AVERTISSEMENT [http-nio-8080-exec-60] org.apache.catalina.realm.LockOutRealm.filterLockedAccounts Une tentative d'authentification a été effectuée pour l'utilisateur verrouillé ("locked user") []
16-Nov-2019 11:45:21.171 AVERTISSEMENT [http-nio-8080-exec-60] org.apache.catalina.realm.LockOutRealm.filterLockedAccounts Une tentative d'authentification a été effectuée pour l'utilisateur verrouillé ("locked user") []
16-Nov-2019 11:46:13.321 AVERTISSEMENT [http-nio-8080-exec-62] org.apache.catalina.realm.LockOutRealm.filterLockedAccounts Une tentative d'authentification a été effectuée pour l'utilisateur verrouillé ("locked user") []
16-Nov-2019 11:49:55.756 AVERTISSEMENT [http-nio-8080-exec-60] org.apache.catalina.realm.LockOutRealm.filterLockedAccounts Une tentative d'authentification a été effectuée pour l'utilisateur verrouillé ("locked user") []
16-Nov-2019 11:49:55.871 AVERTISSEMENT [http-nio-8080-exec-57] org.apache.catalina.realm.LockOutRealm.filterLockedAccounts Une tentative d'authentification a été effectuée pour l'utilisateur verrouillé ("locked user") []
16-Nov-2019 11:49:55.883 AVERTISSEMENT [http-nio-8080-exec-65] org.apache.catalina.realm.LockOutRealm.filterLockedAccounts Une tentative d'authentification a été effectuée pour l'utilisateur verrouillé ("locked user") []
16-Nov-2019 11:49:55.931 AVERTISSEMENT [http-nio-8080-exec-60] org.apache.catalina.realm.LockOutRealm.filterLockedAccounts Une tentative d'authentification a été effectuée pour l'utilisateur verrouillé ("locked user") []
16-Nov-2019 11:49:55.966 AVERTISSEMENT [http-nio-8080-exec-58] org.apache.catalina.realm.LockOutRealm.filterLockedAccounts Une tentative d'authentification a été effectuée pour l'utilisateur verrouillé ("locked user") []
16-Nov-2019 11:49:56.287 INFOS [http-nio-8080-exec-57] org.apache.jasper.servlet.TldScanner.scanJars Au moins un fichier JAR a été analysé pour trouver des TLDs mais il n'en contenait pas, le mode "debug" du journal peut être activé pour obtenir une liste complète de JAR scannés sans succès; éviter d'analyser des JARs inutilement peut améliorer sensiblement le temps de démarrage et le temps de compilation des JSPs
16-Nov-2019 11:54:25.843 AVERTISSEMENT [http-nio-8080-exec-67] org.apache.catalina.realm.LockOutRealm.filterLockedAccounts Une tentative d'authentification a été effectuée pour l'utilisateur verrouillé ("locked user") []
16-Nov-2019 11:54:59.088 AVERTISSEMENT [http-nio-8080-exec-67] org.apache.catalina.realm.LockOutRealm.filterLockedAccounts Une tentative d'authentification a été effectuée pour l'utilisateur verrouillé ("locked user") []
16-Nov-2019 11:55:01.169 AVERTISSEMENT [http-nio-8080-exec-74] org.apache.catalina.realm.LockOutRealm.filterLockedAccounts Une tentative d'authentification a été effectuée pour l'utilisateur verrouillé ("locked user") []
16-Nov-2019 11:55:47.792 AVERTISSEMENT [http-nio-8080-exec-66] org.apache.catalina.realm.LockOutRealm.filterLockedAccounts Une tentative d'authentification a été effectuée pour l'utilisateur verrouillé ("locked user") []
16-Nov-2019 11:55:50.590 AVERTISSEMENT [http-nio-8080-exec-72] org.apache.catalina.realm.LockOutRealm.filterLockedAccounts Une tentative d'authentification a été effectuée pour l'utilisateur verrouillé ("locked user") []
16-Nov-2019 11:56:20.886 AVERTISSEMENT [http-nio-8080-exec-72] org.apache.catalina.realm.LockOutRealm.filterLockedAccounts Une tentative d'authentification a été effectuée pour l'utilisateur verrouillé ("locked user") []
16-Nov-2019 11:56:48.601 AVERTISSEMENT [http-nio-8080-exec-73] org.apache.catalina.realm.LockOutRealm.filterLockedAccounts Une tentative d'authentification a été effectuée pour l'utilisateur verrouillé ("locked user") []
16-Nov-2019 11:57:02.536 AVERTISSEMENT [http-nio-8080-exec-73] org.apache.catalina.realm.LockOutRealm.filterLockedAccounts Une tentative d'authentification a été effectuée pour l'utilisateur verrouillé ("locked user") []
16-Nov-2019 11:57:13.283 AVERTISSEMENT [http-nio-8080-exec-73] org.apache.catalina.realm.LockOutRealm.filterLockedAccounts Une tentative d'authentification a été effectuée pour l'utilisateur verrouillé ("locked user") []
16-Nov-2019 11:57:47.868 AVERTISSEMENT [http-nio-8080-exec-68] org.apache.catalina.realm.LockOutRealm.filterLockedAccounts Une tentative d'authentification a été effectuée pour l'utilisateur verrouillé ("locked user") []
16-Nov-2019 11:57:54.524 AVERTISSEMENT [http-nio-8080-exec-68] org.apache.catalina.realm.LockOutRealm.filterLockedAccounts Une tentative d'authentification a été effectuée pour l'utilisateur verrouillé ("locked user") []
16-Nov-2019 11:58:11.632 AVERTISSEMENT [http-nio-8080-exec-66] org.apache.catalina.realm.LockOutRealm.filterLockedAccounts Une tentative d'authentification a été effectuée pour l'utilisateur verrouillé ("locked user") []
16-Nov-2019 11:58:30.573 AVERTISSEMENT [http-nio-8080-exec-69] org.apache.catalina.realm.LockOutRealm.filterLockedAccounts Une tentative d'authentification a été effectuée pour l'utilisateur verrouillé ("locked user") []
16-Nov-2019 11:58:42.493 AVERTISSEMENT [http-nio-8080-exec-72] org.apache.catalina.realm.LockOutRealm.filterLockedAccounts Une tentative d'authentification a été effectuée pour l'utilisateur verrouillé ("locked user") []
16-Nov-2019 11:58:56.526 AVERTISSEMENT [http-nio-8080-exec-72] org.apache.catalina.realm.LockOutRealm.filterLockedAccounts Une tentative d'authentification a été effectuée pour l'utilisateur verrouillé ("locked user") []
16-Nov-2019 11:59:19.074 AVERTISSEMENT [http-nio-8080-exec-71] org.apache.catalina.realm.LockOutRealm.filterLockedAccounts Une tentative d'authentification a été effectuée pour l'utilisateur verrouillé ("locked user") []
16-Nov-2019 11:59:43.657 AVERTISSEMENT [http-nio-8080-exec-74] org.apache.catalina.realm.LockOutRealm.filterLockedAccounts Une tentative d'authentification a été effectuée pour l'utilisateur verrouillé ("locked user") []
16-Nov-2019 12:00:16.046 AVERTISSEMENT [http-nio-8080-exec-74] org.apache.catalina.realm.LockOutRealm.filterLockedAccounts Une tentative d'authentification a été effectuée pour l'utilisateur verrouillé ("locked user") []
16-Nov-2019 12:00:36.454 AVERTISSEMENT [http-nio-8080-exec-74] org.apache.catalina.realm.LockOutRealm.filterLockedAccounts Une tentative d'authentification a été effectuée pour l'utilisateur verrouillé ("locked user") []
16-Nov-2019 12:01:40.161 AVERTISSEMENT [http-nio-8080-exec-74] org.apache.catalina.realm.LockOutRealm.filterLockedAccounts Une tentative d'authentification a été effectuée pour l'utilisateur verrouillé ("locked user") []
16-Nov-2019 12:01:44.226 AVERTISSEMENT [http-nio-8080-exec-74] org.apache.catalina.realm.LockOutRealm.filterLockedAccounts Une tentative d'authentification a été effectuée pour l'utilisateur verrouillé ("locked user") []
16-Nov-2019 12:01:44.261 AVERTISSEMENT [http-nio-8080-exec-72] org.apache.catalina.realm.LockOutRealm.filterLockedAccounts Une tentative d'authentification a été effectuée pour l'utilisateur verrouillé ("locked user") []
16-Nov-2019 12:02:16.124 AVERTISSEMENT [http-nio-8080-exec-67] org.apache.catalina.realm.LockOutRealm.filterLockedAccounts Une tentative d'authentification a été effectuée pour l'utilisateur verrouillé ("locked user") []
16-Nov-2019 12:02:59.970 AVERTISSEMENT [http-nio-8080-exec-67] org.apache.catalina.realm.LockOutRealm.filterLockedAccounts Une tentative d'authentification a été effectuée pour l'utilisateur verrouillé ("locked user") []
16-Nov-2019 12:03:02.614 AVERTISSEMENT [http-nio-8080-exec-67] org.apache.catalina.realm.LockOutRealm.filterLockedAccounts Une tentative d'authentification a été effectuée pour l'utilisateur verrouillé ("locked user") []
16-Nov-2019 12:03:02.624 AVERTISSEMENT [http-nio-8080-exec-68] org.apache.catalina.realm.LockOutRealm.filterLockedAccounts Une tentative d'authentification a été effectuée pour l'utilisateur verrouillé ("locked user") []
16-Nov-2019 12:03:35.035 AVERTISSEMENT [http-nio-8080-exec-68] org.apache.catalina.realm.LockOutRealm.filterLockedAccounts Une tentative d'authentification a été effectuée pour l'utilisateur verrouillé ("locked user") []
16-Nov-2019 12:03:38.205 AVERTISSEMENT [http-nio-8080-exec-66] org.apache.catalina.realm.LockOutRealm.filterLockedAccounts Une tentative d'authentification a été effectuée pour l'utilisateur verrouillé ("locked user") []
16-Nov-2019 12:03:38.216 AVERTISSEMENT [http-nio-8080-exec-72] org.apache.catalina.realm.LockOutRealm.filterLockedAccounts Une tentative d'authentification a été effectuée pour l'utilisateur verrouillé ("locked user") []
16-Nov-2019 12:03:48.951 AVERTISSEMENT [http-nio-8080-exec-72] org.apache.catalina.realm.LockOutRealm.filterLockedAccounts Une tentative d'authentification a été effectuée pour l'utilisateur verrouillé ("locked user") []
16-Nov-2019 12:04:18.903 AVERTISSEMENT [http-nio-8080-exec-72] org.apache.catalina.realm.LockOutRealm.filterLockedAccounts Une tentative d'authentification a été effectuée pour l'utilisateur verrouillé ("locked user") []
16-Nov-2019 12:04:21.691 AVERTISSEMENT [http-nio-8080-exec-70] org.apache.catalina.realm.LockOutRealm.filterLockedAccounts Une tentative d'authentification a été effectuée pour l'utilisateur verrouillé ("locked user") []
16-Nov-2019 12:04:21.708 AVERTISSEMENT [http-nio-8080-exec-75] org.apache.catalina.realm.LockOutRealm.filterLockedAccounts Une tentative d'authentification a été effectuée pour l'utilisateur verrouillé ("locked user") []
16-Nov-2019 12:05:38.123 AVERTISSEMENT [http-nio-8080-exec-75] org.apache.catalina.realm.LockOutRealm.filterLockedAccounts Une tentative d'authentification a été effectuée pour l'utilisateur verrouillé ("locked user") []
16-Nov-2019 12:05:38.136 AVERTISSEMENT [http-nio-8080-exec-72] org.apache.catalina.realm.LockOutRealm.filterLockedAccounts Une tentative d'authentification a été effectuée pour l'utilisateur verrouillé ("locked user") []
16-Nov-2019 12:05:38.157 AVERTISSEMENT [http-nio-8080-exec-66] org.apache.catalina.realm.LockOutRealm.filterLockedAccounts Une tentative d'authentification a été effectuée pour l'utilisateur verrouillé ("locked user") []
16-Nov-2019 12:05:38.279 INFOS [http-nio-8080-exec-72] org.apache.jasper.servlet.TldScanner.scanJars Au moins un fichier JAR a été analysé pour trouver des TLDs mais il n'en contenait pas, le mode "debug" du journal peut être activé pour obtenir une liste complète de JAR scannés sans succès; éviter d'analyser des JARs inutilement peut améliorer sensiblement le temps de démarrage et le temps de compilation des JSPs
16-Nov-2019 12:05:42.447 INFOS [Catalina-utility-1] org.apache.catalina.startup.HostConfig.reload Rechargement du contexte [/Lab9-DOM_JQuery]
16-Nov-2019 12:05:42.447 INFOS [Catalina-utility-1] org.apache.catalina.core.StandardContext.reload Le rechargement du contexte [/Lab9-DOM_JQuery] a démarré
16-Nov-2019 12:05:42.528 INFOS [Catalina-utility-1] org.apache.jasper.servlet.TldScanner.scanJars Au moins un fichier JAR a été analysé pour trouver des TLDs mais il n'en contenait pas, le mode "debug" du journal peut être activé pour obtenir une liste complète de JAR scannés sans succès; éviter d'analyser des JARs inutilement peut améliorer sensiblement le temps de démarrage et le temps de compilation des JSPs
16-Nov-2019 12:05:42.532 INFOS [Catalina-utility-1] org.apache.catalina.core.StandardContext.reload Le rechargement de ce contexte est terminé
