01-Oct-2019 14:40:13.676 INFOS [main] org.apache.catalina.startup.VersionLoggerListener.log Version du serveur:        Apache Tomcat/9.0.26
01-Oct-2019 14:40:13.682 INFOS [main] org.apache.catalina.startup.VersionLoggerListener.log Serveur compilé:       Sep 16 2019 15:51:39 UTC
01-Oct-2019 14:40:13.682 INFOS [main] org.apache.catalina.startup.VersionLoggerListener.log Version du serveur:      9.0.26.0
01-Oct-2019 14:40:13.683 INFOS [main] org.apache.catalina.startup.VersionLoggerListener.log Nom de l'OS:           Mac OS X
01-Oct-2019 14:40:13.683 INFOS [main] org.apache.catalina.startup.VersionLoggerListener.log Version de l'OS:        10.14.6
01-Oct-2019 14:40:13.683 INFOS [main] org.apache.catalina.startup.VersionLoggerListener.log Architecture:          x86_64
01-Oct-2019 14:40:13.683 INFOS [main] org.apache.catalina.startup.VersionLoggerListener.log Répertoire de Java:     /Library/Java/JavaVirtualMachines/jdk1.8.0_101.jdk/Contents/Home/jre
01-Oct-2019 14:40:13.683 INFOS [main] org.apache.catalina.startup.VersionLoggerListener.log Version de la JVM:           1.8.0_101-b13
01-Oct-2019 14:40:13.683 INFOS [main] org.apache.catalina.startup.VersionLoggerListener.log Fournisseur de la JVM:            Oracle Corporation
01-Oct-2019 14:40:13.683 INFOS [main] org.apache.catalina.startup.VersionLoggerListener.log CATALINA_BASE:         /Users/jasminelatendresse/SOEN387-Projects-and-Labs/Assignment 1/apache-tomcat-9.0.26
01-Oct-2019 14:40:13.684 INFOS [main] org.apache.catalina.startup.VersionLoggerListener.log CATALINA_HOME:         /Users/jasminelatendresse/SOEN387-Projects-and-Labs/Assignment 1/apache-tomcat-9.0.26
01-Oct-2019 14:40:13.698 INFOS [main] org.apache.catalina.startup.VersionLoggerListener.log Argument de la ligne de commande: -Djava.util.logging.config.file=/Users/jasminelatendresse/SOEN387-Projects-and-Labs/Assignment 1/apache-tomcat-9.0.26/conf/logging.properties
01-Oct-2019 14:40:13.698 INFOS [main] org.apache.catalina.startup.VersionLoggerListener.log Argument de la ligne de commande: -Djava.util.logging.manager=org.apache.juli.ClassLoaderLogManager
01-Oct-2019 14:40:13.698 INFOS [main] org.apache.catalina.startup.VersionLoggerListener.log Argument de la ligne de commande: -Dhttp.nonProxyHosts=localhost|127.0.0.1|Jasmines-MacBook-Air.local
01-Oct-2019 14:40:13.698 INFOS [main] org.apache.catalina.startup.VersionLoggerListener.log Argument de la ligne de commande: -Djdk.tls.ephemeralDHKeySize=2048
01-Oct-2019 14:40:13.698 INFOS [main] org.apache.catalina.startup.VersionLoggerListener.log Argument de la ligne de commande: -Djava.protocol.handler.pkgs=org.apache.catalina.webresources
01-Oct-2019 14:40:13.699 INFOS [main] org.apache.catalina.startup.VersionLoggerListener.log Argument de la ligne de commande: -Dorg.apache.catalina.security.SecurityListener.UMASK=0027
01-Oct-2019 14:40:13.699 INFOS [main] org.apache.catalina.startup.VersionLoggerListener.log Argument de la ligne de commande: -Dignore.endorsed.dirs=
01-Oct-2019 14:40:13.699 INFOS [main] org.apache.catalina.startup.VersionLoggerListener.log Argument de la ligne de commande: -Dcatalina.base=/Users/jasminelatendresse/SOEN387-Projects-and-Labs/Assignment 1/apache-tomcat-9.0.26
01-Oct-2019 14:40:13.699 INFOS [main] org.apache.catalina.startup.VersionLoggerListener.log Argument de la ligne de commande: -Dcatalina.home=/Users/jasminelatendresse/SOEN387-Projects-and-Labs/Assignment 1/apache-tomcat-9.0.26
01-Oct-2019 14:40:13.699 INFOS [main] org.apache.catalina.startup.VersionLoggerListener.log Argument de la ligne de commande: -Djava.io.tmpdir=/Users/jasminelatendresse/SOEN387-Projects-and-Labs/Assignment 1/apache-tomcat-9.0.26/temp
01-Oct-2019 14:40:13.699 INFOS [main] org.apache.catalina.core.AprLifecycleListener.lifecycleEvent La librairie Apache Tomcat Native basée sur APR qui permet des performances optimales dans les environnements de production n'a pas été trouvée sur le java.library.path: [/Users/jasminelatendresse/Library/Java/Extensions:/Library/Java/Extensions:/Network/Library/Java/Extensions:/System/Library/Java/Extensions:/usr/lib/java:.]
01-Oct-2019 14:40:14.607 INFOS [main] org.apache.coyote.AbstractProtocol.init Initialisation du gestionnaire de protocole ["http-nio-8089"]
01-Oct-2019 14:40:14.753 INFOS [main] org.apache.coyote.AbstractProtocol.init Initialisation du gestionnaire de protocole ["ajp-nio-8009"]
01-Oct-2019 14:40:14.760 INFOS [main] org.apache.catalina.startup.Catalina.load L'initialisation du serveur a pris [1 786] millisecondes
01-Oct-2019 14:40:14.869 INFOS [main] org.apache.catalina.core.StandardService.startInternal Démarrage du service [Catalina]
01-Oct-2019 14:40:14.870 INFOS [main] org.apache.catalina.core.StandardEngine.startInternal Démarrage du moteur de Servlets: [Apache Tomcat/9.0.26]
01-Oct-2019 14:40:14.892 INFOS [main] org.apache.catalina.startup.HostConfig.deployDescriptor Déploiement du descripteur de configuration [/Users/jasminelatendresse/SOEN387-Projects-and-Labs/Assignment 1/apache-tomcat-9.0.26/conf/Catalina/localhost/Assignment 1.xml]
01-Oct-2019 14:40:15.016 AVERTISSEMENT [main] org.apache.catalina.startup.HostConfig.deployDescriptor L'attribut path avec la valeur [/Assignment_1] dans le descripteur de déploiement [/Users/jasminelatendresse/SOEN387-Projects-and-Labs/Assignment 1/apache-tomcat-9.0.26/conf/Catalina/localhost/Assignment 1.xml] a été ignoré
01-Oct-2019 14:40:15.962 INFOS [main] org.apache.jasper.servlet.TldScanner.scanJars Au moins un fichier JAR a été analysé pour trouver des TLDs mais il n'en contenait pas, le mode "debug" du journal peut être activé pour obtenir une liste complète de JAR scannés sans succès; éviter d'analyser des JARs inutilement peut améliorer sensiblement le temps de démarrage et le temps de compilation des JSPs
01-Oct-2019 14:40:16.060 INFOS [main] org.apache.catalina.startup.HostConfig.deployDescriptor Le traitement du descripteur de déploiement [/Users/jasminelatendresse/SOEN387-Projects-and-Labs/Assignment 1/apache-tomcat-9.0.26/conf/Catalina/localhost/Assignment 1.xml] a pris [1 167] ms
01-Oct-2019 14:40:16.060 INFOS [main] org.apache.catalina.startup.HostConfig.deployDescriptor Déploiement du descripteur de configuration [/Users/jasminelatendresse/SOEN387-Projects-and-Labs/Assignment 1/apache-tomcat-9.0.26/conf/Catalina/localhost/WebApplicationDemo.xml]
01-Oct-2019 14:40:16.063 AVERTISSEMENT [main] org.apache.catalina.startup.HostConfig.deployDescriptor L'attribut path avec la valeur [/WebApplicationDemo] dans le descripteur de déploiement [/Users/jasminelatendresse/SOEN387-Projects-and-Labs/Assignment 1/apache-tomcat-9.0.26/conf/Catalina/localhost/WebApplicationDemo.xml] a été ignoré
01-Oct-2019 14:40:16.066 GRAVE [main] org.apache.catalina.startup.HostConfig.deployDescriptor Erreur lors du déploiement du descripteur de configuration [/Users/jasminelatendresse/SOEN387-Projects-and-Labs/Assignment 1/apache-tomcat-9.0.26/conf/Catalina/localhost/WebApplicationDemo.xml]
	java.lang.IllegalStateException: Erreur lors du démarrage du conteneur fils
		at org.apache.catalina.core.ContainerBase.addChildInternal(ContainerBase.java:720)
		at org.apache.catalina.core.ContainerBase.addChild(ContainerBase.java:690)
		at org.apache.catalina.core.StandardHost.addChild(StandardHost.java:705)
		at org.apache.catalina.startup.HostConfig.deployDescriptor(HostConfig.java:631)
		at org.apache.catalina.startup.HostConfig$DeployDescriptor.run(HostConfig.java:1831)
		at java.util.concurrent.Executors$RunnableAdapter.call(Executors.java:511)
		at java.util.concurrent.FutureTask.run(FutureTask.java:266)
		at org.apache.tomcat.util.threads.InlineExecutorService.execute(InlineExecutorService.java:75)
		at java.util.concurrent.AbstractExecutorService.submit(AbstractExecutorService.java:112)
		at org.apache.catalina.startup.HostConfig.deployDescriptors(HostConfig.java:526)
		at org.apache.catalina.startup.HostConfig.deployApps(HostConfig.java:425)
		at org.apache.catalina.startup.HostConfig.start(HostConfig.java:1576)
		at org.apache.catalina.startup.HostConfig.lifecycleEvent(HostConfig.java:309)
		at org.apache.catalina.util.LifecycleBase.fireLifecycleEvent(LifecycleBase.java:123)
		at org.apache.catalina.util.LifecycleBase.setStateInternal(LifecycleBase.java:423)
		at org.apache.catalina.util.LifecycleBase.setState(LifecycleBase.java:366)
		at org.apache.catalina.core.ContainerBase.startInternal(ContainerBase.java:936)
		at org.apache.catalina.core.StandardHost.startInternal(StandardHost.java:841)
		at org.apache.catalina.util.LifecycleBase.start(LifecycleBase.java:183)
		at org.apache.catalina.core.ContainerBase$StartChild.call(ContainerBase.java:1384)
		at org.apache.catalina.core.ContainerBase$StartChild.call(ContainerBase.java:1374)
		at java.util.concurrent.FutureTask.run(FutureTask.java:266)
		at org.apache.tomcat.util.threads.InlineExecutorService.execute(InlineExecutorService.java:75)
		at java.util.concurrent.AbstractExecutorService.submit(AbstractExecutorService.java:134)
		at org.apache.catalina.core.ContainerBase.startInternal(ContainerBase.java:909)
		at org.apache.catalina.core.StandardEngine.startInternal(StandardEngine.java:262)
		at org.apache.catalina.util.LifecycleBase.start(LifecycleBase.java:183)
		at org.apache.catalina.core.StandardService.startInternal(StandardService.java:421)
		at org.apache.catalina.util.LifecycleBase.start(LifecycleBase.java:183)
		at org.apache.catalina.core.StandardServer.startInternal(StandardServer.java:932)
		at org.apache.catalina.util.LifecycleBase.start(LifecycleBase.java:183)
		at org.apache.catalina.startup.Catalina.start(Catalina.java:633)
		at sun.reflect.NativeMethodAccessorImpl.invoke0(Native Method)
		at sun.reflect.NativeMethodAccessorImpl.invoke(NativeMethodAccessorImpl.java:62)
		at sun.reflect.DelegatingMethodAccessorImpl.invoke(DelegatingMethodAccessorImpl.java:43)
		at java.lang.reflect.Method.invoke(Method.java:498)
		at org.apache.catalina.startup.Bootstrap.start(Bootstrap.java:344)
		at org.apache.catalina.startup.Bootstrap.main(Bootstrap.java:475)
	Caused by: org.apache.catalina.LifecycleException: Echec de démarrage du composant [org.apache.catalina.webresources.StandardRoot@59474f18]
		at org.apache.catalina.util.LifecycleBase.handleSubClassException(LifecycleBase.java:440)
		at org.apache.catalina.util.LifecycleBase.start(LifecycleBase.java:198)
		at org.apache.catalina.core.StandardContext.resourcesStart(StandardContext.java:4800)
		at org.apache.catalina.core.StandardContext.startInternal(StandardContext.java:4935)
		at org.apache.catalina.util.LifecycleBase.start(LifecycleBase.java:183)
		at org.apache.catalina.core.ContainerBase.addChildInternal(ContainerBase.java:717)
		... 37 more
	Caused by: java.lang.IllegalArgumentException: L'ensemble de ressources principal [/Users/Airi/Documents/SOEN387-Projects-and-Labs/Labs/WebApplicationDemo/build/web] est invalide
		at org.apache.catalina.webresources.StandardRoot.createMainResourceSet(StandardRoot.java:752)
		at org.apache.catalina.webresources.StandardRoot.startInternal(StandardRoot.java:709)
		at org.apache.catalina.util.LifecycleBase.start(LifecycleBase.java:183)
		... 41 more
01-Oct-2019 14:40:16.075 INFOS [main] org.apache.catalina.startup.HostConfig.deployDescriptor Le traitement du descripteur de déploiement [/Users/jasminelatendresse/SOEN387-Projects-and-Labs/Assignment 1/apache-tomcat-9.0.26/conf/Catalina/localhost/WebApplicationDemo.xml] a pris [15] ms
01-Oct-2019 14:40:16.076 INFOS [main] org.apache.catalina.startup.HostConfig.deployDescriptor Déploiement du descripteur de configuration [/Users/jasminelatendresse/SOEN387-Projects-and-Labs/Assignment 1/apache-tomcat-9.0.26/conf/Catalina/localhost/Assignment_1.xml]
01-Oct-2019 14:40:16.079 AVERTISSEMENT [main] org.apache.catalina.startup.HostConfig.deployDescriptor L'attribut path avec la valeur [/Assignment_1] dans le descripteur de déploiement [/Users/jasminelatendresse/SOEN387-Projects-and-Labs/Assignment 1/apache-tomcat-9.0.26/conf/Catalina/localhost/Assignment_1.xml] a été ignoré
01-Oct-2019 14:40:16.374 INFOS [main] org.apache.jasper.servlet.TldScanner.scanJars Au moins un fichier JAR a été analysé pour trouver des TLDs mais il n'en contenait pas, le mode "debug" du journal peut être activé pour obtenir une liste complète de JAR scannés sans succès; éviter d'analyser des JARs inutilement peut améliorer sensiblement le temps de démarrage et le temps de compilation des JSPs
01-Oct-2019 14:40:16.381 INFOS [main] org.apache.catalina.startup.HostConfig.deployDescriptor Le traitement du descripteur de déploiement [/Users/jasminelatendresse/SOEN387-Projects-and-Labs/Assignment 1/apache-tomcat-9.0.26/conf/Catalina/localhost/Assignment_1.xml] a pris [304] ms
01-Oct-2019 14:40:16.383 INFOS [main] org.apache.catalina.startup.HostConfig.deployDirectory Déploiement du répertoire d'application web [/Users/jasminelatendresse/SOEN387-Projects-and-Labs/Assignment 1/apache-tomcat-9.0.26/webapps/docs]
01-Oct-2019 14:40:16.673 INFOS [main] org.apache.jasper.servlet.TldScanner.scanJars Au moins un fichier JAR a été analysé pour trouver des TLDs mais il n'en contenait pas, le mode "debug" du journal peut être activé pour obtenir une liste complète de JAR scannés sans succès; éviter d'analyser des JARs inutilement peut améliorer sensiblement le temps de démarrage et le temps de compilation des JSPs
01-Oct-2019 14:40:16.677 INFOS [main] org.apache.catalina.startup.HostConfig.deployDirectory Le déploiement du répertoire [/Users/jasminelatendresse/SOEN387-Projects-and-Labs/Assignment 1/apache-tomcat-9.0.26/webapps/docs] de l'application web s'est terminé en [294] ms
01-Oct-2019 14:40:16.677 INFOS [main] org.apache.catalina.startup.HostConfig.deployDirectory Déploiement du répertoire d'application web [/Users/jasminelatendresse/SOEN387-Projects-and-Labs/Assignment 1/apache-tomcat-9.0.26/webapps/manager]
01-Oct-2019 14:40:17.052 INFOS [main] org.apache.jasper.servlet.TldScanner.scanJars Au moins un fichier JAR a été analysé pour trouver des TLDs mais il n'en contenait pas, le mode "debug" du journal peut être activé pour obtenir une liste complète de JAR scannés sans succès; éviter d'analyser des JARs inutilement peut améliorer sensiblement le temps de démarrage et le temps de compilation des JSPs
01-Oct-2019 14:40:17.075 INFOS [main] org.apache.catalina.startup.HostConfig.deployDirectory Le déploiement du répertoire [/Users/jasminelatendresse/SOEN387-Projects-and-Labs/Assignment 1/apache-tomcat-9.0.26/webapps/manager] de l'application web s'est terminé en [397] ms
01-Oct-2019 14:40:17.075 INFOS [main] org.apache.catalina.startup.HostConfig.deployDirectory Déploiement du répertoire d'application web [/Users/jasminelatendresse/SOEN387-Projects-and-Labs/Assignment 1/apache-tomcat-9.0.26/webapps/examples]
01-Oct-2019 14:40:17.907 INFOS [main] org.apache.jasper.servlet.TldScanner.scanJars Au moins un fichier JAR a été analysé pour trouver des TLDs mais il n'en contenait pas, le mode "debug" du journal peut être activé pour obtenir une liste complète de JAR scannés sans succès; éviter d'analyser des JARs inutilement peut améliorer sensiblement le temps de démarrage et le temps de compilation des JSPs
01-Oct-2019 14:40:18.110 INFOS [main] org.apache.catalina.startup.HostConfig.deployDirectory Le déploiement du répertoire [/Users/jasminelatendresse/SOEN387-Projects-and-Labs/Assignment 1/apache-tomcat-9.0.26/webapps/examples] de l'application web s'est terminé en [1 035] ms
01-Oct-2019 14:40:18.111 INFOS [main] org.apache.catalina.startup.HostConfig.deployDirectory Déploiement du répertoire d'application web [/Users/jasminelatendresse/SOEN387-Projects-and-Labs/Assignment 1/apache-tomcat-9.0.26/webapps/ROOT]
01-Oct-2019 14:40:18.402 INFOS [main] org.apache.jasper.servlet.TldScanner.scanJars Au moins un fichier JAR a été analysé pour trouver des TLDs mais il n'en contenait pas, le mode "debug" du journal peut être activé pour obtenir une liste complète de JAR scannés sans succès; éviter d'analyser des JARs inutilement peut améliorer sensiblement le temps de démarrage et le temps de compilation des JSPs
01-Oct-2019 14:40:18.459 INFOS [main] org.apache.catalina.startup.HostConfig.deployDirectory Le déploiement du répertoire [/Users/jasminelatendresse/SOEN387-Projects-and-Labs/Assignment 1/apache-tomcat-9.0.26/webapps/ROOT] de l'application web s'est terminé en [348] ms
01-Oct-2019 14:40:18.460 INFOS [main] org.apache.catalina.startup.HostConfig.deployDirectory Déploiement du répertoire d'application web [/Users/jasminelatendresse/SOEN387-Projects-and-Labs/Assignment 1/apache-tomcat-9.0.26/webapps/host-manager]
01-Oct-2019 14:40:18.666 INFOS [main] org.apache.jasper.servlet.TldScanner.scanJars Au moins un fichier JAR a été analysé pour trouver des TLDs mais il n'en contenait pas, le mode "debug" du journal peut être activé pour obtenir une liste complète de JAR scannés sans succès; éviter d'analyser des JARs inutilement peut améliorer sensiblement le temps de démarrage et le temps de compilation des JSPs
01-Oct-2019 14:40:18.711 INFOS [main] org.apache.catalina.startup.HostConfig.deployDirectory Le déploiement du répertoire [/Users/jasminelatendresse/SOEN387-Projects-and-Labs/Assignment 1/apache-tomcat-9.0.26/webapps/host-manager] de l'application web s'est terminé en [250] ms
01-Oct-2019 14:40:18.731 INFOS [main] org.apache.coyote.AbstractProtocol.start Démarrage du gestionnaire de protocole ["http-nio-8089"]
01-Oct-2019 14:40:18.765 INFOS [main] org.apache.coyote.AbstractProtocol.start Démarrage du gestionnaire de protocole ["ajp-nio-8009"]
01-Oct-2019 14:40:18.777 INFOS [main] org.apache.catalina.startup.Catalina.start Le démarrage du serveur a pris [4 016] millisecondes
01-Oct-2019 14:40:24.025 INFOS [http-nio-8089-exec-5] org.apache.catalina.startup.HostConfig.undeploy Retrait de l'application web ayant pour chemin de contexte [/Assignment 1]
01-Oct-2019 14:40:24.089 INFOS [http-nio-8089-exec-9] org.apache.catalina.startup.HostConfig.deployDescriptor Déploiement du descripteur de configuration [/Users/jasminelatendresse/SOEN387-Projects-and-Labs/Assignment 1/apache-tomcat-9.0.26/conf/Catalina/localhost/Assignment 1.xml]
01-Oct-2019 14:40:24.091 AVERTISSEMENT [http-nio-8089-exec-9] org.apache.catalina.startup.HostConfig.deployDescriptor L'attribut path avec la valeur [/Assignment 1] dans le descripteur de déploiement [/Users/jasminelatendresse/SOEN387-Projects-and-Labs/Assignment 1/apache-tomcat-9.0.26/conf/Catalina/localhost/Assignment 1.xml] a été ignoré
01-Oct-2019 14:40:24.239 INFOS [http-nio-8089-exec-9] org.apache.jasper.servlet.TldScanner.scanJars Au moins un fichier JAR a été analysé pour trouver des TLDs mais il n'en contenait pas, le mode "debug" du journal peut être activé pour obtenir une liste complète de JAR scannés sans succès; éviter d'analyser des JARs inutilement peut améliorer sensiblement le temps de démarrage et le temps de compilation des JSPs
01-Oct-2019 14:40:24.243 INFOS [http-nio-8089-exec-9] org.apache.catalina.startup.HostConfig.deployDescriptor Le traitement du descripteur de déploiement [/Users/jasminelatendresse/SOEN387-Projects-and-Labs/Assignment 1/apache-tomcat-9.0.26/conf/Catalina/localhost/Assignment 1.xml] a pris [154] ms
01-Oct-2019 14:40:24.267 INFOS [http-nio-8089-exec-9] org.apache.catalina.util.LifecycleBase.start La méthode start() a été appelée sur le composant [StandardEngine[Catalina].StandardHost[localhost].StandardContext[/Assignment 1]] après que start() ait déjà été appelé, le deuxième appel sera ignoré
01-Oct-2019 14:41:20.465 INFOS [http-nio-8089-exec-15] org.apache.catalina.core.StandardContext.reload Le rechargement du contexte [/Assignment 1] a démarré
01-Oct-2019 14:41:20.841 INFOS [http-nio-8089-exec-15] org.apache.jasper.servlet.TldScanner.scanJars Au moins un fichier JAR a été analysé pour trouver des TLDs mais il n'en contenait pas, le mode "debug" du journal peut être activé pour obtenir une liste complète de JAR scannés sans succès; éviter d'analyser des JARs inutilement peut améliorer sensiblement le temps de démarrage et le temps de compilation des JSPs
01-Oct-2019 14:41:20.856 INFOS [http-nio-8089-exec-15] org.apache.catalina.core.StandardContext.reload Le rechargement de ce contexte est terminé
01-Oct-2019 14:41:37.850 INFOS [main] org.apache.catalina.core.StandardServer.await Une commande d'arrêt valide a été reçue sur le port d'arrêt, arrêt de l'instance du serveur
01-Oct-2019 14:41:37.851 INFOS [main] org.apache.coyote.AbstractProtocol.pause Le gestionnaire de protocole ["http-nio-8089"] est mis en pause
01-Oct-2019 14:41:37.861 INFOS [main] org.apache.coyote.AbstractProtocol.pause Le gestionnaire de protocole ["ajp-nio-8009"] est mis en pause
01-Oct-2019 14:41:37.869 INFOS [main] org.apache.catalina.core.StandardService.stopInternal Arrêt du service [Catalina]
01-Oct-2019 14:41:37.922 INFOS [main] org.apache.coyote.AbstractProtocol.stop Arrêt du gestionnaire de protocole ["http-nio-8089"]
01-Oct-2019 14:41:37.933 INFOS [main] org.apache.coyote.AbstractProtocol.stop Arrêt du gestionnaire de protocole ["ajp-nio-8009"]
01-Oct-2019 14:41:37.939 INFOS [main] org.apache.coyote.AbstractProtocol.destroy Destruction du gestionnaire de protocole ["http-nio-8089"]
01-Oct-2019 14:41:37.940 INFOS [main] org.apache.coyote.AbstractProtocol.destroy Destruction du gestionnaire de protocole ["ajp-nio-8009"]
