09-Oct-2019 20:21:54.333 INFOS [main] org.apache.catalina.core.ApplicationContext.log ContextListener: contextInitialized()
09-Oct-2019 20:21:54.333 INFOS [main] org.apache.catalina.core.ApplicationContext.log SessionListener: contextInitialized()
09-Oct-2019 20:21:54.335 INFOS [main] org.apache.catalina.core.ApplicationContext.log ContextListener: attributeAdded('StockTicker', 'async.Stockticker@21ba0741')
09-Oct-2019 20:48:57.099 INFOS [main] org.apache.catalina.core.ApplicationContext.log ContextListener: contextInitialized()
09-Oct-2019 20:48:57.100 INFOS [main] org.apache.catalina.core.ApplicationContext.log SessionListener: contextInitialized()
09-Oct-2019 20:48:57.108 INFOS [main] org.apache.catalina.core.ApplicationContext.log ContextListener: attributeAdded('StockTicker', 'async.Stockticker@56673b2c')
09-Oct-2019 20:49:41.475 GRAVE [http-nio-8080-exec-4] org.apache.catalina.core.StandardWrapperValve.invoke "Servlet.service()" pour la servlet [HelloWorldServlet] a généré une exception
	java.lang.NullPointerException
		at java.net.URLDecoder.decode(URLDecoder.java:136)
		at SOEN387.HelloWorldServlet.processRequest(HelloWorldServlet.java:176)
		at SOEN387.HelloWorldServlet.doGet(HelloWorldServlet.java:284)
		at javax.servlet.http.HttpServlet.service(HttpServlet.java:634)
		at javax.servlet.http.HttpServlet.service(HttpServlet.java:741)
		at org.apache.catalina.core.ApplicationFilterChain.internalDoFilter(ApplicationFilterChain.java:231)
		at org.apache.catalina.core.ApplicationFilterChain.doFilter(ApplicationFilterChain.java:166)
		at org.apache.tomcat.websocket.server.WsFilter.doFilter(WsFilter.java:53)
		at org.apache.catalina.core.ApplicationFilterChain.internalDoFilter(ApplicationFilterChain.java:193)
		at org.apache.catalina.core.ApplicationFilterChain.doFilter(ApplicationFilterChain.java:166)
		at org.apache.catalina.core.StandardWrapperValve.invoke(StandardWrapperValve.java:202)
		at org.apache.catalina.core.StandardContextValve.invoke(StandardContextValve.java:96)
		at org.apache.catalina.authenticator.AuthenticatorBase.invoke(AuthenticatorBase.java:526)
		at org.apache.catalina.core.StandardHostValve.invoke(StandardHostValve.java:139)
		at org.apache.catalina.valves.ErrorReportValve.invoke(ErrorReportValve.java:92)
		at org.apache.catalina.valves.AbstractAccessLogValve.invoke(AbstractAccessLogValve.java:678)
		at org.apache.catalina.core.StandardEngineValve.invoke(StandardEngineValve.java:74)
		at org.apache.catalina.connector.CoyoteAdapter.service(CoyoteAdapter.java:343)
		at org.apache.coyote.http11.Http11Processor.service(Http11Processor.java:408)
		at org.apache.coyote.AbstractProcessorLight.process(AbstractProcessorLight.java:66)
		at org.apache.coyote.AbstractProtocol$ConnectionHandler.process(AbstractProtocol.java:860)
		at org.apache.tomcat.util.net.NioEndpoint$SocketProcessor.doRun(NioEndpoint.java:1589)
		at org.apache.tomcat.util.net.SocketProcessorBase.run(SocketProcessorBase.java:49)
		at java.util.concurrent.ThreadPoolExecutor.runWorker(ThreadPoolExecutor.java:1149)
		at java.util.concurrent.ThreadPoolExecutor$Worker.run(ThreadPoolExecutor.java:624)
		at org.apache.tomcat.util.threads.TaskThread$WrappingRunnable.run(TaskThread.java:61)
		at java.lang.Thread.run(Thread.java:748)
09-Oct-2019 20:50:07.823 INFOS [main] org.apache.catalina.core.ApplicationContext.log SessionListener: contextDestroyed()
09-Oct-2019 20:50:07.823 INFOS [main] org.apache.catalina.core.ApplicationContext.log ContextListener: contextDestroyed()
09-Oct-2019 20:50:18.565 INFOS [main] org.apache.catalina.core.ApplicationContext.log ContextListener: contextInitialized()
09-Oct-2019 20:50:18.565 INFOS [main] org.apache.catalina.core.ApplicationContext.log SessionListener: contextInitialized()
09-Oct-2019 20:50:18.567 INFOS [main] org.apache.catalina.core.ApplicationContext.log ContextListener: attributeAdded('StockTicker', 'async.Stockticker@2796aeae')
09-Oct-2019 20:52:11.509 INFOS [main] org.apache.catalina.core.ApplicationContext.log SessionListener: contextDestroyed()
09-Oct-2019 20:52:11.509 INFOS [main] org.apache.catalina.core.ApplicationContext.log ContextListener: contextDestroyed()
09-Oct-2019 21:36:26.398 INFOS [main] org.apache.catalina.core.ApplicationContext.log ContextListener: contextInitialized()
09-Oct-2019 21:36:26.398 INFOS [main] org.apache.catalina.core.ApplicationContext.log SessionListener: contextInitialized()
09-Oct-2019 21:36:26.401 INFOS [main] org.apache.catalina.core.ApplicationContext.log ContextListener: attributeAdded('StockTicker', 'async.Stockticker@56673b2c')
09-Oct-2019 21:46:48.420 INFOS [main] org.apache.catalina.core.ApplicationContext.log SessionListener: contextDestroyed()
09-Oct-2019 21:46:48.420 INFOS [main] org.apache.catalina.core.ApplicationContext.log ContextListener: contextDestroyed()
09-Oct-2019 22:15:36.771 INFOS [main] org.apache.catalina.core.ApplicationContext.log ContextListener: contextInitialized()
09-Oct-2019 22:15:36.771 INFOS [main] org.apache.catalina.core.ApplicationContext.log SessionListener: contextInitialized()
09-Oct-2019 22:15:36.775 INFOS [main] org.apache.catalina.core.ApplicationContext.log ContextListener: attributeAdded('StockTicker', 'async.Stockticker@2796aeae')
09-Oct-2019 22:18:55.416 GRAVE [http-nio-8080-exec-10] org.apache.catalina.core.StandardWrapperValve.invoke "Servlet.service()" pour la servlet [HelloWorldServlet] a généré une exception
	java.lang.NullPointerException
		at java.net.URLDecoder.decode(URLDecoder.java:136)
		at SOEN387.HelloWorldServlet.processRequest(HelloWorldServlet.java:176)
		at SOEN387.HelloWorldServlet.doGet(HelloWorldServlet.java:284)
		at javax.servlet.http.HttpServlet.service(HttpServlet.java:634)
		at javax.servlet.http.HttpServlet.service(HttpServlet.java:741)
		at org.apache.catalina.core.ApplicationFilterChain.internalDoFilter(ApplicationFilterChain.java:231)
		at org.apache.catalina.core.ApplicationFilterChain.doFilter(ApplicationFilterChain.java:166)
		at org.apache.tomcat.websocket.server.WsFilter.doFilter(WsFilter.java:53)
		at org.apache.catalina.core.ApplicationFilterChain.internalDoFilter(ApplicationFilterChain.java:193)
		at org.apache.catalina.core.ApplicationFilterChain.doFilter(ApplicationFilterChain.java:166)
		at org.apache.catalina.core.StandardWrapperValve.invoke(StandardWrapperValve.java:202)
		at org.apache.catalina.core.StandardContextValve.invoke(StandardContextValve.java:96)
		at org.apache.catalina.authenticator.AuthenticatorBase.invoke(AuthenticatorBase.java:526)
		at org.apache.catalina.core.StandardHostValve.invoke(StandardHostValve.java:139)
		at org.apache.catalina.valves.ErrorReportValve.invoke(ErrorReportValve.java:92)
		at org.apache.catalina.valves.AbstractAccessLogValve.invoke(AbstractAccessLogValve.java:678)
		at org.apache.catalina.core.StandardEngineValve.invoke(StandardEngineValve.java:74)
		at org.apache.catalina.connector.CoyoteAdapter.service(CoyoteAdapter.java:343)
		at org.apache.coyote.http11.Http11Processor.service(Http11Processor.java:408)
		at org.apache.coyote.AbstractProcessorLight.process(AbstractProcessorLight.java:66)
		at org.apache.coyote.AbstractProtocol$ConnectionHandler.process(AbstractProtocol.java:860)
		at org.apache.tomcat.util.net.NioEndpoint$SocketProcessor.doRun(NioEndpoint.java:1589)
		at org.apache.tomcat.util.net.SocketProcessorBase.run(SocketProcessorBase.java:49)
		at java.util.concurrent.ThreadPoolExecutor.runWorker(ThreadPoolExecutor.java:1149)
		at java.util.concurrent.ThreadPoolExecutor$Worker.run(ThreadPoolExecutor.java:624)
		at org.apache.tomcat.util.threads.TaskThread$WrappingRunnable.run(TaskThread.java:61)
		at java.lang.Thread.run(Thread.java:748)
09-Oct-2019 22:33:28.136 INFOS [main] org.apache.catalina.core.ApplicationContext.log SessionListener: contextDestroyed()
09-Oct-2019 22:33:28.136 INFOS [main] org.apache.catalina.core.ApplicationContext.log ContextListener: contextDestroyed()
