09-Nov-2019 09:43:40.300 INFOS [http-nio-8080-exec-6] org.apache.catalina.core.ApplicationContext.log Manager: init: Associated with Deployer 'Catalina:type=Deployer,host=localhost'
09-Nov-2019 09:43:40.301 INFOS [http-nio-8080-exec-6] org.apache.catalina.core.ApplicationContext.log Manager: init: Global resources are available
09-Nov-2019 09:43:40.439 INFOS [http-nio-8080-exec-2] org.apache.catalina.core.ApplicationContext.log Manager: list: Listing contexts for virtual host 'localhost'
09-Nov-2019 09:43:40.489 INFOS [http-nio-8080-exec-6] org.apache.catalina.core.ApplicationContext.log Manager: list: Listing contexts for virtual host 'localhost'
09-Nov-2019 09:43:40.566 INFOS [http-nio-8080-exec-10] org.apache.catalina.core.ApplicationContext.log Manager: restart: Reloading web application '/A2-UI'
09-Nov-2019 09:46:16.970 INFOS [http-nio-8080-exec-18] org.apache.catalina.core.ApplicationContext.log Manager: list: Listing contexts for virtual host 'localhost'
09-Nov-2019 09:47:14.029 INFOS [http-nio-8080-exec-18] org.apache.catalina.core.ApplicationContext.log Manager: list: Listing contexts for virtual host 'localhost'
09-Nov-2019 09:47:30.025 INFOS [http-nio-8080-exec-11] org.apache.catalina.core.ApplicationContext.log Manager: list: Listing contexts for virtual host 'localhost'
09-Nov-2019 09:47:30.042 INFOS [http-nio-8080-exec-12] org.apache.catalina.core.ApplicationContext.log Manager: restart: Reloading web application '/A2-UI'
09-Nov-2019 09:48:26.871 INFOS [http-nio-8080-exec-11] org.apache.catalina.core.ApplicationContext.log Manager: list: Listing contexts for virtual host 'localhost'
09-Nov-2019 09:48:26.886 INFOS [http-nio-8080-exec-15] org.apache.catalina.core.ApplicationContext.log Manager: stop: Stopping web application '/A2-UI'
09-Nov-2019 09:48:26.935 INFOS [http-nio-8080-exec-11] org.apache.catalina.core.ApplicationContext.log Manager: start: Starting web application '/A2-UI'
09-Nov-2019 09:48:44.060 INFOS [http-nio-8080-exec-25] org.apache.catalina.core.ApplicationContext.log Manager: list: Listing contexts for virtual host 'localhost'
09-Nov-2019 09:48:44.075 INFOS [http-nio-8080-exec-27] org.apache.catalina.core.ApplicationContext.log Manager: list: Listing contexts for virtual host 'localhost'
09-Nov-2019 09:48:44.125 INFOS [http-nio-8080-exec-13] org.apache.catalina.core.ApplicationContext.log Manager: stop: Stopping web application '/A2-UI'
09-Nov-2019 09:48:44.158 INFOS [http-nio-8080-exec-18] org.apache.catalina.core.ApplicationContext.log Manager: start: Starting web application '/A2-UI'
09-Nov-2019 09:49:16.957 INFOS [http-nio-8080-exec-28] org.apache.catalina.core.ApplicationContext.log Manager: list: Listing contexts for virtual host 'localhost'
09-Nov-2019 09:49:16.974 INFOS [http-nio-8080-exec-29] org.apache.catalina.core.ApplicationContext.log Manager: stop: Stopping web application '/A2-UI'
09-Nov-2019 09:49:17.034 INFOS [http-nio-8080-exec-18] org.apache.catalina.core.ApplicationContext.log Manager: start: Starting web application '/A2-UI'
09-Nov-2019 09:49:45.040 INFOS [http-nio-8080-exec-29] org.apache.catalina.core.ApplicationContext.log Manager: list: Listing contexts for virtual host 'localhost'
09-Nov-2019 09:49:45.051 INFOS [http-nio-8080-exec-33] org.apache.catalina.core.ApplicationContext.log Manager: stop: Stopping web application '/A2-UI'
09-Nov-2019 09:49:45.081 INFOS [http-nio-8080-exec-18] org.apache.catalina.core.ApplicationContext.log Manager: start: Starting web application '/A2-UI'
09-Nov-2019 09:49:52.575 INFOS [http-nio-8080-exec-30] org.apache.catalina.core.ApplicationContext.log Manager: list: Listing contexts for virtual host 'localhost'
09-Nov-2019 09:49:52.659 INFOS [http-nio-8080-exec-29] org.apache.catalina.core.ApplicationContext.log Manager: list: Listing contexts for virtual host 'localhost'
09-Nov-2019 09:49:52.777 INFOS [http-nio-8080-exec-19] org.apache.catalina.core.ApplicationContext.log Manager: stop: Stopping web application '/A2-UI'
09-Nov-2019 09:49:52.820 INFOS [http-nio-8080-exec-32] org.apache.catalina.core.ApplicationContext.log Manager: start: Starting web application '/A2-UI'
09-Nov-2019 09:50:29.089 INFOS [http-nio-8080-exec-36] org.apache.catalina.core.ApplicationContext.log Manager: list: Listing contexts for virtual host 'localhost'
09-Nov-2019 09:50:29.127 INFOS [http-nio-8080-exec-38] org.apache.catalina.core.ApplicationContext.log Manager: stop: Stopping web application '/A2-UI'
09-Nov-2019 09:50:29.161 INFOS [http-nio-8080-exec-40] org.apache.catalina.core.ApplicationContext.log Manager: start: Starting web application '/A2-UI'
09-Nov-2019 09:50:40.983 INFOS [http-nio-8080-exec-33] org.apache.catalina.core.ApplicationContext.log Manager: list: Listing contexts for virtual host 'localhost'
09-Nov-2019 09:50:40.990 INFOS [http-nio-8080-exec-37] org.apache.catalina.core.ApplicationContext.log Manager: list: Listing contexts for virtual host 'localhost'
09-Nov-2019 09:50:41.011 INFOS [http-nio-8080-exec-38] org.apache.catalina.core.ApplicationContext.log Manager: stop: Stopping web application '/A2-UI'
09-Nov-2019 09:50:41.036 INFOS [http-nio-8080-exec-40] org.apache.catalina.core.ApplicationContext.log Manager: start: Starting web application '/A2-UI'
09-Nov-2019 09:52:11.187 INFOS [http-nio-8080-exec-46] org.apache.catalina.core.ApplicationContext.log Manager: list: Listing contexts for virtual host 'localhost'
09-Nov-2019 09:52:30.082 INFOS [http-nio-8080-exec-43] org.apache.catalina.core.ApplicationContext.log Manager: list: Listing contexts for virtual host 'localhost'
09-Nov-2019 09:52:30.103 INFOS [http-nio-8080-exec-45] org.apache.catalina.core.ApplicationContext.log Manager: stop: Stopping web application '/A2-UI'
09-Nov-2019 09:52:31.668 INFOS [http-nio-8080-exec-49] org.apache.catalina.core.ApplicationContext.log Manager: start: Starting web application '/A2-UI'
09-Nov-2019 09:54:04.210 INFOS [http-nio-8080-exec-54] org.apache.catalina.core.ApplicationContext.log Manager: list: Listing contexts for virtual host 'localhost'
09-Nov-2019 09:54:04.226 INFOS [http-nio-8080-exec-55] org.apache.catalina.core.ApplicationContext.log Manager: restart: Reloading web application '/A2-UI'
09-Nov-2019 09:54:13.931 INFOS [http-nio-8080-exec-52] org.apache.catalina.core.ApplicationContext.log Manager: list: Listing contexts for virtual host 'localhost'
09-Nov-2019 09:54:25.325 INFOS [http-nio-8080-exec-54] org.apache.catalina.core.ApplicationContext.log Manager: list: Listing contexts for virtual host 'localhost'
09-Nov-2019 09:54:25.339 INFOS [http-nio-8080-exec-57] org.apache.catalina.core.ApplicationContext.log Manager: list: Listing contexts for virtual host 'localhost'
09-Nov-2019 09:54:25.368 INFOS [http-nio-8080-exec-58] org.apache.catalina.core.ApplicationContext.log Manager: stop: Stopping web application '/A2-UI'
09-Nov-2019 09:54:25.402 INFOS [http-nio-8080-exec-48] org.apache.catalina.core.ApplicationContext.log Manager: start: Starting web application '/A2-UI'
09-Nov-2019 09:55:52.613 INFOS [http-nio-8080-exec-62] org.apache.catalina.core.ApplicationContext.log Manager: list: Listing contexts for virtual host 'localhost'
09-Nov-2019 09:56:12.707 INFOS [http-nio-8080-exec-61] org.apache.catalina.core.ApplicationContext.log Manager: list: Listing contexts for virtual host 'localhost'
09-Nov-2019 09:56:12.741 INFOS [http-nio-8080-exec-64] org.apache.catalina.core.ApplicationContext.log Manager: restart: Reloading web application '/A2-UI'
09-Nov-2019 09:56:19.676 INFOS [http-nio-8080-exec-63] org.apache.catalina.core.ApplicationContext.log Manager: list: Listing contexts for virtual host 'localhost'
09-Nov-2019 09:56:19.691 INFOS [http-nio-8080-exec-61] org.apache.catalina.core.ApplicationContext.log Manager: restart: Reloading web application '/A2-UI'
09-Nov-2019 09:56:38.983 INFOS [http-nio-8080-exec-70] org.apache.catalina.core.ApplicationContext.log Manager: list: Listing contexts for virtual host 'localhost'
09-Nov-2019 09:56:38.998 INFOS [http-nio-8080-exec-67] org.apache.catalina.core.ApplicationContext.log Manager: list: Listing contexts for virtual host 'localhost'
09-Nov-2019 09:56:39.042 INFOS [http-nio-8080-exec-68] org.apache.catalina.core.ApplicationContext.log Manager: restart: Reloading web application '/A2-UI'
09-Nov-2019 09:57:34.432 INFOS [http-nio-8080-exec-73] org.apache.catalina.core.ApplicationContext.log Manager: list: Listing contexts for virtual host 'localhost'
09-Nov-2019 09:57:34.451 INFOS [http-nio-8080-exec-75] org.apache.catalina.core.ApplicationContext.log Manager: stop: Stopping web application '/A2-UI'
09-Nov-2019 09:57:34.485 INFOS [http-nio-8080-exec-61] org.apache.catalina.core.ApplicationContext.log Manager: start: Starting web application '/A2-UI'
09-Nov-2019 09:57:50.094 INFOS [http-nio-8080-exec-79] org.apache.catalina.core.ApplicationContext.log Manager: list: Listing contexts for virtual host 'localhost'
09-Nov-2019 09:57:50.101 INFOS [http-nio-8080-exec-80] org.apache.catalina.core.ApplicationContext.log Manager: list: Listing contexts for virtual host 'localhost'
09-Nov-2019 09:57:50.134 INFOS [http-nio-8080-exec-73] org.apache.catalina.core.ApplicationContext.log Manager: stop: Stopping web application '/A2-UI'
09-Nov-2019 09:57:50.168 INFOS [http-nio-8080-exec-77] org.apache.catalina.core.ApplicationContext.log Manager: start: Starting web application '/A2-UI'
09-Nov-2019 09:58:04.089 INFOS [http-nio-8080-exec-78] org.apache.catalina.core.ApplicationContext.log Manager: list: Listing contexts for virtual host 'localhost'
09-Nov-2019 09:58:08.234 INFOS [http-nio-8080-exec-81] org.apache.catalina.core.ApplicationContext.log Manager: list: Listing contexts for virtual host 'localhost'
09-Nov-2019 09:58:08.255 INFOS [http-nio-8080-exec-82] org.apache.catalina.core.ApplicationContext.log Manager: list: Listing contexts for virtual host 'localhost'
09-Nov-2019 09:58:42.970 INFOS [http-nio-8080-exec-89] org.apache.catalina.core.ApplicationContext.log Manager: list: Listing contexts for virtual host 'localhost'
09-Nov-2019 09:58:42.985 INFOS [http-nio-8080-exec-78] org.apache.catalina.core.ApplicationContext.log Manager: restart: Reloading web application '/A2-UI'
09-Nov-2019 09:58:52.344 INFOS [http-nio-8080-exec-86] org.apache.catalina.core.ApplicationContext.log Manager: list: Listing contexts for virtual host 'localhost'
09-Nov-2019 09:58:52.357 INFOS [http-nio-8080-exec-91] org.apache.catalina.core.ApplicationContext.log Manager: list: Listing contexts for virtual host 'localhost'
09-Nov-2019 09:58:52.391 INFOS [http-nio-8080-exec-82] org.apache.catalina.core.ApplicationContext.log Manager: restart: Reloading web application '/A2-UI'
09-Nov-2019 09:59:29.979 INFOS [http-nio-8080-exec-92] org.apache.catalina.core.ApplicationContext.log Manager: list: Listing contexts for virtual host 'localhost'
09-Nov-2019 09:59:29.989 INFOS [http-nio-8080-exec-96] org.apache.catalina.core.ApplicationContext.log Manager: stop: Stopping web application '/A2-UI'
09-Nov-2019 09:59:30.009 INFOS [http-nio-8080-exec-93] org.apache.catalina.core.ApplicationContext.log Manager: start: Starting web application '/A2-UI'
09-Nov-2019 09:59:38.531 INFOS [http-nio-8080-exec-97] org.apache.catalina.core.ApplicationContext.log Manager: list: Listing contexts for virtual host 'localhost'
09-Nov-2019 09:59:38.541 INFOS [http-nio-8080-exec-98] org.apache.catalina.core.ApplicationContext.log Manager: stop: Stopping web application '/A2-UI'
09-Nov-2019 09:59:38.569 INFOS [http-nio-8080-exec-95] org.apache.catalina.core.ApplicationContext.log Manager: start: Starting web application '/A2-UI'
09-Nov-2019 10:00:13.984 INFOS [http-nio-8080-exec-96] org.apache.catalina.core.ApplicationContext.log Manager: list: Listing contexts for virtual host 'localhost'
09-Nov-2019 10:00:13.994 INFOS [http-nio-8080-exec-99] org.apache.catalina.core.ApplicationContext.log Manager: stop: Stopping web application '/A2-UI'
09-Nov-2019 10:00:14.001 INFOS [http-nio-8080-exec-97] org.apache.catalina.core.ApplicationContext.log Manager: start: Starting web application '/A2-UI'
09-Nov-2019 10:00:21.985 INFOS [http-nio-8080-exec-96] org.apache.catalina.core.ApplicationContext.log Manager: list: Listing contexts for virtual host 'localhost'
09-Nov-2019 10:00:21.994 INFOS [http-nio-8080-exec-103] org.apache.catalina.core.ApplicationContext.log Manager: list: Listing contexts for virtual host 'localhost'
09-Nov-2019 10:00:22.016 INFOS [http-nio-8080-exec-100] org.apache.catalina.core.ApplicationContext.log Manager: stop: Stopping web application '/A2-UI'
09-Nov-2019 10:00:22.031 INFOS [http-nio-8080-exec-101] org.apache.catalina.core.ApplicationContext.log Manager: start: Starting web application '/A2-UI'
09-Nov-2019 10:00:38.922 INFOS [http-nio-8080-exec-100] org.apache.catalina.core.ApplicationContext.log Manager: list: Listing contexts for virtual host 'localhost'
09-Nov-2019 10:00:38.935 INFOS [http-nio-8080-exec-94] org.apache.catalina.core.ApplicationContext.log Manager: stop: Stopping web application '/A2-UI'
09-Nov-2019 10:00:38.945 INFOS [http-nio-8080-exec-96] org.apache.catalina.core.ApplicationContext.log Manager: start: Starting web application '/A2-UI'
09-Nov-2019 10:00:45.746 INFOS [http-nio-8080-exec-104] org.apache.catalina.core.ApplicationContext.log Manager: list: Listing contexts for virtual host 'localhost'
09-Nov-2019 10:00:45.762 INFOS [http-nio-8080-exec-107] org.apache.catalina.core.ApplicationContext.log Manager: stop: Stopping web application '/A2-UI'
09-Nov-2019 10:00:45.773 INFOS [http-nio-8080-exec-105] org.apache.catalina.core.ApplicationContext.log Manager: start: Starting web application '/A2-UI'
09-Nov-2019 10:00:55.517 INFOS [http-nio-8080-exec-103] org.apache.catalina.core.ApplicationContext.log Manager: list: Listing contexts for virtual host 'localhost'
09-Nov-2019 10:00:55.522 INFOS [http-nio-8080-exec-105] org.apache.catalina.core.ApplicationContext.log Manager: list: Listing contexts for virtual host 'localhost'
09-Nov-2019 10:00:55.541 INFOS [http-nio-8080-exec-109] org.apache.catalina.core.ApplicationContext.log Manager: stop: Stopping web application '/A2-UI'
09-Nov-2019 10:00:55.553 INFOS [http-nio-8080-exec-94] org.apache.catalina.core.ApplicationContext.log Manager: start: Starting web application '/A2-UI'
09-Nov-2019 10:01:28.016 INFOS [http-nio-8080-exec-96] org.apache.catalina.core.ApplicationContext.log Manager: list: Listing contexts for virtual host 'localhost'
09-Nov-2019 10:01:28.031 INFOS [http-nio-8080-exec-104] org.apache.catalina.core.ApplicationContext.log Manager: stop: Stopping web application '/A2-UI'
09-Nov-2019 10:01:28.042 INFOS [http-nio-8080-exec-115] org.apache.catalina.core.ApplicationContext.log Manager: start: Starting web application '/A2-UI'
09-Nov-2019 10:01:35.702 INFOS [http-nio-8080-exec-112] org.apache.catalina.core.ApplicationContext.log Manager: list: Listing contexts for virtual host 'localhost'
09-Nov-2019 10:01:35.709 INFOS [http-nio-8080-exec-114] org.apache.catalina.core.ApplicationContext.log Manager: list: Listing contexts for virtual host 'localhost'
09-Nov-2019 10:01:35.750 INFOS [http-nio-8080-exec-96] org.apache.catalina.core.ApplicationContext.log Manager: stop: Stopping web application '/A2-UI'
09-Nov-2019 10:01:35.766 INFOS [http-nio-8080-exec-117] org.apache.catalina.core.ApplicationContext.log Manager: start: Starting web application '/A2-UI'
09-Nov-2019 10:01:56.672 INFOS [http-nio-8080-exec-118] org.apache.catalina.core.ApplicationContext.log Manager: list: Listing contexts for virtual host 'localhost'
09-Nov-2019 10:02:05.020 INFOS [http-nio-8080-exec-114] org.apache.catalina.core.ApplicationContext.log Manager: list: Listing contexts for virtual host 'localhost'
09-Nov-2019 10:02:35.401 INFOS [http-nio-8080-exec-123] org.apache.catalina.core.ApplicationContext.log Manager: list: Listing contexts for virtual host 'localhost'
09-Nov-2019 10:02:35.427 INFOS [http-nio-8080-exec-124] org.apache.catalina.core.ApplicationContext.log Manager: restart: Reloading web application '/A2-UI'
09-Nov-2019 10:02:48.667 INFOS [http-nio-8080-exec-111] org.apache.catalina.core.ApplicationContext.log Manager: list: Listing contexts for virtual host 'localhost'
09-Nov-2019 10:02:48.693 INFOS [http-nio-8080-exec-122] org.apache.catalina.core.ApplicationContext.log Manager: list: Listing contexts for virtual host 'localhost'
09-Nov-2019 10:02:48.743 INFOS [http-nio-8080-exec-125] org.apache.catalina.core.ApplicationContext.log Manager: restart: Reloading web application '/A2-UI'
09-Nov-2019 10:04:55.514 INFOS [http-nio-8080-exec-133] org.apache.catalina.core.ApplicationContext.log Manager: list: Listing contexts for virtual host 'localhost'
09-Nov-2019 10:04:55.524 INFOS [http-nio-8080-exec-135] org.apache.catalina.core.ApplicationContext.log Manager: restart: Reloading web application '/A2-UI'
09-Nov-2019 10:06:38.842 INFOS [http-nio-8080-exec-131] org.apache.catalina.core.ApplicationContext.log Manager: list: Listing contexts for virtual host 'localhost'
09-Nov-2019 10:06:38.861 INFOS [http-nio-8080-exec-128] org.apache.catalina.core.ApplicationContext.log Manager: restart: Reloading web application '/A2-UI'
09-Nov-2019 10:06:42.566 INFOS [http-nio-8080-exec-143] org.apache.catalina.core.ApplicationContext.log Manager: list: Listing contexts for virtual host 'localhost'
09-Nov-2019 10:06:42.601 INFOS [http-nio-8080-exec-139] org.apache.catalina.core.ApplicationContext.log Manager: restart: Reloading web application '/A2-UI'
09-Nov-2019 10:06:49.146 INFOS [http-nio-8080-exec-141] org.apache.catalina.core.ApplicationContext.log Manager: list: Listing contexts for virtual host 'localhost'
09-Nov-2019 10:06:49.162 INFOS [http-nio-8080-exec-145] org.apache.catalina.core.ApplicationContext.log Manager: list: Listing contexts for virtual host 'localhost'
09-Nov-2019 10:06:49.191 INFOS [http-nio-8080-exec-142] org.apache.catalina.core.ApplicationContext.log Manager: restart: Reloading web application '/A2-UI'
09-Nov-2019 10:07:48.695 INFOS [http-nio-8080-exec-148] org.apache.catalina.core.ApplicationContext.log Manager: list: Listing contexts for virtual host 'localhost'
09-Nov-2019 10:07:48.710 INFOS [http-nio-8080-exec-150] org.apache.catalina.core.ApplicationContext.log Manager: restart: Reloading web application '/A2-UI'
09-Nov-2019 10:07:52.182 INFOS [http-nio-8080-exec-151] org.apache.catalina.core.ApplicationContext.log Manager: list: Listing contexts for virtual host 'localhost'
09-Nov-2019 10:07:52.186 INFOS [http-nio-8080-exec-155] org.apache.catalina.core.ApplicationContext.log Manager: list: Listing contexts for virtual host 'localhost'
09-Nov-2019 10:07:52.206 INFOS [http-nio-8080-exec-149] org.apache.catalina.core.ApplicationContext.log Manager: restart: Reloading web application '/A2-UI'
09-Nov-2019 10:08:29.636 INFOS [http-nio-8080-exec-132] org.apache.catalina.core.ApplicationContext.log Manager: list: Listing contexts for virtual host 'localhost'
09-Nov-2019 10:08:29.669 INFOS [http-nio-8080-exec-157] org.apache.catalina.core.ApplicationContext.log Manager: restart: Reloading web application '/A2-UI'
09-Nov-2019 10:08:33.905 INFOS [http-nio-8080-exec-158] org.apache.catalina.core.ApplicationContext.log Manager: list: Listing contexts for virtual host 'localhost'
09-Nov-2019 10:08:33.953 INFOS [http-nio-8080-exec-160] org.apache.catalina.core.ApplicationContext.log Manager: restart: Reloading web application '/A2-UI'
09-Nov-2019 10:08:39.073 INFOS [http-nio-8080-exec-132] org.apache.catalina.core.ApplicationContext.log Manager: list: Listing contexts for virtual host 'localhost'
09-Nov-2019 10:08:39.088 INFOS [http-nio-8080-exec-161] org.apache.catalina.core.ApplicationContext.log Manager: list: Listing contexts for virtual host 'localhost'
09-Nov-2019 10:08:39.126 INFOS [http-nio-8080-exec-164] org.apache.catalina.core.ApplicationContext.log Manager: restart: Reloading web application '/A2-UI'
09-Nov-2019 10:09:22.559 INFOS [http-nio-8080-exec-166] org.apache.catalina.core.ApplicationContext.log Manager: list: Listing contexts for virtual host 'localhost'
09-Nov-2019 10:09:22.578 INFOS [http-nio-8080-exec-167] org.apache.catalina.core.ApplicationContext.log Manager: restart: Reloading web application '/A2-UI'
