17-Nov-2019 11:00:59.037 INFOS [http-nio-8080-exec-6] org.apache.catalina.core.ApplicationContext.log Manager: init: Associated with Deployer 'Catalina:type=Deployer,host=localhost'
17-Nov-2019 11:00:59.042 INFOS [http-nio-8080-exec-6] org.apache.catalina.core.ApplicationContext.log Manager: init: Global resources are available
17-Nov-2019 11:00:59.208 INFOS [http-nio-8080-exec-10] org.apache.catalina.core.ApplicationContext.log Manager: list: Listing contexts for virtual host 'localhost'
17-Nov-2019 11:00:59.231 INFOS [http-nio-8080-exec-3] org.apache.catalina.core.ApplicationContext.log Manager: list: Listing contexts for virtual host 'localhost'
17-Nov-2019 11:00:59.292 INFOS [http-nio-8080-exec-6] org.apache.catalina.core.ApplicationContext.log Manager: stop: Stopping web application '/Lab9-DOM_JQuery'
17-Nov-2019 11:00:59.329 INFOS [http-nio-8080-exec-7] org.apache.catalina.core.ApplicationContext.log Manager: start: Starting web application '/Lab9-DOM_JQuery'
17-Nov-2019 11:04:20.555 INFOS [http-nio-8080-exec-11] org.apache.catalina.core.ApplicationContext.log Manager: list: Listing contexts for virtual host 'localhost'
17-Nov-2019 11:04:20.574 INFOS [http-nio-8080-exec-13] org.apache.catalina.core.ApplicationContext.log Manager: stop: Stopping web application '/Lab9-DOM_JQuery'
17-Nov-2019 11:04:20.602 INFOS [http-nio-8080-exec-17] org.apache.catalina.core.ApplicationContext.log Manager: start: Starting web application '/Lab9-DOM_JQuery'
17-Nov-2019 11:04:23.850 INFOS [http-nio-8080-exec-12] org.apache.catalina.core.ApplicationContext.log Manager: list: Listing contexts for virtual host 'localhost'
17-Nov-2019 11:04:24.190 INFOS [http-nio-8080-exec-16] org.apache.catalina.core.ApplicationContext.log Manager: list: Listing contexts for virtual host 'localhost'
17-Nov-2019 11:04:24.199 INFOS [http-nio-8080-exec-11] org.apache.catalina.core.ApplicationContext.log Manager: list: Listing contexts for virtual host 'localhost'
17-Nov-2019 11:04:24.231 INFOS [http-nio-8080-exec-22] org.apache.catalina.core.ApplicationContext.log Manager: stop: Stopping web application '/Lab9-DOM_JQuery'
17-Nov-2019 11:04:24.268 INFOS [http-nio-8080-exec-14] org.apache.catalina.core.ApplicationContext.log Manager: start: Starting web application '/Lab9-DOM_JQuery'
17-Nov-2019 11:06:41.930 INFOS [http-nio-8080-exec-26] org.apache.catalina.core.ApplicationContext.log Manager: list: Listing contexts for virtual host 'localhost'
17-Nov-2019 11:06:51.316 INFOS [http-nio-8080-exec-27] org.apache.catalina.core.ApplicationContext.log Manager: list: Listing contexts for virtual host 'localhost'
17-Nov-2019 11:06:51.337 INFOS [http-nio-8080-exec-26] org.apache.catalina.core.ApplicationContext.log Manager: stop: Stopping web application '/Lab9-DOM_JQuery'
17-Nov-2019 11:06:51.385 INFOS [http-nio-8080-exec-24] org.apache.catalina.core.ApplicationContext.log Manager: start: Starting web application '/Lab9-DOM_JQuery'
17-Nov-2019 11:06:53.743 INFOS [http-nio-8080-exec-29] org.apache.catalina.core.ApplicationContext.log Manager: list: Listing contexts for virtual host 'localhost'
17-Nov-2019 11:06:53.758 INFOS [http-nio-8080-exec-27] org.apache.catalina.core.ApplicationContext.log Manager: stop: Stopping web application '/Lab9-DOM_JQuery'
17-Nov-2019 11:06:53.785 INFOS [http-nio-8080-exec-27] org.apache.catalina.core.ApplicationContext.log Manager: start: Starting web application '/Lab9-DOM_JQuery'
17-Nov-2019 11:07:04.243 INFOS [http-nio-8080-exec-24] org.apache.catalina.core.ApplicationContext.log Manager: list: Listing contexts for virtual host 'localhost'
17-Nov-2019 11:08:06.186 INFOS [http-nio-8080-exec-33] org.apache.catalina.core.ApplicationContext.log Manager: list: Listing contexts for virtual host 'localhost'
17-Nov-2019 11:08:30.588 INFOS [http-nio-8080-exec-32] org.apache.catalina.core.ApplicationContext.log Manager: list: Listing contexts for virtual host 'localhost'
17-Nov-2019 11:08:46.506 INFOS [http-nio-8080-exec-30] org.apache.catalina.core.ApplicationContext.log Manager: list: Listing contexts for virtual host 'localhost'
17-Nov-2019 11:09:07.146 INFOS [http-nio-8080-exec-25] org.apache.catalina.core.ApplicationContext.log Manager: list: Listing contexts for virtual host 'localhost'
17-Nov-2019 11:09:11.963 INFOS [http-nio-8080-exec-35] org.apache.catalina.core.ApplicationContext.log Manager: list: Listing contexts for virtual host 'localhost'
17-Nov-2019 11:09:11.982 INFOS [http-nio-8080-exec-33] org.apache.catalina.core.ApplicationContext.log Manager: list: Listing contexts for virtual host 'localhost'
17-Nov-2019 11:09:12.013 INFOS [http-nio-8080-exec-37] org.apache.catalina.core.ApplicationContext.log Manager: stop: Stopping web application '/Lab9-DOM_JQuery'
17-Nov-2019 11:09:12.041 INFOS [http-nio-8080-exec-35] org.apache.catalina.core.ApplicationContext.log Manager: start: Starting web application '/Lab9-DOM_JQuery'
17-Nov-2019 13:19:14.995 INFOS [http-nio-8080-exec-6] org.apache.catalina.core.ApplicationContext.log Manager: init: Associated with Deployer 'Catalina:type=Deployer,host=localhost'
17-Nov-2019 13:19:14.999 INFOS [http-nio-8080-exec-6] org.apache.catalina.core.ApplicationContext.log Manager: init: Global resources are available
17-Nov-2019 13:19:15.194 INFOS [http-nio-8080-exec-10] org.apache.catalina.core.ApplicationContext.log Manager: list: Listing contexts for virtual host 'localhost'
17-Nov-2019 13:19:15.208 INFOS [http-nio-8080-exec-4] org.apache.catalina.core.ApplicationContext.log Manager: list: Listing contexts for virtual host 'localhost'
17-Nov-2019 13:19:15.272 INFOS [http-nio-8080-exec-8] org.apache.catalina.core.ApplicationContext.log Manager: stop: Stopping web application '/Lab9-DOM_JQuery'
17-Nov-2019 13:19:15.314 INFOS [http-nio-8080-exec-9] org.apache.catalina.core.ApplicationContext.log Manager: start: Starting web application '/Lab9-DOM_JQuery'
17-Nov-2019 13:20:50.372 INFOS [http-nio-8080-exec-13] org.apache.catalina.core.ApplicationContext.log Manager: list: Listing contexts for virtual host 'localhost'
17-Nov-2019 13:22:06.866 INFOS [http-nio-8080-exec-14] org.apache.catalina.core.ApplicationContext.log Manager: list: Listing contexts for virtual host 'localhost'
17-Nov-2019 13:22:06.879 INFOS [http-nio-8080-exec-17] org.apache.catalina.core.ApplicationContext.log Manager: stop: Stopping web application '/Lab9-DOM_JQuery'
17-Nov-2019 13:22:06.902 INFOS [http-nio-8080-exec-17] org.apache.catalina.core.ApplicationContext.log Manager: start: Starting web application '/Lab9-DOM_JQuery'
17-Nov-2019 13:22:21.899 INFOS [http-nio-8080-exec-11] org.apache.catalina.core.ApplicationContext.log Manager: list: Listing contexts for virtual host 'localhost'
17-Nov-2019 13:22:47.445 INFOS [http-nio-8080-exec-13] org.apache.catalina.core.ApplicationContext.log Manager: list: Listing contexts for virtual host 'localhost'
17-Nov-2019 13:23:43.208 INFOS [http-nio-8080-exec-18] org.apache.catalina.core.ApplicationContext.log Manager: list: Listing contexts for virtual host 'localhost'
17-Nov-2019 13:24:04.215 INFOS [http-nio-8080-exec-20] org.apache.catalina.core.ApplicationContext.log Manager: list: Listing contexts for virtual host 'localhost'
17-Nov-2019 13:24:10.907 INFOS [http-nio-8080-exec-11] org.apache.catalina.core.ApplicationContext.log Manager: list: Listing contexts for virtual host 'localhost'
17-Nov-2019 13:25:04.187 INFOS [http-nio-8080-exec-22] org.apache.catalina.core.ApplicationContext.log Manager: list: Listing contexts for virtual host 'localhost'
17-Nov-2019 13:25:04.457 INFOS [http-nio-8080-exec-24] org.apache.catalina.core.ApplicationContext.log Manager: list: Listing contexts for virtual host 'localhost'
17-Nov-2019 13:25:04.476 INFOS [http-nio-8080-exec-14] org.apache.catalina.core.ApplicationContext.log Manager: list: Listing contexts for virtual host 'localhost'
17-Nov-2019 13:25:04.511 INFOS [http-nio-8080-exec-21] org.apache.catalina.core.ApplicationContext.log Manager: stop: Stopping web application '/Lab9-DOM_JQuery'
17-Nov-2019 13:25:04.544 INFOS [http-nio-8080-exec-11] org.apache.catalina.core.ApplicationContext.log Manager: start: Starting web application '/Lab9-DOM_JQuery'
17-Nov-2019 13:31:58.335 INFOS [http-nio-8080-exec-28] org.apache.catalina.core.ApplicationContext.log Manager: list: Listing contexts for virtual host 'localhost'
17-Nov-2019 13:32:37.559 INFOS [http-nio-8080-exec-26] org.apache.catalina.core.ApplicationContext.log Manager: list: Listing contexts for virtual host 'localhost'
17-Nov-2019 13:32:46.490 INFOS [http-nio-8080-exec-35] org.apache.catalina.core.ApplicationContext.log Manager: list: Listing contexts for virtual host 'localhost'
17-Nov-2019 13:32:46.512 INFOS [http-nio-8080-exec-29] org.apache.catalina.core.ApplicationContext.log Manager: stop: Stopping web application '/Lab9-DOM_JQuery'
17-Nov-2019 13:32:46.534 INFOS [http-nio-8080-exec-26] org.apache.catalina.core.ApplicationContext.log Manager: start: Starting web application '/Lab9-DOM_JQuery'
17-Nov-2019 13:33:06.184 INFOS [http-nio-8080-exec-36] org.apache.catalina.core.ApplicationContext.log Manager: list: Listing contexts for virtual host 'localhost'
17-Nov-2019 13:34:17.368 INFOS [http-nio-8080-exec-38] org.apache.catalina.core.ApplicationContext.log Manager: list: Listing contexts for virtual host 'localhost'
17-Nov-2019 13:34:33.888 INFOS [http-nio-8080-exec-33] org.apache.catalina.core.ApplicationContext.log Manager: list: Listing contexts for virtual host 'localhost'
17-Nov-2019 13:34:37.269 INFOS [http-nio-8080-exec-26] org.apache.catalina.core.ApplicationContext.log Manager: list: Listing contexts for virtual host 'localhost'
17-Nov-2019 13:38:44.507 INFOS [http-nio-8080-exec-39] org.apache.catalina.core.ApplicationContext.log Manager: list: Listing contexts for virtual host 'localhost'
17-Nov-2019 13:39:46.225 INFOS [http-nio-8080-exec-42] org.apache.catalina.core.ApplicationContext.log Manager: list: Listing contexts for virtual host 'localhost'
17-Nov-2019 13:39:49.209 INFOS [http-nio-8080-exec-46] org.apache.catalina.core.ApplicationContext.log Manager: list: Listing contexts for virtual host 'localhost'
17-Nov-2019 13:41:54.366 INFOS [http-nio-8080-exec-45] org.apache.catalina.core.ApplicationContext.log Manager: list: Listing contexts for virtual host 'localhost'
17-Nov-2019 13:44:39.832 INFOS [http-nio-8080-exec-41] org.apache.catalina.core.ApplicationContext.log Manager: list: Listing contexts for virtual host 'localhost'
17-Nov-2019 13:44:54.315 INFOS [http-nio-8080-exec-46] org.apache.catalina.core.ApplicationContext.log Manager: list: Listing contexts for virtual host 'localhost'
17-Nov-2019 13:44:54.328 INFOS [http-nio-8080-exec-39] org.apache.catalina.core.ApplicationContext.log Manager: list: Listing contexts for virtual host 'localhost'
17-Nov-2019 13:44:54.365 INFOS [http-nio-8080-exec-43] org.apache.catalina.core.ApplicationContext.log Manager: stop: Stopping web application '/Lab9-DOM_JQuery'
17-Nov-2019 13:44:54.391 INFOS [http-nio-8080-exec-44] org.apache.catalina.core.ApplicationContext.log Manager: start: Starting web application '/Lab9-DOM_JQuery'
