30-Nov-2019 11:19:12.736 INFOS [http-nio-8080-exec-6] org.apache.catalina.core.ApplicationContext.log Manager: init: Associated with Deployer 'Catalina:type=Deployer,host=localhost'
30-Nov-2019 11:19:12.737 INFOS [http-nio-8080-exec-6] org.apache.catalina.core.ApplicationContext.log Manager: init: Global resources are available
30-Nov-2019 11:19:12.963 INFOS [http-nio-8080-exec-1] org.apache.catalina.core.ApplicationContext.log Manager: list: Listing contexts for virtual host 'localhost'
30-Nov-2019 11:19:12.985 INFOS [http-nio-8080-exec-5] org.apache.catalina.core.ApplicationContext.log Manager: list: Listing contexts for virtual host 'localhost'
30-Nov-2019 11:19:13.082 INFOS [http-nio-8080-exec-8] org.apache.catalina.core.ApplicationContext.log Manager: restart: Reloading web application '/A3-ServiceLayer'
30-Nov-2019 11:40:13.576 INFOS [http-nio-8080-exec-11] org.apache.catalina.core.ApplicationContext.log Manager: list: Listing contexts for virtual host 'localhost'
30-Nov-2019 11:40:26.535 INFOS [http-nio-8080-exec-15] org.apache.catalina.core.ApplicationContext.log Manager: list: Listing contexts for virtual host 'localhost'
30-Nov-2019 11:40:26.572 INFOS [http-nio-8080-exec-17] org.apache.catalina.core.ApplicationContext.log Manager: restart: Reloading web application '/A3-ServiceLayer'
30-Nov-2019 11:40:29.126 INFOS [http-nio-8080-exec-21] org.apache.catalina.core.ApplicationContext.log Manager: list: Listing contexts for virtual host 'localhost'
30-Nov-2019 11:40:29.150 INFOS [http-nio-8080-exec-13] org.apache.catalina.core.ApplicationContext.log Manager: list: Listing contexts for virtual host 'localhost'
30-Nov-2019 11:40:29.196 INFOS [http-nio-8080-exec-11] org.apache.catalina.core.ApplicationContext.log Manager: restart: Reloading web application '/A3-ServiceLayer'
30-Nov-2019 11:41:49.829 INFOS [http-nio-8080-exec-23] org.apache.catalina.core.ApplicationContext.log Manager: list: Listing contexts for virtual host 'localhost'
30-Nov-2019 11:41:54.856 INFOS [http-nio-8080-exec-26] org.apache.catalina.core.ApplicationContext.log Manager: list: Listing contexts for virtual host 'localhost'
30-Nov-2019 11:41:54.869 INFOS [http-nio-8080-exec-22] org.apache.catalina.core.ApplicationContext.log Manager: list: Listing contexts for virtual host 'localhost'
30-Nov-2019 11:45:42.371 INFOS [http-nio-8080-exec-25] org.apache.catalina.core.ApplicationContext.log Manager: list: Listing contexts for virtual host 'localhost'
30-Nov-2019 11:45:42.390 INFOS [http-nio-8080-exec-23] org.apache.catalina.core.ApplicationContext.log Manager: restart: Reloading web application '/A3-ServiceLayer'
30-Nov-2019 11:49:49.092 INFOS [http-nio-8080-exec-36] org.apache.catalina.core.ApplicationContext.log Manager: list: Listing contexts for virtual host 'localhost'
30-Nov-2019 11:49:49.127 INFOS [http-nio-8080-exec-40] org.apache.catalina.core.ApplicationContext.log Manager: restart: Reloading web application '/A3-ServiceLayer'
30-Nov-2019 11:49:58.792 INFOS [http-nio-8080-exec-38] org.apache.catalina.core.ApplicationContext.log Manager: list: Listing contexts for virtual host 'localhost'
30-Nov-2019 11:49:58.813 INFOS [http-nio-8080-exec-42] org.apache.catalina.core.ApplicationContext.log Manager: list: Listing contexts for virtual host 'localhost'
30-Nov-2019 11:49:58.865 INFOS [http-nio-8080-exec-36] org.apache.catalina.core.ApplicationContext.log Manager: restart: Reloading web application '/A3-ServiceLayer'
30-Nov-2019 11:51:32.259 INFOS [http-nio-8080-exec-50] org.apache.catalina.core.ApplicationContext.log Manager: list: Listing contexts for virtual host 'localhost'
30-Nov-2019 11:51:32.280 INFOS [http-nio-8080-exec-46] org.apache.catalina.core.ApplicationContext.log Manager: restart: Reloading web application '/A3-ServiceLayer'
30-Nov-2019 11:51:54.354 INFOS [http-nio-8080-exec-44] org.apache.catalina.core.ApplicationContext.log Manager: list: Listing contexts for virtual host 'localhost'
30-Nov-2019 11:51:54.442 INFOS [http-nio-8080-exec-49] org.apache.catalina.core.ApplicationContext.log Manager: restart: Reloading web application '/A3-ServiceLayer'
30-Nov-2019 11:51:55.477 INFOS [http-nio-8080-exec-51] org.apache.catalina.core.ApplicationContext.log Manager: list: Listing contexts for virtual host 'localhost'
30-Nov-2019 11:51:55.566 INFOS [http-nio-8080-exec-45] org.apache.catalina.core.ApplicationContext.log Manager: restart: Reloading web application '/A3-UI'
30-Nov-2019 11:51:57.671 INFOS [http-nio-8080-exec-46] org.apache.catalina.core.ApplicationContext.log Manager: list: Listing contexts for virtual host 'localhost'
30-Nov-2019 11:51:57.703 INFOS [http-nio-8080-exec-44] org.apache.catalina.core.ApplicationContext.log Manager: list: Listing contexts for virtual host 'localhost'
30-Nov-2019 11:51:57.753 INFOS [http-nio-8080-exec-54] org.apache.catalina.core.ApplicationContext.log Manager: restart: Reloading web application '/A3-ServiceLayer'
30-Nov-2019 11:51:59.389 INFOS [http-nio-8080-exec-56] org.apache.catalina.core.ApplicationContext.log Manager: list: Listing contexts for virtual host 'localhost'
30-Nov-2019 11:51:59.458 INFOS [http-nio-8080-exec-52] org.apache.catalina.core.ApplicationContext.log Manager: restart: Reloading web application '/A3-ServiceLayer'
30-Nov-2019 11:52:00.022 INFOS [http-nio-8080-exec-44] org.apache.catalina.core.ApplicationContext.log Manager: list: Listing contexts for virtual host 'localhost'
30-Nov-2019 11:52:00.120 INFOS [http-nio-8080-exec-43] org.apache.catalina.core.ApplicationContext.log Manager: restart: Reloading web application '/A3-UI'
30-Nov-2019 11:52:01.562 INFOS [http-nio-8080-exec-59] org.apache.catalina.core.ApplicationContext.log Manager: list: Listing contexts for virtual host 'localhost'
30-Nov-2019 11:52:01.582 INFOS [http-nio-8080-exec-58] org.apache.catalina.core.ApplicationContext.log Manager: restart: Reloading web application '/A3-ServiceLayer'
30-Nov-2019 11:52:41.282 INFOS [http-nio-8080-exec-56] org.apache.catalina.core.ApplicationContext.log Manager: list: Listing contexts for virtual host 'localhost'
30-Nov-2019 11:52:41.312 INFOS [http-nio-8080-exec-60] org.apache.catalina.core.ApplicationContext.log Manager: restart: Reloading web application '/A3-ServiceLayer'
30-Nov-2019 11:59:21.052 INFOS [http-nio-8080-exec-67] org.apache.catalina.core.ApplicationContext.log Manager: list: Listing contexts for virtual host 'localhost'
30-Nov-2019 11:59:21.075 INFOS [http-nio-8080-exec-71] org.apache.catalina.core.ApplicationContext.log Manager: restart: Reloading web application '/A3-ServiceLayer'
30-Nov-2019 12:01:51.405 INFOS [http-nio-8080-exec-69] org.apache.catalina.core.ApplicationContext.log Manager: list: Listing contexts for virtual host 'localhost'
30-Nov-2019 12:01:51.423 INFOS [http-nio-8080-exec-74] org.apache.catalina.core.ApplicationContext.log Manager: restart: Reloading web application '/A3-ServiceLayer'
30-Nov-2019 12:02:51.817 INFOS [http-nio-8080-exec-75] org.apache.catalina.core.ApplicationContext.log Manager: list: Listing contexts for virtual host 'localhost'
30-Nov-2019 12:02:51.830 INFOS [http-nio-8080-exec-67] org.apache.catalina.core.ApplicationContext.log Manager: restart: Reloading web application '/A3-ServiceLayer'
30-Nov-2019 12:14:18.592 INFOS [http-nio-8080-exec-84] org.apache.catalina.core.ApplicationContext.log Manager: list: Listing contexts for virtual host 'localhost'
30-Nov-2019 12:14:33.924 INFOS [http-nio-8080-exec-83] org.apache.catalina.core.ApplicationContext.log Manager: list: Listing contexts for virtual host 'localhost'
30-Nov-2019 12:15:34.532 INFOS [http-nio-8080-exec-80] org.apache.catalina.core.ApplicationContext.log Manager: list: Listing contexts for virtual host 'localhost'
30-Nov-2019 12:25:31.378 INFOS [http-nio-8080-exec-86] org.apache.catalina.core.ApplicationContext.log Manager: list: Listing contexts for virtual host 'localhost'
30-Nov-2019 12:25:31.415 INFOS [http-nio-8080-exec-79] org.apache.catalina.core.ApplicationContext.log Manager: restart: Reloading web application '/A3-ServiceLayer'
30-Nov-2019 12:25:35.359 INFOS [http-nio-8080-exec-82] org.apache.catalina.core.ApplicationContext.log Manager: list: Listing contexts for virtual host 'localhost'
30-Nov-2019 12:25:35.408 INFOS [http-nio-8080-exec-79] org.apache.catalina.core.ApplicationContext.log Manager: restart: Reloading web application '/A3-ServiceLayer'
30-Nov-2019 12:26:16.206 INFOS [http-nio-8080-exec-87] org.apache.catalina.core.ApplicationContext.log Manager: list: Listing contexts for virtual host 'localhost'
30-Nov-2019 12:26:16.218 INFOS [http-nio-8080-exec-85] org.apache.catalina.core.ApplicationContext.log Manager: restart: Reloading web application '/A3-ServiceLayer'
30-Nov-2019 12:26:53.489 INFOS [http-nio-8080-exec-88] org.apache.catalina.core.ApplicationContext.log Manager: list: Listing contexts for virtual host 'localhost'
30-Nov-2019 12:27:08.454 INFOS [http-nio-8080-exec-77] org.apache.catalina.core.ApplicationContext.log Manager: list: Listing contexts for virtual host 'localhost'
30-Nov-2019 12:27:08.474 INFOS [http-nio-8080-exec-86] org.apache.catalina.core.ApplicationContext.log Manager: restart: Reloading web application '/A3-ServiceLayer'
30-Nov-2019 12:27:11.921 INFOS [http-nio-8080-exec-77] org.apache.catalina.core.ApplicationContext.log Manager: list: Listing contexts for virtual host 'localhost'
30-Nov-2019 12:27:18.372 INFOS [http-nio-8080-exec-92] org.apache.catalina.core.ApplicationContext.log Manager: list: Listing contexts for virtual host 'localhost'
30-Nov-2019 12:27:18.380 INFOS [http-nio-8080-exec-95] org.apache.catalina.core.ApplicationContext.log Manager: list: Listing contexts for virtual host 'localhost'
30-Nov-2019 12:27:18.427 INFOS [http-nio-8080-exec-90] org.apache.catalina.core.ApplicationContext.log Manager: restart: Reloading web application '/A3-ServiceLayer'
30-Nov-2019 12:31:02.297 INFOS [http-nio-8080-exec-99] org.apache.catalina.core.ApplicationContext.log Manager: list: Listing contexts for virtual host 'localhost'
30-Nov-2019 12:31:10.503 INFOS [http-nio-8080-exec-98] org.apache.catalina.core.ApplicationContext.log Manager: list: Listing contexts for virtual host 'localhost'
30-Nov-2019 12:31:10.544 INFOS [http-nio-8080-exec-100] org.apache.catalina.core.ApplicationContext.log Manager: restart: Reloading web application '/A3-ServiceLayer'
30-Nov-2019 12:31:11.739 INFOS [http-nio-8080-exec-104] org.apache.catalina.core.ApplicationContext.log Manager: list: Listing contexts for virtual host 'localhost'
30-Nov-2019 12:31:11.760 INFOS [http-nio-8080-exec-96] org.apache.catalina.core.ApplicationContext.log Manager: list: Listing contexts for virtual host 'localhost'
30-Nov-2019 12:31:11.899 INFOS [http-nio-8080-exec-104] org.apache.catalina.core.ApplicationContext.log Manager: restart: Reloading web application '/A3-ServiceLayer'
30-Nov-2019 12:31:59.081 INFOS [http-nio-8080-exec-104] org.apache.catalina.core.ApplicationContext.log Manager: list: Listing contexts for virtual host 'localhost'
30-Nov-2019 12:31:59.094 INFOS [http-nio-8080-exec-108] org.apache.catalina.core.ApplicationContext.log Manager: restart: Reloading web application '/A3-ServiceLayer'
30-Nov-2019 12:32:09.059 INFOS [http-nio-8080-exec-109] org.apache.catalina.core.ApplicationContext.log Manager: list: Listing contexts for virtual host 'localhost'
30-Nov-2019 12:32:09.069 INFOS [http-nio-8080-exec-111] org.apache.catalina.core.ApplicationContext.log Manager: restart: Reloading web application '/A3-ServiceLayer'
30-Nov-2019 12:32:16.186 INFOS [http-nio-8080-exec-105] org.apache.catalina.core.ApplicationContext.log Manager: list: Listing contexts for virtual host 'localhost'
30-Nov-2019 12:32:16.194 INFOS [http-nio-8080-exec-113] org.apache.catalina.core.ApplicationContext.log Manager: list: Listing contexts for virtual host 'localhost'
30-Nov-2019 12:32:16.226 INFOS [http-nio-8080-exec-110] org.apache.catalina.core.ApplicationContext.log Manager: restart: Reloading web application '/A3-ServiceLayer'
30-Nov-2019 12:33:07.314 INFOS [http-nio-8080-exec-110] org.apache.catalina.core.ApplicationContext.log Manager: list: Listing contexts for virtual host 'localhost'
30-Nov-2019 12:33:32.451 INFOS [http-nio-8080-exec-114] org.apache.catalina.core.ApplicationContext.log Manager: list: Listing contexts for virtual host 'localhost'
30-Nov-2019 12:33:50.296 INFOS [http-nio-8080-exec-105] org.apache.catalina.core.ApplicationContext.log Manager: list: Listing contexts for virtual host 'localhost'
30-Nov-2019 12:33:50.314 INFOS [http-nio-8080-exec-116] org.apache.catalina.core.ApplicationContext.log Manager: restart: Reloading web application '/A3-ServiceLayer'
30-Nov-2019 13:42:02.000 INFOS [http-nio-8080-exec-130] org.apache.catalina.core.ApplicationContext.log Manager: list: Listing contexts for virtual host 'localhost'
30-Nov-2019 13:42:05.490 INFOS [http-nio-8080-exec-128] org.apache.catalina.core.ApplicationContext.log Manager: list: Listing contexts for virtual host 'localhost'
30-Nov-2019 13:42:22.229 INFOS [http-nio-8080-exec-126] org.apache.catalina.core.ApplicationContext.log Manager: list: Listing contexts for virtual host 'localhost'
30-Nov-2019 13:42:27.116 INFOS [http-nio-8080-exec-127] org.apache.catalina.core.ApplicationContext.log Manager: list: Listing contexts for virtual host 'localhost'
30-Nov-2019 13:43:57.647 INFOS [http-nio-8080-exec-125] org.apache.catalina.core.ApplicationContext.log Manager: list: Listing contexts for virtual host 'localhost'
30-Nov-2019 13:44:34.005 INFOS [http-nio-8080-exec-124] org.apache.catalina.core.ApplicationContext.log Manager: list: Listing contexts for virtual host 'localhost'
30-Nov-2019 13:44:41.366 INFOS [http-nio-8080-exec-132] org.apache.catalina.core.ApplicationContext.log Manager: list: Listing contexts for virtual host 'localhost'
30-Nov-2019 13:44:41.399 INFOS [http-nio-8080-exec-125] org.apache.catalina.core.ApplicationContext.log Manager: restart: Reloading web application '/A3-ServiceLayer'
30-Nov-2019 13:44:42.633 INFOS [http-nio-8080-exec-133] org.apache.catalina.core.ApplicationContext.log Manager: list: Listing contexts for virtual host 'localhost'
30-Nov-2019 13:44:42.651 INFOS [http-nio-8080-exec-132] org.apache.catalina.core.ApplicationContext.log Manager: list: Listing contexts for virtual host 'localhost'
30-Nov-2019 13:44:42.817 INFOS [http-nio-8080-exec-123] org.apache.catalina.core.ApplicationContext.log Manager: restart: Reloading web application '/A3-ServiceLayer'
30-Nov-2019 13:47:22.725 INFOS [http-nio-8080-exec-139] org.apache.catalina.core.ApplicationContext.log Manager: list: Listing contexts for virtual host 'localhost'
30-Nov-2019 13:47:27.328 INFOS [http-nio-8080-exec-138] org.apache.catalina.core.ApplicationContext.log Manager: list: Listing contexts for virtual host 'localhost'
30-Nov-2019 13:49:08.973 INFOS [http-nio-8080-exec-135] org.apache.catalina.core.ApplicationContext.log Manager: list: Listing contexts for virtual host 'localhost'
30-Nov-2019 13:50:27.280 INFOS [http-nio-8080-exec-140] org.apache.catalina.core.ApplicationContext.log Manager: list: Listing contexts for virtual host 'localhost'
30-Nov-2019 13:50:34.560 INFOS [http-nio-8080-exec-139] org.apache.catalina.core.ApplicationContext.log Manager: list: Listing contexts for virtual host 'localhost'
30-Nov-2019 13:51:53.198 INFOS [http-nio-8080-exec-134] org.apache.catalina.core.ApplicationContext.log Manager: list: Listing contexts for virtual host 'localhost'
30-Nov-2019 13:51:59.860 INFOS [http-nio-8080-exec-137] org.apache.catalina.core.ApplicationContext.log Manager: list: Listing contexts for virtual host 'localhost'
30-Nov-2019 13:52:46.164 INFOS [http-nio-8080-exec-142] org.apache.catalina.core.ApplicationContext.log Manager: list: Listing contexts for virtual host 'localhost'
30-Nov-2019 13:53:34.748 INFOS [http-nio-8080-exec-136] org.apache.catalina.core.ApplicationContext.log Manager: list: Listing contexts for virtual host 'localhost'
30-Nov-2019 13:54:32.270 INFOS [http-nio-8080-exec-135] org.apache.catalina.core.ApplicationContext.log Manager: list: Listing contexts for virtual host 'localhost'
30-Nov-2019 13:56:19.008 INFOS [http-nio-8080-exec-141] org.apache.catalina.core.ApplicationContext.log Manager: list: Listing contexts for virtual host 'localhost'
30-Nov-2019 13:57:48.235 INFOS [http-nio-8080-exec-140] org.apache.catalina.core.ApplicationContext.log Manager: list: Listing contexts for virtual host 'localhost'
30-Nov-2019 13:57:53.827 INFOS [http-nio-8080-exec-143] org.apache.catalina.core.ApplicationContext.log Manager: list: Listing contexts for virtual host 'localhost'
30-Nov-2019 13:57:53.833 INFOS [http-nio-8080-exec-134] org.apache.catalina.core.ApplicationContext.log Manager: list: Listing contexts for virtual host 'localhost'
30-Nov-2019 13:58:38.995 INFOS [http-nio-8080-exec-143] org.apache.catalina.core.ApplicationContext.log Manager: list: Listing contexts for virtual host 'localhost'
30-Nov-2019 13:58:39.007 INFOS [http-nio-8080-exec-137] org.apache.catalina.core.ApplicationContext.log Manager: stop: Stopping web application '/A3-ServiceLayer'
30-Nov-2019 13:58:39.028 INFOS [http-nio-8080-exec-142] org.apache.catalina.core.ApplicationContext.log Manager: start: Starting web application '/A3-ServiceLayer'
30-Nov-2019 13:58:42.397 INFOS [http-nio-8080-exec-138] org.apache.catalina.core.ApplicationContext.log Manager: list: Listing contexts for virtual host 'localhost'
30-Nov-2019 13:58:42.406 INFOS [http-nio-8080-exec-145] org.apache.catalina.core.ApplicationContext.log Manager: list: Listing contexts for virtual host 'localhost'
30-Nov-2019 13:58:42.434 INFOS [http-nio-8080-exec-142] org.apache.catalina.core.ApplicationContext.log Manager: stop: Stopping web application '/A3-ServiceLayer'
30-Nov-2019 13:58:42.451 INFOS [http-nio-8080-exec-136] org.apache.catalina.core.ApplicationContext.log Manager: start: Starting web application '/A3-ServiceLayer'
30-Nov-2019 13:58:49.888 INFOS [http-nio-8080-exec-143] org.apache.catalina.core.ApplicationContext.log Manager: list: Listing contexts for virtual host 'localhost'
30-Nov-2019 13:58:49.903 INFOS [http-nio-8080-exec-144] org.apache.catalina.core.ApplicationContext.log Manager: stop: Stopping web application '/A3-ServiceLayer'
30-Nov-2019 13:58:49.919 INFOS [http-nio-8080-exec-139] org.apache.catalina.core.ApplicationContext.log Manager: start: Starting web application '/A3-ServiceLayer'
30-Nov-2019 13:58:53.835 INFOS [http-nio-8080-exec-136] org.apache.catalina.core.ApplicationContext.log Manager: list: Listing contexts for virtual host 'localhost'
30-Nov-2019 13:58:53.845 INFOS [http-nio-8080-exec-143] org.apache.catalina.core.ApplicationContext.log Manager: stop: Stopping web application '/A3-ServiceLayer'
30-Nov-2019 13:58:53.855 INFOS [http-nio-8080-exec-136] org.apache.catalina.core.ApplicationContext.log Manager: start: Starting web application '/A3-ServiceLayer'
30-Nov-2019 14:28:03.158 INFOS [http-nio-8080-exec-159] org.apache.catalina.core.ApplicationContext.log Manager: list: Listing contexts for virtual host 'localhost'
30-Nov-2019 14:28:03.173 INFOS [http-nio-8080-exec-152] org.apache.catalina.core.ApplicationContext.log Manager: restart: Reloading web application '/A3-ServiceLayer'
30-Nov-2019 14:28:13.001 INFOS [http-nio-8080-exec-158] org.apache.catalina.core.ApplicationContext.log Manager: list: Listing contexts for virtual host 'localhost'
30-Nov-2019 14:28:13.019 INFOS [http-nio-8080-exec-161] org.apache.catalina.core.ApplicationContext.log Manager: list: Listing contexts for virtual host 'localhost'
30-Nov-2019 14:28:13.069 INFOS [http-nio-8080-exec-159] org.apache.catalina.core.ApplicationContext.log Manager: stop: Stopping web application '/A3-ServiceLayer'
30-Nov-2019 14:28:13.084 INFOS [http-nio-8080-exec-151] org.apache.catalina.core.ApplicationContext.log Manager: start: Starting web application '/A3-ServiceLayer'
30-Nov-2019 14:33:14.741 INFOS [http-nio-8080-exec-169] org.apache.catalina.core.ApplicationContext.log Manager: list: Listing contexts for virtual host 'localhost'
30-Nov-2019 14:34:13.070 INFOS [http-nio-8080-exec-167] org.apache.catalina.core.ApplicationContext.log Manager: list: Listing contexts for virtual host 'localhost'
30-Nov-2019 14:35:24.717 INFOS [http-nio-8080-exec-167] org.apache.catalina.core.ApplicationContext.log Manager: list: Listing contexts for virtual host 'localhost'
30-Nov-2019 14:35:24.730 INFOS [http-nio-8080-exec-169] org.apache.catalina.core.ApplicationContext.log Manager: restart: Reloading web application '/A3-ServiceLayer'
30-Nov-2019 14:35:28.129 INFOS [http-nio-8080-exec-166] org.apache.catalina.core.ApplicationContext.log Manager: list: Listing contexts for virtual host 'localhost'
30-Nov-2019 14:35:28.161 INFOS [http-nio-8080-exec-165] org.apache.catalina.core.ApplicationContext.log Manager: list: Listing contexts for virtual host 'localhost'
30-Nov-2019 14:35:28.206 INFOS [http-nio-8080-exec-168] org.apache.catalina.core.ApplicationContext.log Manager: restart: Reloading web application '/A3-ServiceLayer'
30-Nov-2019 14:35:41.343 INFOS [http-nio-8080-exec-176] org.apache.catalina.core.ApplicationContext.log Manager: list: Listing contexts for virtual host 'localhost'
30-Nov-2019 14:35:41.372 INFOS [http-nio-8080-exec-170] org.apache.catalina.core.ApplicationContext.log Manager: undeploy: Undeploying web application at '/A3-ServiceLayer'
30-Nov-2019 14:35:44.496 INFOS [http-nio-8080-exec-177] org.apache.catalina.core.ApplicationContext.log Manager: list: Listing contexts for virtual host 'localhost'
30-Nov-2019 14:35:47.446 INFOS [http-nio-8080-exec-176] org.apache.catalina.core.ApplicationContext.log Manager: list: Listing contexts for virtual host 'localhost'
30-Nov-2019 14:35:47.476 INFOS [http-nio-8080-exec-168] org.apache.catalina.core.ApplicationContext.log Manager: restart: Reloading web application '/A3-UI'
30-Nov-2019 14:35:51.635 INFOS [http-nio-8080-exec-164] org.apache.catalina.core.ApplicationContext.log Manager: list: Listing contexts for virtual host 'localhost'
30-Nov-2019 14:35:51.706 INFOS [http-nio-8080-exec-179] org.apache.catalina.core.ApplicationContext.log Manager: list: Listing contexts for virtual host 'localhost'
30-Nov-2019 14:35:51.765 INFOS [http-nio-8080-exec-174] org.apache.catalina.core.ApplicationContext.log Manager: restart: Reloading web application '/A3-UI'
30-Nov-2019 14:35:56.308 INFOS [http-nio-8080-exec-178] org.apache.catalina.core.ApplicationContext.log Manager: list: Listing contexts for virtual host 'localhost'
30-Nov-2019 14:35:56.356 INFOS [http-nio-8080-exec-183] org.apache.catalina.core.ApplicationContext.log Manager: list: Listing contexts for virtual host 'localhost'
30-Nov-2019 14:35:56.434 INFOS [http-nio-8080-exec-181] org.apache.catalina.core.ApplicationContext.log Manager: install: Installing context configuration at 'file:/var/folders/q9/r0kqgvws6mxcw59hj8ll3z2w0000gn/T/context3933654573164758276.xml'
30-Nov-2019 14:35:57.042 INFOS [http-nio-8080-exec-177] org.apache.catalina.core.ApplicationContext.log Manager: start: Starting web application '/A3-ServiceLayer'
30-Nov-2019 14:38:04.427 INFOS [http-nio-8080-exec-183] org.apache.catalina.core.ApplicationContext.log Manager: list: Listing contexts for virtual host 'localhost'
30-Nov-2019 14:38:04.441 INFOS [http-nio-8080-exec-187] org.apache.catalina.core.ApplicationContext.log Manager: restart: Reloading web application '/A3-ServiceLayer'
30-Nov-2019 14:38:13.467 INFOS [http-nio-8080-exec-191] org.apache.catalina.core.ApplicationContext.log Manager: list: Listing contexts for virtual host 'localhost'
30-Nov-2019 14:38:13.480 INFOS [http-nio-8080-exec-186] org.apache.catalina.core.ApplicationContext.log Manager: list: Listing contexts for virtual host 'localhost'
30-Nov-2019 14:38:13.516 INFOS [http-nio-8080-exec-183] org.apache.catalina.core.ApplicationContext.log Manager: restart: Reloading web application '/A3-ServiceLayer'
30-Nov-2019 14:40:59.673 INFOS [http-nio-8080-exec-199] org.apache.catalina.core.ApplicationContext.log Manager: list: Listing contexts for virtual host 'localhost'
30-Nov-2019 14:41:45.808 INFOS [http-nio-8080-exec-198] org.apache.catalina.core.ApplicationContext.log Manager: list: Listing contexts for virtual host 'localhost'
30-Nov-2019 14:41:51.555 INFOS [http-nio-8080-exec-202] org.apache.catalina.core.ApplicationContext.log Manager: list: Listing contexts for virtual host 'localhost'
30-Nov-2019 14:41:51.578 INFOS [http-nio-8080-exec-197] org.apache.catalina.core.ApplicationContext.log Manager: undeploy: Undeploying web application at '/A3-ServiceLayer'
30-Nov-2019 14:41:54.395 INFOS [http-nio-8080-exec-193] org.apache.catalina.core.ApplicationContext.log Manager: list: Listing contexts for virtual host 'localhost'
30-Nov-2019 14:41:54.438 INFOS [http-nio-8080-exec-198] org.apache.catalina.core.ApplicationContext.log Manager: restart: Reloading web application '/A3-UI'
30-Nov-2019 14:41:58.853 INFOS [http-nio-8080-exec-194] org.apache.catalina.core.ApplicationContext.log Manager: list: Listing contexts for virtual host 'localhost'
30-Nov-2019 14:41:58.868 INFOS [http-nio-8080-exec-203] org.apache.catalina.core.ApplicationContext.log Manager: list: Listing contexts for virtual host 'localhost'
30-Nov-2019 14:41:58.916 INFOS [http-nio-8080-exec-202] org.apache.catalina.core.ApplicationContext.log Manager: restart: Reloading web application '/A3-UI'
30-Nov-2019 14:42:01.692 INFOS [http-nio-8080-exec-195] org.apache.catalina.core.ApplicationContext.log Manager: list: Listing contexts for virtual host 'localhost'
30-Nov-2019 14:42:01.716 INFOS [http-nio-8080-exec-207] org.apache.catalina.core.ApplicationContext.log Manager: list: Listing contexts for virtual host 'localhost'
30-Nov-2019 14:42:01.756 INFOS [http-nio-8080-exec-201] org.apache.catalina.core.ApplicationContext.log Manager: install: Installing context configuration at 'file:/var/folders/q9/r0kqgvws6mxcw59hj8ll3z2w0000gn/T/context357963718342854059.xml'
30-Nov-2019 14:42:02.400 INFOS [http-nio-8080-exec-203] org.apache.catalina.core.ApplicationContext.log Manager: start: Starting web application '/A3-ServiceLayer'
30-Nov-2019 14:42:58.658 INFOS [http-nio-8080-exec-215] org.apache.catalina.core.ApplicationContext.log Manager: list: Listing contexts for virtual host 'localhost'
30-Nov-2019 14:44:25.961 INFOS [http-nio-8080-exec-215] org.apache.catalina.core.ApplicationContext.log Manager: list: Listing contexts for virtual host 'localhost'
30-Nov-2019 14:44:25.979 INFOS [http-nio-8080-exec-210] org.apache.catalina.core.ApplicationContext.log Manager: restart: Reloading web application '/A3-ServiceLayer'
30-Nov-2019 14:44:30.267 INFOS [http-nio-8080-exec-212] org.apache.catalina.core.ApplicationContext.log Manager: list: Listing contexts for virtual host 'localhost'
30-Nov-2019 14:44:30.279 INFOS [http-nio-8080-exec-209] org.apache.catalina.core.ApplicationContext.log Manager: restart: Reloading web application '/A3-ServiceLayer'
30-Nov-2019 14:44:44.363 INFOS [http-nio-8080-exec-211] org.apache.catalina.core.ApplicationContext.log Manager: list: Listing contexts for virtual host 'localhost'
30-Nov-2019 14:44:44.380 INFOS [http-nio-8080-exec-210] org.apache.catalina.core.ApplicationContext.log Manager: restart: Reloading web application '/A3-ServiceLayer'
30-Nov-2019 14:44:52.137 INFOS [http-nio-8080-exec-213] org.apache.catalina.core.ApplicationContext.log Manager: list: Listing contexts for virtual host 'localhost'
30-Nov-2019 14:44:52.174 INFOS [http-nio-8080-exec-220] org.apache.catalina.core.ApplicationContext.log Manager: list: Listing contexts for virtual host 'localhost'
30-Nov-2019 14:44:52.221 INFOS [http-nio-8080-exec-211] org.apache.catalina.core.ApplicationContext.log Manager: restart: Reloading web application '/A3-ServiceLayer'
30-Nov-2019 14:46:20.881 INFOS [http-nio-8080-exec-225] org.apache.catalina.core.ApplicationContext.log Manager: list: Listing contexts for virtual host 'localhost'
30-Nov-2019 14:46:57.952 INFOS [http-nio-8080-exec-230] org.apache.catalina.core.ApplicationContext.log Manager: list: Listing contexts for virtual host 'localhost'
30-Nov-2019 14:47:46.500 INFOS [http-nio-8080-exec-224] org.apache.catalina.core.ApplicationContext.log Manager: list: Listing contexts for virtual host 'localhost'
30-Nov-2019 14:49:06.455 INFOS [http-nio-8080-exec-225] org.apache.catalina.core.ApplicationContext.log Manager: list: Listing contexts for virtual host 'localhost'
30-Nov-2019 14:49:06.478 INFOS [http-nio-8080-exec-227] org.apache.catalina.core.ApplicationContext.log Manager: restart: Reloading web application '/A3-ServiceLayer'
30-Nov-2019 14:49:13.813 INFOS [http-nio-8080-exec-229] org.apache.catalina.core.ApplicationContext.log Manager: list: Listing contexts for virtual host 'localhost'
30-Nov-2019 14:49:13.826 INFOS [http-nio-8080-exec-224] org.apache.catalina.core.ApplicationContext.log Manager: restart: Reloading web application '/A3-ServiceLayer'
30-Nov-2019 14:49:20.051 INFOS [http-nio-8080-exec-232] org.apache.catalina.core.ApplicationContext.log Manager: list: Listing contexts for virtual host 'localhost'
30-Nov-2019 14:49:20.067 INFOS [http-nio-8080-exec-227] org.apache.catalina.core.ApplicationContext.log Manager: restart: Reloading web application '/A3-ServiceLayer'
30-Nov-2019 14:51:06.205 INFOS [http-nio-8080-exec-237] org.apache.catalina.core.ApplicationContext.log Manager: list: Listing contexts for virtual host 'localhost'
30-Nov-2019 14:51:19.046 INFOS [http-nio-8080-exec-240] org.apache.catalina.core.ApplicationContext.log Manager: list: Listing contexts for virtual host 'localhost'
30-Nov-2019 15:31:01.420 INFOS [http-nio-8080-exec-236] org.apache.catalina.core.ApplicationContext.log Manager: list: Listing contexts for virtual host 'localhost'
30-Nov-2019 15:31:01.470 INFOS [http-nio-8080-exec-237] org.apache.catalina.core.ApplicationContext.log Manager: restart: Reloading web application '/A3-ServiceLayer'
30-Nov-2019 15:33:50.243 INFOS [http-nio-8080-exec-238] org.apache.catalina.core.ApplicationContext.log Manager: list: Listing contexts for virtual host 'localhost'
30-Nov-2019 15:33:50.275 INFOS [http-nio-8080-exec-247] org.apache.catalina.core.ApplicationContext.log Manager: restart: Reloading web application '/A3-ServiceLayer'
30-Nov-2019 15:34:00.635 INFOS [http-nio-8080-exec-246] org.apache.catalina.core.ApplicationContext.log Manager: list: Listing contexts for virtual host 'localhost'
30-Nov-2019 15:34:00.676 INFOS [http-nio-8080-exec-247] org.apache.catalina.core.ApplicationContext.log Manager: restart: Reloading web application '/A3-ServiceLayer'
30-Nov-2019 15:34:03.928 INFOS [http-nio-8080-exec-249] org.apache.catalina.core.ApplicationContext.log Manager: list: Listing contexts for virtual host 'localhost'
30-Nov-2019 15:34:03.938 INFOS [http-nio-8080-exec-240] org.apache.catalina.core.ApplicationContext.log Manager: restart: Reloading web application '/A3-ServiceLayer'
30-Nov-2019 15:34:31.747 INFOS [http-nio-8080-exec-249] org.apache.catalina.core.ApplicationContext.log Manager: list: Listing contexts for virtual host 'localhost'
30-Nov-2019 15:34:31.862 INFOS [http-nio-8080-exec-251] org.apache.catalina.core.ApplicationContext.log Manager: restart: Reloading web application '/A3-ServiceLayer'
30-Nov-2019 15:34:50.819 INFOS [http-nio-8080-exec-245] org.apache.catalina.core.ApplicationContext.log Manager: list: Listing contexts for virtual host 'localhost'
30-Nov-2019 15:34:50.849 INFOS [http-nio-8080-exec-250] org.apache.catalina.core.ApplicationContext.log Manager: restart: Reloading web application '/A3-ServiceLayer'
30-Nov-2019 15:35:08.161 INFOS [http-nio-8080-exec-254] org.apache.catalina.core.ApplicationContext.log Manager: list: Listing contexts for virtual host 'localhost'
30-Nov-2019 15:35:08.172 INFOS [http-nio-8080-exec-234] org.apache.catalina.core.ApplicationContext.log Manager: list: Listing contexts for virtual host 'localhost'
30-Nov-2019 15:35:08.215 INFOS [http-nio-8080-exec-252] org.apache.catalina.core.ApplicationContext.log Manager: restart: Reloading web application '/A3-ServiceLayer'
30-Nov-2019 15:38:12.816 INFOS [http-nio-8080-exec-259] org.apache.catalina.core.ApplicationContext.log Manager: list: Listing contexts for virtual host 'localhost'
30-Nov-2019 15:40:56.309 INFOS [http-nio-8080-exec-262] org.apache.catalina.core.ApplicationContext.log Manager: list: Listing contexts for virtual host 'localhost'
30-Nov-2019 15:47:16.150 INFOS [http-nio-8080-exec-259] org.apache.catalina.core.ApplicationContext.log Manager: list: Listing contexts for virtual host 'localhost'
30-Nov-2019 15:47:16.200 INFOS [http-nio-8080-exec-261] org.apache.catalina.core.ApplicationContext.log Manager: restart: Reloading web application '/A3-ServiceLayer'
30-Nov-2019 15:47:21.923 INFOS [http-nio-8080-exec-260] org.apache.catalina.core.ApplicationContext.log Manager: list: Listing contexts for virtual host 'localhost'
30-Nov-2019 15:47:21.932 INFOS [http-nio-8080-exec-267] org.apache.catalina.core.ApplicationContext.log Manager: list: Listing contexts for virtual host 'localhost'
30-Nov-2019 15:47:21.984 INFOS [http-nio-8080-exec-266] org.apache.catalina.core.ApplicationContext.log Manager: restart: Reloading web application '/A3-ServiceLayer'
30-Nov-2019 15:47:52.252 INFOS [http-nio-8080-exec-257] org.apache.catalina.core.ApplicationContext.log Manager: list: Listing contexts for virtual host 'localhost'
30-Nov-2019 15:47:52.266 INFOS [http-nio-8080-exec-260] org.apache.catalina.core.ApplicationContext.log Manager: restart: Reloading web application '/A3-ServiceLayer'
30-Nov-2019 15:48:00.281 INFOS [http-nio-8080-exec-268] org.apache.catalina.core.ApplicationContext.log Manager: list: Listing contexts for virtual host 'localhost'
30-Nov-2019 15:48:00.285 INFOS [http-nio-8080-exec-272] org.apache.catalina.core.ApplicationContext.log Manager: list: Listing contexts for virtual host 'localhost'
30-Nov-2019 15:48:00.309 INFOS [http-nio-8080-exec-260] org.apache.catalina.core.ApplicationContext.log Manager: restart: Reloading web application '/A3-ServiceLayer'
30-Nov-2019 15:49:16.695 INFOS [http-nio-8080-exec-275] org.apache.catalina.core.ApplicationContext.log Manager: list: Listing contexts for virtual host 'localhost'
30-Nov-2019 15:49:16.709 INFOS [http-nio-8080-exec-277] org.apache.catalina.core.ApplicationContext.log Manager: restart: Reloading web application '/A3-ServiceLayer'
30-Nov-2019 15:49:27.731 INFOS [http-nio-8080-exec-278] org.apache.catalina.core.ApplicationContext.log Manager: list: Listing contexts for virtual host 'localhost'
30-Nov-2019 15:49:27.747 INFOS [http-nio-8080-exec-279] org.apache.catalina.core.ApplicationContext.log Manager: restart: Reloading web application '/A3-ServiceLayer'
30-Nov-2019 15:49:40.288 INFOS [http-nio-8080-exec-283] org.apache.catalina.core.ApplicationContext.log Manager: list: Listing contexts for virtual host 'localhost'
30-Nov-2019 15:49:40.301 INFOS [http-nio-8080-exec-282] org.apache.catalina.core.ApplicationContext.log Manager: restart: Reloading web application '/A3-ServiceLayer'
30-Nov-2019 15:49:45.321 INFOS [http-nio-8080-exec-283] org.apache.catalina.core.ApplicationContext.log Manager: list: Listing contexts for virtual host 'localhost'
30-Nov-2019 15:49:45.335 INFOS [http-nio-8080-exec-276] org.apache.catalina.core.ApplicationContext.log Manager: restart: Reloading web application '/A3-ServiceLayer'
30-Nov-2019 15:51:58.728 INFOS [http-nio-8080-exec-288] org.apache.catalina.core.ApplicationContext.log Manager: list: Listing contexts for virtual host 'localhost'
30-Nov-2019 15:51:58.750 INFOS [http-nio-8080-exec-290] org.apache.catalina.core.ApplicationContext.log Manager: restart: Reloading web application '/A3-ServiceLayer'
30-Nov-2019 15:52:46.657 INFOS [http-nio-8080-exec-297] org.apache.catalina.core.ApplicationContext.log Manager: list: Listing contexts for virtual host 'localhost'
30-Nov-2019 15:52:46.675 INFOS [http-nio-8080-exec-295] org.apache.catalina.core.ApplicationContext.log Manager: restart: Reloading web application '/A3-ServiceLayer'
30-Nov-2019 15:52:53.930 INFOS [http-nio-8080-exec-299] org.apache.catalina.core.ApplicationContext.log Manager: list: Listing contexts for virtual host 'localhost'
30-Nov-2019 15:52:53.941 INFOS [http-nio-8080-exec-296] org.apache.catalina.core.ApplicationContext.log Manager: restart: Reloading web application '/A3-ServiceLayer'
30-Nov-2019 15:53:02.513 INFOS [http-nio-8080-exec-301] org.apache.catalina.core.ApplicationContext.log Manager: list: Listing contexts for virtual host 'localhost'
30-Nov-2019 15:53:02.576 INFOS [http-nio-8080-exec-293] org.apache.catalina.core.ApplicationContext.log Manager: undeploy: Undeploying web application at '/A3-ServiceLayer'
30-Nov-2019 15:53:06.203 INFOS [http-nio-8080-exec-289] org.apache.catalina.core.ApplicationContext.log Manager: list: Listing contexts for virtual host 'localhost'
30-Nov-2019 15:53:06.237 INFOS [http-nio-8080-exec-301] org.apache.catalina.core.ApplicationContext.log Manager: restart: Reloading web application '/A3-UI'
30-Nov-2019 15:53:07.875 INFOS [http-nio-8080-exec-295] org.apache.catalina.core.ApplicationContext.log Manager: list: Listing contexts for virtual host 'localhost'
30-Nov-2019 15:53:07.908 INFOS [http-nio-8080-exec-297] org.apache.catalina.core.ApplicationContext.log Manager: list: Listing contexts for virtual host 'localhost'
30-Nov-2019 15:53:07.932 INFOS [http-nio-8080-exec-292] org.apache.catalina.core.ApplicationContext.log Manager: restart: Reloading web application '/A3-UI'
30-Nov-2019 15:53:11.529 INFOS [http-nio-8080-exec-296] org.apache.catalina.core.ApplicationContext.log Manager: list: Listing contexts for virtual host 'localhost'
30-Nov-2019 15:53:11.538 INFOS [http-nio-8080-exec-303] org.apache.catalina.core.ApplicationContext.log Manager: list: Listing contexts for virtual host 'localhost'
30-Nov-2019 15:53:11.556 INFOS [http-nio-8080-exec-302] org.apache.catalina.core.ApplicationContext.log Manager: install: Installing context configuration at 'file:/var/folders/q9/r0kqgvws6mxcw59hj8ll3z2w0000gn/T/context5546281814724815124.xml'
30-Nov-2019 15:53:11.939 INFOS [http-nio-8080-exec-295] org.apache.catalina.core.ApplicationContext.log Manager: start: Starting web application '/A3-ServiceLayer'
30-Nov-2019 15:53:40.515 INFOS [http-nio-8080-exec-310] org.apache.catalina.core.ApplicationContext.log Manager: list: Listing contexts for virtual host 'localhost'
30-Nov-2019 15:53:40.522 INFOS [http-nio-8080-exec-312] org.apache.catalina.core.ApplicationContext.log Manager: list: Listing contexts for virtual host 'localhost'
30-Nov-2019 15:54:03.272 INFOS [http-nio-8080-exec-304] org.apache.catalina.core.ApplicationContext.log Manager: list: Listing contexts for virtual host 'localhost'
30-Nov-2019 15:54:03.281 INFOS [http-nio-8080-exec-306] org.apache.catalina.core.ApplicationContext.log Manager: stop: Stopping web application '/A3-ServiceLayer'
30-Nov-2019 15:54:03.292 INFOS [http-nio-8080-exec-311] org.apache.catalina.core.ApplicationContext.log Manager: start: Starting web application '/A3-ServiceLayer'
30-Nov-2019 15:54:08.084 INFOS [http-nio-8080-exec-307] org.apache.catalina.core.ApplicationContext.log Manager: list: Listing contexts for virtual host 'localhost'
30-Nov-2019 15:54:08.095 INFOS [http-nio-8080-exec-312] org.apache.catalina.core.ApplicationContext.log Manager: list: Listing contexts for virtual host 'localhost'
30-Nov-2019 15:54:08.130 INFOS [http-nio-8080-exec-311] org.apache.catalina.core.ApplicationContext.log Manager: stop: Stopping web application '/A3-ServiceLayer'
30-Nov-2019 15:54:08.146 INFOS [http-nio-8080-exec-309] org.apache.catalina.core.ApplicationContext.log Manager: start: Starting web application '/A3-ServiceLayer'
30-Nov-2019 15:57:10.779 INFOS [http-nio-8080-exec-320] org.apache.catalina.core.ApplicationContext.log Manager: list: Listing contexts for virtual host 'localhost'
30-Nov-2019 15:57:10.800 INFOS [http-nio-8080-exec-321] org.apache.catalina.core.ApplicationContext.log Manager: restart: Reloading web application '/A3-ServiceLayer'
30-Nov-2019 15:57:17.163 INFOS [http-nio-8080-exec-318] org.apache.catalina.core.ApplicationContext.log Manager: list: Listing contexts for virtual host 'localhost'
30-Nov-2019 15:57:17.174 INFOS [http-nio-8080-exec-327] org.apache.catalina.core.ApplicationContext.log Manager: list: Listing contexts for virtual host 'localhost'
30-Nov-2019 15:57:17.210 INFOS [http-nio-8080-exec-323] org.apache.catalina.core.ApplicationContext.log Manager: restart: Reloading web application '/A3-ServiceLayer'
30-Nov-2019 15:58:08.642 INFOS [http-nio-8080-exec-328] org.apache.catalina.core.ApplicationContext.log Manager: list: Listing contexts for virtual host 'localhost'
30-Nov-2019 15:58:08.672 INFOS [http-nio-8080-exec-335] org.apache.catalina.core.ApplicationContext.log Manager: restart: Reloading web application '/A3-ServiceLayer'
30-Nov-2019 16:00:03.454 INFOS [http-nio-8080-exec-342] org.apache.catalina.core.ApplicationContext.log Manager: list: Listing contexts for virtual host 'localhost'
30-Nov-2019 16:00:03.475 INFOS [http-nio-8080-exec-345] org.apache.catalina.core.ApplicationContext.log Manager: restart: Reloading web application '/A3-ServiceLayer'
30-Nov-2019 16:00:15.502 INFOS [http-nio-8080-exec-346] org.apache.catalina.core.ApplicationContext.log Manager: list: Listing contexts for virtual host 'localhost'
30-Nov-2019 16:00:15.514 INFOS [http-nio-8080-exec-348] org.apache.catalina.core.ApplicationContext.log Manager: restart: Reloading web application '/A3-ServiceLayer'
30-Nov-2019 16:00:19.032 INFOS [http-nio-8080-exec-349] org.apache.catalina.core.ApplicationContext.log Manager: list: Listing contexts for virtual host 'localhost'
30-Nov-2019 16:00:19.044 INFOS [http-nio-8080-exec-344] org.apache.catalina.core.ApplicationContext.log Manager: list: Listing contexts for virtual host 'localhost'
30-Nov-2019 16:00:19.070 INFOS [http-nio-8080-exec-341] org.apache.catalina.core.ApplicationContext.log Manager: restart: Reloading web application '/A3-ServiceLayer'
30-Nov-2019 16:03:47.869 INFOS [http-nio-8080-exec-359] org.apache.catalina.core.ApplicationContext.log Manager: list: Listing contexts for virtual host 'localhost'
30-Nov-2019 16:03:47.900 INFOS [http-nio-8080-exec-360] org.apache.catalina.core.ApplicationContext.log Manager: restart: Reloading web application '/A3-ServiceLayer'
30-Nov-2019 16:04:01.783 INFOS [http-nio-8080-exec-355] org.apache.catalina.core.ApplicationContext.log Manager: list: Listing contexts for virtual host 'localhost'
30-Nov-2019 16:04:01.794 INFOS [http-nio-8080-exec-356] org.apache.catalina.core.ApplicationContext.log Manager: restart: Reloading web application '/A3-ServiceLayer'
30-Nov-2019 16:04:34.584 INFOS [http-nio-8080-exec-354] org.apache.catalina.core.ApplicationContext.log Manager: list: Listing contexts for virtual host 'localhost'
30-Nov-2019 16:04:34.602 INFOS [http-nio-8080-exec-362] org.apache.catalina.core.ApplicationContext.log Manager: restart: Reloading web application '/A3-ServiceLayer'
30-Nov-2019 16:04:40.446 INFOS [http-nio-8080-exec-363] org.apache.catalina.core.ApplicationContext.log Manager: list: Listing contexts for virtual host 'localhost'
30-Nov-2019 16:04:40.451 INFOS [http-nio-8080-exec-366] org.apache.catalina.core.ApplicationContext.log Manager: list: Listing contexts for virtual host 'localhost'
30-Nov-2019 16:04:40.469 INFOS [http-nio-8080-exec-365] org.apache.catalina.core.ApplicationContext.log Manager: restart: Reloading web application '/A3-ServiceLayer'
30-Nov-2019 16:04:58.142 INFOS [http-nio-8080-exec-364] org.apache.catalina.core.ApplicationContext.log Manager: list: Listing contexts for virtual host 'localhost'
30-Nov-2019 16:04:58.173 INFOS [http-nio-8080-exec-363] org.apache.catalina.core.ApplicationContext.log Manager: restart: Reloading web application '/A3-ServiceLayer'
30-Nov-2019 16:05:08.557 INFOS [http-nio-8080-exec-370] org.apache.catalina.core.ApplicationContext.log Manager: list: Listing contexts for virtual host 'localhost'
30-Nov-2019 16:05:08.571 INFOS [http-nio-8080-exec-356] org.apache.catalina.core.ApplicationContext.log Manager: restart: Reloading web application '/A3-ServiceLayer'
30-Nov-2019 16:05:12.698 INFOS [http-nio-8080-exec-372] org.apache.catalina.core.ApplicationContext.log Manager: list: Listing contexts for virtual host 'localhost'
30-Nov-2019 16:05:12.712 INFOS [http-nio-8080-exec-367] org.apache.catalina.core.ApplicationContext.log Manager: list: Listing contexts for virtual host 'localhost'
30-Nov-2019 16:05:12.746 INFOS [http-nio-8080-exec-355] org.apache.catalina.core.ApplicationContext.log Manager: restart: Reloading web application '/A3-ServiceLayer'
30-Nov-2019 16:05:31.228 INFOS [http-nio-8080-exec-364] org.apache.catalina.core.ApplicationContext.log Manager: list: Listing contexts for virtual host 'localhost'
30-Nov-2019 16:05:31.238 INFOS [http-nio-8080-exec-374] org.apache.catalina.core.ApplicationContext.log Manager: restart: Reloading web application '/A3-ServiceLayer'
30-Nov-2019 16:05:42.014 INFOS [http-nio-8080-exec-355] org.apache.catalina.core.ApplicationContext.log Manager: list: Listing contexts for virtual host 'localhost'
30-Nov-2019 16:05:42.026 INFOS [http-nio-8080-exec-364] org.apache.catalina.core.ApplicationContext.log Manager: restart: Reloading web application '/A3-ServiceLayer'
30-Nov-2019 16:05:48.680 INFOS [http-nio-8080-exec-370] org.apache.catalina.core.ApplicationContext.log Manager: list: Listing contexts for virtual host 'localhost'
30-Nov-2019 16:05:48.687 INFOS [http-nio-8080-exec-379] org.apache.catalina.core.ApplicationContext.log Manager: list: Listing contexts for virtual host 'localhost'
30-Nov-2019 16:05:48.713 INFOS [http-nio-8080-exec-375] org.apache.catalina.core.ApplicationContext.log Manager: restart: Reloading web application '/A3-ServiceLayer'
30-Nov-2019 16:05:59.598 INFOS [http-nio-8080-exec-369] org.apache.catalina.core.ApplicationContext.log Manager: list: Listing contexts for virtual host 'localhost'
30-Nov-2019 16:05:59.610 INFOS [http-nio-8080-exec-380] org.apache.catalina.core.ApplicationContext.log Manager: restart: Reloading web application '/A3-ServiceLayer'
30-Nov-2019 16:07:39.752 INFOS [http-nio-8080-exec-386] org.apache.catalina.core.ApplicationContext.log Manager: list: Listing contexts for virtual host 'localhost'
30-Nov-2019 16:07:39.761 INFOS [http-nio-8080-exec-389] org.apache.catalina.core.ApplicationContext.log Manager: restart: Reloading web application '/A3-ServiceLayer'
30-Nov-2019 16:08:02.076 INFOS [http-nio-8080-exec-391] org.apache.catalina.core.ApplicationContext.log Manager: list: Listing contexts for virtual host 'localhost'
30-Nov-2019 16:08:25.928 INFOS [http-nio-8080-exec-391] org.apache.catalina.core.ApplicationContext.log Manager: list: Listing contexts for virtual host 'localhost'
30-Nov-2019 16:08:25.940 INFOS [http-nio-8080-exec-388] org.apache.catalina.core.ApplicationContext.log Manager: restart: Reloading web application '/A3-ServiceLayer'
30-Nov-2019 16:09:35.626 INFOS [http-nio-8080-exec-389] org.apache.catalina.core.ApplicationContext.log Manager: list: Listing contexts for virtual host 'localhost'
30-Nov-2019 16:10:16.909 INFOS [http-nio-8080-exec-393] org.apache.catalina.core.ApplicationContext.log Manager: list: Listing contexts for virtual host 'localhost'
30-Nov-2019 16:10:28.216 INFOS [http-nio-8080-exec-399] org.apache.catalina.core.ApplicationContext.log Manager: list: Listing contexts for virtual host 'localhost'
30-Nov-2019 16:10:56.147 INFOS [http-nio-8080-exec-391] org.apache.catalina.core.ApplicationContext.log Manager: list: Listing contexts for virtual host 'localhost'
30-Nov-2019 16:11:00.271 INFOS [http-nio-8080-exec-394] org.apache.catalina.core.ApplicationContext.log Manager: list: Listing contexts for virtual host 'localhost'
30-Nov-2019 16:11:40.544 INFOS [http-nio-8080-exec-398] org.apache.catalina.core.ApplicationContext.log Manager: list: Listing contexts for virtual host 'localhost'
30-Nov-2019 16:11:58.905 INFOS [http-nio-8080-exec-400] org.apache.catalina.core.ApplicationContext.log Manager: list: Listing contexts for virtual host 'localhost'
30-Nov-2019 16:12:20.656 INFOS [http-nio-8080-exec-404] org.apache.catalina.core.ApplicationContext.log Manager: list: Listing contexts for virtual host 'localhost'
30-Nov-2019 16:12:29.783 INFOS [http-nio-8080-exec-405] org.apache.catalina.core.ApplicationContext.log Manager: list: Listing contexts for virtual host 'localhost'
30-Nov-2019 16:12:41.190 INFOS [http-nio-8080-exec-406] org.apache.catalina.core.ApplicationContext.log Manager: list: Listing contexts for virtual host 'localhost'
30-Nov-2019 16:12:59.880 INFOS [http-nio-8080-exec-399] org.apache.catalina.core.ApplicationContext.log Manager: list: Listing contexts for virtual host 'localhost'
30-Nov-2019 16:13:15.997 INFOS [http-nio-8080-exec-406] org.apache.catalina.core.ApplicationContext.log Manager: list: Listing contexts for virtual host 'localhost'
30-Nov-2019 16:13:25.682 INFOS [http-nio-8080-exec-406] org.apache.catalina.core.ApplicationContext.log Manager: list: Listing contexts for virtual host 'localhost'
30-Nov-2019 16:18:12.027 INFOS [http-nio-8080-exec-405] org.apache.catalina.core.ApplicationContext.log Manager: list: Listing contexts for virtual host 'localhost'
30-Nov-2019 16:18:12.042 INFOS [http-nio-8080-exec-406] org.apache.catalina.core.ApplicationContext.log Manager: restart: Reloading web application '/A3-ServiceLayer'
30-Nov-2019 16:18:56.784 INFOS [http-nio-8080-exec-407] org.apache.catalina.core.ApplicationContext.log Manager: list: Listing contexts for virtual host 'localhost'
30-Nov-2019 16:18:56.811 INFOS [http-nio-8080-exec-400] org.apache.catalina.core.ApplicationContext.log Manager: restart: Reloading web application '/A3-ServiceLayer'
30-Nov-2019 16:19:13.470 INFOS [http-nio-8080-exec-398] org.apache.catalina.core.ApplicationContext.log Manager: list: Listing contexts for virtual host 'localhost'
30-Nov-2019 16:19:13.482 INFOS [http-nio-8080-exec-405] org.apache.catalina.core.ApplicationContext.log Manager: restart: Reloading web application '/A3-ServiceLayer'
30-Nov-2019 16:21:23.051 INFOS [http-nio-8080-exec-415] org.apache.catalina.core.ApplicationContext.log Manager: list: Listing contexts for virtual host 'localhost'
30-Nov-2019 16:21:23.080 INFOS [http-nio-8080-exec-416] org.apache.catalina.core.ApplicationContext.log Manager: restart: Reloading web application '/A3-ServiceLayer'
30-Nov-2019 16:21:37.431 INFOS [http-nio-8080-exec-414] org.apache.catalina.core.ApplicationContext.log Manager: list: Listing contexts for virtual host 'localhost'
30-Nov-2019 16:21:37.454 INFOS [http-nio-8080-exec-413] org.apache.catalina.core.ApplicationContext.log Manager: restart: Reloading web application '/A3-ServiceLayer'
30-Nov-2019 16:22:24.980 INFOS [http-nio-8080-exec-410] org.apache.catalina.core.ApplicationContext.log Manager: list: Listing contexts for virtual host 'localhost'
30-Nov-2019 16:22:53.400 INFOS [http-nio-8080-exec-414] org.apache.catalina.core.ApplicationContext.log Manager: list: Listing contexts for virtual host 'localhost'
30-Nov-2019 16:23:05.207 INFOS [http-nio-8080-exec-422] org.apache.catalina.core.ApplicationContext.log Manager: list: Listing contexts for virtual host 'localhost'
30-Nov-2019 16:23:21.315 INFOS [http-nio-8080-exec-416] org.apache.catalina.core.ApplicationContext.log Manager: list: Listing contexts for virtual host 'localhost'
30-Nov-2019 16:23:31.628 INFOS [http-nio-8080-exec-422] org.apache.catalina.core.ApplicationContext.log Manager: list: Listing contexts for virtual host 'localhost'
30-Nov-2019 16:23:31.636 INFOS [http-nio-8080-exec-425] org.apache.catalina.core.ApplicationContext.log Manager: list: Listing contexts for virtual host 'localhost'
30-Nov-2019 16:23:31.664 INFOS [http-nio-8080-exec-421] org.apache.catalina.core.ApplicationContext.log Manager: restart: Reloading web application '/A3-ServiceLayer'
30-Nov-2019 16:24:00.801 INFOS [http-nio-8080-exec-421] org.apache.catalina.core.ApplicationContext.log Manager: list: Listing contexts for virtual host 'localhost'
30-Nov-2019 16:24:49.990 INFOS [http-nio-8080-exec-429] org.apache.catalina.core.ApplicationContext.log Manager: list: Listing contexts for virtual host 'localhost'
30-Nov-2019 16:24:50.008 INFOS [http-nio-8080-exec-433] org.apache.catalina.core.ApplicationContext.log Manager: restart: Reloading web application '/A3-ServiceLayer'
30-Nov-2019 16:26:54.553 INFOS [http-nio-8080-exec-440] org.apache.catalina.core.ApplicationContext.log Manager: list: Listing contexts for virtual host 'localhost'
30-Nov-2019 16:26:54.567 INFOS [http-nio-8080-exec-442] org.apache.catalina.core.ApplicationContext.log Manager: restart: Reloading web application '/A3-ServiceLayer'
30-Nov-2019 16:28:00.721 INFOS [http-nio-8080-exec-443] org.apache.catalina.core.ApplicationContext.log Manager: list: Listing contexts for virtual host 'localhost'
30-Nov-2019 16:28:00.732 INFOS [http-nio-8080-exec-440] org.apache.catalina.core.ApplicationContext.log Manager: restart: Reloading web application '/A3-ServiceLayer'
30-Nov-2019 16:29:25.603 INFOS [http-nio-8080-exec-447] org.apache.catalina.core.ApplicationContext.log Manager: list: Listing contexts for virtual host 'localhost'
30-Nov-2019 16:29:25.623 INFOS [http-nio-8080-exec-439] org.apache.catalina.core.ApplicationContext.log Manager: restart: Reloading web application '/A3-UI'
30-Nov-2019 16:32:48.517 INFOS [http-nio-8080-exec-457] org.apache.catalina.core.ApplicationContext.log Manager: list: Listing contexts for virtual host 'localhost'
30-Nov-2019 16:32:48.523 INFOS [http-nio-8080-exec-458] org.apache.catalina.core.ApplicationContext.log Manager: list: Listing contexts for virtual host 'localhost'
30-Nov-2019 16:32:48.540 INFOS [http-nio-8080-exec-461] org.apache.catalina.core.ApplicationContext.log Manager: restart: Reloading web application '/A3-UI'
30-Nov-2019 16:37:38.660 INFOS [http-nio-8080-exec-473] org.apache.catalina.core.ApplicationContext.log Manager: list: Listing contexts for virtual host 'localhost'
30-Nov-2019 16:37:38.667 INFOS [http-nio-8080-exec-466] org.apache.catalina.core.ApplicationContext.log Manager: list: Listing contexts for virtual host 'localhost'
30-Nov-2019 16:37:38.700 INFOS [http-nio-8080-exec-465] org.apache.catalina.core.ApplicationContext.log Manager: restart: Reloading web application '/A3-ServiceLayer'
