27-Sep-2019 09:10:58.568 INFOS [main] org.apache.catalina.startup.VersionLoggerListener.log Version du serveur:        Apache Tomcat/9.0.26
27-Sep-2019 09:10:58.570 INFOS [main] org.apache.catalina.startup.VersionLoggerListener.log Serveur compilé:       Sep 16 2019 15:51:39 UTC
27-Sep-2019 09:10:58.571 INFOS [main] org.apache.catalina.startup.VersionLoggerListener.log Version du serveur:      9.0.26.0
27-Sep-2019 09:10:58.571 INFOS [main] org.apache.catalina.startup.VersionLoggerListener.log Nom de l'OS:           Mac OS X
27-Sep-2019 09:10:58.571 INFOS [main] org.apache.catalina.startup.VersionLoggerListener.log Version de l'OS:        10.11.6
27-Sep-2019 09:10:58.571 INFOS [main] org.apache.catalina.startup.VersionLoggerListener.log Architecture:          x86_64
27-Sep-2019 09:10:58.571 INFOS [main] org.apache.catalina.startup.VersionLoggerListener.log Répertoire de Java:     /Library/Java/JavaVirtualMachines/jdk1.8.0_141.jdk/Contents/Home/jre
27-Sep-2019 09:10:58.572 INFOS [main] org.apache.catalina.startup.VersionLoggerListener.log Version de la JVM:           1.8.0_141-b15
27-Sep-2019 09:10:58.572 INFOS [main] org.apache.catalina.startup.VersionLoggerListener.log Fournisseur de la JVM:            Oracle Corporation
27-Sep-2019 09:10:58.572 INFOS [main] org.apache.catalina.startup.VersionLoggerListener.log CATALINA_BASE:         /Users/Airi/Documents/SOEN387-Projects-and-Labs/Labs/apache-tomcat-9.0.26
27-Sep-2019 09:10:58.573 INFOS [main] org.apache.catalina.startup.VersionLoggerListener.log CATALINA_HOME:         /Users/Airi/Documents/SOEN387-Projects-and-Labs/Labs/apache-tomcat-9.0.26
27-Sep-2019 09:10:58.578 INFOS [main] org.apache.catalina.startup.VersionLoggerListener.log Argument de la ligne de commande: -Djava.util.logging.config.file=/Users/Airi/Documents/SOEN387-Projects-and-Labs/Labs/apache-tomcat-9.0.26/conf/logging.properties
27-Sep-2019 09:10:58.579 INFOS [main] org.apache.catalina.startup.VersionLoggerListener.log Argument de la ligne de commande: -Djava.util.logging.manager=org.apache.juli.ClassLoaderLogManager
27-Sep-2019 09:10:58.579 INFOS [main] org.apache.catalina.startup.VersionLoggerListener.log Argument de la ligne de commande: -Dhttp.nonProxyHosts=localhost|127.0.0.1|Airis-MBP
27-Sep-2019 09:10:58.579 INFOS [main] org.apache.catalina.startup.VersionLoggerListener.log Argument de la ligne de commande: -Djdk.tls.ephemeralDHKeySize=2048
27-Sep-2019 09:10:58.579 INFOS [main] org.apache.catalina.startup.VersionLoggerListener.log Argument de la ligne de commande: -Djava.protocol.handler.pkgs=org.apache.catalina.webresources
27-Sep-2019 09:10:58.579 INFOS [main] org.apache.catalina.startup.VersionLoggerListener.log Argument de la ligne de commande: -Dorg.apache.catalina.security.SecurityListener.UMASK=0027
27-Sep-2019 09:10:58.579 INFOS [main] org.apache.catalina.startup.VersionLoggerListener.log Argument de la ligne de commande: -Dignore.endorsed.dirs=
27-Sep-2019 09:10:58.579 INFOS [main] org.apache.catalina.startup.VersionLoggerListener.log Argument de la ligne de commande: -Dcatalina.base=/Users/Airi/Documents/SOEN387-Projects-and-Labs/Labs/apache-tomcat-9.0.26
27-Sep-2019 09:10:58.579 INFOS [main] org.apache.catalina.startup.VersionLoggerListener.log Argument de la ligne de commande: -Dcatalina.home=/Users/Airi/Documents/SOEN387-Projects-and-Labs/Labs/apache-tomcat-9.0.26
27-Sep-2019 09:10:58.579 INFOS [main] org.apache.catalina.startup.VersionLoggerListener.log Argument de la ligne de commande: -Djava.io.tmpdir=/Users/Airi/Documents/SOEN387-Projects-and-Labs/Labs/apache-tomcat-9.0.26/temp
27-Sep-2019 09:10:58.579 INFOS [main] org.apache.catalina.core.AprLifecycleListener.lifecycleEvent La librairie Apache Tomcat Native basée sur APR qui permet des performances optimales dans les environnements de production n'a pas été trouvée sur le java.library.path: [/Users/Airi/Library/Java/Extensions:/Library/Java/Extensions:/Network/Library/Java/Extensions:/System/Library/Java/Extensions:/usr/lib/java:.]
27-Sep-2019 09:10:59.490 INFOS [main] org.apache.coyote.AbstractProtocol.init Initialisation du gestionnaire de protocole ["http-nio-8080"]
27-Sep-2019 09:10:59.536 INFOS [main] org.apache.coyote.AbstractProtocol.init Initialisation du gestionnaire de protocole ["ajp-nio-8009"]
27-Sep-2019 09:10:59.541 INFOS [main] org.apache.catalina.startup.Catalina.load L'initialisation du serveur a pris [1 520] millisecondes
27-Sep-2019 09:10:59.630 INFOS [main] org.apache.catalina.core.StandardService.startInternal Démarrage du service [Catalina]
27-Sep-2019 09:10:59.631 INFOS [main] org.apache.catalina.core.StandardEngine.startInternal Démarrage du moteur de Servlets: [Apache Tomcat/9.0.26]
27-Sep-2019 09:10:59.655 INFOS [main] org.apache.catalina.startup.HostConfig.deployDescriptor Déploiement du descripteur de configuration [/Users/Airi/Documents/SOEN387-Projects-and-Labs/Labs/apache-tomcat-9.0.26/conf/Catalina/localhost/A1-Airi.xml]
27-Sep-2019 09:10:59.739 AVERTISSEMENT [main] org.apache.catalina.startup.HostConfig.deployDescriptor L'attribut path avec la valeur [/A1-Airi] dans le descripteur de déploiement [/Users/Airi/Documents/SOEN387-Projects-and-Labs/Labs/apache-tomcat-9.0.26/conf/Catalina/localhost/A1-Airi.xml] a été ignoré
27-Sep-2019 09:11:00.411 INFOS [main] org.apache.catalina.startup.HostConfig.deployDescriptor Le traitement du descripteur de déploiement [/Users/Airi/Documents/SOEN387-Projects-and-Labs/Labs/apache-tomcat-9.0.26/conf/Catalina/localhost/A1-Airi.xml] a pris [755] ms
27-Sep-2019 09:11:00.414 INFOS [main] org.apache.catalina.startup.HostConfig.deployDescriptor Déploiement du descripteur de configuration [/Users/Airi/Documents/SOEN387-Projects-and-Labs/Labs/apache-tomcat-9.0.26/conf/Catalina/localhost/WebApplicationDemo.xml]
27-Sep-2019 09:11:00.416 AVERTISSEMENT [main] org.apache.catalina.startup.HostConfig.deployDescriptor L'attribut path avec la valeur [/WebApplicationDemo] dans le descripteur de déploiement [/Users/Airi/Documents/SOEN387-Projects-and-Labs/Labs/apache-tomcat-9.0.26/conf/Catalina/localhost/WebApplicationDemo.xml] a été ignoré
27-Sep-2019 09:11:00.463 INFOS [main] org.apache.catalina.startup.HostConfig.deployDescriptor Le traitement du descripteur de déploiement [/Users/Airi/Documents/SOEN387-Projects-and-Labs/Labs/apache-tomcat-9.0.26/conf/Catalina/localhost/WebApplicationDemo.xml] a pris [49] ms
27-Sep-2019 09:11:00.464 INFOS [main] org.apache.catalina.startup.HostConfig.deployDirectory Déploiement du répertoire d'application web [/Users/Airi/Documents/SOEN387-Projects-and-Labs/Labs/apache-tomcat-9.0.26/webapps/docs]
27-Sep-2019 09:11:00.539 INFOS [main] org.apache.catalina.startup.HostConfig.deployDirectory Le déploiement du répertoire [/Users/Airi/Documents/SOEN387-Projects-and-Labs/Labs/apache-tomcat-9.0.26/webapps/docs] de l'application web s'est terminé en [75] ms
27-Sep-2019 09:11:00.541 INFOS [main] org.apache.catalina.startup.HostConfig.deployDirectory Déploiement du répertoire d'application web [/Users/Airi/Documents/SOEN387-Projects-and-Labs/Labs/apache-tomcat-9.0.26/webapps/examples]
27-Sep-2019 09:11:01.357 INFOS [main] org.apache.catalina.startup.HostConfig.deployDirectory Le déploiement du répertoire [/Users/Airi/Documents/SOEN387-Projects-and-Labs/Labs/apache-tomcat-9.0.26/webapps/examples] de l'application web s'est terminé en [816] ms
27-Sep-2019 09:11:01.358 INFOS [main] org.apache.catalina.startup.HostConfig.deployDirectory Déploiement du répertoire d'application web [/Users/Airi/Documents/SOEN387-Projects-and-Labs/Labs/apache-tomcat-9.0.26/webapps/host-manager]
27-Sep-2019 09:11:01.409 INFOS [main] org.apache.catalina.startup.HostConfig.deployDirectory Le déploiement du répertoire [/Users/Airi/Documents/SOEN387-Projects-and-Labs/Labs/apache-tomcat-9.0.26/webapps/host-manager] de l'application web s'est terminé en [50] ms
27-Sep-2019 09:11:01.414 INFOS [main] org.apache.catalina.startup.HostConfig.deployDirectory Déploiement du répertoire d'application web [/Users/Airi/Documents/SOEN387-Projects-and-Labs/Labs/apache-tomcat-9.0.26/webapps/manager]
27-Sep-2019 09:11:01.653 INFOS [main] org.apache.catalina.startup.HostConfig.deployDirectory Le déploiement du répertoire [/Users/Airi/Documents/SOEN387-Projects-and-Labs/Labs/apache-tomcat-9.0.26/webapps/manager] de l'application web s'est terminé en [242] ms
27-Sep-2019 09:11:01.654 INFOS [main] org.apache.catalina.startup.HostConfig.deployDirectory Déploiement du répertoire d'application web [/Users/Airi/Documents/SOEN387-Projects-and-Labs/Labs/apache-tomcat-9.0.26/webapps/ROOT]
27-Sep-2019 09:11:01.701 INFOS [main] org.apache.catalina.startup.HostConfig.deployDirectory Le déploiement du répertoire [/Users/Airi/Documents/SOEN387-Projects-and-Labs/Labs/apache-tomcat-9.0.26/webapps/ROOT] de l'application web s'est terminé en [47] ms
27-Sep-2019 09:11:01.742 INFOS [main] org.apache.coyote.AbstractProtocol.start Démarrage du gestionnaire de protocole ["http-nio-8080"]
27-Sep-2019 09:11:01.784 INFOS [main] org.apache.coyote.AbstractProtocol.start Démarrage du gestionnaire de protocole ["ajp-nio-8009"]
27-Sep-2019 09:11:01.795 INFOS [main] org.apache.catalina.startup.Catalina.start Le démarrage du serveur a pris [2 253] millisecondes
27-Sep-2019 09:11:04.957 INFOS [http-nio-8080-exec-10] org.apache.catalina.startup.HostConfig.undeploy Retrait de l'application web ayant pour chemin de contexte [/A1-Airi]
27-Sep-2019 09:11:04.991 INFOS [http-nio-8080-exec-6] org.apache.catalina.startup.HostConfig.deployDescriptor Déploiement du descripteur de configuration [/Users/Airi/Documents/SOEN387-Projects-and-Labs/Labs/apache-tomcat-9.0.26/conf/Catalina/localhost/A1-Airi.xml]
27-Sep-2019 09:11:04.992 AVERTISSEMENT [http-nio-8080-exec-6] org.apache.catalina.startup.HostConfig.deployDescriptor L'attribut path avec la valeur [/A1-Airi] dans le descripteur de déploiement [/Users/Airi/Documents/SOEN387-Projects-and-Labs/Labs/apache-tomcat-9.0.26/conf/Catalina/localhost/A1-Airi.xml] a été ignoré
27-Sep-2019 09:11:05.053 INFOS [http-nio-8080-exec-6] org.apache.catalina.startup.HostConfig.deployDescriptor Le traitement du descripteur de déploiement [/Users/Airi/Documents/SOEN387-Projects-and-Labs/Labs/apache-tomcat-9.0.26/conf/Catalina/localhost/A1-Airi.xml] a pris [61] ms
27-Sep-2019 09:16:24.491 INFOS [http-nio-8080-exec-12] org.apache.catalina.core.StandardContext.reload Le rechargement du contexte [/A1-Airi] a démarré
27-Sep-2019 09:16:24.529 INFOS [http-nio-8080-exec-12] org.apache.catalina.core.StandardContext.reload Le rechargement de ce contexte est terminé
27-Sep-2019 09:17:12.683 INFOS [http-nio-8080-exec-18] org.apache.catalina.core.StandardContext.reload Le rechargement du contexte [/A1-Airi] a démarré
27-Sep-2019 09:17:12.737 INFOS [http-nio-8080-exec-18] org.apache.catalina.core.StandardContext.reload Le rechargement de ce contexte est terminé
27-Sep-2019 09:17:37.289 INFOS [http-nio-8080-exec-16] org.apache.catalina.core.StandardContext.reload Le rechargement du contexte [/A1-Airi] a démarré
27-Sep-2019 09:17:37.354 INFOS [http-nio-8080-exec-16] org.apache.catalina.core.StandardContext.reload Le rechargement de ce contexte est terminé
27-Sep-2019 09:19:09.889 INFOS [http-nio-8080-exec-23] org.apache.catalina.core.StandardContext.reload Le rechargement du contexte [/A1-Airi] a démarré
27-Sep-2019 09:19:09.932 INFOS [http-nio-8080-exec-23] org.apache.catalina.core.StandardContext.reload Le rechargement de ce contexte est terminé
27-Sep-2019 09:20:57.921 INFOS [http-nio-8080-exec-34] org.apache.catalina.core.StandardContext.reload Le rechargement du contexte [/A1-Airi] a démarré
27-Sep-2019 09:20:58.010 INFOS [http-nio-8080-exec-34] org.apache.catalina.core.StandardContext.reload Le rechargement de ce contexte est terminé
27-Sep-2019 09:21:11.783 INFOS [http-nio-8080-exec-33] org.apache.catalina.core.StandardContext.reload Le rechargement du contexte [/A1-Airi] a démarré
27-Sep-2019 09:21:11.819 INFOS [http-nio-8080-exec-33] org.apache.catalina.core.StandardContext.reload Le rechargement de ce contexte est terminé
27-Sep-2019 09:21:19.657 INFOS [http-nio-8080-exec-23] org.apache.catalina.core.StandardContext.reload Le rechargement du contexte [/A1-Airi] a démarré
27-Sep-2019 09:21:19.704 INFOS [http-nio-8080-exec-23] org.apache.catalina.core.StandardContext.reload Le rechargement de ce contexte est terminé
27-Sep-2019 09:23:51.986 INFOS [http-nio-8080-exec-41] org.apache.catalina.core.StandardContext.reload Le rechargement du contexte [/A1-Airi] a démarré
27-Sep-2019 09:23:52.027 INFOS [http-nio-8080-exec-41] org.apache.catalina.core.StandardContext.reload Le rechargement de ce contexte est terminé
27-Sep-2019 09:25:13.739 INFOS [http-nio-8080-exec-44] org.apache.catalina.core.StandardContext.reload Le rechargement du contexte [/A1-Airi] a démarré
27-Sep-2019 09:25:13.779 INFOS [http-nio-8080-exec-44] org.apache.catalina.core.StandardContext.reload Le rechargement de ce contexte est terminé
27-Sep-2019 09:25:28.410 INFOS [http-nio-8080-exec-23] org.apache.catalina.core.StandardContext.reload Le rechargement du contexte [/A1-Airi] a démarré
27-Sep-2019 09:25:28.509 INFOS [http-nio-8080-exec-23] org.apache.catalina.core.StandardContext.reload Le rechargement de ce contexte est terminé
27-Sep-2019 09:25:40.257 INFOS [http-nio-8080-exec-45] org.apache.catalina.core.StandardContext.reload Le rechargement du contexte [/A1-Airi] a démarré
27-Sep-2019 09:25:40.291 INFOS [http-nio-8080-exec-45] org.apache.catalina.core.StandardContext.reload Le rechargement de ce contexte est terminé
27-Sep-2019 09:25:53.198 INFOS [http-nio-8080-exec-47] org.apache.catalina.core.StandardContext.reload Le rechargement du contexte [/A1-Airi] a démarré
27-Sep-2019 09:25:53.238 INFOS [http-nio-8080-exec-47] org.apache.catalina.core.StandardContext.reload Le rechargement de ce contexte est terminé
27-Sep-2019 09:26:15.850 INFOS [http-nio-8080-exec-23] org.apache.catalina.core.StandardContext.reload Le rechargement du contexte [/A1-Airi] a démarré
27-Sep-2019 09:26:15.902 INFOS [http-nio-8080-exec-23] org.apache.catalina.core.StandardContext.reload Le rechargement de ce contexte est terminé
27-Sep-2019 09:26:23.062 INFOS [http-nio-8080-exec-47] org.apache.catalina.core.StandardContext.reload Le rechargement du contexte [/A1-Airi] a démarré
27-Sep-2019 09:26:23.119 INFOS [http-nio-8080-exec-47] org.apache.catalina.core.StandardContext.reload Le rechargement de ce contexte est terminé
27-Sep-2019 09:26:26.352 INFOS [http-nio-8080-exec-23] org.apache.catalina.core.StandardContext.reload Le rechargement du contexte [/A1-Airi] a démarré
27-Sep-2019 09:26:26.417 INFOS [http-nio-8080-exec-23] org.apache.catalina.core.StandardContext.reload Le rechargement de ce contexte est terminé
27-Sep-2019 09:26:29.498 INFOS [http-nio-8080-exec-47] org.apache.catalina.core.StandardContext.reload Le rechargement du contexte [/A1-Airi] a démarré
27-Sep-2019 09:26:29.549 INFOS [http-nio-8080-exec-47] org.apache.catalina.core.StandardContext.reload Le rechargement de ce contexte est terminé
27-Sep-2019 09:26:44.160 INFOS [http-nio-8080-exec-50] org.apache.catalina.core.StandardContext.reload Le rechargement du contexte [/A1-Airi] a démarré
27-Sep-2019 09:26:44.209 INFOS [http-nio-8080-exec-50] org.apache.catalina.core.StandardContext.reload Le rechargement de ce contexte est terminé
27-Sep-2019 09:27:17.740 INFOS [http-nio-8080-exec-50] org.apache.catalina.core.StandardContext.reload Le rechargement du contexte [/A1-Airi] a démarré
27-Sep-2019 09:27:17.773 INFOS [http-nio-8080-exec-50] org.apache.catalina.core.StandardContext.reload Le rechargement de ce contexte est terminé
27-Sep-2019 09:33:05.885 INFOS [http-nio-8080-exec-60] org.apache.catalina.core.StandardContext.reload Le rechargement du contexte [/A1-Airi] a démarré
27-Sep-2019 09:33:05.925 INFOS [http-nio-8080-exec-60] org.apache.catalina.core.StandardContext.reload Le rechargement de ce contexte est terminé
27-Sep-2019 09:33:28.688 INFOS [http-nio-8080-exec-64] org.apache.catalina.core.StandardContext.reload Le rechargement du contexte [/A1-Airi] a démarré
27-Sep-2019 09:33:28.721 INFOS [http-nio-8080-exec-64] org.apache.catalina.core.StandardContext.reload Le rechargement de ce contexte est terminé
27-Sep-2019 09:45:41.359 INFOS [http-nio-8080-exec-71] org.apache.catalina.core.StandardContext.reload Le rechargement du contexte [/A1-Airi] a démarré
27-Sep-2019 09:45:41.430 INFOS [119] org.apache.catalina.core.StandardContext.reload Le rechargement de ce contexte est terminé
27-Sep-2019 09:46:22.321 INFOS [http-nio-8080-exec-68] org.apache.catalina.core.StandardContext.reload Le rechargement du contexte [/A1-Airi] a démarré
27-Sep-2019 09:46:22.359 INFOS [http-nio-8080-exec-68] org.apache.catalina.core.StandardContext.reload Le rechargement de ce contexte est terminé
27-Sep-2019 09:46:28.999 INFOS [http-nio-8080-exec-78] org.apache.catalina.core.StandardContext.reload Le rechargement du contexte [/A1-Airi] a démarré
27-Sep-2019 09:46:29.067 INFOS [http-nio-8080-exec-78] org.apache.catalina.core.StandardContext.reload Le rechargement de ce contexte est terminé
27-Sep-2019 09:46:33.745 INFOS [http-nio-8080-exec-68] org.apache.catalina.core.StandardContext.reload Le rechargement du contexte [/A1-Airi] a démarré
27-Sep-2019 09:46:33.775 INFOS [http-nio-8080-exec-68] org.apache.catalina.core.StandardContext.reload Le rechargement de ce contexte est terminé
27-Sep-2019 09:46:38.963 INFOS [http-nio-8080-exec-75] org.apache.catalina.core.StandardContext.reload Le rechargement du contexte [/A1-Airi] a démarré
27-Sep-2019 09:46:39.009 INFOS [http-nio-8080-exec-75] org.apache.catalina.core.StandardContext.reload Le rechargement de ce contexte est terminé
27-Sep-2019 09:46:52.353 INFOS [http-nio-8080-exec-81] org.apache.catalina.core.StandardContext.reload Le rechargement du contexte [/A1-Airi] a démarré
27-Sep-2019 09:46:52.405 INFOS [http-nio-8080-exec-81] org.apache.catalina.core.StandardContext.reload Le rechargement de ce contexte est terminé
27-Sep-2019 09:47:20.577 INFOS [http-nio-8080-exec-75] org.apache.catalina.core.StandardContext.reload Le rechargement du contexte [/A1-Airi] a démarré
27-Sep-2019 09:47:20.653 INFOS [http-nio-8080-exec-75] org.apache.catalina.core.StandardContext.reload Le rechargement de ce contexte est terminé
27-Sep-2019 09:47:39.010 INFOS [http-nio-8080-exec-85] org.apache.catalina.core.StandardContext.reload Le rechargement du contexte [/A1-Airi] a démarré
27-Sep-2019 09:47:39.053 INFOS [http-nio-8080-exec-85] org.apache.catalina.core.StandardContext.reload Le rechargement de ce contexte est terminé
27-Sep-2019 09:47:45.095 INFOS [http-nio-8080-exec-81] org.apache.catalina.core.StandardContext.reload Le rechargement du contexte [/A1-Airi] a démarré
27-Sep-2019 09:47:45.193 INFOS [http-nio-8080-exec-81] org.apache.catalina.core.StandardContext.reload Le rechargement de ce contexte est terminé
27-Sep-2019 09:47:59.899 INFOS [http-nio-8080-exec-85] org.apache.catalina.core.StandardContext.reload Le rechargement du contexte [/A1-Airi] a démarré
27-Sep-2019 09:47:59.933 INFOS [http-nio-8080-exec-85] org.apache.catalina.core.StandardContext.reload Le rechargement de ce contexte est terminé
27-Sep-2019 09:48:09.018 INFOS [http-nio-8080-exec-75] org.apache.catalina.core.StandardContext.reload Le rechargement du contexte [/A1-Airi] a démarré
27-Sep-2019 09:48:09.061 INFOS [http-nio-8080-exec-75] org.apache.catalina.core.StandardContext.reload Le rechargement de ce contexte est terminé
27-Sep-2019 09:48:15.879 INFOS [http-nio-8080-exec-91] org.apache.catalina.core.StandardContext.reload Le rechargement du contexte [/A1-Airi] a démarré
27-Sep-2019 09:48:15.918 INFOS [http-nio-8080-exec-91] org.apache.catalina.core.StandardContext.reload Le rechargement de ce contexte est terminé
27-Sep-2019 10:02:39.602 INFOS [http-nio-8080-exec-96] org.apache.catalina.core.StandardContext.reload Le rechargement du contexte [/A1-Airi] a démarré
27-Sep-2019 10:02:39.690 INFOS [http-nio-8080-exec-96] org.apache.catalina.core.StandardContext.reload Le rechargement de ce contexte est terminé
27-Sep-2019 10:02:44.291 INFOS [http-nio-8080-exec-100] org.apache.catalina.core.StandardContext.reload Le rechargement du contexte [/A1-Airi] a démarré
27-Sep-2019 10:02:44.334 INFOS [http-nio-8080-exec-100] org.apache.catalina.core.StandardContext.reload Le rechargement de ce contexte est terminé
27-Sep-2019 10:02:45.291 INFOS [http-nio-8080-exec-94] org.apache.catalina.core.StandardContext.reload Le rechargement du contexte [/A1-Airi] a démarré
27-Sep-2019 10:02:45.349 INFOS [http-nio-8080-exec-94] org.apache.catalina.core.StandardContext.reload Le rechargement de ce contexte est terminé
27-Sep-2019 10:02:47.836 INFOS [http-nio-8080-exec-95] org.apache.catalina.core.StandardContext.reload Le rechargement du contexte [/A1-Airi] a démarré
27-Sep-2019 10:02:47.888 INFOS [http-nio-8080-exec-95] org.apache.catalina.core.StandardContext.reload Le rechargement de ce contexte est terminé
27-Sep-2019 10:02:50.920 INFOS [http-nio-8080-exec-106] org.apache.catalina.core.StandardContext.reload Le rechargement du contexte [/A1-Airi] a démarré
27-Sep-2019 10:02:50.967 INFOS [http-nio-8080-exec-106] org.apache.catalina.core.StandardContext.reload Le rechargement de ce contexte est terminé
27-Sep-2019 10:02:53.713 INFOS [http-nio-8080-exec-100] org.apache.catalina.core.StandardContext.reload Le rechargement du contexte [/A1-Airi] a démarré
27-Sep-2019 10:02:53.739 INFOS [http-nio-8080-exec-100] org.apache.catalina.core.StandardContext.reload Le rechargement de ce contexte est terminé
27-Sep-2019 10:03:44.601 INFOS [http-nio-8080-exec-106] org.apache.catalina.core.StandardContext.reload Le rechargement du contexte [/A1-Airi] a démarré
27-Sep-2019 10:03:44.626 INFOS [http-nio-8080-exec-106] org.apache.catalina.core.StandardContext.reload Le rechargement de ce contexte est terminé
27-Sep-2019 10:05:03.466 INFOS [http-nio-8080-exec-98] org.apache.catalina.core.StandardContext.reload Le rechargement du contexte [/A1-Airi] a démarré
27-Sep-2019 10:05:03.518 INFOS [http-nio-8080-exec-98] org.apache.catalina.core.StandardContext.reload Le rechargement de ce contexte est terminé
27-Sep-2019 10:05:04.399 INFOS [http-nio-8080-exec-111] org.apache.catalina.core.StandardContext.reload Le rechargement du contexte [/A1-Airi] a démarré
27-Sep-2019 10:05:04.448 INFOS [http-nio-8080-exec-111] org.apache.catalina.core.StandardContext.reload Le rechargement de ce contexte est terminé
27-Sep-2019 10:05:06.813 INFOS [http-nio-8080-exec-100] org.apache.catalina.core.StandardContext.reload Le rechargement du contexte [/A1-Airi] a démarré
27-Sep-2019 10:05:06.854 INFOS [http-nio-8080-exec-100] org.apache.catalina.core.StandardContext.reload Le rechargement de ce contexte est terminé
27-Sep-2019 10:05:16.296 INFOS [http-nio-8080-exec-95] org.apache.catalina.core.StandardContext.reload Le rechargement du contexte [/A1-Airi] a démarré
27-Sep-2019 10:05:16.338 INFOS [http-nio-8080-exec-95] org.apache.catalina.core.StandardContext.reload Le rechargement de ce contexte est terminé
27-Sep-2019 10:06:00.905 INFOS [http-nio-8080-exec-109] org.apache.catalina.core.StandardContext.reload Le rechargement du contexte [/A1-Airi] a démarré
27-Sep-2019 10:06:00.935 INFOS [http-nio-8080-exec-109] org.apache.catalina.core.StandardContext.reload Le rechargement de ce contexte est terminé
27-Sep-2019 10:06:19.845 INFOS [http-nio-8080-exec-109] org.apache.catalina.core.StandardContext.reload Le rechargement du contexte [/A1-Airi] a démarré
27-Sep-2019 10:06:19.946 INFOS [http-nio-8080-exec-109] org.apache.catalina.core.StandardContext.reload Le rechargement de ce contexte est terminé
27-Sep-2019 10:14:20.758 INFOS [http-nio-8080-exec-127] org.apache.catalina.core.StandardContext.reload Le rechargement du contexte [/A1-Airi] a démarré
27-Sep-2019 10:14:20.794 INFOS [197] org.apache.catalina.core.StandardContext.reload Le rechargement de ce contexte est terminé
27-Sep-2019 10:14:21.952 INFOS [http-nio-8080-exec-132] org.apache.catalina.core.StandardContext.reload Le rechargement du contexte [/A1-Airi] a démarré
27-Sep-2019 10:14:21.983 INFOS [http-nio-8080-exec-132] org.apache.catalina.core.StandardContext.reload Le rechargement de ce contexte est terminé
27-Sep-2019 10:15:05.919 INFOS [http-nio-8080-exec-134] org.apache.catalina.core.StandardContext.reload Le rechargement du contexte [/A1-Airi] a démarré
27-Sep-2019 10:15:06.007 INFOS [http-nio-8080-exec-134] org.apache.catalina.core.StandardContext.reload Le rechargement de ce contexte est terminé
27-Sep-2019 10:15:40.161 INFOS [http-nio-8080-exec-126] org.apache.catalina.core.StandardContext.reload Le rechargement du contexte [/A1-Airi] a démarré
27-Sep-2019 10:15:40.194 INFOS [http-nio-8080-exec-126] org.apache.catalina.core.StandardContext.reload Le rechargement de ce contexte est terminé
27-Sep-2019 10:15:53.547 INFOS [http-nio-8080-exec-140] org.apache.catalina.core.StandardContext.reload Le rechargement du contexte [/A1-Airi] a démarré
27-Sep-2019 10:15:53.583 INFOS [http-nio-8080-exec-140] org.apache.catalina.core.StandardContext.reload Le rechargement de ce contexte est terminé
27-Sep-2019 10:15:59.192 INFOS [http-nio-8080-exec-135] org.apache.catalina.core.StandardContext.reload Le rechargement du contexte [/A1-Airi] a démarré
27-Sep-2019 10:15:59.226 INFOS [http-nio-8080-exec-135] org.apache.catalina.core.StandardContext.reload Le rechargement de ce contexte est terminé
27-Sep-2019 10:18:14.376 INFOS [http-nio-8080-exec-134] org.apache.catalina.core.StandardContext.reload Le rechargement du contexte [/A1-Airi] a démarré
27-Sep-2019 10:18:14.425 INFOS [http-nio-8080-exec-134] org.apache.catalina.core.StandardContext.reload Le rechargement de ce contexte est terminé
27-Sep-2019 10:18:33.613 INFOS [http-nio-8080-exec-145] org.apache.catalina.core.StandardContext.reload Le rechargement du contexte [/A1-Airi] a démarré
27-Sep-2019 10:18:33.651 INFOS [http-nio-8080-exec-145] org.apache.catalina.core.StandardContext.reload Le rechargement de ce contexte est terminé
27-Sep-2019 10:18:49.421 INFOS [http-nio-8080-exec-147] org.apache.catalina.core.StandardContext.reload Le rechargement du contexte [/A1-Airi] a démarré
27-Sep-2019 10:18:49.455 INFOS [http-nio-8080-exec-147] org.apache.catalina.core.StandardContext.reload Le rechargement de ce contexte est terminé
27-Sep-2019 10:19:19.151 INFOS [http-nio-8080-exec-148] org.apache.catalina.core.StandardContext.reload Le rechargement du contexte [/A1-Airi] a démarré
27-Sep-2019 10:19:19.190 INFOS [http-nio-8080-exec-148] org.apache.catalina.core.StandardContext.reload Le rechargement de ce contexte est terminé
27-Sep-2019 10:20:02.955 INFOS [http-nio-8080-exec-134] org.apache.catalina.core.StandardContext.reload Le rechargement du contexte [/A1-Airi] a démarré
27-Sep-2019 10:20:02.989 INFOS [http-nio-8080-exec-134] org.apache.catalina.core.StandardContext.reload Le rechargement de ce contexte est terminé
27-Sep-2019 10:20:06.439 INFOS [http-nio-8080-exec-148] org.apache.catalina.core.StandardContext.reload Le rechargement du contexte [/A1-Airi] a démarré
27-Sep-2019 10:20:06.465 INFOS [http-nio-8080-exec-148] org.apache.catalina.core.StandardContext.reload Le rechargement de ce contexte est terminé
27-Sep-2019 10:21:08.138 INFOS [http-nio-8080-exec-134] org.apache.catalina.core.StandardContext.reload Le rechargement du contexte [/A1-Airi] a démarré
27-Sep-2019 10:21:08.186 INFOS [http-nio-8080-exec-134] org.apache.catalina.core.StandardContext.reload Le rechargement de ce contexte est terminé
27-Sep-2019 11:15:57.321 INFOS [http-nio-8080-exec-158] org.apache.catalina.core.StandardContext.reload Le rechargement du contexte [/A1-Airi] a démarré
27-Sep-2019 11:15:57.369 INFOS [http-nio-8080-exec-158] org.apache.catalina.core.StandardContext.reload Le rechargement de ce contexte est terminé
27-Sep-2019 11:16:00.834 INFOS [main] org.apache.catalina.core.StandardServer.await Une commande d'arrêt valide a été reçue sur le port d'arrêt, arrêt de l'instance du serveur
27-Sep-2019 11:16:00.836 INFOS [main] org.apache.coyote.AbstractProtocol.pause Le gestionnaire de protocole ["http-nio-8080"] est mis en pause
27-Sep-2019 11:16:00.857 INFOS [main] org.apache.coyote.AbstractProtocol.pause Le gestionnaire de protocole ["ajp-nio-8009"] est mis en pause
27-Sep-2019 11:16:00.865 INFOS [main] org.apache.catalina.core.StandardService.stopInternal Arrêt du service [Catalina]
27-Sep-2019 11:16:00.908 INFOS [main] org.apache.coyote.AbstractProtocol.stop Arrêt du gestionnaire de protocole ["http-nio-8080"]
27-Sep-2019 11:16:00.916 INFOS [main] org.apache.coyote.AbstractProtocol.stop Arrêt du gestionnaire de protocole ["ajp-nio-8009"]
27-Sep-2019 11:16:00.919 INFOS [main] org.apache.coyote.AbstractProtocol.destroy Destruction du gestionnaire de protocole ["http-nio-8080"]
27-Sep-2019 11:16:00.920 INFOS [main] org.apache.coyote.AbstractProtocol.destroy Destruction du gestionnaire de protocole ["ajp-nio-8009"]
