01-Oct-2019 09:12:09.393 INFOS [main] org.apache.catalina.startup.VersionLoggerListener.log Version du serveur:        Apache Tomcat/9.0.26
01-Oct-2019 09:12:09.398 INFOS [main] org.apache.catalina.startup.VersionLoggerListener.log Serveur compilé:       Sep 16 2019 15:51:39 UTC
01-Oct-2019 09:12:09.399 INFOS [main] org.apache.catalina.startup.VersionLoggerListener.log Version du serveur:      9.0.26.0
01-Oct-2019 09:12:09.399 INFOS [main] org.apache.catalina.startup.VersionLoggerListener.log Nom de l'OS:           Mac OS X
01-Oct-2019 09:12:09.400 INFOS [main] org.apache.catalina.startup.VersionLoggerListener.log Version de l'OS:        10.11.6
01-Oct-2019 09:12:09.400 INFOS [main] org.apache.catalina.startup.VersionLoggerListener.log Architecture:          x86_64
01-Oct-2019 09:12:09.401 INFOS [main] org.apache.catalina.startup.VersionLoggerListener.log Répertoire de Java:     /Library/Java/JavaVirtualMachines/jdk1.8.0_141.jdk/Contents/Home/jre
01-Oct-2019 09:12:09.401 INFOS [main] org.apache.catalina.startup.VersionLoggerListener.log Version de la JVM:           1.8.0_141-b15
01-Oct-2019 09:12:09.401 INFOS [main] org.apache.catalina.startup.VersionLoggerListener.log Fournisseur de la JVM:            Oracle Corporation
01-Oct-2019 09:12:09.401 INFOS [main] org.apache.catalina.startup.VersionLoggerListener.log CATALINA_BASE:         /Users/Airi/Documents/SOEN387-Projects-and-Labs/Labs/apache-tomcat-9.0.26
01-Oct-2019 09:12:09.402 INFOS [main] org.apache.catalina.startup.VersionLoggerListener.log CATALINA_HOME:         /Users/Airi/Documents/SOEN387-Projects-and-Labs/Labs/apache-tomcat-9.0.26
01-Oct-2019 09:12:09.407 INFOS [main] org.apache.catalina.startup.VersionLoggerListener.log Argument de la ligne de commande: -Djava.util.logging.config.file=/Users/Airi/Documents/SOEN387-Projects-and-Labs/Labs/apache-tomcat-9.0.26/conf/logging.properties
01-Oct-2019 09:12:09.407 INFOS [main] org.apache.catalina.startup.VersionLoggerListener.log Argument de la ligne de commande: -Djava.util.logging.manager=org.apache.juli.ClassLoaderLogManager
01-Oct-2019 09:12:09.407 INFOS [main] org.apache.catalina.startup.VersionLoggerListener.log Argument de la ligne de commande: -Dhttp.nonProxyHosts=localhost|127.0.0.1|Airis-MBP
01-Oct-2019 09:12:09.407 INFOS [main] org.apache.catalina.startup.VersionLoggerListener.log Argument de la ligne de commande: -Djdk.tls.ephemeralDHKeySize=2048
01-Oct-2019 09:12:09.408 INFOS [main] org.apache.catalina.startup.VersionLoggerListener.log Argument de la ligne de commande: -Djava.protocol.handler.pkgs=org.apache.catalina.webresources
01-Oct-2019 09:12:09.408 INFOS [main] org.apache.catalina.startup.VersionLoggerListener.log Argument de la ligne de commande: -Dorg.apache.catalina.security.SecurityListener.UMASK=0027
01-Oct-2019 09:12:09.408 INFOS [main] org.apache.catalina.startup.VersionLoggerListener.log Argument de la ligne de commande: -Dignore.endorsed.dirs=
01-Oct-2019 09:12:09.408 INFOS [main] org.apache.catalina.startup.VersionLoggerListener.log Argument de la ligne de commande: -Dcatalina.base=/Users/Airi/Documents/SOEN387-Projects-and-Labs/Labs/apache-tomcat-9.0.26
01-Oct-2019 09:12:09.408 INFOS [main] org.apache.catalina.startup.VersionLoggerListener.log Argument de la ligne de commande: -Dcatalina.home=/Users/Airi/Documents/SOEN387-Projects-and-Labs/Labs/apache-tomcat-9.0.26
01-Oct-2019 09:12:09.408 INFOS [main] org.apache.catalina.startup.VersionLoggerListener.log Argument de la ligne de commande: -Djava.io.tmpdir=/Users/Airi/Documents/SOEN387-Projects-and-Labs/Labs/apache-tomcat-9.0.26/temp
01-Oct-2019 09:12:09.408 INFOS [main] org.apache.catalina.core.AprLifecycleListener.lifecycleEvent La librairie Apache Tomcat Native basée sur APR qui permet des performances optimales dans les environnements de production n'a pas été trouvée sur le java.library.path: [/Users/Airi/Library/Java/Extensions:/Library/Java/Extensions:/Network/Library/Java/Extensions:/System/Library/Java/Extensions:/usr/lib/java:.]
01-Oct-2019 09:12:10.940 INFOS [main] org.apache.coyote.AbstractProtocol.init Initialisation du gestionnaire de protocole ["http-nio-8080"]
01-Oct-2019 09:12:11.035 INFOS [main] org.apache.coyote.AbstractProtocol.init Initialisation du gestionnaire de protocole ["ajp-nio-8009"]
01-Oct-2019 09:12:11.043 INFOS [main] org.apache.catalina.startup.Catalina.load L'initialisation du serveur a pris [2 385] millisecondes
01-Oct-2019 09:12:11.228 INFOS [main] org.apache.catalina.core.StandardService.startInternal Démarrage du service [Catalina]
01-Oct-2019 09:12:11.228 INFOS [main] org.apache.catalina.core.StandardEngine.startInternal Démarrage du moteur de Servlets: [Apache Tomcat/9.0.26]
01-Oct-2019 09:12:11.261 INFOS [main] org.apache.catalina.startup.HostConfig.deployDescriptor Déploiement du descripteur de configuration [/Users/Airi/Documents/SOEN387-Projects-and-Labs/Labs/apache-tomcat-9.0.26/conf/Catalina/localhost/A1-Airi.xml]
01-Oct-2019 09:12:11.369 AVERTISSEMENT [main] org.apache.catalina.startup.HostConfig.deployDescriptor L'attribut path avec la valeur [/A1-Airi] dans le descripteur de déploiement [/Users/Airi/Documents/SOEN387-Projects-and-Labs/Labs/apache-tomcat-9.0.26/conf/Catalina/localhost/A1-Airi.xml] a été ignoré
01-Oct-2019 09:12:12.282 INFOS [main] org.apache.catalina.startup.HostConfig.deployDescriptor Le traitement du descripteur de déploiement [/Users/Airi/Documents/SOEN387-Projects-and-Labs/Labs/apache-tomcat-9.0.26/conf/Catalina/localhost/A1-Airi.xml] a pris [1 022] ms
01-Oct-2019 09:12:12.283 INFOS [main] org.apache.catalina.startup.HostConfig.deployDescriptor Déploiement du descripteur de configuration [/Users/Airi/Documents/SOEN387-Projects-and-Labs/Labs/apache-tomcat-9.0.26/conf/Catalina/localhost/WebApplicationDemo.xml]
01-Oct-2019 09:12:12.287 AVERTISSEMENT [main] org.apache.catalina.startup.HostConfig.deployDescriptor L'attribut path avec la valeur [/WebApplicationDemo] dans le descripteur de déploiement [/Users/Airi/Documents/SOEN387-Projects-and-Labs/Labs/apache-tomcat-9.0.26/conf/Catalina/localhost/WebApplicationDemo.xml] a été ignoré
01-Oct-2019 09:12:12.380 INFOS [main] org.apache.catalina.startup.HostConfig.deployDescriptor Le traitement du descripteur de déploiement [/Users/Airi/Documents/SOEN387-Projects-and-Labs/Labs/apache-tomcat-9.0.26/conf/Catalina/localhost/WebApplicationDemo.xml] a pris [96] ms
01-Oct-2019 09:12:12.382 INFOS [main] org.apache.catalina.startup.HostConfig.deployDirectory Déploiement du répertoire d'application web [/Users/Airi/Documents/SOEN387-Projects-and-Labs/Labs/apache-tomcat-9.0.26/webapps/docs]
01-Oct-2019 09:12:12.422 INFOS [main] org.apache.catalina.startup.HostConfig.deployDirectory Le déploiement du répertoire [/Users/Airi/Documents/SOEN387-Projects-and-Labs/Labs/apache-tomcat-9.0.26/webapps/docs] de l'application web s'est terminé en [39] ms
01-Oct-2019 09:12:12.423 INFOS [main] org.apache.catalina.startup.HostConfig.deployDirectory Déploiement du répertoire d'application web [/Users/Airi/Documents/SOEN387-Projects-and-Labs/Labs/apache-tomcat-9.0.26/webapps/examples]
01-Oct-2019 09:12:13.259 INFOS [main] org.apache.catalina.startup.HostConfig.deployDirectory Le déploiement du répertoire [/Users/Airi/Documents/SOEN387-Projects-and-Labs/Labs/apache-tomcat-9.0.26/webapps/examples] de l'application web s'est terminé en [837] ms
01-Oct-2019 09:12:13.261 INFOS [main] org.apache.catalina.startup.HostConfig.deployDirectory Déploiement du répertoire d'application web [/Users/Airi/Documents/SOEN387-Projects-and-Labs/Labs/apache-tomcat-9.0.26/webapps/host-manager]
01-Oct-2019 09:12:13.342 INFOS [main] org.apache.catalina.startup.HostConfig.deployDirectory Le déploiement du répertoire [/Users/Airi/Documents/SOEN387-Projects-and-Labs/Labs/apache-tomcat-9.0.26/webapps/host-manager] de l'application web s'est terminé en [82] ms
01-Oct-2019 09:12:13.342 INFOS [main] org.apache.catalina.startup.HostConfig.deployDirectory Déploiement du répertoire d'application web [/Users/Airi/Documents/SOEN387-Projects-and-Labs/Labs/apache-tomcat-9.0.26/webapps/manager]
01-Oct-2019 09:12:13.412 INFOS [main] org.apache.catalina.startup.HostConfig.deployDirectory Le déploiement du répertoire [/Users/Airi/Documents/SOEN387-Projects-and-Labs/Labs/apache-tomcat-9.0.26/webapps/manager] de l'application web s'est terminé en [70] ms
01-Oct-2019 09:12:13.413 INFOS [main] org.apache.catalina.startup.HostConfig.deployDirectory Déploiement du répertoire d'application web [/Users/Airi/Documents/SOEN387-Projects-and-Labs/Labs/apache-tomcat-9.0.26/webapps/ROOT]
01-Oct-2019 09:12:13.466 INFOS [main] org.apache.catalina.startup.HostConfig.deployDirectory Le déploiement du répertoire [/Users/Airi/Documents/SOEN387-Projects-and-Labs/Labs/apache-tomcat-9.0.26/webapps/ROOT] de l'application web s'est terminé en [53] ms
01-Oct-2019 09:12:13.490 INFOS [main] org.apache.coyote.AbstractProtocol.start Démarrage du gestionnaire de protocole ["http-nio-8080"]
01-Oct-2019 09:12:13.539 INFOS [main] org.apache.coyote.AbstractProtocol.start Démarrage du gestionnaire de protocole ["ajp-nio-8009"]
01-Oct-2019 09:12:13.543 INFOS [main] org.apache.catalina.startup.Catalina.start Le démarrage du serveur a pris [2 498] millisecondes
01-Oct-2019 09:12:15.717 INFOS [http-nio-8080-exec-8] org.apache.catalina.core.StandardContext.reload Le rechargement du contexte [/A1-Airi] a démarré
01-Oct-2019 09:12:15.816 INFOS [http-nio-8080-exec-8] org.apache.catalina.core.StandardContext.reload Le rechargement de ce contexte est terminé
01-Oct-2019 09:35:14.428 INFOS [Catalina-utility-1] org.apache.catalina.startup.HostConfig.reload Rechargement du contexte [/A1-Airi]
01-Oct-2019 09:35:14.428 INFOS [Catalina-utility-1] org.apache.catalina.core.StandardContext.reload Le rechargement du contexte [/A1-Airi] a démarré
01-Oct-2019 09:35:14.485 INFOS [Catalina-utility-1] org.apache.catalina.core.StandardContext.reload Le rechargement de ce contexte est terminé
01-Oct-2019 09:35:54.508 INFOS [Catalina-utility-1] org.apache.catalina.startup.HostConfig.reload Rechargement du contexte [/A1-Airi]
01-Oct-2019 09:35:54.508 INFOS [Catalina-utility-1] org.apache.catalina.core.StandardContext.reload Le rechargement du contexte [/A1-Airi] a démarré
01-Oct-2019 09:35:54.535 INFOS [Catalina-utility-1] org.apache.catalina.core.StandardContext.reload Le rechargement de ce contexte est terminé
01-Oct-2019 09:36:04.541 INFOS [Catalina-utility-2] org.apache.catalina.startup.HostConfig.reload Rechargement du contexte [/A1-Airi]
01-Oct-2019 09:36:04.541 INFOS [Catalina-utility-2] org.apache.catalina.core.StandardContext.reload Le rechargement du contexte [/A1-Airi] a démarré
01-Oct-2019 09:36:04.572 INFOS [Catalina-utility-2] org.apache.catalina.core.StandardContext.reload Le rechargement de ce contexte est terminé
01-Oct-2019 09:36:14.576 INFOS [Catalina-utility-2] org.apache.catalina.startup.HostConfig.reload Rechargement du contexte [/A1-Airi]
01-Oct-2019 09:36:14.576 INFOS [Catalina-utility-2] org.apache.catalina.core.StandardContext.reload Le rechargement du contexte [/A1-Airi] a démarré
01-Oct-2019 09:36:14.626 INFOS [Catalina-utility-2] org.apache.catalina.core.StandardContext.reload Le rechargement de ce contexte est terminé
01-Oct-2019 09:39:14.724 INFOS [Catalina-utility-2] org.apache.catalina.startup.HostConfig.reload Rechargement du contexte [/A1-Airi]
01-Oct-2019 09:39:14.725 INFOS [Catalina-utility-2] org.apache.catalina.core.StandardContext.reload Le rechargement du contexte [/A1-Airi] a démarré
01-Oct-2019 09:39:14.778 INFOS [Catalina-utility-2] org.apache.catalina.core.StandardContext.reload Le rechargement de ce contexte est terminé
01-Oct-2019 10:21:06.028 INFOS [main] org.apache.catalina.core.StandardServer.await Une commande d'arrêt valide a été reçue sur le port d'arrêt, arrêt de l'instance du serveur
01-Oct-2019 10:21:06.030 INFOS [main] org.apache.coyote.AbstractProtocol.pause Le gestionnaire de protocole ["http-nio-8080"] est mis en pause
01-Oct-2019 10:21:06.043 INFOS [main] org.apache.coyote.AbstractProtocol.pause Le gestionnaire de protocole ["ajp-nio-8009"] est mis en pause
01-Oct-2019 10:21:06.050 INFOS [main] org.apache.catalina.core.StandardService.stopInternal Arrêt du service [Catalina]
01-Oct-2019 10:21:06.078 INFOS [main] org.apache.coyote.AbstractProtocol.stop Arrêt du gestionnaire de protocole ["http-nio-8080"]
01-Oct-2019 10:21:06.081 INFOS [main] org.apache.coyote.AbstractProtocol.stop Arrêt du gestionnaire de protocole ["ajp-nio-8009"]
01-Oct-2019 10:21:06.083 INFOS [main] org.apache.coyote.AbstractProtocol.destroy Destruction du gestionnaire de protocole ["http-nio-8080"]
01-Oct-2019 10:21:06.084 INFOS [main] org.apache.coyote.AbstractProtocol.destroy Destruction du gestionnaire de protocole ["ajp-nio-8009"]
01-Oct-2019 20:51:24.185 INFOS [main] org.apache.catalina.startup.VersionLoggerListener.log Version du serveur:        Apache Tomcat/9.0.26
01-Oct-2019 20:51:24.187 INFOS [main] org.apache.catalina.startup.VersionLoggerListener.log Serveur compilé:       Sep 16 2019 15:51:39 UTC
01-Oct-2019 20:51:24.187 INFOS [main] org.apache.catalina.startup.VersionLoggerListener.log Version du serveur:      9.0.26.0
01-Oct-2019 20:51:24.187 INFOS [main] org.apache.catalina.startup.VersionLoggerListener.log Nom de l'OS:           Mac OS X
01-Oct-2019 20:51:24.187 INFOS [main] org.apache.catalina.startup.VersionLoggerListener.log Version de l'OS:        10.11.6
01-Oct-2019 20:51:24.188 INFOS [main] org.apache.catalina.startup.VersionLoggerListener.log Architecture:          x86_64
01-Oct-2019 20:51:24.188 INFOS [main] org.apache.catalina.startup.VersionLoggerListener.log Répertoire de Java:     /Library/Java/JavaVirtualMachines/jdk1.8.0_141.jdk/Contents/Home/jre
01-Oct-2019 20:51:24.188 INFOS [main] org.apache.catalina.startup.VersionLoggerListener.log Version de la JVM:           1.8.0_141-b15
01-Oct-2019 20:51:24.188 INFOS [main] org.apache.catalina.startup.VersionLoggerListener.log Fournisseur de la JVM:            Oracle Corporation
01-Oct-2019 20:51:24.188 INFOS [main] org.apache.catalina.startup.VersionLoggerListener.log CATALINA_BASE:         /Users/Airi/Documents/SOEN387-Projects-and-Labs/Labs/apache-tomcat-9.0.26
01-Oct-2019 20:51:24.188 INFOS [main] org.apache.catalina.startup.VersionLoggerListener.log CATALINA_HOME:         /Users/Airi/Documents/SOEN387-Projects-and-Labs/Labs/apache-tomcat-9.0.26
01-Oct-2019 20:51:24.192 INFOS [main] org.apache.catalina.startup.VersionLoggerListener.log Argument de la ligne de commande: -Djava.util.logging.config.file=/Users/Airi/Documents/SOEN387-Projects-and-Labs/Labs/apache-tomcat-9.0.26/conf/logging.properties
01-Oct-2019 20:51:24.192 INFOS [main] org.apache.catalina.startup.VersionLoggerListener.log Argument de la ligne de commande: -Djava.util.logging.manager=org.apache.juli.ClassLoaderLogManager
01-Oct-2019 20:51:24.193 INFOS [main] org.apache.catalina.startup.VersionLoggerListener.log Argument de la ligne de commande: -Dhttp.nonProxyHosts=localhost|127.0.0.1|Airis-MBP
01-Oct-2019 20:51:24.193 INFOS [main] org.apache.catalina.startup.VersionLoggerListener.log Argument de la ligne de commande: -Djdk.tls.ephemeralDHKeySize=2048
01-Oct-2019 20:51:24.193 INFOS [main] org.apache.catalina.startup.VersionLoggerListener.log Argument de la ligne de commande: -Djava.protocol.handler.pkgs=org.apache.catalina.webresources
01-Oct-2019 20:51:24.193 INFOS [main] org.apache.catalina.startup.VersionLoggerListener.log Argument de la ligne de commande: -Dorg.apache.catalina.security.SecurityListener.UMASK=0027
01-Oct-2019 20:51:24.193 INFOS [main] org.apache.catalina.startup.VersionLoggerListener.log Argument de la ligne de commande: -Dignore.endorsed.dirs=
01-Oct-2019 20:51:24.193 INFOS [main] org.apache.catalina.startup.VersionLoggerListener.log Argument de la ligne de commande: -Dcatalina.base=/Users/Airi/Documents/SOEN387-Projects-and-Labs/Labs/apache-tomcat-9.0.26
01-Oct-2019 20:51:24.193 INFOS [main] org.apache.catalina.startup.VersionLoggerListener.log Argument de la ligne de commande: -Dcatalina.home=/Users/Airi/Documents/SOEN387-Projects-and-Labs/Labs/apache-tomcat-9.0.26
01-Oct-2019 20:51:24.193 INFOS [main] org.apache.catalina.startup.VersionLoggerListener.log Argument de la ligne de commande: -Djava.io.tmpdir=/Users/Airi/Documents/SOEN387-Projects-and-Labs/Labs/apache-tomcat-9.0.26/temp
01-Oct-2019 20:51:24.194 INFOS [main] org.apache.catalina.core.AprLifecycleListener.lifecycleEvent La librairie Apache Tomcat Native basée sur APR qui permet des performances optimales dans les environnements de production n'a pas été trouvée sur le java.library.path: [/Users/Airi/Library/Java/Extensions:/Library/Java/Extensions:/Network/Library/Java/Extensions:/System/Library/Java/Extensions:/usr/lib/java:.]
01-Oct-2019 20:51:25.143 INFOS [main] org.apache.coyote.AbstractProtocol.init Initialisation du gestionnaire de protocole ["http-nio-8080"]
01-Oct-2019 20:51:25.231 INFOS [main] org.apache.coyote.AbstractProtocol.init Initialisation du gestionnaire de protocole ["ajp-nio-8009"]
01-Oct-2019 20:51:25.238 INFOS [main] org.apache.catalina.startup.Catalina.load L'initialisation du serveur a pris [1 672] millisecondes
01-Oct-2019 20:51:25.400 INFOS [main] org.apache.catalina.core.StandardService.startInternal Démarrage du service [Catalina]
01-Oct-2019 20:51:25.400 INFOS [main] org.apache.catalina.core.StandardEngine.startInternal Démarrage du moteur de Servlets: [Apache Tomcat/9.0.26]
01-Oct-2019 20:51:25.472 INFOS [main] org.apache.catalina.startup.HostConfig.deployDescriptor Déploiement du descripteur de configuration [/Users/Airi/Documents/SOEN387-Projects-and-Labs/Labs/apache-tomcat-9.0.26/conf/Catalina/localhost/A1-Airi.xml]
01-Oct-2019 20:51:25.525 AVERTISSEMENT [main] org.apache.catalina.startup.HostConfig.deployDescriptor L'attribut path avec la valeur [/A1-Airi] dans le descripteur de déploiement [/Users/Airi/Documents/SOEN387-Projects-and-Labs/Labs/apache-tomcat-9.0.26/conf/Catalina/localhost/A1-Airi.xml] a été ignoré
01-Oct-2019 20:51:26.254 INFOS [main] org.apache.catalina.startup.HostConfig.deployDescriptor Le traitement du descripteur de déploiement [/Users/Airi/Documents/SOEN387-Projects-and-Labs/Labs/apache-tomcat-9.0.26/conf/Catalina/localhost/A1-Airi.xml] a pris [782] ms
01-Oct-2019 20:51:26.255 INFOS [main] org.apache.catalina.startup.HostConfig.deployDescriptor Déploiement du descripteur de configuration [/Users/Airi/Documents/SOEN387-Projects-and-Labs/Labs/apache-tomcat-9.0.26/conf/Catalina/localhost/WebApplicationDemo.xml]
01-Oct-2019 20:51:26.257 AVERTISSEMENT [main] org.apache.catalina.startup.HostConfig.deployDescriptor L'attribut path avec la valeur [/WebApplicationDemo] dans le descripteur de déploiement [/Users/Airi/Documents/SOEN387-Projects-and-Labs/Labs/apache-tomcat-9.0.26/conf/Catalina/localhost/WebApplicationDemo.xml] a été ignoré
01-Oct-2019 20:51:26.352 INFOS [main] org.apache.catalina.startup.HostConfig.deployDescriptor Le traitement du descripteur de déploiement [/Users/Airi/Documents/SOEN387-Projects-and-Labs/Labs/apache-tomcat-9.0.26/conf/Catalina/localhost/WebApplicationDemo.xml] a pris [96] ms
01-Oct-2019 20:51:26.353 INFOS [main] org.apache.catalina.startup.HostConfig.deployDirectory Déploiement du répertoire d'application web [/Users/Airi/Documents/SOEN387-Projects-and-Labs/Labs/apache-tomcat-9.0.26/webapps/docs]
01-Oct-2019 20:51:26.416 INFOS [main] org.apache.catalina.startup.HostConfig.deployDirectory Le déploiement du répertoire [/Users/Airi/Documents/SOEN387-Projects-and-Labs/Labs/apache-tomcat-9.0.26/webapps/docs] de l'application web s'est terminé en [63] ms
01-Oct-2019 20:51:26.417 INFOS [main] org.apache.catalina.startup.HostConfig.deployDirectory Déploiement du répertoire d'application web [/Users/Airi/Documents/SOEN387-Projects-and-Labs/Labs/apache-tomcat-9.0.26/webapps/examples]
01-Oct-2019 20:51:27.198 INFOS [main] org.apache.catalina.startup.HostConfig.deployDirectory Le déploiement du répertoire [/Users/Airi/Documents/SOEN387-Projects-and-Labs/Labs/apache-tomcat-9.0.26/webapps/examples] de l'application web s'est terminé en [780] ms
01-Oct-2019 20:51:27.200 INFOS [main] org.apache.catalina.startup.HostConfig.deployDirectory Déploiement du répertoire d'application web [/Users/Airi/Documents/SOEN387-Projects-and-Labs/Labs/apache-tomcat-9.0.26/webapps/host-manager]
01-Oct-2019 20:51:27.354 INFOS [main] org.apache.catalina.startup.HostConfig.deployDirectory Le déploiement du répertoire [/Users/Airi/Documents/SOEN387-Projects-and-Labs/Labs/apache-tomcat-9.0.26/webapps/host-manager] de l'application web s'est terminé en [154] ms
01-Oct-2019 20:51:27.355 INFOS [main] org.apache.catalina.startup.HostConfig.deployDirectory Déploiement du répertoire d'application web [/Users/Airi/Documents/SOEN387-Projects-and-Labs/Labs/apache-tomcat-9.0.26/webapps/manager]
01-Oct-2019 20:51:27.448 INFOS [main] org.apache.catalina.startup.HostConfig.deployDirectory Le déploiement du répertoire [/Users/Airi/Documents/SOEN387-Projects-and-Labs/Labs/apache-tomcat-9.0.26/webapps/manager] de l'application web s'est terminé en [93] ms
01-Oct-2019 20:51:27.450 INFOS [main] org.apache.catalina.startup.HostConfig.deployDirectory Déploiement du répertoire d'application web [/Users/Airi/Documents/SOEN387-Projects-and-Labs/Labs/apache-tomcat-9.0.26/webapps/ROOT]
01-Oct-2019 20:51:27.511 INFOS [main] org.apache.catalina.startup.HostConfig.deployDirectory Le déploiement du répertoire [/Users/Airi/Documents/SOEN387-Projects-and-Labs/Labs/apache-tomcat-9.0.26/webapps/ROOT] de l'application web s'est terminé en [61] ms
01-Oct-2019 20:51:27.524 INFOS [main] org.apache.coyote.AbstractProtocol.start Démarrage du gestionnaire de protocole ["http-nio-8080"]
01-Oct-2019 20:51:27.570 INFOS [main] org.apache.coyote.AbstractProtocol.start Démarrage du gestionnaire de protocole ["ajp-nio-8009"]
01-Oct-2019 20:51:27.585 INFOS [main] org.apache.catalina.startup.Catalina.start Le démarrage du serveur a pris [2 345] millisecondes
01-Oct-2019 20:52:07.545 INFOS [Catalina-utility-1] org.apache.catalina.startup.HostConfig.reload Rechargement du contexte [/A1-Airi]
01-Oct-2019 20:52:07.546 INFOS [Catalina-utility-1] org.apache.catalina.core.StandardContext.reload Le rechargement du contexte [/A1-Airi] a démarré
01-Oct-2019 20:52:07.575 INFOS [Catalina-utility-1] org.apache.catalina.core.StandardContext.reload Le rechargement de ce contexte est terminé
01-Oct-2019 20:52:27.583 INFOS [Catalina-utility-1] org.apache.catalina.startup.HostConfig.reload Rechargement du contexte [/A1-Airi]
01-Oct-2019 20:52:27.583 INFOS [Catalina-utility-1] org.apache.catalina.core.StandardContext.reload Le rechargement du contexte [/A1-Airi] a démarré
01-Oct-2019 20:52:27.612 INFOS [Catalina-utility-1] org.apache.catalina.core.StandardContext.reload Le rechargement de ce contexte est terminé
01-Oct-2019 20:54:02.117 INFOS [http-nio-8080-exec-22] org.apache.catalina.startup.HostConfig.undeploy Retrait de l'application web ayant pour chemin de contexte [/A1-Airi]
01-Oct-2019 20:54:05.798 INFOS [http-nio-8080-exec-11] org.apache.catalina.startup.HostConfig.deployDescriptor Déploiement du descripteur de configuration [/Users/Airi/Documents/SOEN387-Projects-and-Labs/Labs/apache-tomcat-9.0.26/conf/Catalina/localhost/A1-Airi.xml]
01-Oct-2019 20:54:05.799 AVERTISSEMENT [http-nio-8080-exec-11] org.apache.catalina.startup.HostConfig.deployDescriptor L'attribut path avec la valeur [/A1-Airi] dans le descripteur de déploiement [/Users/Airi/Documents/SOEN387-Projects-and-Labs/Labs/apache-tomcat-9.0.26/conf/Catalina/localhost/A1-Airi.xml] a été ignoré
01-Oct-2019 20:54:05.843 INFOS [http-nio-8080-exec-11] org.apache.catalina.startup.HostConfig.deployDescriptor Le traitement du descripteur de déploiement [/Users/Airi/Documents/SOEN387-Projects-and-Labs/Labs/apache-tomcat-9.0.26/conf/Catalina/localhost/A1-Airi.xml] a pris [45] ms
01-Oct-2019 20:54:05.874 INFOS [http-nio-8080-exec-17] org.apache.catalina.util.LifecycleBase.start La méthode start() a été appelée sur le composant [StandardEngine[Catalina].StandardHost[localhost].StandardContext[/A1-Airi]] après que start() ait déjà été appelé, le deuxième appel sera ignoré
01-Oct-2019 20:54:27.674 INFOS [Catalina-utility-2] org.apache.catalina.startup.HostConfig.reload Rechargement du contexte [/A1-Airi]
01-Oct-2019 20:54:27.674 INFOS [Catalina-utility-2] org.apache.catalina.core.StandardContext.reload Le rechargement du contexte [/A1-Airi] a démarré
01-Oct-2019 20:54:27.693 INFOS [Catalina-utility-2] org.apache.catalina.core.StandardContext.reload Le rechargement de ce contexte est terminé
01-Oct-2019 21:06:08.227 INFOS [Catalina-utility-1] org.apache.catalina.startup.HostConfig.reload Rechargement du contexte [/A1-Airi]
01-Oct-2019 21:06:08.228 INFOS [Catalina-utility-1] org.apache.catalina.core.StandardContext.reload Le rechargement du contexte [/A1-Airi] a démarré
01-Oct-2019 21:06:08.256 INFOS [Catalina-utility-1] org.apache.catalina.core.StandardContext.reload Le rechargement de ce contexte est terminé
01-Oct-2019 21:06:55.830 INFOS [http-nio-8080-exec-35] org.apache.catalina.core.StandardContext.reload Le rechargement du contexte [/A1-Airi] a démarré
01-Oct-2019 21:06:55.923 INFOS [http-nio-8080-exec-35] org.apache.catalina.core.StandardContext.reload Le rechargement de ce contexte est terminé
01-Oct-2019 21:07:09.380 INFOS [http-nio-8080-exec-42] org.apache.catalina.core.StandardContext.reload Le rechargement du contexte [/A1-Airi] a démarré
01-Oct-2019 21:07:09.437 INFOS [http-nio-8080-exec-42] org.apache.catalina.core.StandardContext.reload Le rechargement de ce contexte est terminé
01-Oct-2019 21:07:19.100 INFOS [http-nio-8080-exec-32] org.apache.catalina.core.StandardContext.reload Le rechargement du contexte [/A1-Airi] a démarré
01-Oct-2019 21:07:19.145 INFOS [http-nio-8080-exec-32] org.apache.catalina.core.StandardContext.reload Le rechargement de ce contexte est terminé
01-Oct-2019 21:07:19.976 INFOS [http-nio-8080-exec-43] org.apache.catalina.core.StandardContext.reload Le rechargement du contexte [/A1-Airi] a démarré
01-Oct-2019 21:07:20.040 INFOS [http-nio-8080-exec-43] org.apache.catalina.core.StandardContext.reload Le rechargement de ce contexte est terminé
01-Oct-2019 21:07:41.145 INFOS [http-nio-8080-exec-30] org.apache.catalina.core.StandardContext.reload Le rechargement du contexte [/A1-Airi] a démarré
01-Oct-2019 21:07:41.233 INFOS [http-nio-8080-exec-30] org.apache.catalina.core.StandardContext.reload Le rechargement de ce contexte est terminé
01-Oct-2019 21:08:41.149 INFOS [http-nio-8080-exec-49] org.apache.catalina.core.StandardContext.reload Le rechargement du contexte [/A1-Airi] a démarré
01-Oct-2019 21:08:41.190 INFOS [http-nio-8080-exec-49] org.apache.catalina.core.StandardContext.reload Le rechargement de ce contexte est terminé
01-Oct-2019 21:08:54.044 INFOS [http-nio-8080-exec-46] org.apache.catalina.core.StandardContext.reload Le rechargement du contexte [/A1-Airi] a démarré
01-Oct-2019 21:08:54.107 INFOS [http-nio-8080-exec-46] org.apache.catalina.core.StandardContext.reload Le rechargement de ce contexte est terminé
01-Oct-2019 21:09:03.638 INFOS [http-nio-8080-exec-30] org.apache.catalina.core.StandardContext.reload Le rechargement du contexte [/A1-Airi] a démarré
01-Oct-2019 21:09:03.688 INFOS [http-nio-8080-exec-30] org.apache.catalina.core.StandardContext.reload Le rechargement de ce contexte est terminé
01-Oct-2019 21:11:25.868 INFOS [http-nio-8080-exec-49] org.apache.catalina.core.StandardContext.reload Le rechargement du contexte [/A1-Airi] a démarré
01-Oct-2019 21:11:25.923 INFOS [http-nio-8080-exec-49] org.apache.catalina.core.StandardContext.reload Le rechargement de ce contexte est terminé
01-Oct-2019 21:13:07.846 INFOS [http-nio-8080-exec-30] org.apache.catalina.core.StandardContext.reload Le rechargement du contexte [/A1-Airi] a démarré
01-Oct-2019 21:13:07.887 INFOS [http-nio-8080-exec-30] org.apache.catalina.core.StandardContext.reload Le rechargement de ce contexte est terminé
01-Oct-2019 21:13:38.298 INFOS [http-nio-8080-exec-62] org.apache.catalina.core.StandardContext.reload Le rechargement du contexte [/A1-Airi] a démarré
01-Oct-2019 21:13:38.351 INFOS [http-nio-8080-exec-62] org.apache.catalina.core.StandardContext.reload Le rechargement de ce contexte est terminé
01-Oct-2019 21:13:58.043 INFOS [http-nio-8080-exec-63] org.apache.catalina.startup.HostConfig.undeploy Retrait de l'application web ayant pour chemin de contexte [/A1-Airi]
01-Oct-2019 21:29:44.759 INFOS [main] org.apache.catalina.core.StandardServer.await Une commande d'arrêt valide a été reçue sur le port d'arrêt, arrêt de l'instance du serveur
01-Oct-2019 21:29:44.762 INFOS [main] org.apache.coyote.AbstractProtocol.pause Le gestionnaire de protocole ["http-nio-8080"] est mis en pause
01-Oct-2019 21:29:44.777 INFOS [main] org.apache.coyote.AbstractProtocol.pause Le gestionnaire de protocole ["ajp-nio-8009"] est mis en pause
01-Oct-2019 21:29:44.784 INFOS [main] org.apache.catalina.core.StandardService.stopInternal Arrêt du service [Catalina]
01-Oct-2019 21:29:44.854 INFOS [main] org.apache.coyote.AbstractProtocol.stop Arrêt du gestionnaire de protocole ["http-nio-8080"]
01-Oct-2019 21:29:44.864 INFOS [main] org.apache.coyote.AbstractProtocol.stop Arrêt du gestionnaire de protocole ["ajp-nio-8009"]
01-Oct-2019 21:29:44.868 INFOS [main] org.apache.coyote.AbstractProtocol.destroy Destruction du gestionnaire de protocole ["http-nio-8080"]
01-Oct-2019 21:29:44.869 INFOS [main] org.apache.coyote.AbstractProtocol.destroy Destruction du gestionnaire de protocole ["ajp-nio-8009"]
