01-Oct-2019 09:12:13.241 INFOS [main] org.apache.catalina.core.ApplicationContext.log ContextListener: contextInitialized()
01-Oct-2019 09:12:13.241 INFOS [main] org.apache.catalina.core.ApplicationContext.log SessionListener: contextInitialized()
01-Oct-2019 09:12:13.243 INFOS [main] org.apache.catalina.core.ApplicationContext.log ContextListener: attributeAdded('StockTicker', 'async.Stockticker@46fa7c39')
01-Oct-2019 09:12:21.566 GRAVE [http-nio-8080-exec-5] org.apache.catalina.core.StandardWrapperValve.invoke "Servlet.service()" pour la servlet [HelloWorldServlet] a généré une exception
	java.lang.NullPointerException
		at java.net.URLDecoder.decode(URLDecoder.java:136)
		at SOEN387.HelloWorldServlet.processRequest(HelloWorldServlet.java:137)
		at SOEN387.HelloWorldServlet.doGet(HelloWorldServlet.java:198)
		at javax.servlet.http.HttpServlet.service(HttpServlet.java:634)
		at javax.servlet.http.HttpServlet.service(HttpServlet.java:741)
		at org.apache.catalina.core.ApplicationFilterChain.internalDoFilter(ApplicationFilterChain.java:231)
		at org.apache.catalina.core.ApplicationFilterChain.doFilter(ApplicationFilterChain.java:166)
		at org.apache.tomcat.websocket.server.WsFilter.doFilter(WsFilter.java:53)
		at org.apache.catalina.core.ApplicationFilterChain.internalDoFilter(ApplicationFilterChain.java:193)
		at org.apache.catalina.core.ApplicationFilterChain.doFilter(ApplicationFilterChain.java:166)
		at org.apache.catalina.core.StandardWrapperValve.invoke(StandardWrapperValve.java:202)
		at org.apache.catalina.core.StandardContextValve.invoke(StandardContextValve.java:96)
		at org.apache.catalina.authenticator.AuthenticatorBase.invoke(AuthenticatorBase.java:526)
		at org.apache.catalina.core.StandardHostValve.invoke(StandardHostValve.java:139)
		at org.apache.catalina.valves.ErrorReportValve.invoke(ErrorReportValve.java:92)
		at org.apache.catalina.valves.AbstractAccessLogValve.invoke(AbstractAccessLogValve.java:678)
		at org.apache.catalina.core.StandardEngineValve.invoke(StandardEngineValve.java:74)
		at org.apache.catalina.connector.CoyoteAdapter.service(CoyoteAdapter.java:343)
		at org.apache.coyote.http11.Http11Processor.service(Http11Processor.java:408)
		at org.apache.coyote.AbstractProcessorLight.process(AbstractProcessorLight.java:66)
		at org.apache.coyote.AbstractProtocol$ConnectionHandler.process(AbstractProtocol.java:860)
		at org.apache.tomcat.util.net.NioEndpoint$SocketProcessor.doRun(NioEndpoint.java:1589)
		at org.apache.tomcat.util.net.SocketProcessorBase.run(SocketProcessorBase.java:49)
		at java.util.concurrent.ThreadPoolExecutor.runWorker(ThreadPoolExecutor.java:1149)
		at java.util.concurrent.ThreadPoolExecutor$Worker.run(ThreadPoolExecutor.java:624)
		at org.apache.tomcat.util.threads.TaskThread$WrappingRunnable.run(TaskThread.java:61)
		at java.lang.Thread.run(Thread.java:748)
01-Oct-2019 10:21:06.062 INFOS [main] org.apache.catalina.core.ApplicationContext.log SessionListener: contextDestroyed()
01-Oct-2019 10:21:06.062 INFOS [main] org.apache.catalina.core.ApplicationContext.log ContextListener: contextDestroyed()
01-Oct-2019 20:51:27.184 INFOS [main] org.apache.catalina.core.ApplicationContext.log ContextListener: contextInitialized()
01-Oct-2019 20:51:27.185 INFOS [main] org.apache.catalina.core.ApplicationContext.log SessionListener: contextInitialized()
01-Oct-2019 20:51:27.188 INFOS [main] org.apache.catalina.core.ApplicationContext.log ContextListener: attributeAdded('StockTicker', 'async.Stockticker@46fa7c39')
01-Oct-2019 21:29:44.802 INFOS [main] org.apache.catalina.core.ApplicationContext.log SessionListener: contextDestroyed()
01-Oct-2019 21:29:44.802 INFOS [main] org.apache.catalina.core.ApplicationContext.log ContextListener: contextDestroyed()
