04-Oct-2019 09:52:22.221 INFOS [main] org.apache.catalina.core.ApplicationContext.log ContextListener: contextInitialized()
04-Oct-2019 09:52:22.222 INFOS [main] org.apache.catalina.core.ApplicationContext.log SessionListener: contextInitialized()
04-Oct-2019 09:52:22.230 INFOS [main] org.apache.catalina.core.ApplicationContext.log ContextListener: attributeAdded('StockTicker', 'async.Stockticker@46fa7c39')
04-Oct-2019 11:19:30.300 INFOS [main] org.apache.catalina.core.ApplicationContext.log SessionListener: contextDestroyed()
04-Oct-2019 11:19:30.300 INFOS [main] org.apache.catalina.core.ApplicationContext.log ContextListener: contextDestroyed()
04-Oct-2019 11:22:54.534 INFOS [main] org.apache.catalina.core.ApplicationContext.log ContextListener: contextInitialized()
04-Oct-2019 11:22:54.534 INFOS [main] org.apache.catalina.core.ApplicationContext.log SessionListener: contextInitialized()
04-Oct-2019 11:22:54.537 INFOS [main] org.apache.catalina.core.ApplicationContext.log ContextListener: attributeAdded('StockTicker', 'async.Stockticker@46fa7c39')
04-Oct-2019 11:28:58.765 INFOS [main] org.apache.catalina.core.ApplicationContext.log SessionListener: contextDestroyed()
04-Oct-2019 11:28:58.765 INFOS [main] org.apache.catalina.core.ApplicationContext.log ContextListener: contextDestroyed()
04-Oct-2019 12:40:40.946 INFOS [main] org.apache.catalina.core.ApplicationContext.log ContextListener: contextInitialized()
04-Oct-2019 12:40:40.946 INFOS [main] org.apache.catalina.core.ApplicationContext.log SessionListener: contextInitialized()
04-Oct-2019 12:40:40.948 INFOS [main] org.apache.catalina.core.ApplicationContext.log ContextListener: attributeAdded('StockTicker', 'async.Stockticker@46fa7c39')
04-Oct-2019 12:42:18.896 INFOS [main] org.apache.catalina.core.ApplicationContext.log SessionListener: contextDestroyed()
04-Oct-2019 12:42:18.897 INFOS [main] org.apache.catalina.core.ApplicationContext.log ContextListener: contextDestroyed()
04-Oct-2019 12:42:26.575 INFOS [main] org.apache.catalina.core.ApplicationContext.log ContextListener: contextInitialized()
04-Oct-2019 12:42:26.575 INFOS [main] org.apache.catalina.core.ApplicationContext.log SessionListener: contextInitialized()
04-Oct-2019 12:42:26.578 INFOS [main] org.apache.catalina.core.ApplicationContext.log ContextListener: attributeAdded('StockTicker', 'async.Stockticker@2e1d27ba')
04-Oct-2019 12:44:25.744 INFOS [main] org.apache.catalina.core.ApplicationContext.log SessionListener: contextDestroyed()
04-Oct-2019 12:44:25.744 INFOS [main] org.apache.catalina.core.ApplicationContext.log ContextListener: contextDestroyed()
04-Oct-2019 12:45:05.588 INFOS [main] org.apache.catalina.core.ApplicationContext.log ContextListener: contextInitialized()
04-Oct-2019 12:45:05.588 INFOS [main] org.apache.catalina.core.ApplicationContext.log SessionListener: contextInitialized()
04-Oct-2019 12:45:05.591 INFOS [main] org.apache.catalina.core.ApplicationContext.log ContextListener: attributeAdded('StockTicker', 'async.Stockticker@8317c52')
04-Oct-2019 12:47:40.231 INFOS [main] org.apache.catalina.core.ApplicationContext.log SessionListener: contextDestroyed()
04-Oct-2019 12:47:40.232 INFOS [main] org.apache.catalina.core.ApplicationContext.log ContextListener: contextDestroyed()
04-Oct-2019 12:49:24.131 INFOS [main] org.apache.catalina.core.ApplicationContext.log ContextListener: contextInitialized()
04-Oct-2019 12:49:24.132 INFOS [main] org.apache.catalina.core.ApplicationContext.log SessionListener: contextInitialized()
04-Oct-2019 12:49:24.135 INFOS [main] org.apache.catalina.core.ApplicationContext.log ContextListener: attributeAdded('StockTicker', 'async.Stockticker@2beee7ff')
04-Oct-2019 12:51:22.323 INFOS [main] org.apache.catalina.core.ApplicationContext.log SessionListener: contextDestroyed()
04-Oct-2019 12:51:22.323 INFOS [main] org.apache.catalina.core.ApplicationContext.log ContextListener: contextDestroyed()
04-Oct-2019 12:52:06.305 INFOS [main] org.apache.catalina.core.ApplicationContext.log ContextListener: contextInitialized()
04-Oct-2019 12:52:06.306 INFOS [main] org.apache.catalina.core.ApplicationContext.log SessionListener: contextInitialized()
04-Oct-2019 12:52:06.309 INFOS [main] org.apache.catalina.core.ApplicationContext.log ContextListener: attributeAdded('StockTicker', 'async.Stockticker@2beee7ff')
