27-Sep-2019 09:11:04.107 INFOS [http-nio-8080-exec-4] org.apache.catalina.core.ApplicationContext.log Manager: init: Associated with Deployer 'Catalina:type=Deployer,host=localhost'
27-Sep-2019 09:11:04.107 INFOS [http-nio-8080-exec-4] org.apache.catalina.core.ApplicationContext.log Manager: init: Global resources are available
27-Sep-2019 09:11:04.320 INFOS [http-nio-8080-exec-8] org.apache.catalina.core.ApplicationContext.log Manager: list: Listing contexts for virtual host 'localhost'
27-Sep-2019 09:11:04.372 INFOS [http-nio-8080-exec-9] org.apache.catalina.core.ApplicationContext.log Manager: list: Listing contexts for virtual host 'localhost'
27-Sep-2019 09:11:04.429 INFOS [http-nio-8080-exec-10] org.apache.catalina.core.ApplicationContext.log Manager: undeploy: Undeploying web application at '/A1-Airi'
27-Sep-2019 09:11:04.987 INFOS [http-nio-8080-exec-6] org.apache.catalina.core.ApplicationContext.log Manager: install: Installing context configuration at 'file:/var/folders/q9/r0kqgvws6mxcw59hj8ll3z2w0000gn/T/context6380507525829512822.xml'
27-Sep-2019 09:16:24.457 INFOS [http-nio-8080-exec-11] org.apache.catalina.core.ApplicationContext.log Manager: list: Listing contexts for virtual host 'localhost'
27-Sep-2019 09:16:24.490 INFOS [http-nio-8080-exec-12] org.apache.catalina.core.ApplicationContext.log Manager: restart: Reloading web application '/A1-Airi'
27-Sep-2019 09:17:12.639 INFOS [http-nio-8080-exec-20] org.apache.catalina.core.ApplicationContext.log Manager: list: Listing contexts for virtual host 'localhost'
27-Sep-2019 09:17:12.682 INFOS [http-nio-8080-exec-18] org.apache.catalina.core.ApplicationContext.log Manager: restart: Reloading web application '/A1-Airi'
27-Sep-2019 09:17:37.244 INFOS [http-nio-8080-exec-22] org.apache.catalina.core.ApplicationContext.log Manager: list: Listing contexts for virtual host 'localhost'
27-Sep-2019 09:17:37.288 INFOS [http-nio-8080-exec-16] org.apache.catalina.core.ApplicationContext.log Manager: restart: Reloading web application '/A1-Airi'
27-Sep-2019 09:19:09.855 INFOS [http-nio-8080-exec-28] org.apache.catalina.core.ApplicationContext.log Manager: list: Listing contexts for virtual host 'localhost'
27-Sep-2019 09:19:09.889 INFOS [http-nio-8080-exec-23] org.apache.catalina.core.ApplicationContext.log Manager: restart: Reloading web application '/A1-Airi'
27-Sep-2019 09:20:57.895 INFOS [http-nio-8080-exec-33] org.apache.catalina.core.ApplicationContext.log Manager: list: Listing contexts for virtual host 'localhost'
27-Sep-2019 09:20:57.921 INFOS [http-nio-8080-exec-34] org.apache.catalina.core.ApplicationContext.log Manager: restart: Reloading web application '/A1-Airi'
27-Sep-2019 09:21:11.735 INFOS [http-nio-8080-exec-14] org.apache.catalina.core.ApplicationContext.log Manager: list: Listing contexts for virtual host 'localhost'
27-Sep-2019 09:21:11.783 INFOS [http-nio-8080-exec-33] org.apache.catalina.core.ApplicationContext.log Manager: restart: Reloading web application '/A1-Airi'
27-Sep-2019 09:21:19.621 INFOS [http-nio-8080-exec-16] org.apache.catalina.core.ApplicationContext.log Manager: list: Listing contexts for virtual host 'localhost'
27-Sep-2019 09:21:19.657 INFOS [http-nio-8080-exec-23] org.apache.catalina.core.ApplicationContext.log Manager: restart: Reloading web application '/A1-Airi'
27-Sep-2019 09:23:51.954 INFOS [http-nio-8080-exec-39] org.apache.catalina.core.ApplicationContext.log Manager: list: Listing contexts for virtual host 'localhost'
27-Sep-2019 09:23:51.985 INFOS [http-nio-8080-exec-41] org.apache.catalina.core.ApplicationContext.log Manager: restart: Reloading web application '/A1-Airi'
27-Sep-2019 09:25:13.704 INFOS [http-nio-8080-exec-23] org.apache.catalina.core.ApplicationContext.log Manager: list: Listing contexts for virtual host 'localhost'
27-Sep-2019 09:25:13.739 INFOS [http-nio-8080-exec-44] org.apache.catalina.core.ApplicationContext.log Manager: restart: Reloading web application '/A1-Airi'
27-Sep-2019 09:25:28.347 INFOS [http-nio-8080-exec-45] org.apache.catalina.core.ApplicationContext.log Manager: list: Listing contexts for virtual host 'localhost'
27-Sep-2019 09:25:28.409 INFOS [http-nio-8080-exec-23] org.apache.catalina.core.ApplicationContext.log Manager: restart: Reloading web application '/A1-Airi'
27-Sep-2019 09:25:40.228 INFOS [http-nio-8080-exec-43] org.apache.catalina.core.ApplicationContext.log Manager: list: Listing contexts for virtual host 'localhost'
27-Sep-2019 09:25:40.255 INFOS [http-nio-8080-exec-45] org.apache.catalina.core.ApplicationContext.log Manager: restart: Reloading web application '/A1-Airi'
27-Sep-2019 09:25:53.162 INFOS [http-nio-8080-exec-42] org.apache.catalina.core.ApplicationContext.log Manager: list: Listing contexts for virtual host 'localhost'
27-Sep-2019 09:25:53.197 INFOS [http-nio-8080-exec-47] org.apache.catalina.core.ApplicationContext.log Manager: restart: Reloading web application '/A1-Airi'
27-Sep-2019 09:26:15.817 INFOS [http-nio-8080-exec-44] org.apache.catalina.core.ApplicationContext.log Manager: list: Listing contexts for virtual host 'localhost'
27-Sep-2019 09:26:15.850 INFOS [http-nio-8080-exec-23] org.apache.catalina.core.ApplicationContext.log Manager: restart: Reloading web application '/A1-Airi'
27-Sep-2019 09:26:23.038 INFOS [http-nio-8080-exec-44] org.apache.catalina.core.ApplicationContext.log Manager: list: Listing contexts for virtual host 'localhost'
27-Sep-2019 09:26:23.062 INFOS [http-nio-8080-exec-47] org.apache.catalina.core.ApplicationContext.log Manager: restart: Reloading web application '/A1-Airi'
27-Sep-2019 09:26:26.330 INFOS [http-nio-8080-exec-49] org.apache.catalina.core.ApplicationContext.log Manager: list: Listing contexts for virtual host 'localhost'
27-Sep-2019 09:26:26.352 INFOS [http-nio-8080-exec-23] org.apache.catalina.core.ApplicationContext.log Manager: restart: Reloading web application '/A1-Airi'
27-Sep-2019 09:26:29.460 INFOS [http-nio-8080-exec-52] org.apache.catalina.core.ApplicationContext.log Manager: list: Listing contexts for virtual host 'localhost'
27-Sep-2019 09:26:29.498 INFOS [http-nio-8080-exec-47] org.apache.catalina.core.ApplicationContext.log Manager: restart: Reloading web application '/A1-Airi'
27-Sep-2019 09:26:44.125 INFOS [http-nio-8080-exec-23] org.apache.catalina.core.ApplicationContext.log Manager: list: Listing contexts for virtual host 'localhost'
27-Sep-2019 09:26:44.160 INFOS [http-nio-8080-exec-50] org.apache.catalina.core.ApplicationContext.log Manager: restart: Reloading web application '/A1-Airi'
27-Sep-2019 09:27:17.701 INFOS [http-nio-8080-exec-23] org.apache.catalina.core.ApplicationContext.log Manager: list: Listing contexts for virtual host 'localhost'
27-Sep-2019 09:27:17.740 INFOS [http-nio-8080-exec-50] org.apache.catalina.core.ApplicationContext.log Manager: restart: Reloading web application '/A1-Airi'
27-Sep-2019 09:33:05.845 INFOS [http-nio-8080-exec-59] org.apache.catalina.core.ApplicationContext.log Manager: list: Listing contexts for virtual host 'localhost'
27-Sep-2019 09:33:05.885 INFOS [http-nio-8080-exec-60] org.apache.catalina.core.ApplicationContext.log Manager: restart: Reloading web application '/A1-Airi'
27-Sep-2019 09:33:28.648 INFOS [http-nio-8080-exec-61] org.apache.catalina.core.ApplicationContext.log Manager: list: Listing contexts for virtual host 'localhost'
27-Sep-2019 09:33:28.688 INFOS [http-nio-8080-exec-64] org.apache.catalina.core.ApplicationContext.log Manager: restart: Reloading web application '/A1-Airi'
27-Sep-2019 09:45:41.331 INFOS [http-nio-8080-exec-70] org.apache.catalina.core.ApplicationContext.log Manager: list: Listing contexts for virtual host 'localhost'
27-Sep-2019 09:45:41.358 INFOS [http-nio-8080-exec-71] org.apache.catalina.core.ApplicationContext.log Manager: restart: Reloading web application '/A1-Airi'
27-Sep-2019 09:46:22.284 INFOS [http-nio-8080-exec-70] org.apache.catalina.core.ApplicationContext.log Manager: list: Listing contexts for virtual host 'localhost'
27-Sep-2019 09:46:22.321 INFOS [http-nio-8080-exec-68] org.apache.catalina.core.ApplicationContext.log Manager: restart: Reloading web application '/A1-Airi'
27-Sep-2019 09:46:28.962 INFOS [http-nio-8080-exec-76] org.apache.catalina.core.ApplicationContext.log Manager: list: Listing contexts for virtual host 'localhost'
27-Sep-2019 09:46:28.998 INFOS [http-nio-8080-exec-78] org.apache.catalina.core.ApplicationContext.log Manager: restart: Reloading web application '/A1-Airi'
27-Sep-2019 09:46:33.700 INFOS [http-nio-8080-exec-80] org.apache.catalina.core.ApplicationContext.log Manager: list: Listing contexts for virtual host 'localhost'
27-Sep-2019 09:46:33.744 INFOS [http-nio-8080-exec-68] org.apache.catalina.core.ApplicationContext.log Manager: restart: Reloading web application '/A1-Airi'
27-Sep-2019 09:46:38.922 INFOS [http-nio-8080-exec-69] org.apache.catalina.core.ApplicationContext.log Manager: list: Listing contexts for virtual host 'localhost'
27-Sep-2019 09:46:38.963 INFOS [http-nio-8080-exec-75] org.apache.catalina.core.ApplicationContext.log Manager: restart: Reloading web application '/A1-Airi'
27-Sep-2019 09:46:52.318 INFOS [http-nio-8080-exec-69] org.apache.catalina.core.ApplicationContext.log Manager: list: Listing contexts for virtual host 'localhost'
27-Sep-2019 09:46:52.353 INFOS [http-nio-8080-exec-81] org.apache.catalina.core.ApplicationContext.log Manager: restart: Reloading web application '/A1-Airi'
27-Sep-2019 09:47:20.539 INFOS [http-nio-8080-exec-69] org.apache.catalina.core.ApplicationContext.log Manager: list: Listing contexts for virtual host 'localhost'
27-Sep-2019 09:47:20.577 INFOS [http-nio-8080-exec-75] org.apache.catalina.core.ApplicationContext.log Manager: restart: Reloading web application '/A1-Airi'
27-Sep-2019 09:47:38.954 INFOS [http-nio-8080-exec-69] org.apache.catalina.core.ApplicationContext.log Manager: list: Listing contexts for virtual host 'localhost'
27-Sep-2019 09:47:39.010 INFOS [http-nio-8080-exec-85] org.apache.catalina.core.ApplicationContext.log Manager: restart: Reloading web application '/A1-Airi'
27-Sep-2019 09:47:45.070 INFOS [http-nio-8080-exec-75] org.apache.catalina.core.ApplicationContext.log Manager: list: Listing contexts for virtual host 'localhost'
27-Sep-2019 09:47:45.095 INFOS [http-nio-8080-exec-81] org.apache.catalina.core.ApplicationContext.log Manager: restart: Reloading web application '/A1-Airi'
27-Sep-2019 09:47:59.869 INFOS [http-nio-8080-exec-75] org.apache.catalina.core.ApplicationContext.log Manager: list: Listing contexts for virtual host 'localhost'
27-Sep-2019 09:47:59.899 INFOS [http-nio-8080-exec-85] org.apache.catalina.core.ApplicationContext.log Manager: restart: Reloading web application '/A1-Airi'
27-Sep-2019 09:48:08.977 INFOS [http-nio-8080-exec-81] org.apache.catalina.core.ApplicationContext.log Manager: list: Listing contexts for virtual host 'localhost'
27-Sep-2019 09:48:09.018 INFOS [http-nio-8080-exec-75] org.apache.catalina.core.ApplicationContext.log Manager: restart: Reloading web application '/A1-Airi'
27-Sep-2019 09:48:15.842 INFOS [http-nio-8080-exec-85] org.apache.catalina.core.ApplicationContext.log Manager: list: Listing contexts for virtual host 'localhost'
27-Sep-2019 09:48:15.878 INFOS [http-nio-8080-exec-91] org.apache.catalina.core.ApplicationContext.log Manager: restart: Reloading web application '/A1-Airi'
27-Sep-2019 10:02:39.573 INFOS [http-nio-8080-exec-95] org.apache.catalina.core.ApplicationContext.log Manager: list: Listing contexts for virtual host 'localhost'
27-Sep-2019 10:02:39.601 INFOS [http-nio-8080-exec-96] org.apache.catalina.core.ApplicationContext.log Manager: restart: Reloading web application '/A1-Airi'
27-Sep-2019 10:02:44.263 INFOS [http-nio-8080-exec-95] org.apache.catalina.core.ApplicationContext.log Manager: list: Listing contexts for virtual host 'localhost'
27-Sep-2019 10:02:44.291 INFOS [http-nio-8080-exec-100] org.apache.catalina.core.ApplicationContext.log Manager: restart: Reloading web application '/A1-Airi'
27-Sep-2019 10:02:45.243 INFOS [http-nio-8080-exec-101] org.apache.catalina.core.ApplicationContext.log Manager: list: Listing contexts for virtual host 'localhost'
27-Sep-2019 10:02:45.291 INFOS [http-nio-8080-exec-94] org.apache.catalina.core.ApplicationContext.log Manager: restart: Reloading web application '/A1-Airi'
27-Sep-2019 10:02:47.795 INFOS [http-nio-8080-exec-100] org.apache.catalina.core.ApplicationContext.log Manager: list: Listing contexts for virtual host 'localhost'
27-Sep-2019 10:02:47.836 INFOS [http-nio-8080-exec-95] org.apache.catalina.core.ApplicationContext.log Manager: restart: Reloading web application '/A1-Airi'
27-Sep-2019 10:02:50.891 INFOS [http-nio-8080-exec-100] org.apache.catalina.core.ApplicationContext.log Manager: list: Listing contexts for virtual host 'localhost'
27-Sep-2019 10:02:50.920 INFOS [http-nio-8080-exec-106] org.apache.catalina.core.ApplicationContext.log Manager: restart: Reloading web application '/A1-Airi'
27-Sep-2019 10:02:53.688 INFOS [http-nio-8080-exec-107] org.apache.catalina.core.ApplicationContext.log Manager: list: Listing contexts for virtual host 'localhost'
27-Sep-2019 10:02:53.713 INFOS [http-nio-8080-exec-100] org.apache.catalina.core.ApplicationContext.log Manager: restart: Reloading web application '/A1-Airi'
27-Sep-2019 10:03:44.572 INFOS [http-nio-8080-exec-95] org.apache.catalina.core.ApplicationContext.log Manager: list: Listing contexts for virtual host 'localhost'
27-Sep-2019 10:03:44.600 INFOS [http-nio-8080-exec-106] org.apache.catalina.core.ApplicationContext.log Manager: restart: Reloading web application '/A1-Airi'
27-Sep-2019 10:05:03.430 INFOS [http-nio-8080-exec-95] org.apache.catalina.core.ApplicationContext.log Manager: list: Listing contexts for virtual host 'localhost'
27-Sep-2019 10:05:03.466 INFOS [http-nio-8080-exec-98] org.apache.catalina.core.ApplicationContext.log Manager: restart: Reloading web application '/A1-Airi'
27-Sep-2019 10:05:04.371 INFOS [http-nio-8080-exec-109] org.apache.catalina.core.ApplicationContext.log Manager: list: Listing contexts for virtual host 'localhost'
27-Sep-2019 10:05:04.399 INFOS [http-nio-8080-exec-111] org.apache.catalina.core.ApplicationContext.log Manager: restart: Reloading web application '/A1-Airi'
27-Sep-2019 10:05:06.788 INFOS [http-nio-8080-exec-95] org.apache.catalina.core.ApplicationContext.log Manager: list: Listing contexts for virtual host 'localhost'
27-Sep-2019 10:05:06.813 INFOS [http-nio-8080-exec-100] org.apache.catalina.core.ApplicationContext.log Manager: restart: Reloading web application '/A1-Airi'
27-Sep-2019 10:05:16.262 INFOS [http-nio-8080-exec-112] org.apache.catalina.core.ApplicationContext.log Manager: list: Listing contexts for virtual host 'localhost'
27-Sep-2019 10:05:16.296 INFOS [http-nio-8080-exec-95] org.apache.catalina.core.ApplicationContext.log Manager: restart: Reloading web application '/A1-Airi'
27-Sep-2019 10:06:00.854 INFOS [http-nio-8080-exec-99] org.apache.catalina.core.ApplicationContext.log Manager: list: Listing contexts for virtual host 'localhost'
27-Sep-2019 10:06:00.904 INFOS [http-nio-8080-exec-109] org.apache.catalina.core.ApplicationContext.log Manager: restart: Reloading web application '/A1-Airi'
27-Sep-2019 10:06:19.802 INFOS [http-nio-8080-exec-115] org.apache.catalina.core.ApplicationContext.log Manager: list: Listing contexts for virtual host 'localhost'
27-Sep-2019 10:06:19.844 INFOS [http-nio-8080-exec-109] org.apache.catalina.core.ApplicationContext.log Manager: restart: Reloading web application '/A1-Airi'
27-Sep-2019 10:14:20.738 INFOS [http-nio-8080-exec-124] org.apache.catalina.core.ApplicationContext.log Manager: list: Listing contexts for virtual host 'localhost'
27-Sep-2019 10:14:20.758 INFOS [http-nio-8080-exec-127] org.apache.catalina.core.ApplicationContext.log Manager: restart: Reloading web application '/A1-Airi'
27-Sep-2019 10:14:21.924 INFOS [http-nio-8080-exec-129] org.apache.catalina.core.ApplicationContext.log Manager: list: Listing contexts for virtual host 'localhost'
27-Sep-2019 10:14:21.952 INFOS [http-nio-8080-exec-132] org.apache.catalina.core.ApplicationContext.log Manager: restart: Reloading web application '/A1-Airi'
27-Sep-2019 10:15:05.883 INFOS [http-nio-8080-exec-130] org.apache.catalina.core.ApplicationContext.log Manager: list: Listing contexts for virtual host 'localhost'
27-Sep-2019 10:15:05.919 INFOS [http-nio-8080-exec-134] org.apache.catalina.core.ApplicationContext.log Manager: restart: Reloading web application '/A1-Airi'
27-Sep-2019 10:15:40.135 INFOS [http-nio-8080-exec-130] org.apache.catalina.core.ApplicationContext.log Manager: list: Listing contexts for virtual host 'localhost'
27-Sep-2019 10:15:40.161 INFOS [http-nio-8080-exec-126] org.apache.catalina.core.ApplicationContext.log Manager: restart: Reloading web application '/A1-Airi'
27-Sep-2019 10:15:53.500 INFOS [http-nio-8080-exec-134] org.apache.catalina.core.ApplicationContext.log Manager: list: Listing contexts for virtual host 'localhost'
27-Sep-2019 10:15:53.546 INFOS [http-nio-8080-exec-140] org.apache.catalina.core.ApplicationContext.log Manager: restart: Reloading web application '/A1-Airi'
27-Sep-2019 10:15:59.163 INFOS [http-nio-8080-exec-125] org.apache.catalina.core.ApplicationContext.log Manager: list: Listing contexts for virtual host 'localhost'
27-Sep-2019 10:15:59.191 INFOS [http-nio-8080-exec-135] org.apache.catalina.core.ApplicationContext.log Manager: restart: Reloading web application '/A1-Airi'
27-Sep-2019 10:18:14.342 INFOS [http-nio-8080-exec-145] org.apache.catalina.core.ApplicationContext.log Manager: list: Listing contexts for virtual host 'localhost'
27-Sep-2019 10:18:14.376 INFOS [http-nio-8080-exec-134] org.apache.catalina.core.ApplicationContext.log Manager: restart: Reloading web application '/A1-Airi'
27-Sep-2019 10:18:33.583 INFOS [http-nio-8080-exec-126] org.apache.catalina.core.ApplicationContext.log Manager: list: Listing contexts for virtual host 'localhost'
27-Sep-2019 10:18:33.613 INFOS [http-nio-8080-exec-145] org.apache.catalina.core.ApplicationContext.log Manager: restart: Reloading web application '/A1-Airi'
27-Sep-2019 10:18:49.381 INFOS [http-nio-8080-exec-148] org.apache.catalina.core.ApplicationContext.log Manager: list: Listing contexts for virtual host 'localhost'
27-Sep-2019 10:18:49.421 INFOS [http-nio-8080-exec-147] org.apache.catalina.core.ApplicationContext.log Manager: restart: Reloading web application '/A1-Airi'
27-Sep-2019 10:19:19.097 INFOS [http-nio-8080-exec-145] org.apache.catalina.core.ApplicationContext.log Manager: list: Listing contexts for virtual host 'localhost'
27-Sep-2019 10:19:19.151 INFOS [http-nio-8080-exec-148] org.apache.catalina.core.ApplicationContext.log Manager: restart: Reloading web application '/A1-Airi'
27-Sep-2019 10:20:02.902 INFOS [http-nio-8080-exec-145] org.apache.catalina.core.ApplicationContext.log Manager: list: Listing contexts for virtual host 'localhost'
27-Sep-2019 10:20:02.955 INFOS [http-nio-8080-exec-134] org.apache.catalina.core.ApplicationContext.log Manager: restart: Reloading web application '/A1-Airi'
27-Sep-2019 10:20:06.413 INFOS [http-nio-8080-exec-145] org.apache.catalina.core.ApplicationContext.log Manager: list: Listing contexts for virtual host 'localhost'
27-Sep-2019 10:20:06.439 INFOS [http-nio-8080-exec-148] org.apache.catalina.core.ApplicationContext.log Manager: restart: Reloading web application '/A1-Airi'
27-Sep-2019 10:21:08.101 INFOS [http-nio-8080-exec-147] org.apache.catalina.core.ApplicationContext.log Manager: list: Listing contexts for virtual host 'localhost'
27-Sep-2019 10:21:08.138 INFOS [http-nio-8080-exec-134] org.apache.catalina.core.ApplicationContext.log Manager: restart: Reloading web application '/A1-Airi'
27-Sep-2019 11:15:57.298 INFOS [http-nio-8080-exec-157] org.apache.catalina.core.ApplicationContext.log Manager: list: Listing contexts for virtual host 'localhost'
27-Sep-2019 11:15:57.321 INFOS [http-nio-8080-exec-158] org.apache.catalina.core.ApplicationContext.log Manager: restart: Reloading web application '/A1-Airi'
