29-Sep-2019 10:52:15.030 INFOS [http-nio-8080-exec-4] org.apache.catalina.core.ApplicationContext.log Manager: init: Associated with Deployer 'Catalina:type=Deployer,host=localhost'
29-Sep-2019 10:52:15.035 INFOS [http-nio-8080-exec-4] org.apache.catalina.core.ApplicationContext.log Manager: init: Global resources are available
29-Sep-2019 10:52:15.309 INFOS [http-nio-8080-exec-9] org.apache.catalina.core.ApplicationContext.log Manager: list: Listing contexts for virtual host 'localhost'
29-Sep-2019 10:52:15.351 INFOS [http-nio-8080-exec-1] org.apache.catalina.core.ApplicationContext.log Manager: list: Listing contexts for virtual host 'localhost'
29-Sep-2019 10:52:15.414 INFOS [http-nio-8080-exec-10] org.apache.catalina.core.ApplicationContext.log Manager: restart: Reloading web application '/A1-Airi'
29-Sep-2019 10:56:09.298 INFOS [http-nio-8080-exec-11] org.apache.catalina.core.ApplicationContext.log Manager: list: Listing contexts for virtual host 'localhost'
29-Sep-2019 10:56:09.322 INFOS [http-nio-8080-exec-12] org.apache.catalina.core.ApplicationContext.log Manager: restart: Reloading web application '/A1-Airi'
29-Sep-2019 10:57:42.002 INFOS [http-nio-8080-exec-23] org.apache.catalina.core.ApplicationContext.log Manager: list: Listing contexts for virtual host 'localhost'
29-Sep-2019 10:57:42.029 INFOS [http-nio-8080-exec-15] org.apache.catalina.core.ApplicationContext.log Manager: restart: Reloading web application '/A1-Airi'
29-Sep-2019 10:59:02.098 INFOS [http-nio-8080-exec-18] org.apache.catalina.core.ApplicationContext.log Manager: list: Listing contexts for virtual host 'localhost'
29-Sep-2019 10:59:02.125 INFOS [http-nio-8080-exec-25] org.apache.catalina.core.ApplicationContext.log Manager: restart: Reloading web application '/A1-Airi'
29-Sep-2019 11:06:23.118 INFOS [http-nio-8080-exec-28] org.apache.catalina.core.ApplicationContext.log Manager: list: Listing contexts for virtual host 'localhost'
29-Sep-2019 11:06:23.165 INFOS [http-nio-8080-exec-30] org.apache.catalina.core.ApplicationContext.log Manager: restart: Reloading web application '/A1-Airi'
29-Sep-2019 11:14:53.610 INFOS [http-nio-8080-exec-36] org.apache.catalina.core.ApplicationContext.log Manager: list: Listing contexts for virtual host 'localhost'
29-Sep-2019 11:14:53.635 INFOS [http-nio-8080-exec-37] org.apache.catalina.core.ApplicationContext.log Manager: restart: Reloading web application '/A1-Airi'
29-Sep-2019 11:15:05.944 INFOS [http-nio-8080-exec-37] org.apache.catalina.core.ApplicationContext.log Manager: list: Listing contexts for virtual host 'localhost'
29-Sep-2019 11:15:05.985 INFOS [http-nio-8080-exec-44] org.apache.catalina.core.ApplicationContext.log Manager: restart: Reloading web application '/A1-Airi'
29-Sep-2019 11:15:09.485 INFOS [http-nio-8080-exec-39] org.apache.catalina.core.ApplicationContext.log Manager: list: Listing contexts for virtual host 'localhost'
29-Sep-2019 11:15:09.513 INFOS [http-nio-8080-exec-35] org.apache.catalina.core.ApplicationContext.log Manager: restart: Reloading web application '/A1-Airi'
29-Sep-2019 11:19:55.261 INFOS [http-nio-8080-exec-47] org.apache.catalina.core.ApplicationContext.log Manager: list: Listing contexts for virtual host 'localhost'
29-Sep-2019 11:19:55.294 INFOS [http-nio-8080-exec-48] org.apache.catalina.core.ApplicationContext.log Manager: restart: Reloading web application '/A1-Airi'
29-Sep-2019 11:21:47.077 INFOS [http-nio-8080-exec-55] org.apache.catalina.core.ApplicationContext.log Manager: list: Listing contexts for virtual host 'localhost'
29-Sep-2019 11:21:47.106 INFOS [http-nio-8080-exec-56] org.apache.catalina.core.ApplicationContext.log Manager: restart: Reloading web application '/A1-Airi'
29-Sep-2019 11:22:36.220 INFOS [http-nio-8080-exec-47] org.apache.catalina.core.ApplicationContext.log Manager: list: Listing contexts for virtual host 'localhost'
29-Sep-2019 11:22:36.267 INFOS [http-nio-8080-exec-55] org.apache.catalina.core.ApplicationContext.log Manager: restart: Reloading web application '/A1-Airi'
29-Sep-2019 11:22:51.709 INFOS [http-nio-8080-exec-60] org.apache.catalina.core.ApplicationContext.log Manager: list: Listing contexts for virtual host 'localhost'
29-Sep-2019 11:22:51.747 INFOS [http-nio-8080-exec-57] org.apache.catalina.core.ApplicationContext.log Manager: restart: Reloading web application '/A1-Airi'
29-Sep-2019 11:25:03.121 INFOS [http-nio-8080-exec-65] org.apache.catalina.core.ApplicationContext.log Manager: list: Listing contexts for virtual host 'localhost'
29-Sep-2019 11:25:03.148 INFOS [http-nio-8080-exec-64] org.apache.catalina.core.ApplicationContext.log Manager: restart: Reloading web application '/A1-Airi'
29-Sep-2019 11:25:28.044 INFOS [http-nio-8080-exec-64] org.apache.catalina.core.ApplicationContext.log Manager: list: Listing contexts for virtual host 'localhost'
29-Sep-2019 11:25:28.103 INFOS [http-nio-8080-exec-51] org.apache.catalina.core.ApplicationContext.log Manager: restart: Reloading web application '/A1-Airi'
29-Sep-2019 11:35:51.428 INFOS [http-nio-8080-exec-73] org.apache.catalina.core.ApplicationContext.log Manager: list: Listing contexts for virtual host 'localhost'
29-Sep-2019 11:35:51.476 INFOS [http-nio-8080-exec-74] org.apache.catalina.core.ApplicationContext.log Manager: restart: Reloading web application '/A1-Airi'
29-Sep-2019 11:35:56.299 INFOS [http-nio-8080-exec-72] org.apache.catalina.core.ApplicationContext.log Manager: list: Listing contexts for virtual host 'localhost'
29-Sep-2019 11:35:56.323 INFOS [http-nio-8080-exec-76] org.apache.catalina.core.ApplicationContext.log Manager: restart: Reloading web application '/A1-Airi'
29-Sep-2019 11:36:32.382 INFOS [http-nio-8080-exec-76] org.apache.catalina.core.ApplicationContext.log Manager: list: Listing contexts for virtual host 'localhost'
29-Sep-2019 11:36:32.423 INFOS [http-nio-8080-exec-72] org.apache.catalina.core.ApplicationContext.log Manager: restart: Reloading web application '/A1-Airi'
29-Sep-2019 11:41:48.316 INFOS [http-nio-8080-exec-89] org.apache.catalina.core.ApplicationContext.log Manager: list: Listing contexts for virtual host 'localhost'
29-Sep-2019 11:41:48.345 INFOS [http-nio-8080-exec-90] org.apache.catalina.core.ApplicationContext.log Manager: restart: Reloading web application '/A1-Airi'
29-Sep-2019 11:42:32.985 INFOS [http-nio-8080-exec-89] org.apache.catalina.core.ApplicationContext.log Manager: list: Listing contexts for virtual host 'localhost'
29-Sep-2019 11:42:33.015 INFOS [http-nio-8080-exec-94] org.apache.catalina.core.ApplicationContext.log Manager: restart: Reloading web application '/A1-Airi'
29-Sep-2019 11:44:15.675 INFOS [http-nio-8080-exec-98] org.apache.catalina.core.ApplicationContext.log Manager: list: Listing contexts for virtual host 'localhost'
29-Sep-2019 11:44:15.702 INFOS [http-nio-8080-exec-89] org.apache.catalina.core.ApplicationContext.log Manager: restart: Reloading web application '/A1-Airi'
29-Sep-2019 11:44:52.000 INFOS [http-nio-8080-exec-100] org.apache.catalina.core.ApplicationContext.log Manager: list: Listing contexts for virtual host 'localhost'
29-Sep-2019 11:44:52.048 INFOS [http-nio-8080-exec-92] org.apache.catalina.core.ApplicationContext.log Manager: restart: Reloading web application '/A1-Airi'
29-Sep-2019 11:48:10.592 INFOS [http-nio-8080-exec-104] org.apache.catalina.core.ApplicationContext.log Manager: list: Listing contexts for virtual host 'localhost'
29-Sep-2019 11:48:10.630 INFOS [http-nio-8080-exec-105] org.apache.catalina.core.ApplicationContext.log Manager: restart: Reloading web application '/A1-Airi'
29-Sep-2019 11:48:13.615 INFOS [http-nio-8080-exec-108] org.apache.catalina.core.ApplicationContext.log Manager: list: Listing contexts for virtual host 'localhost'
29-Sep-2019 11:48:13.636 INFOS [http-nio-8080-exec-107] org.apache.catalina.core.ApplicationContext.log Manager: restart: Reloading web application '/A1-Airi'
29-Sep-2019 11:57:52.091 INFOS [http-nio-8080-exec-110] org.apache.catalina.core.ApplicationContext.log Manager: list: Listing contexts for virtual host 'localhost'
29-Sep-2019 11:57:52.119 INFOS [http-nio-8080-exec-112] org.apache.catalina.core.ApplicationContext.log Manager: restart: Reloading web application '/A1-Airi'
29-Sep-2019 11:58:10.087 INFOS [http-nio-8080-exec-118] org.apache.catalina.core.ApplicationContext.log Manager: list: Listing contexts for virtual host 'localhost'
29-Sep-2019 11:58:10.120 INFOS [http-nio-8080-exec-111] org.apache.catalina.core.ApplicationContext.log Manager: restart: Reloading web application '/A1-Airi'
29-Sep-2019 11:58:15.669 INFOS [http-nio-8080-exec-118] org.apache.catalina.core.ApplicationContext.log Manager: list: Listing contexts for virtual host 'localhost'
29-Sep-2019 11:58:15.702 INFOS [http-nio-8080-exec-116] org.apache.catalina.core.ApplicationContext.log Manager: restart: Reloading web application '/A1-Airi'
29-Sep-2019 11:58:22.694 INFOS [http-nio-8080-exec-115] org.apache.catalina.core.ApplicationContext.log Manager: list: Listing contexts for virtual host 'localhost'
29-Sep-2019 11:58:22.732 INFOS [http-nio-8080-exec-121] org.apache.catalina.core.ApplicationContext.log Manager: restart: Reloading web application '/A1-Airi'
29-Sep-2019 11:58:26.757 INFOS [http-nio-8080-exec-118] org.apache.catalina.core.ApplicationContext.log Manager: list: Listing contexts for virtual host 'localhost'
29-Sep-2019 11:58:26.785 INFOS [http-nio-8080-exec-120] org.apache.catalina.core.ApplicationContext.log Manager: restart: Reloading web application '/A1-Airi'
29-Sep-2019 11:58:37.037 INFOS [http-nio-8080-exec-115] org.apache.catalina.core.ApplicationContext.log Manager: list: Listing contexts for virtual host 'localhost'
29-Sep-2019 11:58:37.071 INFOS [http-nio-8080-exec-121] org.apache.catalina.core.ApplicationContext.log Manager: restart: Reloading web application '/A1-Airi'
29-Sep-2019 12:10:04.481 INFOS [http-nio-8080-exec-125] org.apache.catalina.core.ApplicationContext.log Manager: list: Listing contexts for virtual host 'localhost'
29-Sep-2019 12:10:04.514 INFOS [http-nio-8080-exec-126] org.apache.catalina.core.ApplicationContext.log Manager: restart: Reloading web application '/A1-Airi'
29-Sep-2019 12:10:23.219 INFOS [http-nio-8080-exec-133] org.apache.catalina.core.ApplicationContext.log Manager: list: Listing contexts for virtual host 'localhost'
29-Sep-2019 12:10:23.270 INFOS [http-nio-8080-exec-127] org.apache.catalina.core.ApplicationContext.log Manager: restart: Reloading web application '/A1-Airi'
29-Sep-2019 12:10:27.262 INFOS [http-nio-8080-exec-130] org.apache.catalina.core.ApplicationContext.log Manager: list: Listing contexts for virtual host 'localhost'
29-Sep-2019 12:10:27.285 INFOS [http-nio-8080-exec-132] org.apache.catalina.core.ApplicationContext.log Manager: restart: Reloading web application '/A1-Airi'
29-Sep-2019 12:10:28.803 INFOS [http-nio-8080-exec-135] org.apache.catalina.core.ApplicationContext.log Manager: list: Listing contexts for virtual host 'localhost'
29-Sep-2019 12:10:28.831 INFOS [http-nio-8080-exec-131] org.apache.catalina.core.ApplicationContext.log Manager: restart: Reloading web application '/A1-Airi'
29-Sep-2019 12:10:34.952 INFOS [http-nio-8080-exec-130] org.apache.catalina.core.ApplicationContext.log Manager: list: Listing contexts for virtual host 'localhost'
29-Sep-2019 12:10:34.993 INFOS [http-nio-8080-exec-132] org.apache.catalina.core.ApplicationContext.log Manager: restart: Reloading web application '/A1-Airi'
29-Sep-2019 12:10:38.811 INFOS [http-nio-8080-exec-126] org.apache.catalina.core.ApplicationContext.log Manager: list: Listing contexts for virtual host 'localhost'
29-Sep-2019 12:10:38.835 INFOS [http-nio-8080-exec-130] org.apache.catalina.core.ApplicationContext.log Manager: restart: Reloading web application '/A1-Airi'
29-Sep-2019 12:12:02.768 INFOS [http-nio-8080-exec-141] org.apache.catalina.core.ApplicationContext.log Manager: list: Listing contexts for virtual host 'localhost'
29-Sep-2019 12:12:02.803 INFOS [http-nio-8080-exec-143] org.apache.catalina.core.ApplicationContext.log Manager: restart: Reloading web application '/A1-Airi'
29-Sep-2019 12:12:33.799 INFOS [http-nio-8080-exec-144] org.apache.catalina.core.ApplicationContext.log Manager: list: Listing contexts for virtual host 'localhost'
29-Sep-2019 12:12:33.856 INFOS [http-nio-8080-exec-143] org.apache.catalina.core.ApplicationContext.log Manager: restart: Reloading web application '/A1-Airi'
29-Sep-2019 13:01:11.692 INFOS [http-nio-8080-exec-150] org.apache.catalina.core.ApplicationContext.log Manager: list: Listing contexts for virtual host 'localhost'
29-Sep-2019 13:01:11.716 INFOS [http-nio-8080-exec-151] org.apache.catalina.core.ApplicationContext.log Manager: restart: Reloading web application '/A1-Airi'
29-Sep-2019 13:01:27.129 INFOS [http-nio-8080-exec-148] org.apache.catalina.core.ApplicationContext.log Manager: list: Listing contexts for virtual host 'localhost'
29-Sep-2019 13:01:27.171 INFOS [http-nio-8080-exec-149] org.apache.catalina.core.ApplicationContext.log Manager: restart: Reloading web application '/A1-Airi'
29-Sep-2019 13:01:56.288 INFOS [http-nio-8080-exec-157] org.apache.catalina.core.ApplicationContext.log Manager: list: Listing contexts for virtual host 'localhost'
29-Sep-2019 13:01:56.313 INFOS [http-nio-8080-exec-159] org.apache.catalina.core.ApplicationContext.log Manager: restart: Reloading web application '/A1-Airi'
29-Sep-2019 13:03:24.682 INFOS [http-nio-8080-exec-160] org.apache.catalina.core.ApplicationContext.log Manager: list: Listing contexts for virtual host 'localhost'
29-Sep-2019 13:03:24.711 INFOS [http-nio-8080-exec-153] org.apache.catalina.core.ApplicationContext.log Manager: restart: Reloading web application '/A1-Airi'
29-Sep-2019 13:04:01.329 INFOS [http-nio-8080-exec-157] org.apache.catalina.core.ApplicationContext.log Manager: list: Listing contexts for virtual host 'localhost'
29-Sep-2019 13:04:01.378 INFOS [http-nio-8080-exec-159] org.apache.catalina.core.ApplicationContext.log Manager: restart: Reloading web application '/A1-Airi'
29-Sep-2019 13:04:19.173 INFOS [http-nio-8080-exec-160] org.apache.catalina.core.ApplicationContext.log Manager: list: Listing contexts for virtual host 'localhost'
29-Sep-2019 13:04:19.231 INFOS [http-nio-8080-exec-153] org.apache.catalina.core.ApplicationContext.log Manager: restart: Reloading web application '/A1-Airi'
29-Sep-2019 13:04:25.998 INFOS [http-nio-8080-exec-165] org.apache.catalina.core.ApplicationContext.log Manager: list: Listing contexts for virtual host 'localhost'
29-Sep-2019 13:04:26.019 INFOS [http-nio-8080-exec-160] org.apache.catalina.core.ApplicationContext.log Manager: restart: Reloading web application '/A1-Airi'
29-Sep-2019 13:04:36.981 INFOS [http-nio-8080-exec-166] org.apache.catalina.core.ApplicationContext.log Manager: list: Listing contexts for virtual host 'localhost'
29-Sep-2019 13:04:37.047 INFOS [http-nio-8080-exec-153] org.apache.catalina.core.ApplicationContext.log Manager: restart: Reloading web application '/A1-Airi'
29-Sep-2019 13:04:44.775 INFOS [http-nio-8080-exec-160] org.apache.catalina.core.ApplicationContext.log Manager: list: Listing contexts for virtual host 'localhost'
29-Sep-2019 13:04:44.793 INFOS [http-nio-8080-exec-166] org.apache.catalina.core.ApplicationContext.log Manager: restart: Reloading web application '/A1-Airi'
29-Sep-2019 13:05:04.771 INFOS [http-nio-8080-exec-153] org.apache.catalina.core.ApplicationContext.log Manager: list: Listing contexts for virtual host 'localhost'
29-Sep-2019 13:05:04.809 INFOS [http-nio-8080-exec-166] org.apache.catalina.core.ApplicationContext.log Manager: restart: Reloading web application '/A1-Airi'
29-Sep-2019 13:05:29.752 INFOS [http-nio-8080-exec-153] org.apache.catalina.core.ApplicationContext.log Manager: list: Listing contexts for virtual host 'localhost'
29-Sep-2019 13:05:29.775 INFOS [http-nio-8080-exec-166] org.apache.catalina.core.ApplicationContext.log Manager: restart: Reloading web application '/A1-Airi'
29-Sep-2019 13:06:02.164 INFOS [http-nio-8080-exec-166] org.apache.catalina.core.ApplicationContext.log Manager: list: Listing contexts for virtual host 'localhost'
29-Sep-2019 13:06:02.210 INFOS [http-nio-8080-exec-153] org.apache.catalina.core.ApplicationContext.log Manager: restart: Reloading web application '/A1-Airi'
29-Sep-2019 13:06:32.788 INFOS [http-nio-8080-exec-153] org.apache.catalina.core.ApplicationContext.log Manager: list: Listing contexts for virtual host 'localhost'
29-Sep-2019 13:06:32.825 INFOS [http-nio-8080-exec-154] org.apache.catalina.core.ApplicationContext.log Manager: restart: Reloading web application '/A1-Airi'
29-Sep-2019 13:06:57.811 INFOS [http-nio-8080-exec-166] org.apache.catalina.core.ApplicationContext.log Manager: list: Listing contexts for virtual host 'localhost'
29-Sep-2019 13:06:57.846 INFOS [http-nio-8080-exec-154] org.apache.catalina.core.ApplicationContext.log Manager: restart: Reloading web application '/A1-Airi'
29-Sep-2019 13:07:03.967 INFOS [http-nio-8080-exec-183] org.apache.catalina.core.ApplicationContext.log Manager: list: Listing contexts for virtual host 'localhost'
29-Sep-2019 13:07:03.997 INFOS [http-nio-8080-exec-166] org.apache.catalina.core.ApplicationContext.log Manager: restart: Reloading web application '/A1-Airi'
29-Sep-2019 13:07:05.732 INFOS [http-nio-8080-exec-189] org.apache.catalina.core.ApplicationContext.log Manager: list: Listing contexts for virtual host 'localhost'
29-Sep-2019 13:07:05.755 INFOS [http-nio-8080-exec-181] org.apache.catalina.core.ApplicationContext.log Manager: restart: Reloading web application '/A1-Airi'
29-Sep-2019 13:07:14.695 INFOS [http-nio-8080-exec-183] org.apache.catalina.core.ApplicationContext.log Manager: list: Listing contexts for virtual host 'localhost'
29-Sep-2019 13:07:14.729 INFOS [http-nio-8080-exec-187] org.apache.catalina.core.ApplicationContext.log Manager: restart: Reloading web application '/A1-Airi'
29-Sep-2019 13:08:04.877 INFOS [http-nio-8080-exec-183] org.apache.catalina.core.ApplicationContext.log Manager: list: Listing contexts for virtual host 'localhost'
29-Sep-2019 13:08:04.902 INFOS [http-nio-8080-exec-187] org.apache.catalina.core.ApplicationContext.log Manager: restart: Reloading web application '/A1-Airi'
29-Sep-2019 13:09:11.076 INFOS [http-nio-8080-exec-196] org.apache.catalina.core.ApplicationContext.log Manager: list: Listing contexts for virtual host 'localhost'
29-Sep-2019 13:09:11.113 INFOS [http-nio-8080-exec-166] org.apache.catalina.core.ApplicationContext.log Manager: restart: Reloading web application '/A1-Airi'
29-Sep-2019 13:09:21.818 INFOS [http-nio-8080-exec-198] org.apache.catalina.core.ApplicationContext.log Manager: list: Listing contexts for virtual host 'localhost'
29-Sep-2019 13:09:21.846 INFOS [http-nio-8080-exec-187] org.apache.catalina.core.ApplicationContext.log Manager: restart: Reloading web application '/A1-Airi'
29-Sep-2019 13:09:37.875 INFOS [http-nio-8080-exec-196] org.apache.catalina.core.ApplicationContext.log Manager: list: Listing contexts for virtual host 'localhost'
29-Sep-2019 13:09:37.939 INFOS [http-nio-8080-exec-166] org.apache.catalina.core.ApplicationContext.log Manager: restart: Reloading web application '/A1-Airi'
29-Sep-2019 13:10:11.677 INFOS [http-nio-8080-exec-196] org.apache.catalina.core.ApplicationContext.log Manager: list: Listing contexts for virtual host 'localhost'
29-Sep-2019 13:10:11.700 INFOS [http-nio-8080-exec-183] org.apache.catalina.core.ApplicationContext.log Manager: restart: Reloading web application '/A1-Airi'
29-Sep-2019 13:11:25.864 INFOS [http-nio-8080-exec-208] org.apache.catalina.core.ApplicationContext.log Manager: list: Listing contexts for virtual host 'localhost'
29-Sep-2019 13:11:25.915 INFOS [http-nio-8080-exec-166] org.apache.catalina.core.ApplicationContext.log Manager: restart: Reloading web application '/A1-Airi'
29-Sep-2019 13:11:38.050 INFOS [http-nio-8080-exec-206] org.apache.catalina.core.ApplicationContext.log Manager: list: Listing contexts for virtual host 'localhost'
29-Sep-2019 13:11:38.085 INFOS [http-nio-8080-exec-183] org.apache.catalina.core.ApplicationContext.log Manager: restart: Reloading web application '/A1-Airi'
29-Sep-2019 13:11:57.190 INFOS [http-nio-8080-exec-206] org.apache.catalina.core.ApplicationContext.log Manager: list: Listing contexts for virtual host 'localhost'
29-Sep-2019 13:11:57.218 INFOS [http-nio-8080-exec-166] org.apache.catalina.core.ApplicationContext.log Manager: restart: Reloading web application '/A1-Airi'
29-Sep-2019 13:12:43.344 INFOS [http-nio-8080-exec-205] org.apache.catalina.core.ApplicationContext.log Manager: list: Listing contexts for virtual host 'localhost'
29-Sep-2019 13:12:43.370 INFOS [http-nio-8080-exec-183] org.apache.catalina.core.ApplicationContext.log Manager: restart: Reloading web application '/A1-Airi'
29-Sep-2019 13:14:14.000 INFOS [http-nio-8080-exec-213] org.apache.catalina.core.ApplicationContext.log Manager: list: Listing contexts for virtual host 'localhost'
29-Sep-2019 13:14:14.028 INFOS [http-nio-8080-exec-206] org.apache.catalina.core.ApplicationContext.log Manager: restart: Reloading web application '/A1-Airi'
29-Sep-2019 13:14:35.585 INFOS [http-nio-8080-exec-205] org.apache.catalina.core.ApplicationContext.log Manager: list: Listing contexts for virtual host 'localhost'
29-Sep-2019 13:14:35.620 INFOS [http-nio-8080-exec-212] org.apache.catalina.core.ApplicationContext.log Manager: restart: Reloading web application '/A1-Airi'
29-Sep-2019 13:15:38.302 INFOS [http-nio-8080-exec-213] org.apache.catalina.core.ApplicationContext.log Manager: list: Listing contexts for virtual host 'localhost'
29-Sep-2019 13:15:38.326 INFOS [http-nio-8080-exec-220] org.apache.catalina.core.ApplicationContext.log Manager: restart: Reloading web application '/A1-Airi'
29-Sep-2019 13:16:08.830 INFOS [http-nio-8080-exec-220] org.apache.catalina.core.ApplicationContext.log Manager: list: Listing contexts for virtual host 'localhost'
29-Sep-2019 13:16:08.864 INFOS [http-nio-8080-exec-154] org.apache.catalina.core.ApplicationContext.log Manager: restart: Reloading web application '/A1-Airi'
29-Sep-2019 13:16:20.383 INFOS [http-nio-8080-exec-220] org.apache.catalina.core.ApplicationContext.log Manager: list: Listing contexts for virtual host 'localhost'
29-Sep-2019 13:16:20.448 INFOS [http-nio-8080-exec-224] org.apache.catalina.core.ApplicationContext.log Manager: restart: Reloading web application '/A1-Airi'
29-Sep-2019 13:16:54.420 INFOS [http-nio-8080-exec-154] org.apache.catalina.core.ApplicationContext.log Manager: list: Listing contexts for virtual host 'localhost'
29-Sep-2019 13:16:54.441 INFOS [http-nio-8080-exec-224] org.apache.catalina.core.ApplicationContext.log Manager: restart: Reloading web application '/A1-Airi'
29-Sep-2019 13:28:34.481 INFOS [http-nio-8080-exec-231] org.apache.catalina.core.ApplicationContext.log Manager: list: Listing contexts for virtual host 'localhost'
29-Sep-2019 13:28:34.516 INFOS [http-nio-8080-exec-232] org.apache.catalina.core.ApplicationContext.log Manager: stop: Stopping web application '/A1-Airi'
29-Sep-2019 13:28:34.600 INFOS [http-nio-8080-exec-233] org.apache.catalina.core.ApplicationContext.log Manager: start: Starting web application '/A1-Airi'
29-Sep-2019 13:28:36.380 INFOS [http-nio-8080-exec-231] org.apache.catalina.core.ApplicationContext.log Manager: list: Listing contexts for virtual host 'localhost'
29-Sep-2019 13:28:36.411 INFOS [http-nio-8080-exec-234] org.apache.catalina.core.ApplicationContext.log Manager: restart: Reloading web application '/A1-Airi'
29-Sep-2019 13:28:40.772 INFOS [http-nio-8080-exec-235] org.apache.catalina.core.ApplicationContext.log Manager: list: Listing contexts for virtual host 'localhost'
29-Sep-2019 13:28:40.835 INFOS [http-nio-8080-exec-233] org.apache.catalina.core.ApplicationContext.log Manager: list: Listing contexts for virtual host 'localhost'
29-Sep-2019 13:28:40.881 INFOS [http-nio-8080-exec-236] org.apache.catalina.core.ApplicationContext.log Manager: stop: Stopping web application '/A1-Airi'
29-Sep-2019 13:28:40.922 INFOS [http-nio-8080-exec-236] org.apache.catalina.core.ApplicationContext.log Manager: start: Starting web application '/A1-Airi'
29-Sep-2019 13:33:35.787 INFOS [http-nio-8080-exec-248] org.apache.catalina.core.ApplicationContext.log Manager: list: Listing contexts for virtual host 'localhost'
29-Sep-2019 13:35:25.252 INFOS [http-nio-8080-exec-246] org.apache.catalina.core.ApplicationContext.log Manager: list: Listing contexts for virtual host 'localhost'
29-Sep-2019 13:35:30.686 INFOS [http-nio-8080-exec-250] org.apache.catalina.core.ApplicationContext.log Manager: list: Listing contexts for virtual host 'localhost'
29-Sep-2019 13:35:42.270 INFOS [http-nio-8080-exec-251] org.apache.catalina.core.ApplicationContext.log Manager: list: Listing contexts for virtual host 'localhost'
29-Sep-2019 13:35:42.342 INFOS [http-nio-8080-exec-252] org.apache.catalina.core.ApplicationContext.log Manager: list: Listing contexts for virtual host 'localhost'
29-Sep-2019 13:36:02.654 INFOS [http-nio-8080-exec-250] org.apache.catalina.core.ApplicationContext.log Manager: list: Listing contexts for virtual host 'localhost'
29-Sep-2019 13:36:16.992 INFOS [http-nio-8080-exec-249] org.apache.catalina.core.ApplicationContext.log Manager: list: Listing contexts for virtual host 'localhost'
29-Sep-2019 13:36:43.111 INFOS [http-nio-8080-exec-248] org.apache.catalina.core.ApplicationContext.log Manager: list: Listing contexts for virtual host 'localhost'
29-Sep-2019 13:37:07.581 INFOS [http-nio-8080-exec-251] org.apache.catalina.core.ApplicationContext.log Manager: list: Listing contexts for virtual host 'localhost'
29-Sep-2019 13:44:29.532 INFOS [http-nio-8080-exec-243] org.apache.catalina.core.ApplicationContext.log Manager: list: Listing contexts for virtual host 'localhost'
29-Sep-2019 13:44:29.558 INFOS [http-nio-8080-exec-245] org.apache.catalina.core.ApplicationContext.log Manager: restart: Reloading web application '/A1-Airi'
29-Sep-2019 13:44:56.903 INFOS [http-nio-8080-exec-253] org.apache.catalina.core.ApplicationContext.log Manager: list: Listing contexts for virtual host 'localhost'
29-Sep-2019 13:44:56.936 INFOS [http-nio-8080-exec-244] org.apache.catalina.core.ApplicationContext.log Manager: restart: Reloading web application '/A1-Airi'
29-Sep-2019 13:46:51.868 INFOS [http-nio-8080-exec-259] org.apache.catalina.core.ApplicationContext.log Manager: list: Listing contexts for virtual host 'localhost'
29-Sep-2019 13:46:59.970 INFOS [http-nio-8080-exec-258] org.apache.catalina.core.ApplicationContext.log Manager: list: Listing contexts for virtual host 'localhost'
29-Sep-2019 13:50:12.262 INFOS [http-nio-8080-exec-266] org.apache.catalina.core.ApplicationContext.log Manager: list: Listing contexts for virtual host 'localhost'
29-Sep-2019 13:50:16.997 INFOS [http-nio-8080-exec-260] org.apache.catalina.core.ApplicationContext.log Manager: list: Listing contexts for virtual host 'localhost'
29-Sep-2019 13:53:50.042 INFOS [http-nio-8080-exec-257] org.apache.catalina.core.ApplicationContext.log Manager: list: Listing contexts for virtual host 'localhost'
29-Sep-2019 13:54:04.999 INFOS [http-nio-8080-exec-264] org.apache.catalina.core.ApplicationContext.log Manager: list: Listing contexts for virtual host 'localhost'
